"calor-total-porta-rfile"
"Time Step" "calor-total-porta etc.."
("Time Step" "calor-total-porta" "flow-time")
0 215.3353755577889 0
1 0 0.1
2 0 0.2
3 0 0.3
4 0 0.4
5 0 0.5
6 0 0.6000000000000001
7 0 0.7000000000000001
8 0 0.8
9 0 0.9
10 0 1
11 0 1.1
12 0 1.2
13 0 1.3
14 0 1.4
15 0 1.5
16 0 1.6
17 0 1.7
18 0 1.8
19 0 1.9
20 0 2
21 0 2.1
22 0 2.2
23 0 2.3
24 0 2.4
25 0 2.5
26 0 2.6
27 0 2.7
28 0 2.8
29 0 2.9
30 0 3
31 0 3.1
32 0 3.2
33 0 3.3
34 0 3.4
35 0 3.5
36 0 3.6
37 0 3.7
38 0 3.8
39 0 3.9
40 0 4
41 0 4.100000000000001
42 0 4.2
43 0 4.3
44 0 4.4
45 0 4.5
46 0 4.600000000000001
47 0 4.7
48 0 4.800000000000001
49 0 4.9
50 0 5
51 0 5.100000000000001
52 0 5.2
53 0 5.300000000000001
54 0 5.4
55 0 5.5
56 0 5.600000000000001
57 0 5.7
58 0 5.800000000000001
59 0 5.9
60 0 6
61 0 6.100000000000001
62 0 6.2
63 0 6.300000000000001
64 0 6.4
65 0 6.5
66 0 6.600000000000001
67 0 6.7
68 0 6.800000000000001
69 0 6.9
70 0 7
71 0 7.100000000000001
72 0 7.2
73 0 7.300000000000001
74 0 7.4
75 0 7.5
76 0 7.600000000000001
77 0 7.7
78 0 7.800000000000001
79 0 7.9
80 0 8
81 0 8.1
82 0 8.200000000000001
83 0 8.300000000000001
84 0 8.4
85 0 8.5
86 0 8.6
87 0 8.700000000000001
88 0 8.800000000000001
89 0 8.9
90 0 9
91 0 9.1
92 0 9.200000000000001
93 0 9.300000000000001
94 0 9.4
95 0 9.5
96 0 9.600000000000001
97 0 9.700000000000001
98 0 9.800000000000001
99 0 9.9
100 0 10
101 0 10.1
102 0 10.2
103 0 10.3
104 0 10.4
105 0 10.5
106 0 10.6
107 0 10.7
108 0 10.8
109 0 10.9
110 0 11
111 0 11.1
112 0 11.2
113 0 11.3
114 0 11.4
115 0 11.5
116 0 11.6
117 0 11.7
118 0 11.8
119 0 11.9
120 0 12
121 0 12.1
122 0 12.2
123 0 12.3
124 0 12.4
125 0 12.5
126 0 12.6
127 0 12.7
128 0 12.8
129 0 12.9
130 0 13
131 0 13.1
132 0 13.2
133 0 13.3
134 0 13.4
135 0 13.5
136 0 13.6
137 0 13.7
138 0 13.8
139 0 13.9
140 0 14
141 0 14.1
142 0 14.2
143 0 14.3
144 0 14.4
145 0 14.5
146 0 14.6
147 0 14.7
148 0 14.8
149 0 14.9
150 0 15
151 0 15.1
152 0 15.2
153 0 15.3
154 0 15.4
155 0 15.5
156 0 15.6
157 0 15.7
158 0 15.8
159 0 15.9
160 0 16
161 0 16.1
162 0 16.2
163 0 16.3
164 0 16.4
165 0 16.5
166 0 16.6
167 0 16.7
168 0 16.8
169 0 16.9
170 0 17
171 0 17.1
172 0 17.2
173 0 17.3
174 0 17.4
175 0 17.5
176 0 17.6
177 0 17.7
178 0 17.8
179 0 17.9
180 0 18
181 0 18.1
182 0 18.2
183 0 18.3
184 0 18.4
185 0 18.5
186 0 18.6
187 0 18.7
188 0 18.8
189 0 18.9
190 0 19
191 0 19.1
192 0 19.2
193 0 19.3
194 0 19.4
195 0 19.5
196 0 19.6
197 0 19.7
198 0 19.8
199 0 19.9
200 0 20
201 0 20.1
202 0 20.2
203 0 20.3
204 0 20.4
205 0 20.5
206 0 20.6
207 0 20.7
208 0 20.8
209 0 20.9
210 0 21
211 0 21.1
212 0 21.2
213 0 21.3
214 0 21.4
215 0 21.5
216 0 21.6
217 0 21.7
218 0 21.8
219 0 21.9
220 0 22
221 0 22.1
222 0 22.2
223 0 22.3
224 0 22.4
225 0 22.5
226 0 22.6
227 0 22.7
228 0 22.8
229 0 22.9
230 0 23
231 0 23.1
232 0 23.2
233 0 23.3
234 0 23.4
235 0 23.5
236 0 23.6
237 0 23.7
238 0 23.8
239 0 23.9
240 0 24
241 0 24.1
242 0 24.2
243 0 24.3
244 0 24.4
245 0 24.5
246 0 24.6
247 0 24.7
248 0 24.8
249 0 24.9
250 0 25
251 0 25.1
252 0 25.2
253 0 25.3
254 0 25.4
255 0 25.5
256 0 25.6
257 0 25.7
258 0 25.8
259 0 25.9
260 0 26
261 0 26.1
262 0 26.2
263 0 26.3
264 0 26.4
265 0 26.5
266 0 26.6
267 0 26.7
268 0 26.8
269 0 26.9
270 0 27
271 0 27.1
272 0 27.2
273 0 27.3
274 0 27.4
275 0 27.5
276 0 27.6
277 0 27.7
278 0 27.8
279 0 27.9
280 0 28
281 0 28.1
282 0 28.2
283 0 28.3
284 0 28.4
285 0 28.5
286 0 28.6
287 0 28.7
288 0 28.8
289 0 28.9
290 0 29
291 0 29.1
292 0 29.2
293 0 29.3
294 0 29.4
295 0 29.5
296 0 29.6
297 0 29.7
298 0 29.8
299 0 29.9
300 0 30
301 0 30.1
302 0 30.2
303 0 30.3
304 0 30.4
305 0 30.5
306 0 30.6
307 0 30.7
308 0 30.8
309 0 30.9
310 0 31
311 0 31.1
312 0 31.2
313 0 31.3
314 0 31.4
315 0 31.5
316 0 31.6
317 0 31.7
318 0 31.8
319 0 31.9
320 0 32
321 0 32.1
322 0 32.2
323 0 32.3
324 0 32.4
325 0 32.5
326 0 32.6
327 0 32.7
328 0 32.8
329 0 32.9
330 0 33
331 0 33.1
332 0 33.2
333 0 33.3
334 0 33.4
335 0 33.5
336 0 33.6
337 0 33.7
338 0 33.8
339 0 33.9
340 0 34
341 0 34.1
342 0 34.2
343 0 34.3
344 0 34.4
345 0 34.5
346 0 34.6
347 0 34.7
348 0 34.8
349 0 34.9
350 0 35
351 0 35.1
352 0 35.2
353 0 35.3
354 0 35.4
355 0 35.5
356 0 35.6
357 0 35.7
358 0 35.8
359 0 35.9
360 0 36
361 0 36.1
362 0 36.2
363 0 36.3
364 0 36.4
365 0 36.5
366 0 36.6
367 0 36.7
368 0 36.8
369 0 36.9
370 0 37
371 0 37.1
372 0 37.2
373 0 37.3
374 0 37.4
375 0 37.5
376 0 37.6
377 0 37.7
378 0 37.8
379 0 37.9
380 0 38
381 0 38.1
382 0 38.2
383 0 38.3
384 0 38.40000000000001
385 0 38.5
386 0 38.6
387 0 38.7
388 0 38.8
389 0 38.90000000000001
390 0 39
391 0 39.1
392 0 39.2
393 0 39.3
394 0 39.40000000000001
395 0 39.5
396 0 39.6
397 0 39.7
398 0 39.8
399 0 39.90000000000001
400 0 40
401 0 40.1
402 0 40.2
403 0 40.3
404 0 40.40000000000001
405 0 40.5
406 0 40.6
407 0 40.7
408 0 40.8
409 0 40.90000000000001
410 0 41
411 0 41.1
412 0 41.2
413 0 41.3
414 0 41.40000000000001
415 0 41.5
416 0 41.6
417 0 41.7
418 0 41.8
419 0 41.90000000000001
420 0 42
421 0 42.1
422 0 42.2
423 0 42.3
424 0 42.40000000000001
425 0 42.5
426 0 42.6
427 0 42.7
428 0 42.8
429 0 42.90000000000001
430 0 43
431 0 43.1
432 0 43.2
433 0 43.3
434 0 43.40000000000001
435 0 43.5
436 0 43.6
437 0 43.7
438 0 43.8
439 0 43.90000000000001
440 0 44
441 0 44.1
442 0 44.2
443 0 44.3
444 0 44.40000000000001
445 0 44.5
446 0 44.6
447 0 44.7
448 0 44.8
449 0 44.90000000000001
450 0 45
451 0 45.1
452 0 45.2
453 0 45.3
454 0 45.40000000000001
455 0 45.5
456 0 45.6
457 0 45.7
458 0 45.8
459 0 45.90000000000001
460 0 46
461 0 46.1
462 0 46.2
463 0 46.3
464 0 46.40000000000001
465 0 46.5
466 0 46.6
467 0 46.7
468 0 46.8
469 0 46.90000000000001
470 0 47
471 0 47.1
472 0 47.2
473 0 47.3
474 0 47.40000000000001
475 0 47.5
476 0 47.6
477 0 47.7
478 0 47.8
479 0 47.90000000000001
480 0 48
481 0 48.1
482 0 48.2
483 0 48.3
484 0 48.40000000000001
485 0 48.5
486 0 48.6
487 0 48.7
488 0 48.8
489 0 48.90000000000001
490 0 49
491 0 49.1
492 0 49.2
493 0 49.3
494 0 49.40000000000001
495 0 49.5
496 0 49.6
497 0 49.7
498 0 49.8
499 0 49.90000000000001
500 0 50
501 52827.31848095673 50.01
502 49904.96373115243 50.02
503 66164.98674886576 50.03
504 73261.78580091917 50.04
505 82236.6246546584 50.05
506 93197.5357621806 50.06
507 104274.3121679193 50.07
508 115342.5893874742 50.08
509 126334.9279985916 50.09
510 137216.1462453136 50.1
511 147928.5034412004 50.11
512 158452.8771521792 50.12
513 168003.9665556226 50.13
514 177340.8326881557 50.14
515 186197.5993097703 50.15
516 194370.1029056952 50.16
517 201919.5390560157 50.17
518 208859.7250018612 50.18
519 215252.31529442 50.19
520 220805.9785595904 50.2
521 225734.0015607668 50.21
522 230034.4641784524 50.22
523 233675.226690398 50.23
524 236794.331262439 50.24
525 238772.9612869207 50.25
526 239783.7167992542 50.26
527 239198.525809532 50.27
528 237441.5305471918 50.28
529 235397.2396325466 50.29
530 231854.6149215809 50.3
531 226980.084981474 50.31
532 221041.3698254498 50.32
533 214467.2693248888 50.33
534 205910.2937338573 50.34
535 199664.6262072597 50.35
536 191339.5561955216 50.36
537 183027.4926240972 50.37
538 174681.1716156156 50.38
539 165434.5528483783 50.39
540 156586.3794566285 50.4
541 145995.597229949 50.41
542 136389.1275388626 50.42
543 126270.3173847964 50.43
544 116567.7104385852 50.44
545 108430.2710081509 50.45
546 99206.48226617824 50.46
547 90141.26954820263 50.47
548 80713.45551172162 50.48
549 71739.09109696021 50.49
550 63436.25496169788 50.5
551 55116.63684092878 50.51
552 47236.61299262747 50.52
553 40844.24639026782 50.53
554 34519.2465681862 50.54
555 28905.74642522083 50.55
556 23441.84925044157 50.56
557 18634.73794980383 50.57
558 15146.40672110886 50.58
559 12365.41879749345 50.59
560 10490.26460799352 50.6
561 9004.817251142056 50.61
562 7708.308653199109 50.62
563 6771.829009632345 50.63
564 6113.755895936067 50.64
565 5531.065402920703 50.65
566 5084.036081078403 50.66
567 4839.983774419196 50.67
568 4750.575185804518 50.68
569 4819.494901587915 50.69
570 5136.920128955254 50.7
571 5524.143658283367 50.71
572 6228.706923453643 50.72
573 7235.023200069258 50.73
574 8430.158252639072 50.74
575 10000.48704006527 50.75
576 12006.86873176735 50.76
577 14490.21815871899 50.77
578 17513.37093943568 50.78
579 20905.49036442794 50.79
580 25170.41264362519 50.8
581 30174.53153597278 50.81
582 35579.44238822461 50.82
583 41677.69046683479 50.83
584 48111.06656579595 50.84
585 54663.3395658589 50.85
586 60756.96579630204 50.86
587 67256.75770211876 50.87
588 72362.12116721264 50.88
589 77401.84601199438 50.89
590 82204.68694316315 50.9
591 86690.8572944042 50.91
592 89972.73177395925 50.92
593 91817.93601750488 50.93
594 92570.93941137815 50.94
595 92556.97467283611 50.95
596 91818.8128690171 50.96
597 90113.68931115358 50.97
598 87460.71098284687 50.98
599 83256.28289436367 50.99
600 78872.16205168227 51
601 73386.74504196629 51.01
602 67780.08611672626 51.02
603 61531.06640038684 51.03
604 55752.04936323439 51.04
605 49710.97483598047 51.05
606 43618.52733479312 51.06
607 37740.02547501547 51.07
608 31967.44291726656 51.08
609 26755.99495603995 51.09
610 21855.2514057412 51.1
611 18024.58759005804 51.11
612 14456.76751822801 51.12
613 11439.88052783884 51.13
614 8951.64382347643 51.14
615 6889.564154276099 51.15
616 5276.937158427187 51.16
617 3974.734944760788 51.17
618 2781.605043216087 51.18
619 1883.153738256374 51.19
620 1142.329033654891 51.2
621 551.6564325401206 51.21
622 85.02753985930383 51.22
623 -235.9900512883451 51.23
624 -414.5300132713668 51.24
625 -399.1521151061183 51.25
626 -298.7705972640051 51.26
627 -3.300338232260742 51.27
628 367.7086753122161 51.28
629 1011.756177386031 51.29
630 1886.752634302855 51.3
631 3057.391726844056 51.31
632 4322.366325798952 51.32
633 6133.586871189689 51.33
634 8137.097969742403 51.34
635 10563.23285824245 51.35
636 13284.16430391468 51.36
637 16412.05494245713 51.37
638 19679.18446634697 51.38
639 23085.831931175 51.39
640 26702.49417955209 51.4
641 30471.90812226762 51.41
642 34051.29181768812 51.42
643 36979.28592637005 51.43
644 39635.41450979312 51.44
645 41754.74841130884 51.45
646 42971.97438134765 51.46
647 43163.27430556386 51.47
648 42226.36270811944 51.48
649 40323.33647985259 51.49
650 37707.20516249038 51.5
651 34145.25561699984 51.51
652 30941.33385329996 51.52
653 27354.69913228495 51.53
654 23819.33276469338 51.54
655 20318.52605323907 51.55
656 17010.44922970255 51.56
657 13984.50463817532 51.57
658 11298.62270737027 51.58
659 8861.891830864435 51.59
660 6598.545687811971 51.6
661 4711.616068517991 51.61
662 3143.449016021748 51.62
663 1607.771985896515 51.63
664 470.6201961377096 51.64
665 -483.4319575550512 51.65
666 -1257.554167608865 51.66
667 -1869.095784732381 51.67
668 -2332.424997758103 51.68
669 -2674.292648232975 51.69
670 -2906.215438884694 51.7
671 -3012.500436537511 51.71
672 -3009.738271575682 51.72
673 -2900.148934318053 51.73
674 -2686.643476992135 51.74
675 -2344.647030608092 51.75
676 -1838.532730963351 51.76
677 -1210.58752574974 51.77
678 -441.3861385575391 51.78
679 517.2371565230001 51.79
680 1668.77909347076 51.8
681 3031.640516549617 51.81
682 4648.86624573892 51.82
683 6445.969160639346 51.83
684 8466.042101197265 51.84
685 10673.27636685235 51.85
686 13045.29125715949 51.86
687 15493.27885539447 51.87
688 17917.71510336531 51.88
689 20193.90951537883 51.89
690 22263.19791699654 51.9
691 23895.13126180913 51.91
692 24920.62783057624 51.92
693 25305.29167099546 51.93
694 25049.09627939323 51.94
695 24102.48955011164 51.95
696 22766.35395363878 51.96
697 21049.65883402146 51.97
698 19094.67620138632 51.98
699 17002.39946490849 51.99
700 14842.4965005162 52
701 12666.48169812662 52.01
702 10343.35241756491 52.02
703 8444.685665191504 52.03
704 6502.371084915527 52.04
705 4804.554770967083 52.05
706 3247.793146101417 52.06
707 1844.467598546105 52.07
708 596.8169603753997 52.08
709 -497.7871441105866 52.09
710 -1429.304697390528 52.1
711 -2221.942597161298 52.11
712 -2890.611668173965 52.12
713 -3449.35247075932 52.13
714 -3914.578024818487 52.14
715 -4293.317980229618 52.15
716 -4597.900956931962 52.16
717 -4850.584307624988 52.17
718 -5054.433888463809 52.18
719 -5211.214314481605 52.19
720 -5337.532876111605 52.2
721 -5425.611077701113 52.21
722 -5462.062171014039 52.22
723 -5462.474717709659 52.23
724 -5395.15520443033 52.24
725 -5236.880746722726 52.25
726 -5038.75881991076 52.26
727 -4773.557447528587 52.27
728 -4362.634808782133 52.28
729 -3851.344969262371 52.29
730 -3211.654530007709 52.3
731 -2377.426742327169 52.31
732 -1443.297351674875 52.32
733 -290.30251133143 52.33
734 1039.770739510616 52.34
735 2533.588219020639 52.35
736 4184.036043258639 52.36
737 5977.626927388304 52.37
738 7849.47685067788 52.38
739 9713.592466636805 52.39
740 11451.27990889202 52.4
741 12900.25907017463 52.41
742 13943.95417481297 52.42
743 14549.44004409777 52.43
744 14736.3448923026 52.44
745 14497.76164467022 52.45
746 13868.47853484608 52.46
747 13017.03616602623 52.47
748 11871.77708448548 52.48
749 10553.47454434933 52.49
750 9230.072975502742 52.5
751 7815.689694394076 52.51
752 6424.696094511381 52.52
753 5092.016352047212 52.53
754 3835.410970706053 52.54
755 2644.051937392111 52.55
756 1572.228475627442 52.56
757 590.4860941306026 52.57
758 -283.6731957251372 52.58
759 -1065.107531328446 52.59
760 -1735.756562956583 52.6
761 -2325.624374582225 52.61
762 -2847.094396895356 52.62
763 -3299.292928495859 52.63
764 -3680.320105986385 52.64
765 -4012.549481411158 52.65
766 -4302.188486292974 52.66
767 -4548.680441997403 52.67
768 -4778.658030973585 52.68
769 -4993.421832342703 52.69
770 -5185.124590840544 52.7
771 -5374.086741157902 52.71
772 -5558.745420297351 52.72
773 -5720.651918764966 52.73
774 -5879.045233803655 52.74
775 -6027.072574110398 52.75
776 -6144.959323775209 52.76
777 -6240.382492177549 52.77
778 -6301.54145414875 52.78
779 -6329.259411188552 52.79
780 -6302.964221194592 52.8
781 -6237.628673588802 52.81
782 -6086.725605113445 52.82
783 -5851.19829588474 52.83
784 -5529.914601593448 52.84
785 -5086.799292193775 52.85
786 -4489.044451046261 52.86
787 -3778.356123254727 52.87
788 -2896.573120725055 52.88
789 -1873.794665222788 52.89
790 -724.1800844788168 52.9
791 523.5536174228864 52.91
792 1795.819536884248 52.92
793 2994.300017240711 52.93
794 4029.434224277018 52.94
795 4840.595150120065 52.95
796 5381.750904103499 52.96
797 5726.020110798661 52.97
798 5811.618543734721 52.98
799 5718.001463629216 52.99
800 5445.950533800574 53
801 4989.082210009799 53.01
802 4512.798656831665 53.02
803 3941.093994831381 53.03
804 3318.945947118351 53.04
805 2676.985630412733 53.05
806 2043.251929305761 53.06
807 1442.858459533351 53.07
808 865.7898713312554 53.08
809 328.6948766244388 53.09
810 -175.1024940953474 53.1
811 -636.4517182993455 53.11
812 -1049.569115108053 53.12
813 -1418.767544707006 53.13
814 -1755.227228506884 53.14
815 -2045.314929460765 53.15
816 -2306.530799418445 53.16
817 -2540.562066195389 53.17
818 -2739.118654883308 53.18
819 -2923.312787637967 53.19
820 -3096.590126766648 53.2
821 -3249.614627602953 53.21
822 -3399.509242049171 53.22
823 -3544.551236865524 53.23
824 -3671.953733212331 53.24
825 -3798.447359418756 53.25
826 -3922.253093613818 53.26
827 -4029.295392593643 53.27
828 -4134.621299713635 53.28
829 -4235.936336033295 53.29
830 -4312.423373931518 53.3
831 -4373.261943462589 53.31
832 -4433.148457130125 53.32
833 -4466.217639510904 53.33
834 -4479.950501448791 53.34
835 -4459.879817811437 53.35
836 -4386.00757569313 53.36
837 -4262.286271418391 53.37
838 -4080.634342248705 53.38
839 -3806.736899523366 53.39
840 -3463.639474094374 53.4
841 -3025.886915057486 53.41
842 -2486.568415487744 53.42
843 -1845.663723986691 53.43
844 -1116.1719214358 53.44
845 -307.3905225377096 53.45
846 541.4159618760104 53.46
847 1362.263080064607 53.47
848 2101.450542256373 53.48
849 2720.239705581774 53.49
850 3194.633163350853 53.5
851 3514.573244664693 53.51
852 3721.110902974273 53.52
853 3788.038974186812 53.53
854 3742.013245953558 53.54
855 3593.105847881163 53.55
856 3372.031332096504 53.56
857 3095.682509692249 53.57
858 2783.259525755936 53.58
859 2437.871282581108 53.59
860 2103.208340268656 53.6
861 1752.301349263847 53.61
862 1397.494016262616 53.62
863 1072.385008746312 53.63
864 756.3908012981317 53.64
865 458.2604482563844 53.65
866 181.9872345013537 53.66
867 -71.69013567361253 53.67
868 -299.55668807098 53.68
869 -509.3258100945399 53.69
870 -693.0108446466903 53.7
871 -862.1052360460228 53.71
872 -1009.404173757756 53.72
873 -1142.402515817963 53.73
874 -1264.413872311666 53.74
875 -1371.120047351006 53.75
876 -1470.544047520951 53.76
877 -1563.585550660501 53.77
878 -1641.830189442695 53.78
879 -1715.02304407062 53.79
880 -1782.796899341602 53.8
881 -1837.782029316731 53.81
882 -1883.603649287227 53.82
883 -1911.96917747903 53.83
884 -1940.015538066333 53.84
885 -1969.025163123797 53.85
886 -1996.944179594328 53.86
887 -2008.328019786717 53.87
888 -2006.936294152761 53.88
889 -1994.472563083232 53.89
890 -1965.200180718624 53.9
891 -1912.113527460515 53.91
892 -1842.898796429854 53.92
893 -1738.609665866509 53.93
894 -1589.582423944822 53.94
895 -1424.605418065397 53.95
896 -1203.813312219819 53.96
897 -926.19092464864 53.97
898 -595.4846125257033 53.98
899 -206.480438951272 53.99
900 237.0538915359898 54
901 714.4068968964838 54.01
902 1193.093656997075 54.02
903 1639.475018299461 54.03
904 2029.011455470552 54.04
905 2347.750698851053 54.05
906 2583.558007544802 54.06
907 2738.408619680121 54.07
908 2836.745233323585 54.08
909 2853.146367185623 54.09
910 2806.509431040674 54.1
911 2716.276364420543 54.11
912 2578.310608526449 54.12
913 2419.9965595576 54.13
914 2232.573929996787 54.14
915 2027.870594410343 54.15
916 1832.694549544941 54.16
917 1627.631481835251 54.17
918 1421.647115542757 54.18
919 1221.092984956961 54.19
920 1032.843414367081 54.2
921 852.7110606664263 54.21
922 685.0089742432649 54.22
923 513.4245499366593 54.23
924 371.0053929588637 54.24
925 233.795217328599 54.25
926 111.5678044149683 54.26
927 -1.578305895907633 54.27
928 -103.6020279491595 54.28
929 -192.306620217695 54.29
930 -272.3021554167532 54.3
931 -345.4905625351458 54.31
932 -396.6927522808069 54.32
933 -451.9297754308731 54.33
934 -502.9260176404679 54.34
935 -545.6659274577057 54.35
936 -580.7087422380632 54.36
937 -613.2018498200424 54.37
938 -638.2946508782752 54.38
939 -656.6327230248813 54.39
940 -672.2702176743672 54.4
941 -681.3964132480908 54.41
942 -681.3308802918605 54.42
943 -677.3333693102932 54.43
944 -663.0929346828835 54.44
945 -638.1913686838302 54.45
946 -602.5176985179737 54.46
947 -554.6997396201984 54.47
948 -491.2586265310101 54.48
949 -394.7670324695486 54.49
950 -284.0788271587104 54.5
951 -169.5322760789813 54.51
952 -24.72638287441771 54.52
953 148.6682438830848 54.53
954 353.9017851548693 54.54
955 580.8868912897113 54.55
956 834.6588167616408 54.56
957 1102.830459273287 54.57
958 1358.501160861562 54.58
959 1597.080342798447 54.59
960 1804.665815462739 54.6
961 1972.77888399615 54.61
962 2091.879744135925 54.62
963 2174.268558051352 54.63
964 2212.84064440441 54.64
965 2209.141524472318 54.65
966 2185.679099919752 54.66
967 2127.910742213479 54.67
968 2044.09025834922 54.68
969 1942.313444107613 54.69
970 1815.838886891836 54.7
971 1700.046828259931 54.71
972 1578.343750973222 54.72
973 1446.553417896075 54.73
974 1330.17510603446 54.74
975 1204.229285044619 54.75
976 1081.452828457975 54.76
977 961.9072568405236 54.77
978 847.7561148356783 54.78
979 737.2886188484596 54.79
980 634.3266651965189 54.8
981 538.5079230165912 54.81
982 450.2090796021714 54.82
983 370.132366187175 54.83
984 297.6711939879087 54.84
985 230.2757866911576 54.85
986 169.307931551246 54.86
987 113.601350928164 54.87
988 62.17142605086448 54.88
989 16.75721012487035 54.89
990 -22.94904611179217 54.9
991 -53.19781926199906 54.91
992 -90.42093124330907 54.92
993 -102.8851213077835 54.93
994 -123.3677479096925 54.94
995 -138.1087650270948 54.95
996 -146.9784120775115 54.96
997 -151.1855516013171 54.97
998 -146.5019755767846 54.98
999 -136.0543957874905 54.99
1000 -117.1470624399684 55
1001 -85.30663987467592 55.01
1002 -46.87615072457498 55.02
1003 4.048290611813314 55.03
1004 76.0391488452715 55.04
1005 152.5982355539632 55.05
1006 240.8834248321335 55.06
1007 352.224346601525 55.07
1008 473.341164209509 55.08
1009 604.9626229954752 55.09
1010 753.4195732330013 55.1
1011 911.5044261332378 55.11
1012 1072.450873044305 55.12
1013 1230.981871297384 55.13
1014 1377.24039075736 55.14
1015 1504.028614974166 55.15
1016 1609.006595636118 55.16
1017 1682.803771580046 55.17
1018 1713.763742455157 55.18
1019 1772.855082511786 55.19
1020 1778.045614066827 55.2
1021 1758.790184291988 55.21
1022 1723.857768778665 55.22
1023 1673.975219175021 55.23
1024 1612.291181029701 55.24
1025 1540.551257098066 55.25
1026 1462.515141205256 55.26
1027 1378.849239573999 55.27
1028 1290.362356789836 55.28
1029 1202.77429764156 55.29
1030 1115.526321985128 55.3
1031 1027.322787006399 55.31
1032 942.4218964264639 55.32
1033 858.8373353128404 55.33
1034 776.482622806637 55.34
1035 701.1757454571643 55.35
1036 628.6402730755756 55.36
1037 560.8255577848604 55.37
1038 497.3619040354906 55.38
1039 440.0858559133475 55.39
1040 383.2190102290932 55.4
1041 332.2549359959166 55.41
1042 285.2401751796659 55.42
1043 241.0329475674733 55.43
1044 202.2170031946098 55.44
1045 164.7587511997991 55.45
1046 134.9121843758585 55.46
1047 107.9551484168586 55.47
1048 82.92674160639876 55.48
1049 68.64466816134077 55.49
1050 57.77433310425965 55.5
1051 53.05967159428526 55.51
1052 58.07686663709718 55.52
1053 73.61910474217149 55.53
1054 92.00955686769586 55.54
1055 120.5549061500499 55.55
1056 159.6800457478672 55.56
1057 211.1864504573677 55.57
1058 268.7499232109099 55.58
1059 340.0615960999015 55.59
1060 416.1440297200153 55.6
1061 504.9103742626319 55.61
1062 603.4355091431669 55.62
1063 707.4693084874338 55.63
1064 817.505783918484 55.64
1065 931.5347045939036 55.65
1066 1043.863726782926 55.66
1067 1150.572866291222 55.67
1068 1246.738360436123 55.68
1069 1326.956495184648 55.69
1070 1394.421514283111 55.7
1071 1444.144754657022 55.71
1072 1475.095515646239 55.72
1073 1486.838020605817 55.73
1074 1489.461342621433 55.74
1075 1475.508960945147 55.75
1076 1446.832465940211 55.76
1077 1410.857122353886 55.77
1078 1362.620437887961 55.78
1079 1312.314286616185 55.79
1080 1253.931862121151 55.8
1081 1192.836343393062 55.81
1082 1128.910053811819 55.82
1083 1064.511198935059 55.83
1084 997.488150455781 55.84
1085 930.3143041121048 55.85
1086 865.018305747241 55.86
1087 801.2661651754295 55.87
1088 739.6513524452316 55.88
1089 680.8951383831022 55.89
1090 625.6199972063632 55.9
1091 573.5881833972558 55.91
1092 524.0522425998167 55.92
1093 477.5173291103054 55.93
1094 434.0923859018923 55.94
1095 393.0679791153955 55.95
1096 356.0453298165102 55.96
1097 322.9966230004666 55.97
1098 295.2939118169171 55.98
1099 272.7515454725153 55.99
1100 254.6671681816599 56
1101 242.3132388706037 56.01
1102 235.3009567714499 56.02
1103 236.470593722864 56.03
1104 238.2137468593988 56.04
1105 247.9964496185298 56.05
1106 267.4334542332503 56.06
1107 288.0414128808754 56.07
1108 317.3047938000764 56.08
1109 356.0134775878461 56.09
1110 404.0950977816502 56.1
1111 456.982774684562 56.11
1112 518.3257810709665 56.12
1113 585.9894552805968 56.13
1114 662.960694245091 56.14
1115 746.198302666152 56.15
1116 829.9145463399578 56.16
1117 909.6560230617499 56.17
1118 989.8556510031627 56.18
1119 1067.415772045429 56.19
1120 1137.781912964515 56.2
1121 1199.671431231204 56.21
1122 1249.554701446189 56.22
1123 1285.874265003437 56.23
1124 1307.340611835664 56.24
1125 1310.983897290453 56.25
1126 1316.481161608505 56.26
1127 1306.602525284542 56.27
1128 1286.143506373818 56.28
1129 1256.731244443362 56.29
1130 1222.093578041168 56.3
1131 1180.165505448309 56.31
1132 1136.305540281828 56.32
1133 1084.96394739118 56.33
1134 1036.672342476312 56.34
1135 985.711468169235 56.35
1136 933.2969210091184 56.36
1137 881.4684713522462 56.37
1138 828.5433780501776 56.38
1139 777.1734820275157 56.39
1140 727.6984898570011 56.4
1141 680.5891284219 56.41
1142 636.4651240276642 56.42
1143 594.4853638482623 56.43
1144 555.2727390238888 56.44
1145 518.3630632795993 56.45
1146 485.5064987309044 56.46
1147 456.1459868746759 56.47
1148 430.7371162714599 56.48
1149 409.1851685072094 56.49
1150 395.0385686513259 56.5
1151 379.8865162983765 56.51
1152 373.7616269155303 56.52
1153 368.5709590249087 56.53
1154 369.6262046602721 56.54
1155 376.5027898077805 56.55
1156 389.7805145180134 56.56
1157 409.4202507126806 56.57
1158 437.9056991523386 56.58
1159 484.368543242585 56.59
1160 502.9329537097917 56.6
1161 543.5408116944076 56.61
1162 591.5767284661432 56.62
1163 644.1238853558827 56.63
1164 701.7010327851173 56.64
1165 763.4128155460586 56.65
1166 828.8229958541888 56.66
1167 889.4430290612905 56.67
1168 950.0640707847695 56.68
1169 1006.809418533805 56.69
1170 1058.631143159798 56.7
1171 1102.992874465993 56.71
1172 1138.570473366683 56.72
1173 1166.431336759999 56.73
1174 1184.854514876306 56.74
1175 1191.465225271384 56.75
1176 1188.752686807793 56.76
1177 1183.884676591344 56.77
1178 1167.955166357328 56.78
1179 1146.402299336254 56.79
1180 1118.813281816591 56.8
1181 1069.293840055612 56.81
1182 1045.537824257161 56.82
1183 1009.417196075939 56.83
1184 969.9993411085444 56.84
1185 927.7940452511082 56.85
1186 883.7986786862101 56.86
1187 843.9753394075683 56.87
1188 803.9148968222406 56.88
1189 763.982509139208 56.89
1190 725.533088735871 56.9
1191 689.185704279001 56.91
1192 654.8197714466693 56.92
1193 622.5819434203256 56.93
1194 596.3468514103516 56.94
1195 567.9795829578995 56.95
1196 543.6612984308407 56.96
1197 528.5060947522541 56.97
1198 512.9087964508549 56.98
1199 497.3491811473528 56.99
1200 487.8738567235649 57
1201 483.5472434473385 57.01
1202 482.6795006796316 57.02
1203 486.6248215720224 57.03
1204 494.615468770603 57.04
1205 507.7133831343348 57.05
1206 525.777833567554 57.06
1207 552.0541100936656 57.07
1208 579.7673770178981 57.08
1209 610.5610526625115 57.09
1210 645.8862428565212 57.1
1211 685.2254142272481 57.11
1212 732.2534710806979 57.12
1213 778.7994329355284 57.13
1214 826.0126786826728 57.14
1215 873.4624465960641 57.15
1216 919.731044674957 57.16
1217 963.8109935030984 57.17
1218 1003.880939718576 57.18
1219 1038.793256581368 57.19
1220 1067.354286743588 57.2
1221 1088.791451030645 57.21
1222 1102.868079962624 57.22
1223 1110.513951135131 57.23
1224 1110.066392599427 57.24
1225 1098.744040205638 57.25
1226 1088.891653529821 57.26
1227 1069.440307604787 57.27
1228 1049.657099474247 57.28
1229 1027.272925828516 57.29
1230 1000.726513795884 57.3
1231 971.534444919049 57.31
1232 940.6706528350759 57.32
1233 908.7334741766276 57.33
1234 876.1135521026962 57.34
1235 843.4701257633501 57.35
1236 811.5468394114341 57.36
1237 780.4123884625797 57.37
1238 750.4075069488576 57.38
1239 721.5053234760691 57.39
1240 694.2533471364637 57.4
1241 669.3585319050397 57.41
1242 647.1770131923327 57.42
1243 627.7438817774223 57.43
1244 614.5595052275578 57.44
1245 600.9800588606996 57.45
1246 598.5372935818054 57.46
1247 594.4584651287449 57.47
1248 588.3504149711309 57.48
1249 586.2546340090033 57.49
1250 594.4195087863737 57.5
1251 625.7978327950369 57.51
1252 638.2505732627317 57.52
1253 666.7477409487407 57.53
1254 683.0270674924383 57.54
1255 705.5318075567943 57.55
1256 731.9010652110366 57.56
1257 761.3765930226655 57.57
1258 793.8427583106827 57.58
1259 828.0416957446896 57.59
1260 863.0663285645292 57.6
1261 898.2234810571053 57.61
1262 932.3854042926537 57.62
1263 964.7031176055856 57.63
1264 1000.124528454344 57.64
1265 1023.087949996827 57.65
1266 1042.726340756612 57.66
1267 1059.404363021367 57.67
1268 1070.753738109254 57.68
1269 1076.88509360537 57.69
1270 1078.010867713927 57.7
1271 1073.724541052933 57.71
1272 1065.706857119255 57.72
1273 1048.753269709364 57.73
1274 1035.963419893179 57.74
1275 1017.528169009991 57.75
1276 995.9293137598436 57.76
1277 972.9742843868842 57.77
1278 942.8238418032209 57.78
1279 919.8409197231082 57.79
1280 895.6907782126102 57.8
1281 864.5177563499216 57.81
1282 839.4422700302994 57.82
1283 815.0013158158753 57.83
1284 791.8953874204968 57.84
1285 770.0940154467438 57.85
1286 749.8332150277434 57.86
1287 738.9008870247616 57.87
1288 723.3614435103274 57.88
1289 710.1018920707837 57.89
1290 705.5520409987158 57.9
1291 696.8480650369941 57.91
1292 702.5210538852056 57.92
1293 696.1156435880222 57.93
1294 694.3359922491534 57.94
1295 696.5565629640193 57.95
1296 702.3699102932006 57.96
1297 711.4250780701154 57.97
1298 729.3812446384705 57.98
1299 740.3909519687707 57.99
1300 772.7755523847638 58
1301 790.0428680699185 58.01
1302 808.1325136241995 58.02
1303 830.6163896877038 58.03
1304 855.4249068759266 58.04
1305 881.3930576303482 58.05
1306 907.4264753777904 58.06
1307 932.7572491372504 58.07
1308 956.5491205900886 58.08
1309 977.9773417346397 58.09
1310 996.8920410299149 58.1
1311 1012.752875333383 58.11
1312 1025.102086020797 58.12
1313 1033.775342256134 58.13
1314 1038.031496286075 58.14
1315 1039.368083576564 58.15
1316 1036.187260947029 58.16
1317 1029.856207971851 58.17
1318 1020.539784303987 58.18
1319 1003.325412937614 58.19
1320 992.210179838222 58.2
1321 967.7977052146269 58.21
1322 953.3807860677944 58.22
1323 935.4415048428316 58.23
1324 915.5433137262825 58.24
1325 895.0675236613392 58.25
1326 874.8723511289705 58.26
1327 854.8624385647179 58.27
1328 834.961509352343 58.28
1329 816.9800156914405 58.29
1330 800.3042815854876 58.3
1331 785.3780480631264 58.31
1332 771.9549555484996 58.32
1333 768.5199104213291 58.33
1334 766.0973142007568 58.34
1335 769.4460703736108 58.35
1336 763.6738524360126 58.36
1337 761.201148316158 58.37
1338 760.64523997829 58.38
1339 762.2647050910216 58.39
1340 766.170365111954 58.4
1341 799.83339346634 58.41
1342 807.6647930511733 58.42
1343 823.0555275397155 58.43
1344 831.517027185628 58.44
1345 845.9681419377927 58.45
1346 863.3648872666294 58.46
1347 881.0221230536455 58.47
1348 899.4973701328887 58.48
1349 918.5139824082657 58.49
1350 937.308227634541 58.5
1351 955.5113014298594 58.51
1352 972.7907982861949 58.52
1353 988.510600476589 58.53
1354 1001.536340792586 58.54
1355 1012.788652152628 58.55
1356 1021.081599987785 58.56
1357 1026.354085630015 58.57
1358 1028.535261694893 58.58
1359 1027.413739678594 58.59
1360 1025.07930201317 58.6
1361 1018.677325493204 58.61
1362 1011.129960038515 58.62
1363 1000.067799813265 58.63
1364 987.9809223127647 58.64
1365 969.8873977492128 58.65
1366 959.354369102871 58.66
1367 944.4567774215957 58.67
1368 929.0499135963887 58.68
1369 913.5297200293088 58.69
1370 897.6824729404753 58.7
1371 883.1163289665634 58.71
1372 868.9795987049951 58.72
1373 856.2627804005134 58.73
1374 843.3460275902926 58.74
1375 833.1303179176385 58.75
1376 823.3181878139599 58.76
1377 816.3764081322649 58.77
1378 810.3411981212121 58.78
1379 805.6020576215228 58.79
1380 806.3836892150646 58.8
1381 815.6828211862284 58.81
1382 814.1129770829318 58.82
1383 815.2693689051688 58.83
1384 819.100930331353 58.84
1385 830.1887090564484 58.85
1386 833.5612118304703 58.86
1387 848.0450281398016 58.87
1388 854.3267809082871 58.88
1389 864.4849067632003 58.89
1390 876.2962553640982 58.9
1391 888.8795691891904 58.91
1392 900.4138661537962 58.92
1393 912.7069503317304 58.93
1394 923.4225931243749 58.94
1395 935.0107013836813 58.95
1396 945.4107046585129 58.96
1397 954.0112544956652 58.97
1398 961.6563795006368 58.98
1399 968.4092191287559 58.99
1400 971.3314452292816 59
1401 973.7961829140858 59.01
1402 972.8056880085018 59.02
1403 970.2955905923343 59.03
1404 966.2807341900015 59.04
1405 960.4909008867216 59.05
1406 950.080438414803 59.06
1407 941.4647477689483 59.07
1408 930.7885682246982 59.08
1409 919.2513319319175 59.09
1410 906.4145883961805 59.1
1411 892.4708211231468 59.11
1412 879.7788507447585 59.12
1413 867.2853333319947 59.13
1414 856.0292947245106 59.14
1415 843.6578419688182 59.15
1416 832.3670885749026 59.16
1417 822.16378045692 59.17
1418 813.2432526279251 59.18
1419 804.860662349414 59.19
1420 797.367345365533 59.2
1421 791.0857912728642 59.21
1422 784.8868052247691 59.22
1423 780.4999282453152 59.23
1424 799.4704562683537 59.24
1425 800.3510917607795 59.25
1426 801.4750189448051 59.26
1427 819.7816426375811 59.27
1428 822.3434885849563 59.28
1429 832.5875173318129 59.29
1430 835.2549802949079 59.3
1431 839.5974252369648 59.31
1432 846.4584878461202 59.32
1433 853.2229017537032 59.33
1434 861.104010739098 59.34
1435 869.1315503220658 59.35
1436 877.2733184591608 59.36
1437 884.7415640920868 59.37
1438 892.2025632967744 59.38
1439 899.4670507850876 59.39
1440 905.0023913667367 59.4
1441 908.5483418254333 59.41
1442 911.2674299920544 59.42
1443 913.5519772972224 59.43
1444 912.0980166390857 59.44
1445 910.5307992776479 59.45
1446 908.5435011838683 59.46
1447 903.5094106143625 59.47
1448 897.531678867256 59.48
1449 890.6856421263038 59.49
1450 882.1464913376717 59.5
1451 874.6862251820954 59.51
1452 859.4479861290924 59.52
1453 853.0125304737444 59.53
1454 881.6212965930252 59.54
1455 872.707257772876 59.55
1456 861.7948679440012 59.56
1457 853.0908589275585 59.57
1458 844.513849694765 59.58
1459 834.8424406112614 59.59
1460 827.5433251002248 59.6
1461 839.0203807587189 59.61
1462 833.9389980739581 59.62
1463 848.65311243141 59.63
1464 846.5599640340503 59.64
1465 858.1826098498283 59.65
1466 866.075798867189 59.66
1467 864.4354678674806 59.67
1468 865.6680206775216 59.68
1469 885.6919682642665 59.69
1470 887.0281024649091 59.7
1471 889.7733653790142 59.71
1472 893.4036707869099 59.72
1473 896.863637321587 59.73
1474 902.7254764206805 59.74
1475 925.688389760818 59.75
1476 928.5991496170485 59.76
1477 933.651269197142 59.77
1478 944.9455319583335 59.78
1479 948.1604531524333 59.79
1480 952.4513248291885 59.8
1481 954.9091287826825 59.81
1482 957.6803669097756 59.82
1483 959.2964228592343 59.83
1484 959.6579329665692 59.84
1485 960.3257801852943 59.85
1486 957.7911683214778 59.86
1487 954.5603811096137 59.87
1488 945.1593456688497 59.88
1489 945.5188311201823 59.89
1490 940.0955061943919 59.9
1491 934.413924612618 59.91
1492 926.1542845548278 59.92
1493 918.9474733054623 59.93
1494 909.560322936254 59.94
1495 901.9467342102768 59.95
1496 892.2247148117385 59.96
1497 883.5741603284055 59.97
1498 876.2447093415931 59.98
1499 867.1145358809895 59.99
1500 860.5755536913049 60
