"frac-mass-co2-rfile"
"Time Step" "frac-mass-co2 etc.."
("Time Step" "frac-mass-co2" "flow-time")
0 0.002489480942312633 0
1 0.003365621607760274 0.1
2 0.00443222709198492 0.2
3 0.005305967475196524 0.3
4 0.006038750634699427 0.4
5 0.006748724126246797 0.5
6 0.007709051906806195 0.6000000000000001
7 0.009037082611285234 0.7000000000000001
8 0.01051513734958131 0.8
9 0.01194134812906238 0.9
10 0.013270718243152 1
11 0.01453376969633292 1.1
12 0.01576210169658649 1.2
13 0.01699245460816901 1.3
14 0.01827236557241379 1.4
15 0.01964161508318429 1.5
16 0.02111162289617805 1.6
17 0.02257873893885798 1.7
18 0.02414620761783138 1.8
19 0.02576253947774786 1.9
20 0.02740334737799956 2
21 0.02902600864019857 2.1
22 0.03062811349475019 2.2
23 0.03230267970108413 2.3
24 0.03387151289053077 2.4
25 0.0354281299109898 2.5
26 0.03696723775140468 2.6
27 0.03848815226535483 2.7
28 0.03997824026820108 2.8
29 0.04143257208137843 2.9
30 0.04285366263466141 3
31 0.04423987588990218 3.1
32 0.04560385556051214 3.2
33 0.04692811683161489 3.3
34 0.04822227632909577 3.4
35 0.04950236094478528 3.5
36 0.05076562178553237 3.6
37 0.05201406864887714 3.7
38 0.05325760903599704 3.8
39 0.05450112023589236 3.9
40 0.05574811688814012 4
41 0.05699151124427976 4.100000000000001
42 0.05824688237262959 4.2
43 0.05950828695111574 4.3
44 0.06077702553458273 4.4
45 0.06205056780841296 4.5
46 0.06333378216869302 4.600000000000001
47 0.06461986486033366 4.7
48 0.0659083468156928 4.800000000000001
49 0.06720774061948891 4.9
50 0.06850767852841341 5
51 0.06980291872668 5.100000000000001
52 0.07109905391354143 5.2
53 0.07240733671710479 5.300000000000001
54 0.0737113311179194 5.4
55 0.07501727716439875 5.5
56 0.07632112434574843 5.600000000000001
57 0.07762444788064604 5.7
58 0.07892411463661882 5.800000000000001
59 0.08022380482964894 5.9
60 0.08152309728796925 6
61 0.08282143687529916 6.100000000000001
62 0.08411890895929491 6.2
63 0.08541602589936166 6.300000000000001
64 0.0867128677432608 6.4
65 0.08801311632581239 6.5
66 0.08930918331512896 6.600000000000001
67 0.0906059229037082 6.7
68 0.09190334067072561 6.800000000000001
69 0.0932029961599936 6.9
70 0.0944999269306033 7
71 0.09579713925738316 7.100000000000001
72 0.09709675651347345 7.2
73 0.09839531397592208 7.300000000000001
74 0.09969268677109618 7.4
75 0.1009899273779289 7.5
76 0.1022870912592513 7.600000000000001
77 0.103582985355356 7.7
78 0.1048775084404085 7.800000000000001
79 0.1061649136194093 7.9
80 0.1074527021105456 8
81 0.1087384073229022 8.1
82 0.1100242610872934 8.200000000000001
83 0.1112778984861926 8.300000000000001
84 0.1125347565779282 8.4
85 0.1138151183439506 8.5
86 0.1150610249177239 8.6
87 0.1163030223568818 8.700000000000001
88 0.1175437690726847 8.800000000000001
89 0.1187806078441844 8.9
90 0.1200477334803075 9
91 0.1212734738669635 9.1
92 0.1225330284481632 9.200000000000001
93 0.1237488789596344 9.300000000000001
94 0.1250007457637896 9.4
95 0.1262093429337355 9.5
96 0.1274510227723656 9.600000000000001
97 0.1286444408299701 9.700000000000001
98 0.1298772349578116 9.800000000000001
99 0.1310628488293027 9.9
100 0.1323202605990699 10
101 0.1334963555081325 10.1
102 0.1347419933176046 10.2
103 0.1359032126718049 10.3
104 0.1370954023141634 10.4
105 0.1382361049055364 10.5
106 0.1394009295627044 10.6
107 0.1405159257644896 10.7
108 0.1417339310060422 10.8
109 0.1428148669818838 10.9
110 0.1439052179755491 11
111 0.1449449136897531 11.1
112 0.1459664559127926 11.2
113 0.1469252127227846 11.3
114 0.1478503080682498 11.4
115 0.1487200321085174 11.5
116 0.1495438879825106 11.6
117 0.1503098958811424 11.7
118 0.1510199380772588 11.8
119 0.1516855578466576 11.9
120 0.1522809608767307 12
121 0.1528392540181021 12.1
122 0.1533406722733392 12.2
123 0.1538364136657305 12.3
124 0.1543009723510333 12.4
125 0.1547212999932592 12.5
126 0.155140925764736 12.6
127 0.1555174398067704 12.7
128 0.1558352569631893 12.8
129 0.1561058948198038 12.9
130 0.1561406049842022 13
131 0.1560630537480507 13.1
132 0.1559848829086842 13.2
133 0.1559064813900265 13.3
134 0.1558279568734056 13.4
135 0.1557490652103087 13.5
136 0.1556696112550489 13.6
137 0.1555893955140705 13.7
138 0.1555086126828279 13.8
139 0.155427599197303 13.9
140 0.1553467162836863 14
141 0.1552662313072056 14.1
142 0.1551864240121128 14.2
143 0.1551075060873932 14.3
144 0.1550296289936151 14.4
145 0.1549528139102085 14.5
146 0.1548825632848606 14.6
147 0.1548124183971634 14.7
148 0.154736046222923 14.8
149 0.1546598439894099 14.9
150 0.1545902104252685 15
151 0.1545143364470222 15.1
152 0.1544449088648616 15.2
153 0.1543693740490995 15.3
154 0.1543002522154427 15.4
155 0.1542250280115929 15.5
156 0.1541560525341545 15.6
157 0.1540871658627425 15.7
158 0.1540184222383481 15.8
159 0.1539496998989203 15.9
160 0.1538749679875022 16
161 0.1538063615047191 16.1
162 0.1537378408713335 16.2
163 0.153663329753917 16.3
164 0.153594949947883 16.4
165 0.1535205616857189 16.5
166 0.1534522562065466 16.6
167 0.1533839387651199 16.7
168 0.1533096416361326 16.8
169 0.1532414558778331 16.9
170 0.1531732412790402 17
171 0.1530991284563717 17.1
172 0.1530310201839523 17.2
173 0.1529569006232582 17.3
174 0.1528888542752118 17.4
175 0.1528207995357162 17.5
176 0.1527467574953775 17.6
177 0.1526789360147153 17.7
178 0.152604927195956 17.8
179 0.1525370293420359 17.9
180 0.1524691232055622 18
181 0.1523953275052382 18.1
182 0.1523275562228745 18.2
183 0.1522537191069554 18.3
184 0.1521859489472037 18.4
185 0.1521181813395364 18.5
186 0.1520445035196732 18.6
187 0.151976842795854 18.7
188 0.1519032457118467 18.8
189 0.151835594061861 18.9
190 0.1517621102545421 19
191 0.1516947826354655 19.1
192 0.1516212889363689 19.2
193 0.1515539454900497 19.3
194 0.1514865237548477 19.4
195 0.1514131448566864 19.5
196 0.1513457822352513 19.6
197 0.1512784114796542 19.7
198 0.1512052412038582 19.8
199 0.1511379788201783 19.9
200 0.1510707012111029 20
201 0.1509975845276784 20.1
202 0.1509304132118017 20.2
203 0.1508573437964479 20.3
204 0.1507902270855402 20.4
205 0.1507232052615406 20.5
206 0.1506501535643848 20.6
207 0.1505833376295313 20.7
208 0.1505164506665976 20.8
209 0.1504436679546701 20.9
210 0.1503767782529395 21
211 0.1503099466900384 21.1
212 0.1502372662217744 21.2
213 0.1501706915534224 21.3
214 0.1501039969426715 21.4
215 0.1500313646570059 21.5
216 0.1499648104793239 21.6
217 0.1498982414215372 21.7
218 0.1498257310337555 21.8
219 0.1497591944631367 21.9
220 0.1496927544389762 22
221 0.1496203973301098 22.1
222 0.1495540336898391 22.2
223 0.1494816868141303 22.3
224 0.1494153819502333 22.4
225 0.1493432683765482 22.5
226 0.1492771998896667 22.6
227 0.1492110368877926 22.7
228 0.1491390359152162 22.8
229 0.1490729242992659 22.9
230 0.1490068472491454 23
231 0.1489349773410728 23.1
232 0.1488690084929229 23.2
233 0.1488030488532989 23.3
234 0.1487312532500001 23.4
235 0.1486654177780972 23.5
236 0.1485995815667733 23.6
237 0.1485280085058828 23.7
238 0.1484623844643035 23.8
239 0.1483967081331074 23.9
240 0.1483252167052108 24
241 0.1482595951220917 24.1
242 0.1481940173122159 24.2
243 0.1481227282953545 24.3
244 0.1480572107501069 24.4
245 0.1479918133953554 24.5
246 0.1479205611626676 24.6
247 0.1478552023818555 24.7
248 0.1477898672591115 24.8
249 0.1477187564766478 24.9
250 0.1476534884850413 25
251 0.1475882905866233 25.1
252 0.1475173243170828 25.2
253 0.1474522476015003 25.3
254 0.1473872025054888 25.4
255 0.1473221548349497 25.5
256 0.147251341850596 25.6
257 0.1471863916750018 25.7
258 0.1471214617063356 25.8
259 0.1470507586452243 25.9
260 0.1469858519139165 26
261 0.1469210099411158 26.1
262 0.1468562095268463 26.2
263 0.1467857066559234 26.3
264 0.1467209875866052 26.4
265 0.1466563668274143 26.5
266 0.1465917107108393 26.6
267 0.1465213052669818 26.7
268 0.1464567932251798 26.8
269 0.1463922608373882 26.9
270 0.1463278356893185 27
271 0.1462633475011071 27.1
272 0.1461931612498311 27.2
273 0.1461288124443586 27.3
274 0.1460645714104199 27.4
275 0.1460002849048952 27.5
276 0.1459303798776197 27.6
277 0.1458661713262591 27.7
278 0.1458020525844397 27.8
279 0.1457379754889108 27.9
280 0.1456738975278474 28
281 0.1456098280636196 28.1
282 0.1455401405057891 28.2
283 0.1454761614510632 28.3
284 0.1454122290957579 28.4
285 0.1453483179426631 28.5
286 0.1452787739045759 28.6
287 0.1452149612740674 28.7
288 0.1451512573364841 28.8
289 0.1450875444295212 28.9
290 0.1450181562083475 29
291 0.14495453714221 29.1
292 0.1448909770331364 29.2
293 0.1448274167491979 29.3
294 0.1447638695940258 29.4
295 0.1446946867524103 29.5
296 0.1446312183742361 29.6
297 0.1445678199789044 29.7
298 0.1445045124076021 29.8
299 0.1444411119959363 29.9
300 0.1443777989537258 30
301 0.144308845036627 30.1
302 0.1442456511676069 30.2
303 0.1441823991781762 30.3
304 0.1441192681353385 30.4
305 0.144056150392627 30.5
306 0.1439874116080181 30.6
307 0.1439243630992543 30.7
308 0.1438613220680422 30.8
309 0.1437983242539578 30.9
310 0.1437354534161752 31
311 0.1436725140104751 31.1
312 0.1436096611284029 31.2
313 0.1435468060215351 31.3
314 0.1434839926937554 31.4
315 0.1434211885897084 31.5
316 0.1433584646044268 31.6
317 0.1432901493991989 31.7
318 0.143227546519982 31.8
319 0.1431649629377367 31.9
320 0.1431023760316157 32
321 0.1430399007809368 32.1
322 0.1429774467552819 32.2
323 0.1429149627193746 32.3
324 0.1428525142000084 32.4
325 0.1427900697534336 32.5
326 0.1427276679023338 32.6
327 0.1426653244392187 32.7
328 0.1426029787563693 32.8
329 0.142535125908581 32.9
330 0.1424729661337276 33
331 0.142410811187091 33.1
332 0.1423487169771198 33.2
333 0.1422866107951383 33.3
334 0.1422245595810188 33.4
335 0.1421625488658274 33.5
336 0.1421005917489613 33.6
337 0.1420386194524952 33.7
338 0.1419766864146489 33.8
339 0.1419092301608608 33.9
340 0.1418473980497464 34
341 0.1417855874213003 34.1
342 0.1417238214000917 34.2
343 0.1416620985440309 34.3
344 0.1416004088727167 34.4
345 0.1415387051076173 34.5
346 0.1414770323886725 34.6
347 0.1414154396851716 34.7
348 0.1413538676113232 34.8
349 0.1412923136329207 34.9
350 0.1412307377667146 35
351 0.1411692795944642 35.1
352 0.1411078076417371 35.2
353 0.1410463560461717 35.3
354 0.1409849658759779 35.4
355 0.1409235846261935 35.5
356 0.1408621678742136 35.6
357 0.1408008166942843 35.7
358 0.1407395414327235 35.8
359 0.1406783229998183 35.9
360 0.1406171038593823 36
361 0.1405558827261683 36.1
362 0.1404947322066377 36.2
363 0.1404336026187033 36.3
364 0.1403724885884718 36.4
365 0.1403114502459803 36.5
366 0.1402504677978339 36.6
367 0.1401894593159247 36.7
368 0.1401285246595283 36.8
369 0.1400675615999505 36.9
370 0.1400066107797488 37
371 0.1399457865840518 37.1
372 0.1398849601289377 37.2
373 0.1398242097761596 37.3
374 0.1397634179463242 37.4
375 0.1397026436257668 37.5
376 0.1396418912631956 37.6
377 0.1395812357659389 37.7
378 0.1395205563766992 37.8
379 0.1394599120456993 37.9
380 0.1393993117244009 38
381 0.1393388125225464 38.1
382 0.1392783409787599 38.2
383 0.1392178394973916 38.3
384 0.1391573888283849 38.40000000000001
385 0.1390969843330098 38.5
386 0.1390365924778709 38.6
387 0.1389762666039074 38.7
388 0.1389159934018935 38.8
389 0.1388557521607686 38.90000000000001
390 0.1387955671048116 39
391 0.1387353182288416 39.1
392 0.1386750732440012 39.2
393 0.1386149038310329 39.3
394 0.1385547460853943 39.40000000000001
395 0.138494667720625 39.5
396 0.1384346403688994 39.6
397 0.1383746095515651 39.7
398 0.1383145843696619 39.8
399 0.1382546451039969 39.90000000000001
400 0.1381947278134487 40
401 0.1381348783081286 40.1
402 0.1380750400704965 40.2
403 0.1380151795001919 40.3
404 0.1379554198898687 40.40000000000001
405 0.1378956777891363 40.5
406 0.1378359716782978 40.6
407 0.1377763246579668 40.7
408 0.1377166210916956 40.8
409 0.1376569322195912 40.90000000000001
410 0.1375973154205845 41
411 0.1375377284516578 41.1
412 0.1374782277725609 41.2
413 0.1374187130095376 41.3
414 0.1373592404701672 41.40000000000001
415 0.1372997783915042 41.5
416 0.137240359076361 41.6
417 0.1371809502968519 41.7
418 0.1371216305151345 41.8
419 0.1370622846173182 41.90000000000001
420 0.1370030609821637 42
421 0.1369438407178175 42.1
422 0.1368846558957711 42.2
423 0.1368254354001876 42.3
424 0.1367663377874801 42.40000000000001
425 0.1367071779594262 42.5
426 0.136647747682038 42.6
427 0.1365837790650007 42.7
428 0.136525100108944 42.8
429 0.1364661435723275 42.90000000000001
430 0.1364071828330055 43
431 0.1363482115079542 43.1
432 0.136289283406224 43.2
433 0.1362304018550314 43.3
434 0.1361715702059739 43.40000000000001
435 0.1361127690461695 43.5
436 0.1360540719630907 43.6
437 0.1359953308910339 43.7
438 0.1359366297672356 43.8
439 0.1358779864593904 43.90000000000001
440 0.1358193161614936 44
441 0.1357607829871475 44.1
442 0.1357022292041983 44.2
443 0.1356437374634508 44.3
444 0.1355852750277011 44.40000000000001
445 0.1355267804000475 44.5
446 0.1354683296677826 44.6
447 0.135409991544954 44.7
448 0.1353516885336769 44.8
449 0.1352933479002234 44.90000000000001
450 0.135235025919525 45
451 0.1351768194047052 45.1
452 0.135118595542597 45.2
453 0.1350604393663943 45.3
454 0.1350022933125758 45.40000000000001
455 0.134944132231253 45.5
456 0.1348860062174783 45.6
457 0.134828006750928 45.7
458 0.1347699790384958 45.8
459 0.1347120058631249 45.90000000000001
460 0.134654100911094 46
461 0.1345961599329862 46.1
462 0.1345383292506711 46.2
463 0.1344805174861149 46.3
464 0.1344227023416893 46.40000000000001
465 0.1343649065530708 46.5
466 0.1343071457541171 46.6
467 0.1342494032885984 46.7
468 0.1341917648043339 46.8
469 0.1341341324906135 46.90000000000001
470 0.1340765444780988 47
471 0.1340189274093828 47.1
472 0.1339614160688141 47.2
473 0.1339039303909065 47.3
474 0.1338464949336575 47.40000000000001
475 0.1337890826854672 47.5
476 0.1337317496829982 47.6
477 0.1336744202888264 47.7
478 0.1336170851700017 47.8
479 0.1335597734062989 47.90000000000001
480 0.1335024812599701 48
481 0.1334452475309801 48.1
482 0.1333880442347868 48.2
483 0.1333309225945923 48.3
484 0.1332737823887263 48.40000000000001
485 0.1332167692502086 48.5
486 0.1331597456972408 48.6
487 0.1331027971102808 48.7
488 0.1330458107190296 48.8
489 0.1329888351541899 48.90000000000001
490 0.1329319575514633 49
491 0.1328750936337747 49.1
492 0.1328182335928345 49.2
493 0.1327615149083054 49.3
494 0.1327047731630926 49.40000000000001
495 0.1326480454399951 49.5
496 0.1325913305225601 49.6
497 0.1325347481839549 49.7
498 0.1324781529575247 49.8
499 0.1324216144832843 49.90000000000001
500 0.132365045571451 50
501 0.1323589626553689 50.01
502 0.1323745934525246 50.02
503 0.1323648915777043 50.03
504 0.1323620627245148 50.04
505 0.1323656710903879 50.05
506 0.1323652276329446 50.06
507 0.1323615746530731 50.07
508 0.1323565289880443 50.08
509 0.1323515611242074 50.09
510 0.1323464221716161 50.1
511 0.1323409553560412 50.11
512 0.1323350166901097 50.12
513 0.1323297080421261 50.13
514 0.1323240307171051 50.14
515 0.1323173180664685 50.15
516 0.1323100575408542 50.16
517 0.1323024075436476 50.17
518 0.1322944745733119 50.18
519 0.13228657252681 50.19
520 0.1322787175046637 50.2
521 0.1322708780425674 50.21
522 0.1322633629042842 50.22
523 0.1322544310868706 50.23
524 0.1322461791495332 50.24
525 0.1322378261405339 50.25
526 0.1322288906924194 50.26
527 0.1322221734711538 50.27
528 0.1322150691294751 50.28
529 0.1322071602209507 50.29
530 0.1322001208090414 50.3
531 0.1321931799436077 50.31
532 0.132185779035361 50.32
533 0.132180821765775 50.33
534 0.1321734086353334 50.34
535 0.1321674177407773 50.35
536 0.1321647748897363 50.36
537 0.1321618629226153 50.37
538 0.1321554004876613 50.38
539 0.1321538377793494 50.39
540 0.1321508609341924 50.4
541 0.1321484800610662 50.41
542 0.1321528052822134 50.42
543 0.1321481968786444 50.43
544 0.1321504380610449 50.44
545 0.1321523359008723 50.45
546 0.1321475136027893 50.46
547 0.1321457136470877 50.47
548 0.132146100175101 50.48
549 0.1321545989997016 50.49
550 0.1321760934425873 50.5
551 0.13221143557383 50.51
552 0.132255579257346 50.52
553 0.1323034382471803 50.53
554 0.1323460261597082 50.54
555 0.1323490394675056 50.55
556 0.1322511953148288 50.56
557 0.1320429793242931 50.57
558 0.1317494236477546 50.58
559 0.13139778299398 50.59
560 0.130978095018798 50.6
561 0.1305090933125632 50.61
562 0.1299605029171761 50.62
563 0.1293466774240241 50.63
564 0.1286884598535909 50.64
565 0.1280011017764666 50.65
566 0.1273562919340923 50.66
567 0.126827433904717 50.67
568 0.1264601466723635 50.68
569 0.1262988238850975 50.69
570 0.1263439413198476 50.7
571 0.1265798050929343 50.71
572 0.1269732686143777 50.72
573 0.1275006343133948 50.73
574 0.1281640824090862 50.74
575 0.1289607475571097 50.75
576 0.129884957196583 50.76
577 0.1309293999019914 50.77
578 0.1320959706463872 50.78
579 0.1333784947206332 50.79
580 0.1347221839521743 50.8
581 0.1360914715294866 50.81
582 0.1374194400973271 50.82
583 0.138651157782903 50.83
584 0.1397249122271598 50.84
585 0.1405756764936226 50.85
586 0.1412104365102816 50.86
587 0.1416440816895288 50.87
588 0.1418913673856029 50.88
589 0.1419863653260162 50.89
590 0.1419975620781782 50.9
591 0.1419651973091217 50.91
592 0.1419045478356181 50.92
593 0.1418255090056768 50.93
594 0.1417379399122706 50.94
595 0.1416469962321243 50.95
596 0.1415540512768788 50.96
597 0.1414575198220027 50.97
598 0.1413454025492574 50.98
599 0.1412284011259375 50.99
600 0.1411047518918399 51
601 0.1409802679041116 51.01
602 0.1408482181509489 51.02
603 0.1407115560142177 51.03
604 0.140565117612295 51.04
605 0.1404052667540469 51.05
606 0.1402305860055252 51.06
607 0.1400192362823891 51.07
608 0.1397397417661089 51.08
609 0.1393667885520518 51.09
610 0.1389201086213593 51.1
611 0.1383871650058766 51.11
612 0.1377760941955039 51.12
613 0.1371081338962976 51.13
614 0.1363824738410263 51.14
615 0.1355831756944013 51.15
616 0.1346660425909582 51.16
617 0.1335860969339976 51.17
618 0.1323689216044538 51.18
619 0.1310313975991761 51.19
620 0.1297135116167342 51.2
621 0.1285243454694204 51.21
622 0.1275081831833854 51.22
623 0.1266788473216483 51.23
624 0.126029665515607 51.24
625 0.1255699150884877 51.25
626 0.1252648046146426 51.26
627 0.1251270510004398 51.27
628 0.1251603901913257 51.28
629 0.1253498155860943 51.29
630 0.1256943124262333 51.3
631 0.1261809705288107 51.31
632 0.1268224926250335 51.32
633 0.1275892910723591 51.33
634 0.1284852688416949 51.34
635 0.1294959537749391 51.35
636 0.1306057521565968 51.36
637 0.1318031088649859 51.37
638 0.1330579080445631 51.38
639 0.1343354686129749 51.39
640 0.1356044449739613 51.4
641 0.136834938810198 51.41
642 0.1379996142703252 51.42
643 0.1390636157932988 51.43
644 0.1400207164359919 51.44
645 0.1408481887244267 51.45
646 0.1415217202490937 51.46
647 0.1420097513498291 51.47
648 0.142282191128967 51.48
649 0.1423518977023845 51.49
650 0.1422312739384302 51.5
651 0.1419992902660229 51.51
652 0.1416752166672099 51.52
653 0.1412491453711241 51.53
654 0.1407279575838354 51.54
655 0.140099888677569 51.55
656 0.1393519082199711 51.56
657 0.1384598622404289 51.57
658 0.1373994541614669 51.58
659 0.1361654217109363 51.59
660 0.1348147922026464 51.6
661 0.133368240168209 51.61
662 0.1318574808333692 51.62
663 0.1303140327527444 51.63
664 0.1287754144272211 51.64
665 0.1272539205098442 51.65
666 0.1257873987557823 51.66
667 0.124404787978842 51.67
668 0.1231325396739994 51.68
669 0.1219840984460983 51.69
670 0.1209706512174324 51.7
671 0.1201002763159364 51.71
672 0.1193650241126177 51.72
673 0.1187586193283684 51.73
674 0.1182744284298467 51.74
675 0.1179133501313513 51.75
676 0.1176775674439668 51.76
677 0.1175703764032634 51.77
678 0.1175885634374148 51.78
679 0.1177308003980444 51.79
680 0.1179945843342956 51.8
681 0.1183790475105104 51.81
682 0.1188949758427979 51.82
683 0.1195389023964962 51.83
684 0.1202954268509882 51.84
685 0.1211588006743043 51.85
686 0.122141553232563 51.86
687 0.1232256492065539 51.87
688 0.1243819378321161 51.88
689 0.1255803110409025 51.89
690 0.126789010073244 51.9
691 0.1279666178299694 51.91
692 0.1290710319632734 51.92
693 0.1300674695329315 51.93
694 0.1309290970019275 51.94
695 0.1316327715657085 51.95
696 0.1321671424849151 51.96
697 0.1325204845212224 51.97
698 0.1326792459971812 51.98
699 0.1326315688251286 51.99
700 0.1323645464594911 52
701 0.1318677585810013 52.01
702 0.1311307264674046 52.02
703 0.1301948429896862 52.03
704 0.1290467875938324 52.04
705 0.1277249500615032 52.05
706 0.1262361300253981 52.06
707 0.1245989663879905 52.07
708 0.1228342360910788 52.08
709 0.1209643207972501 52.09
710 0.1190151777921531 52.1
711 0.117007537178693 52.11
712 0.1149576485193949 52.12
713 0.1128926150566815 52.13
714 0.1108447768106587 52.14
715 0.1088347416287399 52.15
716 0.1068714566448024 52.16
717 0.1050066616021253 52.17
718 0.1032709033585556 52.18
719 0.1016827332465715 52.19
720 0.1002565447795145 52.2
721 0.09899949182575928 52.21
722 0.09791509481156326 52.22
723 0.09700486701810283 52.23
724 0.09626839244724542 52.24
725 0.09570299819782808 52.25
726 0.09530553403638262 52.26
727 0.09507374607720567 52.27
728 0.09500077050226143 52.28
729 0.09508564052494109 52.29
730 0.0953222224220814 52.3
731 0.09570409579461375 52.31
732 0.09622779487170824 52.32
733 0.09688513707540562 52.33
734 0.09766501043407158 52.34
735 0.09855749991390571 52.35
736 0.09954689630507779 52.36
737 0.1006192032947124 52.37
738 0.1017557658329811 52.38
739 0.1029323633629696 52.39
740 0.1041181634287967 52.4
741 0.1052782656101043 52.41
742 0.1063803004976638 52.42
743 0.1074001472842286 52.43
744 0.108319054722209 52.44
745 0.1091203177486675 52.45
746 0.109788935584594 52.46
747 0.1103056959442214 52.47
748 0.1106583801797323 52.48
749 0.1108370925456307 52.49
750 0.1108307559963003 52.5
751 0.1106343315352986 52.51
752 0.1102399736517886 52.52
753 0.1096520183160358 52.53
754 0.1088677494361978 52.54
755 0.107894178418558 52.55
756 0.1067398883991071 52.56
757 0.1054137271277907 52.57
758 0.1039277287313365 52.58
759 0.102299530391062 52.59
760 0.1005465383246674 52.6
761 0.09869105866799693 52.61
762 0.09676065032202784 52.62
763 0.09478857569054021 52.63
764 0.09281071650866504 52.64
765 0.09086136052269782 52.65
766 0.08897195371889649 52.66
767 0.08716823268640896 52.67
768 0.08546383837627289 52.68
769 0.08386727064642677 52.69
770 0.08238390085943671 52.7
771 0.08101364017893702 52.71
772 0.07975474679624849 52.72
773 0.07860560752400683 52.73
774 0.0775641003288035 52.74
775 0.07662289924355027 52.75
776 0.07576975666327217 52.76
777 0.07499140718413801 52.77
778 0.07428860480082786 52.78
779 0.07366846204833624 52.79
780 0.07314164478733544 52.8
781 0.07272072674218422 52.81
782 0.07242171611630192 52.82
783 0.07224772087969308 52.83
784 0.07219760241990535 52.84
785 0.07226828055784411 52.85
786 0.07245437421051384 52.86
787 0.07274804620092309 52.87
788 0.07313919207095824 52.88
789 0.07361463953816201 52.89
790 0.07416011588026697 52.9
791 0.07475683597122329 52.91
792 0.07538000600507801 52.92
793 0.07600117644610721 52.93
794 0.07659474849855072 52.94
795 0.07714081928970004 52.95
796 0.07762474773069145 52.96
797 0.07803459337215329 52.97
798 0.07835982902282583 52.98
799 0.07859091421062483 52.99
800 0.07871899990764403 53
801 0.07873656978455688 53.01
802 0.07863741468395924 53.02
803 0.07841671592773206 53.03
804 0.078071880584392 53.04
805 0.07760177060554085 53.05
806 0.07700697135779111 53.06
807 0.07628934987008196 53.07
808 0.07545224922755676 53.08
809 0.07449989005958932 53.09
810 0.07343836567219808 53.1
811 0.07227532358286674 53.11
812 0.07102141334334185 53.12
813 0.06969005184072163 53.13
814 0.0682973391834777 53.14
815 0.06686255738215677 53.15
816 0.06540771420361041 53.16
817 0.06395541741361958 53.17
818 0.0625282548126587 53.18
819 0.06114484078076362 53.19
820 0.05981818921142618 53.2
821 0.05855701797494856 53.21
822 0.05736714328770703 53.22
823 0.0562532222452076 53.23
824 0.05521861212053408 53.24
825 0.05426571558683687 53.25
826 0.05339598985078949 53.26
827 0.05261005351267855 53.27
828 0.05190781252031547 53.28
829 0.0512885370366463 53.29
830 0.05075108662956674 53.3
831 0.0502939153206018 53.31
832 0.04991555802958579 53.32
833 0.04961470400694117 53.33
834 0.04938993962021759 53.34
835 0.04923997879932416 53.35
836 0.04916347094786552 53.36
837 0.04915909715766791 53.37
838 0.04922482618583911 53.38
839 0.04935848859570043 53.39
840 0.04955699894718049 53.4
841 0.04981635445567994 53.41
842 0.0501308142008186 53.42
843 0.05049352406169352 53.43
844 0.05089566120657098 53.44
845 0.05132478124675385 53.45
846 0.05176428984383837 53.46
847 0.05219750233091493 53.47
848 0.05261152780513343 53.48
849 0.05299770798027532 53.49
850 0.05334931155589683 53.5
851 0.05366009096019192 53.51
852 0.05392443546188087 53.52
853 0.0541361613797698 53.53
854 0.05428918661044259 53.54
855 0.05437765535675004 53.55
856 0.05439690969197788 53.56
857 0.05434242383419474 53.57
858 0.05421063742716663 53.58
859 0.05399911934865523 53.59
860 0.05370694411925315 53.6
861 0.0533336551902865 53.61
862 0.05288016245101537 53.62
863 0.0523481584164615 53.63
864 0.05174064585847284 53.64
865 0.05106151664529234 53.65
866 0.05031647807194293 53.66
867 0.04951313813159298 53.67
868 0.04866088423368686 53.68
869 0.04777096856755871 53.69
870 0.04685589240859914 53.7
871 0.04592995501302378 53.71
872 0.04500800044931757 53.72
873 0.04410449132053 53.73
874 0.04322971158215335 53.74
875 0.04239092266981824 53.75
876 0.04159329639793122 53.76
877 0.04084053042296375 53.77
878 0.04013561331746815 53.78
879 0.0394806434803973 53.79
880 0.03887703673086892 53.8
881 0.03832569346650117 53.81
882 0.03782676033623412 53.82
883 0.03738004111963266 53.83
884 0.0369847372251513 53.84
885 0.03664010705519597 53.85
886 0.0363454453713368 53.86
887 0.03609985282860726 53.87
888 0.03590246909419862 53.88
889 0.03575262559502614 53.89
890 0.03564961438104838 53.9
891 0.03559270339663153 53.91
892 0.03558117605045528 53.92
893 0.03561392442920874 53.93
894 0.0356899016306479 53.94
895 0.03580774386828843 53.95
896 0.03596532748379238 53.96
897 0.03615989857938079 53.97
898 0.03638737753107302 53.98
899 0.03664260567600533 53.99
900 0.03691816283876141 54
901 0.03720468507508605 54.01
902 0.03749295340805699 54.02
903 0.0377753662743837 54.03
904 0.03804615111076187 54.04
905 0.038300403562656 54.05
906 0.03853399638935735 54.06
907 0.03874306505662942 54.07
908 0.03892321115806042 54.08
909 0.03907053817747249 54.09
910 0.03918097413243061 54.1
911 0.03925066334899611 54.11
912 0.03927596278321985 54.12
913 0.03925377019529568 54.13
914 0.03918128967019381 54.14
915 0.03905659889669585 54.15
916 0.03887836657545539 54.16
917 0.03864586702240887 54.17
918 0.03835945491005673 54.18
919 0.03802028729500335 54.19
920 0.03763055812239133 54.2
921 0.03719347899115125 54.21
922 0.03671294317180704 54.22
923 0.03619438192290177 54.23
924 0.03564419423216544 54.24
925 0.03507024855483311 54.25
926 0.03448124583976021 54.26
927 0.03388672704614634 54.27
928 0.03329599957326066 54.28
929 0.03271724431852904 54.29
930 0.03215664770400167 54.3
931 0.03161877748965259 54.31
932 0.03110689025111109 54.32
933 0.03062362516598079 54.33
934 0.03017110061984424 54.34
935 0.02975087102831537 54.35
936 0.02936423668496872 54.36
937 0.02901176942409958 54.37
938 0.02869387483600942 54.38
939 0.02841055007132172 54.39
940 0.02816149149072442 54.4
941 0.02794632797888208 54.41
942 0.02776459286505187 54.42
943 0.02761595782990114 54.43
944 0.02750023101528611 54.44
945 0.02741664101775164 54.45
946 0.02736469121814215 54.46
947 0.02734394701356346 54.47
948 0.02735378577134089 54.48
949 0.02739341634069939 54.49
950 0.02746203186632961 54.5
951 0.02755849979041488 54.51
952 0.0276813772438444 54.52
953 0.02782871546823504 54.53
954 0.02799767322089415 54.54
955 0.0281845382392709 54.55
956 0.02838415877948522 54.56
957 0.02859118685073538 54.57
958 0.02880034053504933 54.58
959 0.02900705655612236 54.59
960 0.02920758300696114 54.6
961 0.02939865572736385 54.61
962 0.02957708387596441 54.62
963 0.02973982315801934 54.63
964 0.029883730431025 54.64
965 0.03000585718459174 54.65
966 0.03010309504145349 54.66
967 0.03017264002088391 54.67
968 0.03021195469415222 54.68
969 0.03021886121584764 54.69
970 0.03019130861262034 54.7
971 0.03012765747688353 54.71
972 0.03002691537141403 54.72
973 0.02988863128127432 54.73
974 0.02971287210450392 54.74
975 0.02950047288792427 54.75
976 0.02925294880445316 54.76
977 0.02897247023801995 54.77
978 0.028661919156378 54.78
979 0.02832501347205255 54.79
980 0.02796644548834217 54.8
981 0.02759135802595403 54.81
982 0.0272058806162058 54.82
983 0.02681632065241195 54.83
984 0.0264290846005561 54.84
985 0.02604927447583733 54.85
986 0.02568101487631455 54.86
987 0.02532746380256483 54.87
988 0.02499117698594659 54.88
989 0.02467418072260723 54.89
990 0.02437812647227286 54.9
991 0.02410441228905406 54.91
992 0.02385403512795686 54.92
993 0.02362773416966597 54.93
994 0.02342551136987533 54.94
995 0.02324763836676554 54.95
996 0.02309418373240846 54.96
997 0.02296515503051387 54.97
998 0.02286039905275392 54.98
999 0.02277974346310007 54.99
1000 0.0227228134770251 55
1001 0.02268926071452495 55.01
1002 0.02267872675543032 55.02
1003 0.02269076164881292 55.03
1004 0.02272476188955272 55.04
1005 0.02278008255750857 55.05
1006 0.02285582433292479 55.06
1007 0.02295083299293752 55.07
1008 0.02306362209497809 55.08
1009 0.02319216133492289 55.09
1010 0.02333396708748505 55.1
1011 0.02348581145619916 55.11
1012 0.02364406501589451 55.12
1013 0.02380515762878683 55.13
1014 0.02396585766941522 55.14
1015 0.0241233681358174 55.15
1016 0.02427500233687113 55.16
1017 0.02441818860868823 55.17
1018 0.0245505384492924 55.18
1019 0.02466977094180524 55.19
1020 0.02477348725331586 55.2
1021 0.02485952607585626 55.21
1022 0.024925784668196 55.22
1023 0.02497030811548518 55.23
1024 0.02499142297379024 55.24
1025 0.02498775037591141 55.25
1026 0.02495817355314291 55.26
1027 0.02490193096549843 55.27
1028 0.024818667413631 55.28
1029 0.02470850007808987 55.29
1030 0.02457200829657845 55.3
1031 0.02441029721693343 55.31
1032 0.02422489578287883 55.32
1033 0.02401798707478399 55.33
1034 0.02379219296409169 55.34
1035 0.02355082715541091 55.35
1036 0.02329778297962651 55.36
1037 0.02303733756171077 55.37
1038 0.02277395094147494 55.38
1039 0.02251182738161297 55.39
1040 0.0222544226171001 55.4
1041 0.02200470711081237 55.41
1042 0.02176519185190962 55.42
1043 0.02153792034489491 55.43
1044 0.02132452260345584 55.44
1045 0.02112631640023195 55.45
1046 0.02094440445163837 55.46
1047 0.02077960925267768 55.47
1048 0.02063251535751048 55.48
1049 0.02050357223691866 55.49
1050 0.02039302795171184 55.5
1051 0.02030099076958784 55.51
1052 0.0202274604417136 55.52
1053 0.02017232163244658 55.53
1054 0.02013543612204579 55.54
1055 0.02011660907718354 55.55
1056 0.02011553674740742 55.56
1057 0.0201317993227853 55.57
1058 0.02016486099358041 55.58
1059 0.02021408325781465 55.59
1060 0.02027865884683721 55.6
1061 0.02035758804989464 55.61
1062 0.02044954205853492 55.62
1063 0.02055295110915149 55.63
1064 0.02066570934968588 55.64
1065 0.02078540821366221 55.65
1066 0.02090946490275965 55.66
1067 0.02103532410392607 55.67
1068 0.02116054428293131 55.68
1069 0.02128291864422179 55.69
1070 0.02140040403826908 55.7
1071 0.02151100207415406 55.71
1072 0.02161278696144009 55.72
1073 0.0217038852423261 55.73
1074 0.02178260423879858 55.74
1075 0.02184726866091788 55.75
1076 0.02189639869852042 55.76
1077 0.02192868159467425 55.77
1078 0.02194295691279573 55.78
1079 0.02193837865455009 55.79
1080 0.02191434600146119 55.8
1081 0.02187050966799308 55.81
1082 0.02180683884446962 55.82
1083 0.02172366077699307 55.83
1084 0.02162169939528071 55.84
1085 0.02150200043820118 55.85
1086 0.02136607303328667 55.86
1087 0.0212157779993963 55.87
1088 0.02105347426135025 55.88
1089 0.02088182055803434 55.89
1090 0.02070374657821426 55.9
1091 0.02052260103945523 55.91
1092 0.02034137115421977 55.92
1093 0.02016264251322734 55.93
1094 0.0199887304077348 55.94
1095 0.01982153944168212 55.95
1096 0.01966270671667253 55.96
1097 0.0195137518056491 55.97
1098 0.01937606779030251 55.98
1099 0.01925058095789106 55.99
1100 0.01913789375270557 56
1101 0.01903865820041521 56.01
1102 0.01895336648125761 56.02
1103 0.01888230017608889 56.03
1104 0.01882568981722381 56.04
1105 0.0187837135888589 56.05
1106 0.01875614227862053 56.06
1107 0.01874288420863094 56.07
1108 0.01874374677705434 56.08
1109 0.0187584446313087 56.09
1110 0.01878651290141865 56.1
1111 0.01882739493439663 56.11
1112 0.01888041974373867 56.12
1113 0.01894468449977545 56.13
1114 0.01901914036811429 56.14
1115 0.01910242319941543 56.15
1116 0.01919291102668184 56.16
1117 0.01928874415589664 56.17
1118 0.01938792217040611 56.18
1119 0.01948848479339836 56.19
1120 0.01958855476630129 56.2
1121 0.01968634349725146 56.21
1122 0.01978016759489364 56.22
1123 0.01986837744838671 56.23
1124 0.01994947728017916 56.24
1125 0.0200220355816454 56.25
1126 0.02008463238161722 56.26
1127 0.02013613244502021 56.27
1128 0.02017535831923699 56.28
1129 0.02020150569152583 56.29
1130 0.02021374254040618 56.3
1131 0.0202116000227484 56.31
1132 0.02019472108057698 56.32
1133 0.02016305101109485 56.33
1134 0.02011671893524221 56.34
1135 0.0200560538978419 56.35
1136 0.01998177562025576 56.36
1137 0.01989495751521438 56.37
1138 0.01979687901264308 56.38
1139 0.01968917538195698 56.39
1140 0.01957370259528687 56.4
1141 0.01945266828564621 56.41
1142 0.01932819619586467 56.42
1143 0.01920254156769479 56.43
1144 0.01907783267779295 56.44
1145 0.01895598371519809 56.45
1146 0.01883858367952925 56.46
1147 0.01872702961697259 56.47
1148 0.01862260707583717 56.48
1149 0.0185263658801128 56.49
1150 0.01843924535813654 56.5
1151 0.01836197816616487 56.51
1152 0.01829514491626548 56.52
1153 0.01823920806397291 56.53
1154 0.01819443181152596 56.54
1155 0.01816106879048355 56.55
1156 0.01813918315180162 56.56
1157 0.01812873487117465 56.57
1158 0.0181296295235382 56.58
1159 0.01814163251196973 56.59
1160 0.01816444046187861 56.6
1161 0.01819761717249799 56.61
1162 0.01824060079209739 56.62
1163 0.01829270347222786 56.63
1164 0.01835301126469264 56.64
1165 0.01842047303931425 56.65
1166 0.01849380706475465 56.66
1167 0.01857152169164709 56.67
1168 0.01865210230194859 56.68
1169 0.01873391689259121 56.69
1170 0.0188154776704709 56.7
1171 0.0188953335539279 56.71
1172 0.01897208552002538 56.72
1173 0.01904440361102219 56.73
1174 0.0191110652196394 56.74
1175 0.01917093333487809 56.75
1176 0.0192229662966312 56.76
1177 0.01926624114059378 56.77
1178 0.01929999660941372 56.78
1179 0.01932353187283314 56.79
1180 0.0193363818670697 56.8
1181 0.01933818264487443 56.81
1182 0.01932877652212048 56.82
1183 0.01930804566861322 56.83
1184 0.0192762809998005 56.84
1185 0.01923398494727917 56.85
1186 0.01918191136723825 56.86
1187 0.01912084748107535 56.87
1188 0.01905190528484292 56.88
1189 0.01897641582294036 56.89
1190 0.01889593033634548 56.9
1191 0.01881196357411576 56.91
1192 0.0187261962299736 56.92
1193 0.018640357985753 56.93
1194 0.01855592450297229 56.94
1195 0.01847422156392585 56.95
1196 0.01839647830594978 56.96
1197 0.01832379731653508 56.97
1198 0.01825709423106083 56.98
1199 0.01819719436407206 56.99
1200 0.01814485320386865 57
1201 0.01810056556190997 57.01
1202 0.01806477862254282 57.02
1203 0.01803785351440708 57.03
1204 0.01801999200996003 57.04
1205 0.0180112713915248 57.05
1206 0.01801169695501717 57.06
1207 0.0180211718975853 57.07
1208 0.01803947105337658 57.08
1209 0.01806629385418833 57.09
1210 0.01810122945370114 57.1
1211 0.01814372197262158 57.11
1212 0.01819309151412709 57.12
1213 0.01824852196070461 57.13
1214 0.01830900624753913 57.14
1215 0.01837342485098161 57.15
1216 0.01844057016294024 57.16
1217 0.01850919884487899 57.17
1218 0.01857806337002513 57.18
1219 0.01864594945552383 57.19
1220 0.01871167435272854 57.2
1221 0.01877417223339707 57.21
1222 0.01883242067158177 57.22
1223 0.01888548063497431 57.23
1224 0.01893251423303646 57.24
1225 0.01897277537012912 57.25
1226 0.01900562876143028 57.26
1227 0.01903056325123892 57.27
1228 0.01904719556663122 57.28
1229 0.01905529021802518 57.29
1230 0.01905472867499725 57.3
1231 0.01904556958337607 57.31
1232 0.01902801047842788 57.32
1233 0.01900244271879997 57.33
1234 0.01896944104302338 57.34
1235 0.01892976066347068 57.35
1236 0.01888430698192913 57.36
1237 0.01883414980008274 57.37
1238 0.01878045114954207 57.38
1239 0.0187244535649156 57.39
1240 0.01866742551485369 57.4
1241 0.0186105780474124 57.41
1242 0.01855505201883729 57.42
1243 0.01850193465853839 57.43
1244 0.01845214629623253 57.44
1245 0.01840655753561037 57.45
1246 0.01836591710466903 57.46
1247 0.01833082044466889 57.47
1248 0.01830183904508016 57.48
1249 0.01827943625281487 57.49
1250 0.01826396153813045 57.5
1251 0.01825556407796287 57.51
1252 0.01825434651976068 57.52
1253 0.01826035667411226 57.53
1254 0.01827351360885355 57.54
1255 0.01829370692398321 57.55
1256 0.01832067810309848 57.56
1257 0.0183540481280469 57.57
1258 0.01839332465530636 57.58
1259 0.01843791038269846 57.59
1260 0.01848707838721056 57.6
1261 0.01853999562427947 57.61
1262 0.01859574588594238 57.62
1263 0.01865335578871308 57.63
1264 0.01871180224354071 57.64
1265 0.01877009332532359 57.65
1266 0.01882727913309273 57.66
1267 0.01888243971938615 57.67
1268 0.01893470232690935 57.68
1269 0.01898327704066591 57.69
1270 0.0190274381413596 57.7
1271 0.01906655140744927 57.71
1272 0.01910007321624642 57.72
1273 0.01912756653387848 57.73
1274 0.01914869150675988 57.74
1275 0.01916322581362827 57.75
1276 0.0191710523481692 57.76
1277 0.01917219135514646 57.77
1278 0.0191668119519247 57.78
1279 0.01915520681079741 57.79
1280 0.01913779967796888 57.8
1281 0.0191151717864424 57.81
1282 0.01908804704687374 57.82
1283 0.01905721786327037 57.83
1284 0.01902355491202984 57.84
1285 0.0189879966375297 57.85
1286 0.01895150078807198 57.86
1287 0.01891499539804029 57.87
1288 0.01887934971365277 57.88
1289 0.01884539357884702 57.89
1290 0.0188139392658525 57.9
1291 0.01878567609708344 57.91
1292 0.01876122526035523 57.92
1293 0.01874109294898512 57.93
1294 0.01872574009245686 57.94
1295 0.01871552655081511 57.95
1296 0.01871072591869087 57.96
1297 0.01871151219126991 57.97
1298 0.01871795390690177 57.98
1299 0.01873005656775093 57.99
1300 0.01874771786792149 58
1301 0.01877070126524357 58.01
1302 0.01879872399490495 58.02
1303 0.01883144035848579 58.03
1304 0.01886838296883643 58.04
1305 0.01890897619051646 58.05
1306 0.01895257974883377 58.06
1307 0.01899847160592648 58.07
1308 0.01904588398849788 58.08
1309 0.01909402252335927 58.09
1310 0.01914210923079764 58.1
1311 0.0191893828790325 58.11
1312 0.01923511332847606 58.12
1313 0.01927860279952402 58.13
1314 0.01931921614140281 58.14
1315 0.01935638228573251 58.15
1316 0.01938960378917963 58.16
1317 0.01941846568795388 58.17
1318 0.01944263245018695 58.18
1319 0.01946184897449199 58.19
1320 0.01947598280381297 58.2
1321 0.01948497868966782 58.21
1322 0.01948891127246289 58.22
1323 0.01948794892196652 58.23
1324 0.0194823686881427 58.24
1325 0.01947254218734861 58.25
1326 0.01945893716836494 58.26
1327 0.01944212399769312 58.27
1328 0.0194227296989448 58.28
1329 0.01940144090642677 58.29
1330 0.01937896372027763 58.3
1331 0.01935601628480651 58.31
1332 0.01933332932408319 58.32
1333 0.01931157538845802 58.33
1334 0.01929138476431863 58.34
1335 0.01927329555907637 58.35
1336 0.01925783200886213 58.36
1337 0.01924549218735008 58.37
1338 0.01923670285098334 58.38
1339 0.01923178079546268 58.39
1340 0.01923096726361179 58.4
1341 0.01923438449162326 58.41
1342 0.01924206419704128 58.42
1343 0.0192540817790614 58.43
1344 0.01927039304726079 58.44
1345 0.01929087143010837 58.45
1346 0.01931528621719064 58.46
1347 0.01934333395280859 58.47
1348 0.01937463791167821 58.48
1349 0.01940874053367473 58.49
1350 0.01944514073988522 58.5
1351 0.01948329345050749 58.51
1352 0.01952260348443334 58.52
1353 0.01956245913310311 58.53
1354 0.01960225259343448 58.54
1355 0.01964138954127596 58.55
1356 0.01967930460174103 58.56
1357 0.0197154649473475 58.57
1358 0.01974938189334638 58.58
1359 0.01978062019187333 58.59
1360 0.01980879869679037 58.6
1361 0.01983360255944597 58.61
1362 0.0198547933168904 58.62
1363 0.01987220746760872 58.63
1364 0.0198857667236847 58.64
1365 0.01989545433885766 58.65
1366 0.01990137360871077 58.66
1367 0.01990368434858474 58.67
1368 0.01990263038488753 58.68
1369 0.01989854178613398 58.69
1370 0.01989181157328821 58.7
1371 0.01988287819003096 58.71
1372 0.01987224362671128 58.72
1373 0.01986043577097336 58.73
1374 0.01984799421494867 58.74
1375 0.01983547384566888 58.75
1376 0.01982339326541359 58.76
1377 0.01981225852689314 58.77
1378 0.019802534621216 58.78
1379 0.01979465683209693 58.79
1380 0.0197890119590212 58.8
1381 0.019785896741994 58.81
1382 0.01978557981269351 58.82
1383 0.01978830826498068 58.83
1384 0.01979424814670801 58.84
1385 0.01980348946167566 58.85
1386 0.01981606293227707 58.86
1387 0.01983193868688462 58.87
1388 0.01985101226984362 58.88
1389 0.01987312444136421 58.89
1390 0.01989805216298675 58.9
1391 0.01992550378911196 58.91
1392 0.01995514278225556 58.92
1393 0.01998659583263421 58.93
1394 0.02001944365349282 58.94
1395 0.02005323700720563 58.95
1396 0.02008751288961343 58.96
1397 0.02012180300649124 58.97
1398 0.02015565157816042 58.98
1399 0.02018862372222407 58.99
1400 0.02022030762042513 59
1401 0.02025032952615011 59.01
1402 0.02027835231038292 59.02
1403 0.02030409176406231 59.03
1404 0.02032731223866028 59.04
1405 0.02034783915922652 59.05
1406 0.02036556377372408 59.06
1407 0.0203804507048386 59.07
1408 0.02039248183318925 59.08
1409 0.02040174896462716 59.09
1410 0.02040838620740146 59.1
1411 0.02041259719700781 59.11
1412 0.02041464741158749 59.12
1413 0.02041482688690595 59.13
1414 0.02041348436994166 59.14
1415 0.02041099069653513 59.15
1416 0.02040774922140879 59.16
1417 0.02040417462074014 59.17
1418 0.02040067705964158 59.18
1419 0.02039766751738536 59.19
1420 0.02039552601679155 59.2
1421 0.02039462303225086 59.21
1422 0.02039527901769296 59.22
1423 0.02039779262474065 59.23
1424 0.02040238586846748 59.24
1425 0.02040923544094593 59.25
1426 0.02041854803783836 59.26
1427 0.02043041064468665 59.27
1428 0.02044488535255835 59.28
1429 0.02046200744249961 59.29
1430 0.02048174058532642 59.3
1431 0.02050399119110102 59.31
1432 0.02052860061471162 59.32
1433 0.02055537959640595 59.33
1434 0.02058407100417818 59.34
1435 0.0206144207874752 59.35
1436 0.02064611563876748 59.36
1437 0.02067881921215444 59.37
1438 0.020712175761684 59.38
1439 0.02074582857719758 59.39
1440 0.02077941794405606 59.4
1441 0.02081258914743254 59.41
1442 0.02084502095935996 59.42
1443 0.02087639735783607 59.43
1444 0.02090644633448244 59.44
1445 0.02093491878279249 59.45
1446 0.02096161636229605 59.46
1447 0.02098637766853401 59.47
1448 0.02100906469631573 59.48
1449 0.02102964360666055 59.49
1450 0.02104809840110064 59.5
1451 0.02106447398142289 59.51
1452 0.02107884270091812 59.52
1453 0.02109134054193244 59.53
1454 0.02110203563987282 59.54
1455 0.021111035255588 59.55
1456 0.0211189596052966 59.56
1457 0.02112603253436919 59.57
1458 0.02113252145411841 59.58
1459 0.02113874301786923 59.59
1460 0.02114499803350603 59.6
1461 0.02115157676704288 59.61
1462 0.02115873229916319 59.62
1463 0.02116678413814544 59.63
1464 0.02117592894491913 59.64
1465 0.02118646238845322 59.65
1466 0.02119855513470924 59.66
1467 0.02121245819027798 59.67
1468 0.02122826804278543 59.68
1469 0.02124603277478389 59.69
1470 0.0212658146941643 59.7
1471 0.02128764893095639 59.71
1472 0.02131148305872752 59.72
1473 0.02133724724398704 59.73
1474 0.02136482286449878 59.74
1475 0.02139400958743345 59.75
1476 0.02142463056176166 59.76
1477 0.02145648068848818 59.77
1478 0.02148931272710594 59.78
1479 0.02152283792344392 59.79
1480 0.02155681287497524 59.8
1481 0.0215909533798997 59.81
1482 0.02162498266171416 59.82
1483 0.02165862316683299 59.83
1484 0.02169162201044146 59.84
1485 0.02172373143614753 59.85
1486 0.02175474181721867 59.86
1487 0.02178446322765691 59.87
1488 0.02181273531847172 59.88
1489 0.02183945842365688 59.89
1490 0.02186452810181901 59.9
1491 0.02188791775275054 59.91
1492 0.02190963629909664 59.92
1493 0.02192972634181661 59.93
1494 0.0219482778878612 59.94
1495 0.02196540788802299 59.95
1496 0.02198126785584737 59.96
1497 0.02199603643079365 59.97
1498 0.02200992653114141 59.98
1499 0.02202316569368254 59.99
1500 0.02203599704130973 60
