"frac-mass-ch4-rfile"
"Time Step" "frac-mass-ch4 etc.."
("Time Step" "frac-mass-ch4" "flow-time")
0 0.0001797664093265096 0
1 0.0001935519197124943 0.1
2 0.0002018007599680421 0.2
3 0.0001671417551014976 0.3
4 0.0001304652818171625 0.4
5 9.581861347760733e-05 0.5
6 6.69923415457627e-05 0.6000000000000001
7 4.721845565193991e-05 0.7000000000000001
8 3.817157313415369e-05 0.8
9 3.470704077714805e-05 0.9
10 3.281302963925255e-05 1
11 3.147660541462791e-05 1.1
12 2.961310082724839e-05 1.2
13 2.713940101777847e-05 1.3
14 2.462044405518614e-05 1.4
15 2.281102617078639e-05 1.5
16 2.21599668879269e-05 1.6
17 2.272576088949554e-05 1.7
18 2.418888145386716e-05 1.8
19 2.668215973978542e-05 1.9
20 2.999965955544788e-05 2
21 3.320661317290949e-05 2.1
22 3.722067415015367e-05 2.2
23 4.444933672437426e-05 2.3
24 4.853413123113869e-05 2.4
25 5.345508414133832e-05 2.5
26 5.864998209634623e-05 2.6
27 6.375256356345551e-05 2.7
28 6.852704650714287e-05 2.8
29 7.267129774109253e-05 2.9
30 7.59368844369524e-05 3
31 7.811789689601199e-05 3.1
32 7.915091657820597e-05 3.2
33 7.902240013932508e-05 3.3
34 7.784078752080759e-05 3.4
35 7.574059408087276e-05 3.5
36 7.297812111243852e-05 3.6
37 6.972017101465044e-05 3.7
38 6.615665638829979e-05 3.8
39 6.24403498572616e-05 3.9
40 5.86606964521582e-05 4
41 5.505419283544284e-05 4.100000000000001
42 5.163317563339692e-05 4.2
43 4.846314571329653e-05 4.3
44 4.555270611395864e-05 4.4
45 4.290498939472045e-05 4.5
46 4.052656414601026e-05 4.600000000000001
47 3.844505843653339e-05 4.7
48 3.654237703884116e-05 4.800000000000001
49 3.48719590008471e-05 4.9
50 3.339310949867922e-05 5
51 3.210533534280778e-05 5.100000000000001
52 3.09321067882979e-05 5.2
53 2.989937905089797e-05 5.300000000000001
54 2.896232893154844e-05 5.4
55 2.811768318061911e-05 5.5
56 2.73481297626447e-05 5.600000000000001
57 2.661768466768047e-05 5.7
58 2.594277541160024e-05 5.800000000000001
59 2.529561189879557e-05 5.9
60 2.466797022796285e-05 6
61 2.405921712426312e-05 6.100000000000001
62 2.346290167480027e-05 6.2
63 2.287360879296937e-05 6.300000000000001
64 2.228770456211137e-05 6.4
65 2.170743260183363e-05 6.5
66 2.111862915253595e-05 6.600000000000001
67 2.053456288742421e-05 6.7
68 1.993459776520101e-05 6.800000000000001
69 1.934666971833726e-05 6.9
70 1.875117521834301e-05 7
71 1.816540291489984e-05 7.100000000000001
72 1.758402507021311e-05 7.2
73 1.698505885906896e-05 7.300000000000001
74 1.641523671304462e-05 7.4
75 1.584266440843975e-05 7.5
76 1.527440408861778e-05 7.600000000000001
77 1.47154681095972e-05 7.7
78 1.416775782526961e-05 7.800000000000001
79 1.364061027391999e-05 7.9
80 1.313447148971505e-05 8
81 1.263361919399787e-05 8.1
82 1.217292263700747e-05 8.200000000000001
83 1.17603982854882e-05 8.300000000000001
84 1.16677750721891e-05 8.4
85 1.128369064574064e-05 8.5
86 1.096663945253366e-05 8.6
87 1.090554157603901e-05 8.700000000000001
88 1.066677858571524e-05 8.800000000000001
89 1.062636519193932e-05 8.9
90 1.046951727925373e-05 9
91 1.043963309100518e-05 9.1
92 1.037413535734713e-05 9.200000000000001
93 1.036537925701029e-05 9.300000000000001
94 1.036773249474059e-05 9.4
95 1.03803715622305e-05 9.5
96 1.046784109767603e-05 9.600000000000001
97 1.05086330701698e-05 9.700000000000001
98 1.069764372200981e-05 9.800000000000001
99 1.07613099462194e-05 9.9
100 1.117016386548606e-05 10
101 1.115276404227029e-05 10.1
102 1.175675793821999e-05 10.2
103 1.175831150192005e-05 10.3
104 1.259651848641999e-05 10.4
105 1.271778246480601e-05 10.5
106 1.383529940020792e-05 10.6
107 1.402448680404962e-05 10.7
108 1.560259177960661e-05 10.8
109 1.603031882019232e-05 10.9
110 1.867097746707637e-05 11
111 1.914633092896686e-05 11.1
112 2.335347444795453e-05 11.2
113 2.414973901244782e-05 11.3
114 3.154063186386726e-05 11.4
115 3.343856237608414e-05 11.5
116 4.730174545455114e-05 11.6
117 5.104401730128449e-05 11.7
118 7.820819373431263e-05 11.8
119 8.62228478757531e-05 11.9
120 0.0001214828001347369 12
121 0.0001388196983300669 12.1
122 0.0001532371946815428 12.2
123 0.0002191829273807508 12.3
124 0.0002515168665628028 12.4
125 0.0002788247006366554 12.5
126 0.0003788661506911072 12.6
127 0.000438951314845448 12.7
128 0.0004968965031075932 12.8
129 0.000694428037580301 12.9
130 0.001112800835247603 13
131 0.001614161227554212 13.1
132 0.002115257157849735 13.2
133 0.002617194409678625 13.3
134 0.003120007689007337 13.4
135 0.00362491402092787 13.5
136 0.004133317010123452 13.6
137 0.004646527035399704 13.7
138 0.005163319091603531 13.8
139 0.005681563163708213 13.9
140 0.006198964570602322 14
141 0.006713823008135553 14.1
142 0.0072243521860546 14.2
143 0.007729198793817481 14.3
144 0.008227391905988837 14.4
145 0.00871879458470904 14.5
146 0.009168208766363454 14.6
147 0.009616946543513529 14.7
148 0.01010552071048161 14.8
149 0.0105930084432137 14.9
150 0.01103847564971114 15
151 0.0115238640433058 15.1
152 0.01196801367809132 15.2
153 0.01245123269275115 15.3
154 0.0128934264619126 15.4
155 0.01337465861895229 15.5
156 0.01381591613989701 15.6
157 0.01425660542485036 15.7
158 0.01469637971888566 15.8
159 0.01517483266411811 15.9
160 0.01561410529802585 16
161 0.01605307475396757 16.1
162 0.01653013865783277 16.2
163 0.01696785867607662 16.3
164 0.01744418699661653 16.4
165 0.0178813419334296 16.5
166 0.01835750580542117 16.6
167 0.01879452985401189 16.7
168 0.01923135549912471 16.8
169 0.01970629463527223 16.9
170 0.02014263314426553 17
171 0.02061690752647261 17.1
172 0.02105264976494609 17.2
173 0.02152688014018609 17.3
174 0.02196203993264599 17.4
175 0.02239739988007315 17.5
176 0.02287107615405091 17.6
177 0.02330494022169367 17.7
178 0.02377839223878959 17.8
179 0.02421274222080167 17.9
180 0.02464714434529014 18
181 0.02511922581504956 18.1
182 0.02555276402907947 18.2
183 0.02602510741454355 18.3
184 0.02645863757308505 18.4
185 0.02689215125867173 18.5
186 0.02736347357990469 18.6
187 0.02779630272167033 18.7
188 0.02826710797586109 18.8
189 0.02869987909272734 18.9
190 0.02916995928453592 19
191 0.02960065746186491 19.1
192 0.03007080054913938 19.2
193 0.03050160014843531 19.3
194 0.03093290032089535 19.4
195 0.0314023091145726 19.5
196 0.03183323136883554 19.6
197 0.03226420555493224 19.7
198 0.03273227939468565 19.8
199 0.03316256029748486 19.9
200 0.03359293872283534 20
201 0.03406066983903803 20.1
202 0.03449036830526863 20.2
203 0.03495779704836736 20.3
204 0.03538714623821474 20.4
205 0.0358158881257917 20.5
206 0.03628320336282203 20.6
207 0.03671062819786852 20.7
208 0.03717689495349043 20.8
209 0.03760375874019471 20.9
210 0.03803174038142145 21
211 0.038497225814824 21.1
212 0.03892453859110457 21.2
213 0.03938914371035596 21.3
214 0.03981575551459781 21.4
215 0.04024194927776541 21.5
216 0.04070681503926165 21.6
217 0.04113260145376343 21.7
218 0.04155816633617517 21.8
219 0.04202140299801617 21.9
220 0.04244635322501057 22
221 0.04287120107183322 22.1
222 0.04333371991329839 22.2
223 0.04375790480096151 22.3
224 0.04418208384341724 22.4
225 0.04464323919113539 22.5
226 0.04506583280706782 22.6
227 0.04548904617973738 22.7
228 0.04594958009687769 22.8
229 0.04637248366267725 22.9
230 0.04679516901660559 23
231 0.04725490124157865 23.1
232 0.04767690092661696 23.2
233 0.0480988428003449 23.3
234 0.04855811280196169 23.4
235 0.04897926301865028 23.5
236 0.04940041849118437 23.6
237 0.04985827093808286 23.7
238 0.05027807016305778 23.8
239 0.05069820418100961 23.9
240 0.05115553649796389 24
241 0.05157532057800264 24.1
242 0.05199482505630892 24.2
243 0.05245086366238439 24.3
244 0.05286998291636138 24.4
245 0.05328833271529367 24.5
246 0.05374413659458594 24.6
247 0.0541622396901318 24.7
248 0.0545801922620081 24.8
249 0.055035091224176 24.9
250 0.05545261442936461 25
251 0.05586968824364072 25.1
252 0.0563236631768793 25.2
253 0.05673996191736667 25.3
254 0.05715605907393042 25.4
255 0.0576094479626575 25.5
256 0.05802510651132867 25.6
257 0.0584406764668744 25.7
258 0.05885600369271034 25.8
259 0.05930824561076163 25.9
260 0.05972344493760844 26
261 0.06013823084668716 26.1
262 0.06055275475730706 26.2
263 0.06100375160243449 26.3
264 0.06141775958542446 26.4
265 0.06183113844462115 26.5
266 0.06224474502566066 26.6
267 0.06269512796340825 26.7
268 0.06310781380944019 26.8
269 0.0635206297367997 26.9
270 0.063969949608304 27
271 0.06438245805310017 27.1
272 0.0647942500989297 27.2
273 0.0652059402822923 27.3
274 0.06565384154740515 27.4
275 0.06606505484474771 27.5
276 0.06647596280790059 27.6
277 0.06688674070502926 27.7
278 0.06733395928435361 27.8
279 0.06774382461928356 27.9
280 0.06815375475197541 28
281 0.06856360624962247 28.1
282 0.06897322425292948 28.2
283 0.06938254293933023 28.3
284 0.06982803998946208 28.4
285 0.0702368314299802 28.5
286 0.07064513876048335 28.6
287 0.07105337296138085 28.7
288 0.07149765077254203 28.8
289 0.07190517840376726 28.9
290 0.0723123499214174 29
291 0.07271935546150321 29.1
292 0.07316277296154541 29.2
293 0.0735693217301307 29.3
294 0.07397588714976329 29.4
295 0.07438211689583894 29.5
296 0.0747881805765498 29.6
297 0.07523015734072848 29.7
298 0.07563524263306159 29.8
299 0.07604072061527221 29.9
300 0.07644572639781082 30
301 0.07685032356381491 30.1
302 0.07725462898748239 30.2
303 0.07765921587918617 30.3
304 0.07809956528924517 30.4
305 0.07850329582243487 30.5
306 0.07890669699654422 30.6
307 0.07931005799578318 30.7
308 0.07971330935113352 30.8
309 0.08011630758581016 30.9
310 0.0805549998165709 31
311 0.0809575571017582 31.1
312 0.08135964760828172 31.2
313 0.08176172935872708 31.3
314 0.08216352593100726 31.4
315 0.08256529236683058 31.5
316 0.08296654473134309 31.6
317 0.08336743641561105 31.7
318 0.08380378364219356 31.8
319 0.08420404356166612 31.9
320 0.08460443354109171 32
321 0.08500406230967437 32.1
322 0.08540353704312842 32.2
323 0.0858032395779148 32.3
324 0.08620271502172416 32.4
325 0.0866021654921106 32.5
326 0.0870013425617515 32.6
327 0.08740014565186395 32.7
328 0.08779896199269648 32.8
329 0.08823300781709875 32.9
330 0.08863063144171249 33
331 0.08902822481028042 33.1
332 0.08942542923458575 33.2
333 0.08982271050371665 33.3
334 0.09021963968122604 33.4
335 0.09061631012233136 33.5
336 0.09104837728399086 33.6
337 0.09144474721117458 33.7
338 0.09184094781222518 33.8
339 0.09223668849145367 33.9
340 0.09263209474317871 34
341 0.09302746029649384 34.1
342 0.0934225658851644 34.2
343 0.09381741575224135 34.3
344 0.09421202212680968 34.4
345 0.09460671900073084 34.5
346 0.09500121805428388 34.6
347 0.0953952055965325 34.7
348 0.09578906211937606 34.8
349 0.09618280390249428 34.9
350 0.09657668642884601 35
351 0.09700588146261208 35.1
352 0.09739904097409442 35.2
353 0.09779215759818081 35.3
354 0.09818485358221206 35.4
355 0.09857747466902926 35.5
356 0.09897035082669936 35.6
357 0.09936280710922385 35.7
358 0.09975477454062133 35.8
359 0.1001463767536923 35.9
360 0.1005379801025574 36
361 0.1009295954170783 36.1
362 0.1013207564852946 36.2
363 0.1017117828757052 36.3
364 0.1021027070207959 36.4
365 0.1024931476494794 36.5
366 0.1028832285520423 36.6
367 0.1032734762476764 36.7
368 0.1036632496697381 36.8
369 0.104053205206455 36.9
370 0.1044430812847877 37
371 0.1048321476547513 37.1
372 0.1052212272411894 37.2
373 0.1056098207994433 37.3
374 0.1059986783089593 37.4
375 0.1063874247321451 37.5
376 0.106776029441977 37.6
377 0.1071640154773429 37.7
378 0.1075521532625158 37.8
379 0.1079400675532394 37.9
380 0.1083276995179602 38
381 0.1087146853832898 38.1
382 0.1091014935115269 38.2
383 0.1094884937813706 38.3
384 0.1098751684465246 38.40000000000001
385 0.1102615480858495 38.5
386 0.1106478467275262 38.6
387 0.1110337232429547 38.7
388 0.1114192629891871 38.8
389 0.1118045981548134 38.90000000000001
390 0.1121895736744946 39
391 0.1125749579760219 39.1
392 0.1129603166598193 39.2
393 0.1133451928035216 39.3
394 0.113729993374454 39.40000000000001
395 0.1141142871064027 39.5
396 0.1144982536609183 39.6
397 0.1148822431158442 39.7
398 0.115266195877819 39.8
399 0.1156495996670518 39.90000000000001
400 0.1160329018469672 40
401 0.116415738636482 40.1
402 0.1167984993615001 40.2
403 0.11718140156055 40.3
404 0.117563656625403 40.40000000000001
405 0.1179457996740479 40.5
406 0.118327751396672 40.6
407 0.1187092931813024 40.7
408 0.1190911922917186 40.8
409 0.1194730341259444 40.90000000000001
410 0.1198543439883189 41
411 0.1202355300649305 41.1
412 0.1206161336033 41.2
413 0.1209968248091419 41.3
414 0.1213772440310075 41.40000000000001
415 0.1217575963672499 41.5
416 0.1221376739651761 41.6
417 0.12251768486911 41.7
418 0.1228971255299742 41.8
419 0.1232767341283222 41.90000000000001
420 0.1236555595012616 42
421 0.12403436462018 42.1
422 0.1244129414624523 42.2
423 0.1247917478551979 42.3
424 0.1251697671280403 42.40000000000001
425 0.1255481852729817 42.5
426 0.125928332551983 42.6
427 0.1263375231695237 42.7
428 0.1267128648690255 42.8
429 0.1270899828081176 42.90000000000001
430 0.1274671268699953 43
431 0.127844339106357 43.1
432 0.1282212745974193 43.2
433 0.1285979124122522 43.3
434 0.1289742310362966 43.40000000000001
435 0.1293503546621691 43.5
436 0.1297258123928959 43.6
437 0.1301015516870562 43.7
438 0.1304770351966552 43.8
439 0.1308521491123491 43.90000000000001
440 0.1312274355606469 44
441 0.1316018448797091 44.1
442 0.1319763861779155 44.2
443 0.1323505304398054 44.3
444 0.1327244874416927 44.40000000000001
445 0.1330986503046247 44.5
446 0.1334725702226415 44.6
447 0.1338456999211605 44.7
448 0.1342186731171033 44.8
449 0.1345918560033348 44.90000000000001
450 0.1349649170017452 45
451 0.1353372384980058 45.1
452 0.135709669703325 45.2
453 0.1360816680855384 45.3
454 0.1364536011435465 45.40000000000001
455 0.136825630610253 45.5
456 0.1371974727127256 45.6
457 0.1375684758230858 45.7
458 0.1379396552804743 45.8
459 0.1383104847257114 45.90000000000001
460 0.138680915441091 46
461 0.1390515065297782 46.1
462 0.1394214577831664 46.2
463 0.1397912584649401 46.3
464 0.1401610770642687 46.40000000000001
465 0.1405307714300914 46.5
466 0.1409002404403393 46.6
467 0.1412695926500891 46.7
468 0.1416382787740479 46.8
469 0.1420069261504905 46.90000000000001
470 0.1423752892804318 47
471 0.1427438391112545 47.1
472 0.1431117501472317 47.2
473 0.1434794283731916 47.3
474 0.1438468508234532 47.40000000000001
475 0.1442140955017549 47.5
476 0.1445808302781777 47.6
477 0.144947541250656 47.7
478 0.14531428731295 47.8
479 0.145680884499534 47.90000000000001
480 0.1460473552075823 48
481 0.1464134900361962 48.1
482 0.1467793992249093 48.2
483 0.1471447838706827 48.3
484 0.147510284360985 48.40000000000001
485 0.1478749719523109 48.5
486 0.1482397248587873 48.6
487 0.148603998773554 48.7
488 0.1489685136905497 48.8
489 0.1493329600316864 48.90000000000001
490 0.149696816821285 49
491 0.1500605557546959 49.1
492 0.1504242660975904 49.2
493 0.1507870711432165 49.3
494 0.1511500220417581 49.40000000000001
495 0.1515128833141406 49.5
496 0.1518756619356601 49.6
497 0.1522375928939533 49.7
498 0.1525996057755478 49.8
499 0.1529612561134465 49.90000000000001
500 0.1533231006510571 50
501 0.1533620382377788 50.01
502 0.1533853866181525 50.02
503 0.1534279861687193 50.03
504 0.1534609662615555 50.04
505 0.1534851938619171 50.05
506 0.1535082548893717 50.06
507 0.153529423010011 50.07
508 0.1535511269865412 50.08
509 0.1535741030271806 50.09
510 0.1535994595885612 50.1
511 0.1536280231055344 50.11
512 0.1536602438226038 50.12
513 0.153695413963992 50.13
514 0.1537342473615533 50.14
515 0.1537755075983055 50.15
516 0.1538186556594351 50.16
517 0.1538630643113552 50.17
518 0.1539089118522763 50.18
519 0.1539560133428318 50.19
520 0.1540037626543432 50.2
521 0.1540508594800721 50.21
522 0.15409582006485 50.22
523 0.1541442102865562 50.23
524 0.1541909409289469 50.24
525 0.1542359415102715 50.25
526 0.1542783624310205 50.26
527 0.1543167414378775 50.27
528 0.1543484500643714 50.28
529 0.1543734967998465 50.29
530 0.1543897999995914 50.3
531 0.1543941825325793 50.31
532 0.1543819999290326 50.32
533 0.154350993712794 50.33
534 0.1542995165921548 50.34
535 0.154221943412547 50.35
536 0.1541065359517606 50.36
537 0.1539538534439084 50.37
538 0.1537570664505146 50.38
539 0.1535104791776408 50.39
540 0.1532118098212851 50.4
541 0.1528479311435615 50.41
542 0.1524103612925561 50.42
543 0.1518800944222556 50.43
544 0.1512434568614608 50.44
545 0.1505063798539747 50.45
546 0.1496235449224952 50.46
547 0.1486022850384826 50.47
548 0.1473992460872936 50.48
549 0.1459769091204002 50.49
550 0.1442820018689795 50.5
551 0.1423192598364834 50.51
552 0.1400385085011055 50.52
553 0.1374002077759149 50.53
554 0.134359216003676 50.54
555 0.1308994241622804 50.55
556 0.1270051348493386 50.56
557 0.1227218482230088 50.57
558 0.11809001648222 50.58
559 0.1131979046212746 50.59
560 0.1081394344995359 50.6
561 0.103008893398289 50.61
562 0.09798584320263874 50.62
563 0.09318086635529883 50.63
564 0.08870047911113162 50.64
565 0.08460818982504006 50.65
566 0.08092706233631448 50.66
567 0.07763614470505557 50.67
568 0.07462673665752316 50.68
569 0.07184925726239881 50.69
570 0.06924907327411822 50.7
571 0.06679904698394597 50.71
572 0.06448815892505606 50.72
573 0.06232322844447729 50.73
574 0.06032369788358701 50.74
575 0.05852337024978005 50.75
576 0.05695221328672231 50.76
577 0.05563316348858437 50.77
578 0.05458164665974792 50.78
579 0.0538229003771878 50.79
580 0.05334059841535358 50.8
581 0.05315565981228241 50.81
582 0.05322894839943049 50.82
583 0.05356893105073594 50.83
584 0.05416345932171543 50.84
585 0.05500320396022749 50.85
586 0.05603106119769399 50.86
587 0.05719717379565414 50.87
588 0.05845129879845819 50.88
589 0.05972825446623102 50.89
590 0.06096907260596687 50.9
591 0.06213992142808 50.91
592 0.06322244576086491 50.92
593 0.06420236317905635 50.93
594 0.06508437440010754 50.94
595 0.06587607827717912 50.95
596 0.06659001542410677 50.96
597 0.06723026799994222 50.97
598 0.06776291144948662 50.98
599 0.06818995052445551 50.99
600 0.06851988323200327 51
601 0.06872918517428675 51.01
602 0.06883777605937666 51.02
603 0.06882115626244248 51.03
604 0.0686680500783165 51.04
605 0.06837521843901304 51.05
606 0.06792877675804609 51.06
607 0.06731341992308307 51.07
608 0.06652582801290671 51.08
609 0.06553297230924741 51.09
610 0.06432906389426599 51.1
611 0.0629124937084538 51.11
612 0.06128524219143513 51.12
613 0.05945493103630373 51.13
614 0.05744504747398647 51.14
615 0.05531172136445795 51.15
616 0.05309959981249555 51.16
617 0.05091216706396012 51.17
618 0.04880555433517497 51.18
619 0.04682686457276004 51.19
620 0.04496568287250075 51.2
621 0.04319071583973412 51.21
622 0.04147925017981573 51.22
623 0.03981794424522037 51.23
624 0.03820731790943453 51.24
625 0.03665524363843792 51.25
626 0.03517971074824307 51.26
627 0.03379609553163102 51.27
628 0.03251874379354228 51.28
629 0.03135696180075339 51.29
630 0.03031709565959543 51.3
631 0.0294040623938017 51.31
632 0.02861649576290222 51.32
633 0.02795467756921877 51.33
634 0.02741820381589872 51.34
635 0.0270057102975148 51.35
636 0.02671580367218555 51.36
637 0.02654218562790001 51.37
638 0.02648483843181887 51.38
639 0.02653839050987568 51.39
640 0.02669872589860431 51.4
641 0.02695892974254837 51.41
642 0.0273071470086615 51.42
643 0.02772993840999259 51.43
644 0.02820898349393121 51.44
645 0.02872726320180755 51.45
646 0.02926437051357104 51.46
647 0.02980166183865305 51.47
648 0.03032371542468276 51.48
649 0.03080492618234014 51.49
650 0.03121145330127079 51.5
651 0.03151487515962009 51.51
652 0.03168613220614867 51.52
653 0.03171584116097276 51.53
654 0.03159674795581506 51.54
655 0.03134139032127081 51.55
656 0.03095170271555932 51.56
657 0.03043790633612242 51.57
658 0.02982494273778833 51.58
659 0.02913350911096985 51.59
660 0.02837227488390061 51.6
661 0.02754787799742625 51.61
662 0.02666686923361904 51.62
663 0.02574155125213476 51.63
664 0.02478079828412699 51.64
665 0.02379559188839038 51.65
666 0.02279520616398239 51.66
667 0.02178927336670369 51.67
668 0.02079171159668806 51.68
669 0.01981802290052791 51.69
670 0.01888079892465488 51.7
671 0.01799121197706714 51.71
672 0.01715974827400337 51.72
673 0.01639158110298509 51.73
674 0.01569124309481887 51.74
675 0.0150594344158139 51.75
676 0.01449442790604465 51.76
677 0.01399384970552102 51.77
678 0.01355734083332145 51.78
679 0.01318384512008869 51.79
680 0.01287296050675948 51.8
681 0.01262316500015993 51.81
682 0.01242846424895655 51.82
683 0.01228661704557855 51.83
684 0.01219739145200885 51.84
685 0.0121558952619558 51.85
686 0.01214942815230309 51.86
687 0.01217274881194295 51.87
688 0.01222130130054727 51.88
689 0.01228972165311912 51.89
690 0.01237155414023398 51.9
691 0.01245929297371293 51.91
692 0.01254511169912611 51.92
693 0.01262097385229948 51.93
694 0.01268103098656503 51.94
695 0.01272182714715855 51.95
696 0.01274090945776278 51.96
697 0.01273768063907264 51.97
698 0.01271121439381573 51.98
699 0.01266040644059632 51.99
700 0.01258524437828 52
701 0.01248464867807995 52.01
702 0.0123549288246416 52.02
703 0.01219412608649471 52.03
704 0.01199955827894673 52.04
705 0.01177026556499442 52.05
706 0.01150553629040282 52.06
707 0.01120606684252274 52.07
708 0.01087386853937254 52.08
709 0.01051284530432046 52.09
710 0.01012758389288201 52.1
711 0.009726293833755078 52.11
712 0.009318570714452698 52.12
713 0.008911013357398632 52.13
714 0.008509899485762492 52.14
715 0.008124510083306042 52.15
716 0.00776439066680152 52.16
717 0.007423468288297432 52.17
718 0.007100607221640867 52.18
719 0.006796006453957013 52.19
720 0.006508644606331516 52.2
721 0.006238167157520643 52.21
722 0.005983909831352168 52.22
723 0.005744882924088171 52.23
724 0.005520833799299796 52.24
725 0.005310738583771607 52.25
726 0.005114090743817366 52.26
727 0.004930351686346202 52.27
728 0.004759323558715453 52.28
729 0.004600846182763118 52.29
730 0.004454389168899041 52.3
731 0.004319577574736643 52.31
732 0.004196165197601822 52.32
733 0.004083618901734317 52.33
734 0.003981507910685561 52.34
735 0.003889367395909693 52.35
736 0.003806503218167969 52.36
737 0.003732149401503479 52.37
738 0.003665212616178317 52.38
739 0.003604958037933752 52.39
740 0.00354990163626059 52.4
741 0.003498205775986616 52.41
742 0.00344793096075362 52.42
743 0.003397168475439073 52.43
744 0.003344368282781356 52.44
745 0.003288077855199854 52.45
746 0.003227317517565024 52.46
747 0.003161258419562171 52.47
748 0.003089509036729195 52.48
749 0.00301175665625658 52.49
750 0.002927963692299989 52.5
751 0.002838306207472662 52.51
752 0.002743080939369638 52.52
753 0.002642741375646056 52.53
754 0.002537842788285883 52.54
755 0.002428917067686995 52.55
756 0.002316265980402502 52.56
757 0.002200376728344204 52.57
758 0.002081379141541543 52.58
759 0.001959627853788587 52.59
760 0.001835856715663657 52.6
761 0.001710253035548066 52.61
762 0.001583400872802632 52.62
763 0.001455755884527883 52.63
764 0.001328033929334967 52.64
765 0.001200964260068989 52.65
766 0.001075604181878743 52.66
767 0.0009530073610342677 52.67
768 0.0008337852505562914 52.68
769 0.0007185687443742688 52.69
770 0.0006079255186147749 52.7
771 0.0005034566068455801 52.71
772 0.0004065244418792679 52.72
773 0.0003178993850257803 52.73
774 0.000238202554248533 52.74
775 0.0001692781619198779 52.75
776 0.0001138414759814545 52.76
777 7.435462802960239e-05 52.77
778 4.902120743431714e-05 52.78
779 3.491237822914492e-05 52.79
780 2.890985557096738e-05 52.8
781 2.774937451669182e-05 52.81
782 2.741309634358992e-05 52.82
783 2.739177329456795e-05 52.83
784 2.762450308781252e-05 52.84
785 2.811585927354154e-05 52.85
786 2.885854550706357e-05 52.86
787 2.988130732454026e-05 52.87
788 3.117007641486434e-05 52.88
789 3.27591318051986e-05 52.89
790 3.468623008442493e-05 52.9
791 3.6941245956254e-05 52.91
792 3.949101632993142e-05 52.92
793 4.226251550740554e-05 52.93
794 4.516713840965187e-05 52.94
795 4.816978903250537e-05 52.95
796 5.118747146964215e-05 52.96
797 5.416350083364784e-05 52.97
798 5.708968234697358e-05 52.98
799 5.993449746153347e-05 52.99
800 6.272207898294653e-05 53
801 6.532298714149304e-05 53.01
802 6.776250019786268e-05 53.02
803 6.990562545131635e-05 53.03
804 7.169600826522435e-05 53.04
805 7.315412227050751e-05 53.05
806 7.42135863623556e-05 53.06
807 7.478941116473771e-05 53.07
808 7.483823795851485e-05 53.08
809 7.43452284361241e-05 53.09
810 7.341766240720354e-05 53.1
811 7.203459161148899e-05 53.11
812 7.020374950494265e-05 53.12
813 6.793747208891178e-05 53.13
814 6.529948269888246e-05 53.14
815 6.233158827403889e-05 53.15
816 5.910772965246583e-05 53.16
817 5.565575124060918e-05 53.17
818 5.219757108566497e-05 53.18
819 4.886013207265005e-05 53.19
820 4.565200296582126e-05 53.2
821 4.265042817050091e-05 53.21
822 3.984429531436568e-05 53.22
823 3.726318035368346e-05 53.23
824 3.494455243484035e-05 53.24
825 3.286171930298208e-05 53.25
826 3.101121378884894e-05 53.26
827 2.940052399536506e-05 53.27
828 2.799673717050261e-05 53.28
829 2.678639544670512e-05 53.29
830 2.576111658710886e-05 53.3
831 2.492114759081693e-05 53.31
832 2.425674162406304e-05 53.32
833 2.375102903094455e-05 53.33
834 2.339966924679375e-05 53.34
835 2.321553953791773e-05 53.35
836 2.32086026482057e-05 53.36
837 2.33521482409498e-05 53.37
838 2.365961945625298e-05 53.38
839 2.413504348664746e-05 53.39
840 2.477989396762566e-05 53.4
841 2.560537565821824e-05 53.41
842 2.660806856384205e-05 53.42
843 2.783647949539024e-05 53.43
844 2.930553661561259e-05 53.44
845 3.103307829042067e-05 53.45
846 3.302090897509821e-05 53.46
847 3.522335906772457e-05 53.47
848 3.759844931080918e-05 53.48
849 4.002698840738807e-05 53.49
850 4.246753288295802e-05 53.5
851 4.493267414848686e-05 53.51
852 4.730653238401627e-05 53.52
853 4.956138223618822e-05 53.53
854 5.168379312237602e-05 53.54
855 5.366116352521309e-05 53.55
856 5.538692515543473e-05 53.56
857 5.685046276346391e-05 53.57
858 5.803810176107182e-05 53.58
859 5.897352864383431e-05 53.59
860 5.95818885904438e-05 53.6
861 5.982220187645647e-05 53.61
862 5.971912139927794e-05 53.62
863 5.927480431622629e-05 53.63
864 5.848897697446361e-05 53.64
865 5.738130910830414e-05 53.65
866 5.597148580671583e-05 53.66
867 5.429133169706554e-05 53.67
868 5.237712488885679e-05 53.68
869 5.027326701699715e-05 53.69
870 4.805322184419846e-05 53.7
871 4.570473087395883e-05 53.71
872 4.326853521709148e-05 53.72
873 4.081461536243655e-05 53.73
874 3.840874925173275e-05 53.74
875 3.613057451672356e-05 53.75
876 3.396965563134625e-05 53.76
877 3.200500511184982e-05 53.77
878 3.018723163056592e-05 53.78
879 2.851923798504147e-05 53.79
880 2.704781395467132e-05 53.8
881 2.57326659502289e-05 53.81
882 2.457109670854307e-05 53.82
883 2.354483461126722e-05 53.83
884 2.266731950526738e-05 53.84
885 2.192764760083299e-05 53.85
886 2.13264522382913e-05 53.86
887 2.085729963424988e-05 53.87
888 2.053254898547418e-05 53.88
889 2.032883851764406e-05 53.89
890 2.023905654244293e-05 53.9
891 2.02586577660377e-05 53.91
892 2.038830292257016e-05 53.92
893 2.064204714572853e-05 53.93
894 2.101219429917362e-05 53.94
895 2.150750299708292e-05 53.95
896 2.21312561494861e-05 53.96
897 2.288015543311936e-05 53.97
898 2.375172884184146e-05 53.98
899 2.478742410824758e-05 53.99
900 2.598522068011856e-05 54
901 2.734272122454924e-05 54.01
902 2.882220571399467e-05 54.02
903 3.041588913453915e-05 54.03
904 3.205542249739356e-05 54.04
905 3.380688088204821e-05 54.05
906 3.558881361128508e-05 54.06
907 3.732092767650864e-05 54.07
908 3.901887109212224e-05 54.08
909 4.059255540228248e-05 54.09
910 4.201429571917443e-05 54.1
911 4.325029275296204e-05 54.11
912 4.429416287210801e-05 54.12
913 4.511359169681042e-05 54.13
914 4.571873122061315e-05 54.14
915 4.609765984348275e-05 54.15
916 4.624740489436426e-05 54.16
917 4.621927919909029e-05 54.17
918 4.598374207702933e-05 54.18
919 4.553761982897024e-05 54.19
920 4.487756668640975e-05 54.2
921 4.400240791781408e-05 54.21
922 4.294727274121758e-05 54.22
923 4.172351840377183e-05 54.23
924 4.033116657177515e-05 54.24
925 3.879997608597496e-05 54.25
926 3.71729580765352e-05 54.26
927 3.545550235239696e-05 54.27
928 3.370522001708648e-05 54.28
929 3.196990340450439e-05 54.29
930 3.029213781745702e-05 54.3
931 2.867294006498836e-05 54.31
932 2.715212805301088e-05 54.32
933 2.574402266709776e-05 54.33
934 2.446460957455826e-05 54.34
935 2.33407819957075e-05 54.35
936 2.233421455218702e-05 54.36
937 2.144893570225081e-05 54.37
938 2.067345277091294e-05 54.38
939 1.998516459126041e-05 54.39
940 1.940742884730696e-05 54.4
941 1.894257332154622e-05 54.41
942 1.859278390754671e-05 54.42
943 1.833602885973926e-05 54.43
944 1.814155549221235e-05 54.44
945 1.804030799400117e-05 54.45
946 1.802554343005763e-05 54.46
947 1.808699484771691e-05 54.47
948 1.822371764030357e-05 54.48
949 1.844657486176789e-05 54.49
950 1.876235588471647e-05 54.5
951 1.916493208090709e-05 54.51
952 1.965699580499624e-05 54.52
953 2.023434502645283e-05 54.53
954 2.091125189402589e-05 54.54
955 2.169768310064706e-05 54.55
956 2.258166566497459e-05 54.56
957 2.354431363385752e-05 54.57
958 2.458096733433343e-05 54.58
959 2.568213863376621e-05 54.59
960 2.68243630688994e-05 54.6
961 2.798201256448439e-05 54.61
962 2.912843985018661e-05 54.62
963 3.023571624260091e-05 54.63
964 3.12964694147538e-05 54.64
965 3.226568613166778e-05 54.65
966 3.317181457529718e-05 54.66
967 3.397598815214617e-05 54.67
968 3.464701650275593e-05 54.68
969 3.516318040523645e-05 54.69
970 3.554425127939618e-05 54.7
971 3.577999258459841e-05 54.71
972 3.586469079170152e-05 54.72
973 3.579805657622979e-05 54.73
974 3.558250628604556e-05 54.74
975 3.521234486489534e-05 54.75
976 3.4690928078318e-05 54.76
977 3.401894179061774e-05 54.77
978 3.321714862400798e-05 54.78
979 3.231863362850689e-05 54.79
980 3.135239417018954e-05 54.8
981 3.031769160405641e-05 54.81
982 2.921687924421192e-05 54.82
983 2.810477900947378e-05 54.83
984 2.697058765569089e-05 54.84
985 2.583286306914719e-05 54.85
986 2.471478211609542e-05 54.86
987 2.362979603762348e-05 54.87
988 2.260508438129403e-05 54.88
989 2.166929760683213e-05 54.89
990 2.08218851619503e-05 54.9
991 2.004794157543926e-05 54.91
992 1.93487380573025e-05 54.92
993 1.872223631946877e-05 54.93
994 1.819390416901049e-05 54.94
995 1.775780466286856e-05 54.95
996 1.741111902786774e-05 54.96
997 1.713864337012293e-05 54.97
998 1.693409815841427e-05 54.98
999 1.67973795757914e-05 54.99
1000 1.672142311054314e-05 55
1001 1.670569028714422e-05 55.01
1002 1.675281611291618e-05 55.02
1003 1.686337083700639e-05 55.03
1004 1.703629817940547e-05 55.04
1005 1.727375662892437e-05 55.05
1006 1.756890550417574e-05 55.06
1007 1.792821499277806e-05 55.07
1008 1.834700920762358e-05 55.08
1009 1.882792328607138e-05 55.09
1010 1.938329478936855e-05 55.1
1011 1.999248327541499e-05 55.11
1012 2.066887164590107e-05 55.12
1013 2.140219183011946e-05 55.13
1014 2.218162914132418e-05 55.14
1015 2.297190035575492e-05 55.15
1016 2.375375422303796e-05 55.16
1017 2.453210581301411e-05 55.17
1018 2.528968023581e-05 55.18
1019 2.599440482035401e-05 55.19
1020 2.665435983598947e-05 55.2
1021 2.723992347552775e-05 55.21
1022 2.774861208127866e-05 55.22
1023 2.818542276273207e-05 55.23
1024 2.853047629877962e-05 55.24
1025 2.876984400781897e-05 55.25
1026 2.890191909034668e-05 55.26
1027 2.892267674082379e-05 55.27
1028 2.883506444025741e-05 55.28
1029 2.863983971435695e-05 55.29
1030 2.834035238058348e-05 55.3
1031 2.793924477393183e-05 55.31
1032 2.744077021976846e-05 55.32
1033 2.685085049466326e-05 55.33
1034 2.619519367064731e-05 55.34
1035 2.547788019529707e-05 55.35
1036 2.472114090946706e-05 55.36
1037 2.393331422124575e-05 55.37
1038 2.3127031569919e-05 55.38
1039 2.233090257721389e-05 55.39
1040 2.156630241996168e-05 55.4
1041 2.084203865201889e-05 55.41
1042 2.014373503715739e-05 55.42
1043 1.94810622078993e-05 55.43
1044 1.885935283865128e-05 55.44
1045 1.82878325778897e-05 55.45
1046 1.776816457392862e-05 55.46
1047 1.730610430398814e-05 55.47
1048 1.69026924119042e-05 55.48
1049 1.656203456309057e-05 55.49
1050 1.627382522006674e-05 55.5
1051 1.604157194486727e-05 55.51
1052 1.586373041035805e-05 55.52
1053 1.574035257182736e-05 55.53
1054 1.567896006670104e-05 55.54
1055 1.567498747646166e-05 55.55
1056 1.572302346213034e-05 55.56
1057 1.582325767113723e-05 55.57
1058 1.597330939451959e-05 55.58
1059 1.617556055956172e-05 55.59
1060 1.642702365661857e-05 55.6
1061 1.672617177399495e-05 55.61
1062 1.706688300975386e-05 55.62
1063 1.745410080814916e-05 55.63
1064 1.788855251917225e-05 55.64
1065 1.836693332193519e-05 55.65
1066 1.887253897388838e-05 55.66
1067 1.939616251979219e-05 55.67
1068 1.993155027381689e-05 55.68
1069 2.046573134943712e-05 55.69
1070 2.099231257130617e-05 55.7
1071 2.149545716190833e-05 55.71
1072 2.197036442247417e-05 55.72
1073 2.240963595446045e-05 55.73
1074 2.279300601796209e-05 55.74
1075 2.311440520987677e-05 55.75
1076 2.337429714480592e-05 55.76
1077 2.357693909034602e-05 55.77
1078 2.372519423302971e-05 55.78
1079 2.380195546444059e-05 55.79
1080 2.380546751097034e-05 55.8
1081 2.373576836241482e-05 55.81
1082 2.35946443967456e-05 55.82
1083 2.338533742209021e-05 55.83
1084 2.311533064018216e-05 55.84
1085 2.278801491274739e-05 55.85
1086 2.239871022600721e-05 55.86
1087 2.195718757947268e-05 55.87
1088 2.146216321467622e-05 55.88
1089 2.093936278015968e-05 55.89
1090 2.041478737526767e-05 55.9
1091 1.986867149666246e-05 55.91
1092 1.93183859244277e-05 55.92
1093 1.877754597752736e-05 55.93
1094 1.824528242920461e-05 55.94
1095 1.774561027156988e-05 55.95
1096 1.729072311303211e-05 55.96
1097 1.687014816206107e-05 55.97
1098 1.649093407338541e-05 55.98
1099 1.614673970199549e-05 55.99
1100 1.584673754878434e-05 56
1101 1.559086080597669e-05 56.01
1102 1.537987112701873e-05 56.02
1103 1.521404368275985e-05 56.03
1104 1.508952522714207e-05 56.04
1105 1.50075863713303e-05 56.05
1106 1.495361768487084e-05 56.06
1107 1.493675929622905e-05 56.07
1108 1.495870658375438e-05 56.08
1109 1.501773407855041e-05 56.09
1110 1.511325572358918e-05 56.1
1111 1.524366896294837e-05 56.11
1112 1.540808144270238e-05 56.12
1113 1.56059351294989e-05 56.13
1114 1.583698303704114e-05 56.14
1115 1.610392765233309e-05 56.15
1116 1.639448890234853e-05 56.16
1117 1.671613904160993e-05 56.17
1118 1.706001770907378e-05 56.18
1119 1.741875542755486e-05 56.19
1120 1.779070159886719e-05 56.2
1121 1.816230744786623e-05 56.21
1122 1.851651144223638e-05 56.22
1123 1.884646615273481e-05 56.23
1124 1.914833902095997e-05 56.24
1125 1.941924201701197e-05 56.25
1126 1.965374318018333e-05 56.26
1127 1.985049309217456e-05 56.27
1128 2.002597543420177e-05 56.28
1129 2.016283067070891e-05 56.29
1130 2.026236951933357e-05 56.3
1131 2.031234860889507e-05 56.31
1132 2.03073123919072e-05 56.32
1133 2.024685201011244e-05 56.33
1134 2.011643969029542e-05 56.34
1135 1.995100064609975e-05 56.35
1136 1.975803347989772e-05 56.36
1137 1.953712097970425e-05 56.37
1138 1.927673674032916e-05 56.38
1139 1.898530327840523e-05 56.39
1140 1.86700944768708e-05 56.4
1141 1.832934832034521e-05 56.41
1142 1.797165432240972e-05 56.42
1143 1.761823041980403e-05 56.43
1144 1.726768453565811e-05 56.44
1145 1.6923867523068e-05 56.45
1146 1.659041903205469e-05 56.46
1147 1.626928538732815e-05 56.47
1148 1.596570822827212e-05 56.48
1149 1.568775168545456e-05 56.49
1150 1.543428292134399e-05 56.5
1151 1.520448677675541e-05 56.51
1152 1.50037056039907e-05 56.52
1153 1.483269647089824e-05 56.53
1154 1.469548848200133e-05 56.54
1155 1.459209887043303e-05 56.55
1156 1.452571488018276e-05 56.56
1157 1.449679396081664e-05 56.57
1158 1.449838362307389e-05 56.58
1159 1.452901031482212e-05 56.59
1160 1.458785527250066e-05 56.6
1161 1.467391128372115e-05 56.61
1162 1.478593860887362e-05 56.62
1163 1.492271684099344e-05 56.63
1164 1.509042068220364e-05 56.64
1165 1.528373633874266e-05 56.65
1166 1.550137937468224e-05 56.66
1167 1.57463886959759e-05 56.67
1168 1.601017598902705e-05 56.68
1169 1.628114077800759e-05 56.69
1170 1.655884119540844e-05 56.7
1171 1.683293190704313e-05 56.71
1172 1.710282321477258e-05 56.72
1173 1.735883151287745e-05 56.73
1174 1.759720097095208e-05 56.74
1175 1.781122305989171e-05 56.75
1176 1.799964695240703e-05 56.76
1177 1.815844598804348e-05 56.77
1178 1.828323268194857e-05 56.78
1179 1.837001034461461e-05 56.79
1180 1.842017123112101e-05 56.8
1181 1.84360757396371e-05 56.81
1182 1.84187154781313e-05 56.82
1183 1.836069533060365e-05 56.83
1184 1.828026021106445e-05 56.84
1185 1.816463344814158e-05 56.85
1186 1.801610045038323e-05 56.86
1187 1.784280876693995e-05 56.87
1188 1.764544766376102e-05 56.88
1189 1.742578716687868e-05 56.89
1190 1.718715456585984e-05 56.9
1191 1.693875992479745e-05 56.91
1192 1.66789679274617e-05 56.92
1193 1.641945937154669e-05 56.93
1194 1.616108230380354e-05 56.94
1195 1.590643670697812e-05 56.95
1196 1.566078595043346e-05 56.96
1197 1.542759346482393e-05 56.97
1198 1.52075460852469e-05 56.98
1199 1.500584217012404e-05 56.99
1200 1.482581940831027e-05 57
1201 1.466857949858564e-05 57.01
1202 1.453455068241269e-05 57.02
1203 1.443151163176454e-05 57.03
1204 1.435379204616378e-05 57.04
1205 1.430185619358968e-05 57.05
1206 1.427574666630549e-05 57.06
1207 1.427525453072351e-05 57.07
1208 1.430036205345258e-05 57.08
1209 1.435088411355473e-05 57.09
1210 1.44257854382894e-05 57.1
1211 1.452358134968642e-05 57.11
1212 1.464304948152908e-05 57.12
1213 1.478334068832704e-05 57.13
1214 1.494312974143342e-05 57.14
1215 1.511972891821849e-05 57.15
1216 1.530821993455832e-05 57.16
1217 1.550562501438916e-05 57.17
1218 1.570626851458595e-05 57.18
1219 1.590528198371581e-05 57.19
1220 1.610691684556726e-05 57.2
1221 1.63040369377993e-05 57.21
1222 1.64872949256071e-05 57.22
1223 1.665281599867959e-05 57.23
1224 1.679700030352417e-05 57.24
1225 1.691732328001155e-05 57.25
1226 1.701190183712789e-05 57.26
1227 1.707827182206774e-05 57.27
1228 1.711408487330896e-05 57.28
1229 1.712290064805755e-05 57.29
1230 1.710217939807405e-05 57.3
1231 1.705320804763718e-05 57.31
1232 1.698043939147518e-05 57.32
1233 1.688379123935976e-05 57.33
1234 1.676362641899732e-05 57.34
1235 1.662188401941623e-05 57.35
1236 1.646435145568045e-05 57.36
1237 1.629219831732115e-05 57.37
1238 1.611059807928406e-05 57.38
1239 1.592402480288407e-05 57.39
1240 1.573288101982026e-05 57.4
1241 1.554114651909244e-05 57.41
1242 1.535090862396732e-05 57.42
1243 1.51645791449236e-05 57.43
1244 1.49863020310755e-05 57.44
1245 1.481932188549256e-05 57.45
1246 1.466565777441963e-05 57.46
1247 1.452636857834961e-05 57.47
1248 1.440337832964624e-05 57.48
1249 1.429789622101748e-05 57.49
1250 1.421167944247447e-05 57.5
1251 1.414530304771051e-05 57.51
1252 1.409867929432744e-05 57.52
1253 1.407231581475086e-05 57.53
1254 1.40672168609143e-05 57.54
1255 1.408263730503576e-05 57.55
1256 1.411794747695061e-05 57.56
1257 1.417250049239187e-05 57.57
1258 1.424531318934795e-05 57.58
1259 1.433498197180612e-05 57.59
1260 1.443972633652456e-05 57.6
1261 1.455694545070489e-05 57.61
1262 1.4683968706842e-05 57.62
1263 1.481763471945014e-05 57.63
1264 1.495512409108552e-05 57.64
1265 1.5093987637508e-05 57.65
1266 1.523024279826616e-05 57.66
1267 1.535933527649464e-05 57.67
1268 1.547857992955798e-05 57.68
1269 1.558529770397077e-05 57.69
1270 1.567742141136452e-05 57.7
1271 1.575327362822727e-05 57.71
1272 1.581106273780942e-05 57.72
1273 1.585016338034235e-05 57.73
1274 1.586903519536202e-05 57.74
1275 1.586753851100111e-05 57.75
1276 1.584564896014833e-05 57.76
1277 1.580348807767294e-05 57.77
1278 1.574201287278472e-05 57.78
1279 1.56624593176844e-05 57.79
1280 1.556621140273184e-05 57.8
1281 1.545442070327417e-05 57.81
1282 1.532912148531317e-05 57.82
1283 1.519281301761589e-05 57.83
1284 1.504912642627521e-05 57.84
1285 1.490185080468401e-05 57.85
1286 1.4751330617504e-05 57.86
1287 1.459996455573682e-05 57.87
1288 1.44511758499251e-05 57.88
1289 1.43142862589039e-05 57.89
1290 1.418691872691486e-05 57.9
1291 1.407259218463496e-05 57.91
1292 1.396613112324608e-05 57.92
1293 1.387004793475564e-05 57.93
1294 1.378818450653931e-05 57.94
1295 1.372138007497218e-05 57.95
1296 1.366800173441166e-05 57.96
1297 1.362850961067586e-05 57.97
1298 1.360327021329404e-05 57.98
1299 1.359227696595326e-05 57.99
1300 1.359528534454698e-05 58
1301 1.361197493014973e-05 58.01
1302 1.364186048123638e-05 58.02
1303 1.368413486869546e-05 58.03
1304 1.373771414168556e-05 58.04
1305 1.38013419202768e-05 58.05
1306 1.387326343777657e-05 58.06
1307 1.395165600295855e-05 58.07
1308 1.403570208791449e-05 58.08
1309 1.412234536259816e-05 58.09
1310 1.420939653794941e-05 58.1
1311 1.429487653954876e-05 58.11
1312 1.43758641462349e-05 58.12
1313 1.445032030323594e-05 58.13
1314 1.451657783424675e-05 58.14
1315 1.457314790397526e-05 58.15
1316 1.461827284037198e-05 58.16
1317 1.465137630522565e-05 58.17
1318 1.467136470655905e-05 58.18
1319 1.467736178513334e-05 58.19
1320 1.46694341871212e-05 58.2
1321 1.464862001250178e-05 58.21
1322 1.46148714337727e-05 58.22
1323 1.456829153773379e-05 58.23
1324 1.450938404727798e-05 58.24
1325 1.443898920963727e-05 58.25
1326 1.436027764416764e-05 58.26
1327 1.42740276478662e-05 58.27
1328 1.418077155736096e-05 58.28
1329 1.408034626307924e-05 58.29
1330 1.397708565075225e-05 58.3
1331 1.387460860247613e-05 58.31
1332 1.37734262142985e-05 58.32
1333 1.367461203796692e-05 58.33
1334 1.357947360719069e-05 58.34
1335 1.348930164450139e-05 58.35
1336 1.340544918130493e-05 58.36
1337 1.332901822000294e-05 58.37
1338 1.326185686379848e-05 58.38
1339 1.320457976485561e-05 58.39
1340 1.315701316173358e-05 58.4
1341 1.311999229809846e-05 58.41
1342 1.309335582451901e-05 58.42
1343 1.307715785811078e-05 58.43
1344 1.307113949834011e-05 58.44
1345 1.307525687280671e-05 58.45
1346 1.308890467569804e-05 58.46
1347 1.31114782211224e-05 58.47
1348 1.314173833563412e-05 58.48
1349 1.317880055724444e-05 58.49
1350 1.322134413898838e-05 58.5
1351 1.326825669146126e-05 58.51
1352 1.331802677824309e-05 58.52
1353 1.336879575484716e-05 58.53
1354 1.341908885315372e-05 58.54
1355 1.346749108415351e-05 58.55
1356 1.351247200882656e-05 58.56
1357 1.355257845382107e-05 58.57
1358 1.358658990087282e-05 58.58
1359 1.361351952806236e-05 58.59
1360 1.363193614991093e-05 58.6
1361 1.364217711125098e-05 58.61
1362 1.364508792093048e-05 58.62
1363 1.363818945099718e-05 58.63
1364 1.362265706423608e-05 58.64
1365 1.359968734735072e-05 58.65
1366 1.35686268982059e-05 58.66
1367 1.35292918281222e-05 58.67
1368 1.348255267745077e-05 58.68
1369 1.342913911524752e-05 58.69
1370 1.337028080892938e-05 58.7
1371 1.330622499593709e-05 58.71
1372 1.323898105342001e-05 58.72
1373 1.31690576641564e-05 58.73
1374 1.309782643452062e-05 58.74
1375 1.30262902134185e-05 58.75
1376 1.295619506228366e-05 58.76
1377 1.288826607219142e-05 58.77
1378 1.282331583395887e-05 58.78
1379 1.276243071431856e-05 58.79
1380 1.270645514921768e-05 58.8
1381 1.265611303304661e-05 58.81
1382 1.261193288213603e-05 58.82
1383 1.257437667664817e-05 58.83
1384 1.254370273645872e-05 58.84
1385 1.252033661229644e-05 58.85
1386 1.250428184413793e-05 58.86
1387 1.249543019878137e-05 58.87
1388 1.249355355020386e-05 58.88
1389 1.249813218756027e-05 58.89
1390 1.250887706478883e-05 58.9
1391 1.25250011328875e-05 58.91
1392 1.254582719930022e-05 58.92
1393 1.257085935068349e-05 58.93
1394 1.259869238768155e-05 58.94
1395 1.262830375772068e-05 58.95
1396 1.265887807932721e-05 58.96
1397 1.268923755474699e-05 58.97
1398 1.271824337904851e-05 58.98
1399 1.274497528154975e-05 58.99
1400 1.276859513753923e-05 59
1401 1.278811358901116e-05 59.01
1402 1.280282818612271e-05 59.02
1403 1.281216066692217e-05 59.03
1404 1.281565733898009e-05 59.04
1405 1.28127651105251e-05 59.05
1406 1.280343201218547e-05 59.06
1407 1.278825933945465e-05 59.07
1408 1.276598779974082e-05 59.08
1409 1.273748565238707e-05 59.09
1410 1.270304948889491e-05 59.1
1411 1.266275254593696e-05 59.11
1412 1.261743121243646e-05 59.12
1413 1.256787901777688e-05 59.13
1414 1.251522157893765e-05 59.14
1415 1.245959320924142e-05 59.15
1416 1.240287755057332e-05 59.16
1417 1.234485770081248e-05 59.17
1418 1.22874857177795e-05 59.18
1419 1.223061759440929e-05 59.19
1420 1.217581570651414e-05 59.2
1421 1.212342118609679e-05 59.21
1422 1.207380240828416e-05 59.22
1423 1.202850916847308e-05 59.23
1424 1.198718124736195e-05 59.24
1425 1.195048737554272e-05 59.25
1426 1.191876241031586e-05 59.26
1427 1.189191351750859e-05 59.27
1428 1.187108800596891e-05 59.28
1429 1.185497124906744e-05 59.29
1430 1.184471001926115e-05 59.3
1431 1.183906084362781e-05 59.31
1432 1.183803495269173e-05 59.32
1433 1.184145681408519e-05 59.33
1434 1.184842811577104e-05 59.34
1435 1.185936219278697e-05 59.35
1436 1.187203809737789e-05 59.36
1437 1.188699571812205e-05 59.37
1438 1.190236587707381e-05 59.38
1439 1.191844086620348e-05 59.39
1440 1.193375432330133e-05 59.4
1441 1.194780570548274e-05 59.41
1442 1.195992571062954e-05 59.42
1443 1.196920821920886e-05 59.43
1444 1.197582178891859e-05 59.44
1445 1.197849174323507e-05 59.45
1446 1.197746027015224e-05 59.46
1447 1.197175454844491e-05 59.47
1448 1.196160495267129e-05 59.48
1449 1.194696291744284e-05 59.49
1450 1.192726513535452e-05 59.5
1451 1.190379722371716e-05 59.51
1452 1.187659055146056e-05 59.52
1453 1.184853322172278e-05 59.53
1454 1.181796621878656e-05 59.54
1455 1.178888456967033e-05 59.55
1456 1.175165260694305e-05 59.56
1457 1.171023683439257e-05 59.57
1458 1.166712575904821e-05 59.58
1459 1.162352169793066e-05 59.59
1460 1.157955541343807e-05 59.6
1461 1.15367492911541e-05 59.61
1462 1.14960853106206e-05 59.62
1463 1.145770500352284e-05 59.63
1464 1.142186846484046e-05 59.64
1465 1.138842302313291e-05 59.65
1466 1.135761970594608e-05 59.66
1467 1.133402559394924e-05 59.67
1468 1.131034559534405e-05 59.68
1469 1.128992537567694e-05 59.69
1470 1.127389502409688e-05 59.7
1471 1.126170510938229e-05 59.71
1472 1.125332531298017e-05 59.72
1473 1.124840359455846e-05 59.73
1474 1.124695211176312e-05 59.74
1475 1.124842107586305e-05 59.75
1476 1.125239963888524e-05 59.76
1477 1.125834038394156e-05 59.77
1478 1.126597472118849e-05 59.78
1479 1.127478922211481e-05 59.79
1480 1.128416971188284e-05 59.8
1481 1.129347528432578e-05 59.81
1482 1.130257523722098e-05 59.82
1483 1.131078806522315e-05 59.83
1484 1.13175821962032e-05 59.84
1485 1.132235241438512e-05 59.85
1486 1.13248370290131e-05 59.86
1487 1.13247318410057e-05 59.87
1488 1.132180076463077e-05 59.88
1489 1.131575071859567e-05 59.89
1490 1.130668848096613e-05 59.9
1491 1.129418465105059e-05 59.91
1492 1.127853665432874e-05 59.92
1493 1.126052742895497e-05 59.93
1494 1.124042339112376e-05 59.94
1495 1.12173766579185e-05 59.95
1496 1.119174850576211e-05 59.96
1497 1.116382214472439e-05 59.97
1498 1.113412957649009e-05 59.98
1499 1.110309938613055e-05 59.99
1500 1.107118552111914e-05 60
