"frac-mass-o2-rfile"
"Time Step" "frac-mass-o2 etc.."
("Time Step" "frac-mass-o2" "flow-time")
0 0.2261323449887264 0
1 0.2247890965936805 0.1
2 0.2231208409877512 0.2
3 0.2217747432201579 0.3
4 0.2206459075703147 0.4
5 0.2195459620233166 0.5
6 0.218058239377263 0.6000000000000001
7 0.2160043531020841 0.7000000000000001
8 0.2137238952471874 0.8
9 0.2115276280356534 0.9
10 0.2094825633171414 1
11 0.2075409338660838 1.1
12 0.2056521195068502 1.2
13 0.2037587917544852 1.3
14 0.2017888630688551 1.4
15 0.1996820585788414 1.5
16 0.1974214067127022 1.6
17 0.1951770054502262 1.7
18 0.1927660022815444 1.8
19 0.1902815460698575 1.9
20 0.1877626776945806 2
21 0.1853835435788128 2.1
22 0.1829462846695172 2.2
23 0.1803516532601929 2.3
24 0.1779365288124678 2.4
25 0.1755550291398841 2.5
26 0.1732013824165337 2.6
27 0.1709524756861421 2.7
28 0.168656598688419 2.8
29 0.1664813518794117 2.9
30 0.1643297692161063 3
31 0.1622112774826432 3.1
32 0.1601343857090148 3.2
33 0.1580946791773508 3.3
34 0.1560849439087839 3.4
35 0.1541038246331261 3.5
36 0.1521442190380707 3.6
37 0.1501977140397177 3.7
38 0.1482620559464042 3.8
39 0.146327651039524 3.9
40 0.1443946761117171 4
41 0.142459617606954 4.100000000000001
42 0.1405157913604043 4.2
43 0.1385593887828691 4.3
44 0.1365946398207017 4.4
45 0.134624967030929 4.5
46 0.1326472813289367 4.600000000000001
47 0.13066111313045 4.7
48 0.12866945291209 4.800000000000001
49 0.1266695470081045 4.9
50 0.1246702609590573 5
51 0.1226728907948035 5.100000000000001
52 0.1206718544310092 5.2
53 0.1186618322120896 5.300000000000001
54 0.116659893525363 5.4
55 0.114652404718997 5.5
56 0.1126509874623375 5.600000000000001
57 0.1106512323406619 5.7
58 0.1086512326978134 5.800000000000001
59 0.1066530986233695 5.9
60 0.1046569908190149 6
61 0.102662072849006 6.100000000000001
62 0.1006689395547324 6.2
63 0.09867634008560199 6.300000000000001
64 0.09668419061770951 6.4
65 0.09469125609766951 6.5
66 0.09269965934601199 6.600000000000001
67 0.09070684300340209 6.7
68 0.08871469479992337 6.800000000000001
69 0.08672245084748782 6.9
70 0.08473115264402035 7
71 0.08273965322267551 7.100000000000001
72 0.08074991028586642 7.2
73 0.07876064574946996 7.300000000000001
74 0.07677147017644183 7.4
75 0.07478337318380585 7.5
76 0.07279944556718186 7.600000000000001
77 0.07081851125800129 7.7
78 0.06884174382694605 7.800000000000001
79 0.06686893603037457 7.9
80 0.06489811148690076 8
81 0.06293315107839957 8.1
82 0.06097114203097118 8.200000000000001
83 0.05914865885626086 8.300000000000001
84 0.05735495026266518 8.4
85 0.05540985195461098 8.5
86 0.05346893200296234 8.6
87 0.05168312712931029 8.700000000000001
88 0.04976149650144757 8.800000000000001
89 0.04802600854823759 8.9
90 0.04612238093158924 9
91 0.04441338280812524 9.1
92 0.04252901826535783 9.200000000000001
93 0.04084986673943848 9.300000000000001
94 0.03898603508726795 9.4
95 0.03733027481277335 9.5
96 0.03549371478085432 9.600000000000001
97 0.03386990825019109 9.700000000000001
98 0.03206241590594488 9.800000000000001
99 0.03048446632704034 9.9
100 0.02871745032252155 10
101 0.02718162828456309 10.1
102 0.02545786482984521 10.2
103 0.02398449520155349 10.3
104 0.02224615712623996 10.4
105 0.02083770117071036 10.5
106 0.01915945903956031 10.6
107 0.01782764980408355 10.7
108 0.01623376004813586 10.8
109 0.01499127186098476 10.9
110 0.01346544035326844 11
111 0.01232380843749098 11.1
112 0.01093693498841482 11.2
113 0.009927750552375462 11.3
114 0.008707004995410186 11.4
115 0.007844457076654682 11.5
116 0.00678993711534162 11.6
117 0.006051192869729161 11.7
118 0.005144510369759047 11.8
119 0.004537307472797646 11.9
120 0.003783812843202814 12
121 0.003299341090526927 12.1
122 0.002864205110043257 12.2
123 0.002239580491862419 12.3
124 0.001867712967127939 12.4
125 0.001539053829687981 12.5
126 0.001013870145480407 12.6
127 0.0007594476965010879 12.7
128 0.0005504395035828915 12.8
129 0.000157507642558716 12.9
130 6.346931104421965e-07 13
131 1.439474074712189e-09 13.1
132 3.758793052536943e-12 13.2
133 1.079535316988261e-14 13.3
134 3.298780198476419e-17 13.4
135 1.047419103257415e-19 13.5
136 3.422632801224443e-22 13.6
137 1.227076534022503e-24 13.7
138 1.058366285174204e-26 13.8
139 7.223862837091099e-28 13.9
140 8.156511091857563e-29 14
141 9.709834635501746e-30 14.1
142 1.418890601392694e-30 14.2
143 4.018129906330068e-31 14.3
144 2.288611305313956e-31 14.4
145 1.694480139063749e-31 14.5
146 1.632462201676498e-31 14.6
147 1.612837530864923e-31 14.7
148 1.593689971866056e-31 14.8
149 1.57502347210837e-31 14.9
150 1.556783359518027e-31 15
151 1.538983570495686e-31 15.1
152 1.521574411176584e-31 15.2
153 1.50457226001496e-31 15.3
154 1.487930116324305e-31 15.4
155 1.471666009112477e-31 15.5
156 1.45573522980768e-31 15.6
157 1.440157058844537e-31 15.7
158 1.424888586909064e-31 15.8
159 1.409950137633337e-31 15.9
160 1.395300407119648e-31 16
161 1.380960425836201e-31 16.1
162 1.366890165552764e-31 16.2
163 1.353111426081439e-31 16.3
164 1.339585350616378e-31 16.4
165 1.326334117843317e-31 16.5
166 1.313319974668804e-31 16.6
167 1.300565536909595e-31 16.7
168 1.288033934457099e-31 16.8
169 1.275748061773837e-31 16.9
170 1.263672075377915e-31 17
171 1.251829002187176e-31 17.1
172 1.240183715218662e-31 17.2
173 1.228759509717908e-31 17.3
174 1.217521985726418e-31 17.4
175 1.206494534846829e-31 17.5
176 1.195643335705685e-31 17.6
177 1.184992011386149e-31 17.7
178 1.174507381510842e-31 17.8
179 1.164213134169987e-31 17.9
180 1.154076555089079e-31 18
181 1.144121392239013e-31 18.1
182 1.134315585088412e-31 18.2
183 1.124682875133034e-31 18.3
184 1.115191656219547e-31 18.4
185 1.105865737484261e-31 18.5
186 1.096673966107624e-31 18.6
187 1.087640212515077e-31 18.7
188 1.078733718639277e-31 18.8
189 1.069978391775844e-31 18.9
190 1.061343914193256e-31 19
191 1.052854139099737e-31 19.1
192 1.044479170314072e-31 19.2
193 1.036242819717088e-31 19.3
194 1.02811557575789e-31 19.4
195 1.020121250923307e-31 19.5
196 1.012230751080321e-31 19.6
197 1.004467819828824e-31 19.7
198 9.968036622975038e-32 19.8
199 9.892620168452822e-32 19.9
200 9.818144514029169e-32 20
201 9.744846130520989e-32 20.1
202 9.67244442428416e-32 20.2
203 9.601175265259651e-32 20.3
204 9.530760899973988e-32 20.4
205 9.46143679160712e-32 20.5
206 9.392927547676631e-32 20.6
207 9.325468946235785e-32 20.7
208 9.258788318351149e-32 20.8
209 9.1931202929376e-32 20.9
210 9.128195286485068e-32 21
211 9.064246452607339e-32 21.1
212 9.001007984247134e-32 21.2
213 8.938712176791033e-32 21.3
214 8.87709507758017e-32 21.4
215 8.816388362455713e-32 21.5
216 8.756330625336257e-32 21.6
217 8.69715317989205e-32 21.7
218 8.638596827786625e-32 21.8
219 8.580891368696283e-32 21.9
220 8.523780805928415e-32 22
221 8.467493859138346e-32 22.1
222 8.411776195052276e-32 22.2
223 8.356856294687709e-32 22.3
224 8.302481804226785e-32 22.4
225 8.24887987534e-32 22.5
226 8.195801052614654e-32 22.6
227 8.143471126383005e-32 22.7
228 8.091642341929361e-32 22.8
229 8.040539929293861e-32 22.9
230 7.98991821793391e-32 23
231 7.940001144704212e-32 23.1
232 7.890545448975671e-32 23.2
233 7.841773815558636e-32 23.3
234 7.793444629586237e-32 23.4
235 7.745779847329928e-32 23.5
236 7.698539827267698e-32 23.6
237 7.651945151714921e-32 23.7
238 7.605758467302459e-32 23.8
239 7.560199186206917e-32 23.9
240 7.515031374520005e-32 24
241 7.470473819491394e-32 24.1
242 7.42629225434233e-32 24.2
243 7.382704094243336e-32 24.3
244 7.339477392004732e-32 24.4
245 7.296828271056058e-32 24.5
246 7.254526089591492e-32 24.6
247 7.212786492428277e-32 24.7
248 7.171380255195333e-32 24.8
249 7.130521698884655e-32 24.9
250 7.089983872579799e-32 25
251 7.049979634254526e-32 25.1
252 7.010283446214962e-32 25.2
253 6.971107533631751e-32 25.3
254 6.932227667600013e-32 25.4
255 6.893854898558388e-32 25.5
256 6.855766941331819e-32 25.6
257 6.818173674740611e-32 25.7
258 6.780853980336457e-32 25.8
259 6.744016907750653e-32 25.9
260 6.70744315033165e-32 26
261 6.671340374188259e-32 26.1
262 6.635490583712581e-32 26.2
263 6.600100702382489e-32 26.3
264 6.564954313749605e-32 26.4
265 6.530257001228489e-32 26.5
266 6.495793564485046e-32 26.6
267 6.461768985057243e-32 26.7
268 6.427969607250168e-32 26.8
269 6.394599017440358e-32 26.9
270 6.361444813835893e-32 27
271 6.328709974827313e-32 27.1
272 6.2961832344595e-32 27.2
273 6.26406628717512e-32 27.3
274 6.232149528466246e-32 27.4
275 6.200633905518331e-32 27.5
276 6.169310811397755e-32 27.6
277 6.138379886125436e-32 27.7
278 6.107634128609527e-32 27.8
279 6.077272425196037e-32 27.9
280 6.047088851239593e-32 28
281 6.017280995345711e-32 28.1
282 5.987644473277082e-32 28.2
283 5.958375831284323e-32 28.3
284 5.929271868875553e-32 28.4
285 5.900528516816446e-32 28.5
286 5.871943558445039e-32 28.6
287 5.843711592362303e-32 28.7
288 5.815632023968508e-32 28.8
289 5.787898561950169e-32 28.9
290 5.760311576349669e-32 29
291 5.733063631004631e-32 29.1
292 5.70595651392832e-32 29.2
293 5.679182044020542e-32 29.3
294 5.652542962840306e-32 29.4
295 5.626229873365253e-32 29.5
296 5.600046883124396e-32 29.6
297 5.574183716627183e-32 29.7
298 5.548445764033072e-32 29.8
299 5.523021652753669e-32 29.9
300 5.497717622882888e-32 30
301 5.47272153043585e-32 30.1
302 5.447840861972439e-32 30.2
303 5.423262484472114e-32 30.3
304 5.398794945200516e-32 30.4
305 5.374624319805771e-32 30.5
306 5.350560141176062e-32 30.6
307 5.32678731929369e-32 30.7
308 5.303116666937524e-32 30.8
309 5.279732258829001e-32 30.9
310 5.256445925691613e-32 31
311 5.233440949270179e-32 31.1
312 5.210530185876151e-32 31.2
313 5.187895767846386e-32 31.3
314 5.165351579666708e-32 31.4
315 5.143078971553561e-32 31.5
316 5.120892916115532e-32 31.6
317 5.098973827084431e-32 31.7
318 5.07713769566208e-32 31.8
319 5.055564128221734e-32 31.9
320 5.034070011890242e-32 32
321 5.012833951433666e-32 32.1
322 4.991673998955577e-32 32.2
323 4.970767921856181e-32 32.3
324 4.949934678250666e-32 32.4
325 4.929351140491611e-32 32.5
326 4.908837283866811e-32 32.6
327 4.888569143156416e-32 32.7
328 4.868367652200769e-32 32.8
329 4.848407997568092e-32 32.9
330 4.828512141013835e-32 33
331 4.808854260254825e-32 33.1
332 4.789257137999114e-32 33.2
333 4.769894297327703e-32 33.3
334 4.750589504708128e-32 33.4
335 4.731515418935457e-32 33.5
336 4.712496696252693e-32 33.6
337 4.693705242094721e-32 33.7
338 4.674966507643599e-32 33.8
339 4.656451515270401e-32 33.9
340 4.637986728904695e-32 34
341 4.619742397919338e-32 34.1
342 4.60154583538403e-32 34.2
343 4.583566449060581e-32 34.3
344 4.565632440967016e-32 34.4
345 4.547912472504551e-32 34.5
346 4.530235599067432e-32 34.6
347 4.512769685194172e-32 34.7
348 4.49534464254193e-32 34.8
349 4.478127527338698e-32 34.9
350 4.460949106362361e-32 35
351 4.443975682870176e-32 35.1
352 4.427038970317369e-32 35.2
353 4.410304399840364e-32 35.3
354 4.393604376352326e-32 35.4
355 4.377103657554589e-32 35.5
356 4.3606355177471e-32 35.6
357 4.344363981983872e-32 35.7
358 4.328123145850193e-32 35.8
359 4.312076278110394e-32 35.9
360 4.296058244759489e-32 36
361 4.280231551218171e-32 36.1
362 4.264431887132266e-32 36.2
363 4.24882101995016e-32 36.3
364 4.233235448859335e-32 36.4
365 4.217836222116534e-32 36.5
366 4.202460579548227e-32 36.6
367 4.187268822987868e-32 36.7
368 4.172098998030228e-32 36.8
369 4.157110714247928e-32 36.9
370 4.1421427670766e-32 37
371 4.127354056897037e-32 37.1
372 4.112584129795666e-32 37.2
373 4.097991142704684e-32 37.3
374 4.083415413685904e-32 37.4
375 4.069014447911745e-32 37.5
376 4.054629290730422e-32 37.6
377 4.040416688128749e-32 37.7
378 4.026218426576839e-32 37.8
379 4.012190603919284e-32 37.9
380 3.998175750755422e-32 38
381 3.984329303237405e-32 38.1
382 3.9704945015558e-32 38.2
383 3.95682607498353e-32 38.3
384 3.943167995913318e-32 38.40000000000001
385 3.929674293912977e-32 38.5
386 3.916189637345689e-32 38.6
387 3.902867440930905e-32 38.7
388 3.889553078280354e-32 38.8
389 3.87639928885814e-32 38.90000000000001
390 3.863252141377925e-32 39
391 3.850263689061486e-32 39.1
392 3.837280682089843e-32 39.2
393 3.824454561330417e-32 39.3
394 3.811632785513051e-32 39.40000000000001
395 3.798966136451849e-32 39.5
396 3.786302724478695e-32 39.6
397 3.773792661483363e-32 39.7
398 3.761284756814425e-32 39.8
399 3.748928524047771e-32 39.90000000000001
400 3.736573402206409e-32 40
401 3.724368291741083e-32 40.1
402 3.712163291788994e-32 40.2
403 3.70010662482152e-32 40.3
404 3.688049078235773e-32 40.40000000000001
405 3.676138272021919e-32 40.5
406 3.664225644199584e-32 40.6
407 3.652458189673026e-32 40.7
408 3.640687955756097e-32 40.8
409 3.629061338484389e-32 40.90000000000001
410 3.617431036458924e-32 41
411 3.605942852220329e-32 41.1
412 3.594450109025783e-32 41.2
413 3.583097996506722e-32 41.3
414 3.5717404794558e-32 41.40000000000001
415 3.56052210463217e-32 41.5
416 3.549297475331553e-32 41.6
417 3.538210586140598e-32 41.7
418 3.527116631347796e-32 41.8
419 3.516159007362114e-32 41.90000000000001
420 3.505193544552402e-32 42
421 3.494363016277054e-32 42.1
422 3.483523861586424e-32 42.2
423 3.472818309900622e-32 42.3
424 3.462103401432223e-32 42.40000000000001
425 3.451520772078838e-32 42.5
426 3.44092805638204e-32 42.6
427 3.430466299073428e-32 42.7
428 3.419993789460991e-32 42.8
429 3.409650957347611e-32 42.90000000000001
430 3.399296637099614e-32 43
431 3.389070744271121e-32 43.1
432 3.378832694797117e-32 43.2
433 3.368721823354338e-32 43.3
434 3.358598135353562e-32 43.40000000000001
435 3.348600434025839e-32 43.5
436 3.338589296988386e-32 43.6
437 3.328702960821071e-32 43.7
438 3.318802567402112e-32 43.8
439 3.309025788367665e-32 43.90000000000001
440 3.299234341433879e-32 44
441 3.289565383715255e-32 44.1
442 3.279881168968042e-32 44.2
443 3.270318313879847e-32 44.3
444 3.260739638075762e-32 44.40000000000001
445 3.25128118424672e-32 44.5
446 3.241806352360038e-32 44.6
447 3.232450676131987e-32 44.7
448 3.22307808689515e-32 44.8
449 3.213823594568508e-32 44.90000000000001
450 3.204551662157739e-32 45
451 3.195396740620326e-32 45.1
452 3.186223863603688e-32 45.2
453 3.177166976913745e-32 45.3
454 3.168091642461509e-32 45.40000000000001
455 3.159131282384604e-32 45.5
456 3.150151995054337e-32 45.6
457 3.141286664980563e-32 45.7
458 3.132401923410152e-32 45.8
459 3.123630164221117e-32 45.90000000000001
460 3.11483854273988e-32 46
461 3.106158937679959e-32 46.1
462 3.09745903014381e-32 46.2
463 3.088870165621742e-32 46.3
464 3.080260549794611e-32 46.40000000000001
465 3.071761042333718e-32 46.5
466 3.06324038276771e-32 46.6
467 3.054828916902874e-32 46.7
468 3.046395881155927e-32 46.8
469 3.038071111031468e-32 46.90000000000001
470 3.029724361014279e-32 47
471 3.021484998240679e-32 47.1
472 3.013223270455541e-32 47.2
473 3.00506805679411e-32 47.3
474 2.996890103943361e-32 47.40000000000001
475 2.988817770831808e-32 47.5
476 2.980722318812997e-32 47.6
477 2.972731650805372e-32 47.7
478 2.964717512978473e-32 47.8
479 2.956807323265229e-32 47.90000000000001
480 2.94887331213116e-32 48
481 2.941042404432253e-32 48.1
482 2.933187320340369e-32 48.2
483 2.925434534700382e-32 48.3
484 2.917657251905571e-32 48.40000000000001
485 2.909981477744727e-32 48.5
486 2.902280884974122e-32 48.6
487 2.894680981364974e-32 48.7
488 2.887055945095099e-32 48.8
489 2.879530846360694e-32 48.90000000000001
490 2.871980306689906e-32 49
491 2.864528931019624e-32 49.1
492 2.85705182390666e-32 49.2
493 2.849673111084485e-32 49.3
494 2.842268367589514e-32 49.40000000000001
495 2.834961286299065e-32 49.5
496 2.827627903924651e-32 49.6
497 2.820391446374054e-32 49.7
498 2.813128413356492e-32 49.8
499 2.805961575241051e-32 49.90000000000001
500 2.798767883162226e-32 50
501 2.163940268268311e-14 50.01
502 5.292166042836527e-07 50.02
503 8.26426390117811e-09 50.03
504 1.37556111688909e-07 50.04
505 3.34346770979821e-07 50.05
506 3.80489060960236e-07 50.06
507 4.34571311064262e-07 50.07
508 5.101683360936321e-07 50.08
509 6.000619444148568e-07 50.09
510 6.835292416619822e-07 50.1
511 7.755417826465395e-07 50.11
512 8.890360818928111e-07 50.12
513 1.100087991025412e-06 50.13
514 1.401679417565213e-06 50.14
515 1.697747457036394e-06 50.15
516 1.981835426220712e-06 50.16
517 2.243467515626529e-06 50.17
518 2.499137603663223e-06 50.18
519 2.830487107924476e-06 50.19
520 3.247859973547839e-06 50.2
521 3.839193157098919e-06 50.21
522 4.537824859122353e-06 50.22
523 5.396952435824441e-06 50.23
524 6.315702510707254e-06 50.24
525 7.402421691256367e-06 50.25
526 8.892697160590375e-06 50.26
527 1.064846974792012e-05 50.27
528 1.267445523994068e-05 50.28
529 1.548476648832054e-05 50.29
530 1.93378704955995e-05 50.3
531 2.460329528255668e-05 50.31
532 3.102401064629135e-05 50.32
533 3.975012988515111e-05 50.33
534 5.181378124618398e-05 50.34
535 6.782933580290815e-05 50.35
536 8.885057798529547e-05 50.36
537 0.0001150721897001139 50.37
538 0.0001517377254837374 50.38
539 0.0001951799409069305 50.39
540 0.0002436943153256698 50.4
541 0.000302027329738676 50.41
542 0.0003725259345721098 50.42
543 0.000455900154743612 50.43
544 0.0005566467817397137 50.44
545 0.0006870872335855441 50.45
546 0.0008483230578017145 50.46
547 0.001033979618237513 50.47
548 0.001243430506953308 50.48
549 0.001481839840794116 50.49
550 0.0017478715915846 50.5
551 0.002049681433652869 50.51
552 0.002397509654442965 50.52
553 0.00280584373220353 50.53
554 0.003294810625219361 50.54
555 0.003922187830191219 50.55
556 0.004770577034286716 50.56
557 0.005861721829634224 50.57
558 0.007141654941552783 50.58
559 0.008568921599929339 50.59
560 0.01014065902096768 50.6
561 0.01179506521007015 50.61
562 0.01356049686105328 50.62
563 0.01538218209509664 50.63
564 0.01722200232238216 50.64
565 0.01902254576433473 50.65
566 0.02069494313481817 50.66
567 0.0221383882983505 50.67
568 0.02327913952403273 50.68
569 0.02405363021948137 50.69
570 0.02448078646201557 50.7
571 0.02459171690740247 50.71
572 0.02445096076587934 50.72
573 0.02405539279572854 50.73
574 0.02342497201378466 50.74
575 0.02255564476476973 50.75
576 0.02144939267053928 50.76
577 0.02010224132599115 50.77
578 0.01852244960575579 50.78
579 0.01674159838085234 50.79
580 0.01479302994539754 50.8
581 0.01275199876177651 50.81
582 0.01071399255800095 50.82
583 0.008770486222601652 50.83
584 0.007018860775125816 50.84
585 0.005555892148891623 50.85
586 0.004393038408686569 50.86
587 0.003504345604654042 50.87
588 0.002885802952727168 50.88
589 0.00248914769948533 50.89
590 0.002231466132842115 50.9
591 0.00205034611815455 50.91
592 0.001929194506210898 50.92
593 0.001856978277185679 50.93
594 0.00181745867203317 50.94
595 0.001799610021561126 50.95
596 0.001798934107926257 50.96
597 0.001816563801294635 50.97
598 0.00187819439718869 50.98
599 0.001967965978540153 50.99
600 0.00208461493321283 51
601 0.002226570381030469 51.01
602 0.002395830787933049 51.02
603 0.002597040515151933 51.03
604 0.002836258901328761 51.04
605 0.003121679099634821 51.05
606 0.003466956053056649 51.06
607 0.003896905629521624 51.07
608 0.004450759805021777 51.08
609 0.005183589264001177 51.09
610 0.006069612883902022 51.1
611 0.007124889537198835 51.11
612 0.008342110415251472 51.12
613 0.009686418780951571 51.13
614 0.01115229194301529 51.14
615 0.0127626657652849 51.15
616 0.01456457770076451 51.16
617 0.01659510051541064 51.17
618 0.01884319285987155 51.18
619 0.02125986214823001 51.19
620 0.02361944522166054 51.2
621 0.02576304256884916 51.21
622 0.02763126539740703 51.22
623 0.02921117468956647 51.23
624 0.0305052120416043 51.24
625 0.03151601568261866 51.25
626 0.0322582702435404 51.26
627 0.03273419843642485 51.27
628 0.03294956766711034 51.28
629 0.03288392872158781 51.29
630 0.03255866434280476 51.3
631 0.03199251662166593 51.31
632 0.03118192003229166 51.32
633 0.03013992693256015 51.33
634 0.02886757834705502 51.34
635 0.0273976212072708 51.35
636 0.02576501038951851 51.36
637 0.02398762384924003 51.37
638 0.02207813133846275 51.38
639 0.02010584346090517 51.39
640 0.01812952428953587 51.4
641 0.01620763584591348 51.41
642 0.01437939781205423 51.42
643 0.01266562477623579 51.43
644 0.01110478102489124 51.44
645 0.009738743719061074 51.45
646 0.008605123944372716 51.46
647 0.007756149858706822 51.47
648 0.007239441679625495 51.48
649 0.007052867071123967 51.49
650 0.007124058845853026 51.5
651 0.007420981257489965 51.51
652 0.007881820508462639 51.52
653 0.008509902898903963 51.53
654 0.00931048369169663 51.54
655 0.01030250275230625 51.55
656 0.01150581891546885 51.56
657 0.01295220083217693 51.57
658 0.01467224006001519 51.58
659 0.0166731345616815 51.59
660 0.01889208650951877 51.6
661 0.02125307145507451 51.61
662 0.0236999705147681 51.62
663 0.02621195759560123 51.63
664 0.02876185044954434 51.64
665 0.03126683843571167 51.65
666 0.03368932022640359 51.66
667 0.03598322204950029 51.67
668 0.03811071379990694 51.68
669 0.0400454009218815 51.69
670 0.04176581901655027 51.7
671 0.04326083539937476 51.71
672 0.04454002925384312 51.72
673 0.04561200119830329 51.73
674 0.04648446668890618 51.74
675 0.04715563935791593 51.75
676 0.04762272331475262 51.76
677 0.04788138046772991 51.77
678 0.04793546360013148 51.78
679 0.04778845489879147 51.79
680 0.04744332557849829 51.8
681 0.04690255817287745 51.81
682 0.04615075105818114 51.82
683 0.04519341260352398 51.83
684 0.04405376780535176 51.84
685 0.04274208739543178 51.85
686 0.04124155143992776 51.86
687 0.03957863913278957 51.87
688 0.0377997273495982 51.88
689 0.03595545069359948 51.89
690 0.03409260878070194 51.9
691 0.03227458171306499 51.91
692 0.03057029836405564 51.92
693 0.02903270053023215 51.93
694 0.02770581139084593 51.94
695 0.02661980954662212 51.95
696 0.02579549189547926 51.96
697 0.0252523880747013 51.97
698 0.02501013574930308 51.98
699 0.02508871333424197 51.99
700 0.02550656150421282 52
701 0.02628232926913103 52.01
702 0.02742461410144047 52.02
703 0.02888621101716892 52.03
704 0.03067979715219607 52.04
705 0.03273896720462368 52.05
706 0.03506006630646638 52.06
707 0.0376157603927052 52.07
708 0.04037050323083981 52.08
709 0.04329239352605712 52.09
710 0.04633861079922405 52.1
711 0.04947756892864196 52.11
712 0.05268051735111397 52.12
713 0.0559063161653406 52.13
714 0.05910462501603599 52.14
715 0.06224583644050639 52.15
716 0.06531157322684775 52.16
717 0.06822379824862787 52.17
718 0.07093563241989277 52.18
719 0.07341759252289336 52.19
720 0.07564924246928907 52.2
721 0.07761971259155576 52.21
722 0.07932388019437607 52.22
723 0.08075920292918098 52.23
724 0.08192845272385527 52.24
725 0.08283226454330675 52.25
726 0.08347768873856737 52.26
727 0.08386578900576548 52.27
728 0.08400634090800958 52.28
729 0.08390675279407493 52.29
730 0.08357496163894286 52.3
731 0.08301471236209987 52.31
732 0.08223953143070842 52.32
733 0.08125787497342278 52.33
734 0.08008211229907863 52.34
735 0.07873486118460804 52.35
736 0.07723709116803468 52.36
737 0.07561132909645921 52.37
738 0.07388591882256433 52.38
739 0.07209820925691722 52.39
740 0.07029526573237846 52.4
741 0.06853095551619388 52.41
742 0.06685495277124583 52.42
743 0.06530447964453955 52.43
744 0.06390847430989482 52.44
745 0.06269236560204379 52.45
746 0.06167946786482614 52.46
747 0.06089659166009947 52.47
748 0.06036833550694508 52.48
749 0.06010402459569127 52.49
750 0.06012622956336821 52.5
751 0.06044191039159909 52.51
752 0.06105521654769867 52.52
753 0.06196692727405523 52.53
754 0.06317612635364039 52.54
755 0.06467779080238761 52.55
756 0.06645751872348597 52.56
757 0.06850075128843854 52.57
758 0.07078847758069605 52.58
759 0.07330059362365325 52.59
760 0.07600123066271311 52.6
761 0.0788580074513506 52.61
762 0.08182992924887658 52.62
763 0.08486644378078773 52.63
764 0.0879124114519534 52.64
765 0.09091500251650775 52.65
766 0.0938259379148275 52.66
767 0.09660545692312601 52.67
768 0.09923279846544164 52.68
769 0.1016945216021489 52.69
770 0.1039826153102992 52.7
771 0.1060963632293926 52.71
772 0.1080385319416776 52.72
773 0.1098106922243258 52.73
774 0.1114163484628065 52.74
775 0.1128666494940958 52.75
776 0.1141792866788318 52.76
777 0.1153742426507167 52.77
778 0.1164505662992705 52.78
779 0.1173983497614871 52.79
780 0.1182018125490685 52.8
781 0.118842491021047 52.81
782 0.1192966616964124 52.82
783 0.1195595988383446 52.83
784 0.1196330648082757 52.84
785 0.1195217443397579 52.85
786 0.1192337314509144 52.86
787 0.1187812824914754 52.87
788 0.1181797172518366 52.88
789 0.1174491088428462 52.89
790 0.1166112925031996 52.9
791 0.115695040518753 52.91
792 0.1147382815675897 52.92
793 0.1137844825547736 52.93
794 0.1128727654053931 52.94
795 0.1120335773724036 52.95
796 0.111289301391367 52.96
797 0.1106582657362835 52.97
798 0.1101564313228079 52.98
799 0.1097984363465469 52.99
800 0.1095978944787152 53
801 0.1095663579452191 53.01
802 0.1097133397198555 53.02
803 0.1100462851689586 53.03
804 0.1105692544703498 53.04
805 0.1112839793166315 53.05
806 0.1121897354098689 53.06
807 0.1132837416249274 53.07
808 0.11456082200117 53.08
809 0.1160145282263819 53.09
810 0.1176355733121496 53.1
811 0.1194122842011664 53.11
812 0.1213283565762735 53.12
813 0.1233632995159881 53.13
814 0.1254924055853593 53.14
815 0.1276861859305977 53.15
816 0.129910982191544 53.16
817 0.1321321343102627 53.17
818 0.1343150332200378 53.18
819 0.1364311334547784 53.19
820 0.1384603891360944 53.2
821 0.1403895166378986 53.21
822 0.1422095174678301 53.22
823 0.143913312990263 53.23
824 0.1454957089194477 53.24
825 0.1469530211689819 53.25
826 0.148283015579301 53.26
827 0.1494847991527529 53.27
828 0.1505584128021352 53.28
829 0.1515049830328156 53.29
830 0.1523262424477893 53.3
831 0.1530245330594814 53.31
832 0.1536021400241297 53.32
833 0.1540610236312978 53.33
834 0.154403333564459 53.34
835 0.1546310400037882 53.35
836 0.1547462103197204 53.36
837 0.1547508584903925 53.37
838 0.1546480705321707 53.38
839 0.1544411791900422 53.39
840 0.1541349369499543 53.4
841 0.1537354691891362 53.41
842 0.1532515619523497 53.42
843 0.1526936126888598 53.43
844 0.1520752110997346 53.44
845 0.1514153514298499 53.45
846 0.1507394349858396 53.46
847 0.1500730097939085 53.47
848 0.1494357843698345 53.48
849 0.1488410464434044 53.49
850 0.1482991792447141 53.5
851 0.1478197187873523 53.51
852 0.1474114280755633 53.52
853 0.1470836570750305 53.53
854 0.146845765552579 53.54
855 0.1467066934615255 53.55
856 0.1466737416524829 53.56
857 0.1467538756334136 53.57
858 0.1469525729933149 53.58
859 0.1472735116133171 53.59
860 0.1477182704213861 53.6
861 0.1482874937805665 53.61
862 0.1489799154599685 53.62
863 0.1497929060846229 53.63
864 0.1507217853442324 53.64
865 0.1517606179631184 53.65
866 0.1529006657362368 53.66
867 0.1541302277860696 53.67
868 0.1554349361211629 53.68
869 0.1567975859179061 53.69
870 0.1581989140287282 53.7
871 0.1596171159750281 53.71
872 0.1610293720459013 53.72
873 0.1624135311985797 53.73
874 0.1637537399393563 53.74
875 0.1650387611006849 53.75
876 0.1662607491423103 53.76
877 0.1674140063547063 53.77
878 0.1684938832013433 53.78
879 0.1694971351079775 53.79
880 0.1704214895098304 53.8
881 0.1712657185771352 53.81
882 0.1720296294738395 53.82
883 0.1727134921678654 53.83
884 0.1733185508868283 53.84
885 0.1738458461832217 53.85
886 0.1742964660974181 53.86
887 0.1746717761611284 53.87
888 0.1749731047163616 53.88
889 0.1752014751532291 53.89
890 0.1753579703563392 53.9
891 0.1754437487364021 53.91
892 0.1754599163133139 53.92
893 0.1754081278128965 53.93
894 0.1752899967049552 53.94
895 0.1751076460258045 53.95
896 0.1748642595810853 53.96
897 0.1745640718891011 53.97
898 0.1742134028575263 53.98
899 0.1738201726150289 53.99
900 0.1733955960484029 54
901 0.1729540688242379 54.01
902 0.1725097730497996 54.02
903 0.1720744586500478 54.03
904 0.1716569624956184 54.04
905 0.171264724669522 54.05
906 0.1709040406258544 54.06
907 0.1705808807109599 54.07
908 0.1703020410321556 54.08
909 0.170073567161876 54.09
910 0.169901744333245 54.1
911 0.1697924882727856 54.11
912 0.1697515381380912 54.12
913 0.1697835155050969 54.13
914 0.1698927138034277 54.14
915 0.1700821417236512 54.15
916 0.1703538539464576 54.16
917 0.1707089362309308 54.17
918 0.1711468567762076 54.18
919 0.1716658023302355 54.19
920 0.1722624553662922 54.2
921 0.1729319476503738 54.21
922 0.1736682709036795 54.22
923 0.1744630907859344 54.23
924 0.1753065564422343 54.24
925 0.1761866413724253 54.25
926 0.1770900468267787 54.26
927 0.1780020278030793 54.27
928 0.17890821601433 54.28
929 0.1797960197914314 54.29
930 0.1806559654455127 54.3
931 0.1814810977343234 54.31
932 0.1822663570575357 54.32
933 0.1830076788829602 54.33
934 0.1837017659671971 54.34
935 0.184346254133003 54.35
936 0.1849391555928803 54.36
937 0.1854795596001802 54.37
938 0.1859668522624727 54.38
939 0.1864010345793306 54.39
940 0.1867825269933561 54.4
941 0.187111970782456 54.41
942 0.1873901142741772 54.42
943 0.1876174021977442 54.43
944 0.1877943947024051 54.44
945 0.1879220372470581 54.45
946 0.1880009420179928 54.46
947 0.1880318424956037 54.47
948 0.1880157239323274 54.48
949 0.1879538076081017 54.49
950 0.1878473223707346 54.5
951 0.1876980343928859 54.51
952 0.1875081177708022 54.52
953 0.1872806244921679 54.53
954 0.1870198743084526 54.54
955 0.1867315812266423 54.55
956 0.1864235300493471 54.56
957 0.1861041544372713 54.57
958 0.185781563288037 54.58
959 0.1854626776542218 54.59
960 0.1851532357421798 54.6
961 0.1848582634680523 54.61
962 0.1845826852667514 54.62
963 0.1843312431067591 54.63
964 0.1841087387671644 54.64
965 0.1839196711865783 54.65
966 0.1837689278814951 54.66
967 0.1836608248537898 54.67
968 0.1835991191526126 54.68
969 0.1835872700939881 54.69
970 0.183628423910624 54.7
971 0.1837251182712004 54.71
972 0.1838788955019128 54.72
973 0.1840904406441579 54.73
974 0.1843595880151206 54.74
975 0.1846851052273178 54.75
976 0.1850646482242474 54.76
977 0.1854949099073006 54.77
978 0.1859714148967724 54.78
979 0.1864885329760354 54.79
980 0.1870389926556875 54.8
981 0.1876148560245497 54.81
982 0.1882066990767098 54.82
983 0.1888048421963895 54.83
984 0.1893994978223726 54.84
985 0.1899827599795543 54.85
986 0.1905482566143888 54.86
987 0.1910911734952724 54.87
988 0.191607605025726 54.88
989 0.1920944112235992 54.89
990 0.1925490168197487 54.9
991 0.1929692644477528 54.91
992 0.1933536597435902 54.92
993 0.1937013127114767 54.93
994 0.1940118616294224 54.94
995 0.1942848672181163 54.95
996 0.194520301107464 54.96
997 0.1947181756807135 54.97
998 0.1948787113213283 54.98
999 0.195002183653093 54.99
1000 0.1950891528406693 55
1001 0.1951401689100598 55.01
1002 0.1951558043294896 55.02
1003 0.1951367427063785 55.03
1004 0.1950839092944514 55.04
1005 0.1949982878485793 55.05
1006 0.194881253834312 55.06
1007 0.1947345907018433 55.07
1008 0.1945605701058664 55.08
1009 0.1943623180511015 55.09
1010 0.1941436523246107 55.1
1011 0.1939095224073108 55.11
1012 0.193665518249689 55.12
1013 0.1934170804811364 55.13
1014 0.1931691950076949 55.14
1015 0.1929262555040618 55.15
1016 0.1926923445503221 55.16
1017 0.1924714089139725 55.17
1018 0.1922671500754297 55.18
1019 0.1920830780142594 55.19
1020 0.1919228426283057 55.2
1021 0.1917898510139327 55.21
1022 0.1916872795533799 55.22
1023 0.1916181701367436 55.23
1024 0.1915850876000794 55.24
1025 0.1915901502846486 55.25
1026 0.1916350791300303 55.26
1027 0.1917210365550586 55.27
1028 0.1918485890863476 55.28
1029 0.1920175502233478 55.29
1030 0.1922270238239918 55.3
1031 0.1924753071202023 55.31
1032 0.192760024411645 55.32
1033 0.1930778472070715 55.33
1034 0.1934247385614448 55.34
1035 0.1937956144294939 55.35
1036 0.1941845064067924 55.36
1037 0.1945848105317415 55.37
1038 0.1949896440825031 55.38
1039 0.1953925031102048 55.39
1040 0.1957881109994458 55.4
1041 0.1961719355974445 55.41
1042 0.1965400616446185 55.42
1043 0.1968893757555532 55.43
1044 0.1972173708701134 55.44
1045 0.1975220065186353 55.45
1046 0.1978015777383371 55.46
1047 0.1980548043853224 55.47
1048 0.1982807757398457 55.48
1049 0.1984788276972794 55.49
1050 0.1986485842207658 55.5
1051 0.1987898682076444 55.51
1052 0.1989026710925945 55.52
1053 0.1989871507318998 55.53
1054 0.1990435658834911 55.54
1055 0.1990722161427737 55.55
1056 0.1990735522216443 55.56
1057 0.1990482210885055 55.57
1058 0.1989970455811544 55.58
1059 0.1989210101627274 55.59
1060 0.198821352967624 55.6
1061 0.1986996150458718 55.61
1062 0.1985578295293956 55.62
1063 0.1983984216650987 55.63
1064 0.1982245685658344 55.64
1065 0.19804003437525 55.65
1066 0.1978487672600052 55.66
1067 0.1976547104803449 55.67
1068 0.1974616034977049 55.68
1069 0.1972728810846864 55.69
1070 0.1970917478091844 55.7
1071 0.1969211835101796 55.71
1072 0.1967642260829438 55.72
1073 0.1966236827714677 55.73
1074 0.1965022472226668 55.74
1075 0.1964024372106835 55.75
1076 0.1963265255968526 55.76
1077 0.1962765578197678 55.77
1078 0.1962543028012778 55.78
1079 0.1962610661554178 55.79
1080 0.1962978141838876 55.8
1081 0.1963650636448737 55.81
1082 0.1964628197487034 55.82
1083 0.1965905781468178 55.83
1084 0.1967472534035052 55.84
1085 0.1969311899481256 55.85
1086 0.197140123432434 55.86
1087 0.1973711559729533 55.87
1088 0.1976206733000159 55.88
1089 0.1978846202329083 55.89
1090 0.1981583789737951 55.9
1091 0.1984369718038202 55.91
1092 0.1987157201892186 55.92
1093 0.1989906331555276 55.93
1094 0.1992581452317034 55.94
1095 0.1995152438965609 55.95
1096 0.1997594437048007 55.96
1097 0.1999884613278813 55.97
1098 0.2002003308108703 55.98
1099 0.2003935672696172 55.99
1100 0.2005669539081179 56
1101 0.200719559325143 56.01
1102 0.2008506835372003 56.02
1103 0.2009598838738839 56.03
1104 0.2010468751632539 56.04
1105 0.2011113590291162 56.05
1106 0.201153685357317 56.06
1107 0.2011739823132159 56.07
1108 0.2011725466675171 56.08
1109 0.2011498155022009 56.09
1110 0.2011065057244474 56.1
1111 0.2010434703106199 56.11
1112 0.2009617402611397 56.12
1113 0.2008627154360751 56.13
1114 0.2007480045304279 56.14
1115 0.2006196973043795 56.15
1116 0.2004802966569308 56.16
1117 0.2003326691081922 56.17
1118 0.2001798594697856 56.18
1119 0.2000249071653432 56.19
1120 0.1998707375717025 56.2
1121 0.1997201026146781 56.21
1122 0.1995755819434755 56.22
1123 0.1994396779130066 56.23
1124 0.1993147274068074 56.24
1125 0.1992029395324719 56.25
1126 0.1991064628570109 56.26
1127 0.1990270712468878 56.27
1128 0.1989665695248038 56.28
1129 0.1989262320953753 56.29
1130 0.198907320340829 56.3
1131 0.1989105573872146 56.31
1132 0.1989364773236501 56.32
1133 0.1989851586030894 56.33
1134 0.199056391934432 56.34
1135 0.1991496761593851 56.35
1136 0.1992638855117265 56.36
1137 0.1993973913468418 56.37
1138 0.1995482522406798 56.38
1139 0.1997139348231836 56.39
1140 0.1998915604420021 56.4
1141 0.2000777514816793 56.41
1142 0.200269107607737 56.42
1143 0.2004622668219595 56.43
1144 0.2006540096774362 56.44
1145 0.2008414102847633 56.45
1146 0.2010219923041886 56.46
1147 0.2011935719950612 56.47
1148 0.2013541837271661 56.48
1149 0.2015022258338426 56.49
1150 0.2016362348605284 56.5
1151 0.2017550603643541 56.51
1152 0.2018578511741036 56.52
1153 0.201943890423469 56.53
1154 0.2020127467711322 56.54
1155 0.2020640487806848 56.55
1156 0.2020976758757372 56.56
1157 0.2021136961611974 56.57
1158 0.2021122556741598 56.58
1159 0.2020937148599543 56.59
1160 0.2020585497766675 56.6
1161 0.2020074243184541 56.61
1162 0.2019412121797616 56.62
1163 0.2018609685823127 56.63
1164 0.2017681038783713 56.64
1165 0.2016642280181359 56.65
1166 0.2015513106376514 56.66
1167 0.201431634386815 56.67
1168 0.2013075361371991 56.68
1169 0.2011815254361638 56.69
1170 0.2010558913513424 56.7
1171 0.200932887043599 56.71
1172 0.2008146743311728 56.72
1173 0.2007032702243756 56.73
1174 0.2006005575623849 56.74
1175 0.2005082979953926 56.75
1176 0.20042809243599 56.76
1177 0.2003613523057011 56.77
1178 0.2003092700716861 56.78
1179 0.2002729147249426 56.79
1180 0.2002530441913927 56.8
1181 0.2002501797507467 56.81
1182 0.2002645633631835 56.82
1183 0.2002964069573083 56.83
1184 0.2003449687336201 56.84
1185 0.2004096852326637 56.85
1186 0.2004896280865998 56.86
1187 0.2005834736960876 56.87
1188 0.2006894837746188 56.88
1189 0.2008056010577206 56.89
1190 0.2009294332383163 56.9
1191 0.2010585556502217 56.91
1192 0.2011904217727158 56.92
1193 0.2013224716510644 56.93
1194 0.2014524043798863 56.94
1195 0.2015781498383152 56.95
1196 0.2016977937557692 56.96
1197 0.2018096598318349 56.97
1198 0.2019122955740356 56.98
1199 0.2020044374817614 56.99
1200 0.2020849766931906 57
1201 0.2021530677253279 57.01
1202 0.202208110539176 57.02
1203 0.2022495230663411 57.03
1204 0.2022769876055116 57.04
1205 0.2022903726366359 57.05
1206 0.2022896774835909 57.06
1207 0.202275046467509 57.07
1208 0.202246823750499 57.08
1209 0.2022054695056947 57.09
1210 0.2021516165902173 57.1
1211 0.2020861186488169 57.11
1212 0.2020100261157779 57.12
1213 0.2019245896708514 57.13
1214 0.2018313671103067 57.14
1215 0.2017320855370724 57.15
1216 0.2016286050172629 57.16
1217 0.2015228277207627 57.17
1218 0.2014166856280468 57.18
1219 0.2013120455266353 57.19
1220 0.2012107224725262 57.2
1221 0.2011143608792712 57.21
1222 0.2010245459287376 57.22
1223 0.2009427126179067 57.23
1224 0.2008701653010649 57.24
1225 0.2008080430856899 57.25
1226 0.2007573395529046 57.26
1227 0.200718829089553 57.27
1228 0.2006931087523816 57.28
1229 0.2006805653697705 57.29
1230 0.2006813697302656 57.3
1231 0.2006954251077137 57.31
1232 0.2007224218362867 57.32
1233 0.200761766585189 57.33
1234 0.2008125742497609 57.34
1235 0.2008736779958971 57.35
1236 0.2009436925639758 57.36
1237 0.2010209601158895 57.37
1238 0.2011036844816889 57.38
1239 0.2011899473380755 57.39
1240 0.2012777911904295 57.4
1241 0.201365347139961 57.41
1242 0.2014508524876353 57.42
1243 0.2015326628205116 57.43
1244 0.201609319738502 57.44
1245 0.2016794976278164 57.45
1246 0.2017420557485325 57.46
1247 0.2017960716040116 57.47
1248 0.2018406634283248 57.48
1249 0.2018751291676071 57.49
1250 0.2018989291257421 57.5
1251 0.2019118424359825 57.51
1252 0.2019137026429058 57.52
1253 0.2019044324082732 57.53
1254 0.2018841497189115 57.54
1255 0.2018530310684241 57.55
1256 0.2018114675213948 57.56
1257 0.2017600447538156 57.57
1258 0.2016995194834515 57.58
1259 0.201630812646319 57.59
1260 0.2015550432031154 57.6
1261 0.2014734964124779 57.61
1262 0.2013875881416587 57.62
1263 0.2012988108491056 57.63
1264 0.201208734105452 57.64
1265 0.201118896094349 57.65
1266 0.2010307625443399 57.66
1267 0.2009457446707292 57.67
1268 0.2008651919067893 57.68
1269 0.2007903236737584 57.69
1270 0.2007222560482151 57.7
1271 0.2006619557769533 57.71
1272 0.2006102705290201 57.72
1273 0.2005678795149266 57.73
1274 0.2005352967122258 57.74
1275 0.2005128651628981 57.75
1276 0.2005007688249993 57.76
1277 0.2004989728784415 57.77
1278 0.2005072187637644 57.78
1279 0.2005250512377694 57.79
1280 0.2005518209258304 57.8
1281 0.2005866372185032 57.81
1282 0.2006283799187812 57.82
1283 0.2006758356010019 57.83
1284 0.2007276667468849 57.84
1285 0.2007824176806831 57.85
1286 0.2008386117004636 57.86
1287 0.2008948189513209 57.87
1288 0.2009497011828483 57.88
1289 0.2010019778353449 57.89
1290 0.2010504018861515 57.9
1291 0.2010939162962659 57.91
1292 0.2011315626217712 57.92
1293 0.2011625561351939 57.93
1294 0.2011861923503905 57.94
1295 0.2012019088184179 57.95
1296 0.2012092950704919 57.96
1297 0.2012080722430673 57.97
1298 0.2011981436494414 57.98
1299 0.2011794999319719 57.99
1300 0.2011522937129747 58
1301 0.2011168896932774 58.01
1302 0.2010737216798604 58.02
1303 0.2010233161945399 58.03
1304 0.2009664159120912 58.04
1305 0.200903877188918 58.05
1306 0.2008367048004846 58.06
1307 0.2007659945802239 58.07
1308 0.200692937434966 58.08
1309 0.2006187633862751 58.09
1310 0.2005446795143164 58.1
1311 0.2004718428805042 58.11
1312 0.2004013936863066 58.12
1313 0.2003343919019064 58.13
1314 0.2002718234783804 58.14
1315 0.2002145716994312 58.15
1316 0.2001633974075035 58.16
1317 0.200118937392027 58.17
1318 0.2000817111533899 58.18
1319 0.2000521046755664 58.19
1320 0.2000303310149527 58.2
1321 0.2000164681737343 58.21
1322 0.2000103982919382 58.22
1323 0.2000118737192626 58.23
1324 0.2000204755072058 58.24
1325 0.2000356194246701 58.25
1326 0.2000565890781506 58.26
1327 0.2000824947251509 58.27
1328 0.200112370183541 58.28
1329 0.2001451529344381 58.29
1330 0.2001797677601776 58.3
1331 0.2002150932871535 58.31
1332 0.2002500247603563 58.32
1333 0.2002835158259972 58.33
1334 0.2003146084705416 58.34
1335 0.2003424605000806 58.35
1336 0.2003662707030281 58.36
1337 0.2003852753155399 58.37
1338 0.200398822503875 58.38
1339 0.2004064135062494 58.39
1340 0.2004076778652422 58.4
1341 0.200402425344984 58.41
1342 0.2003906083537831 58.42
1343 0.2003721157812094 58.43
1344 0.2003470086287531 58.44
1345 0.2003154882511297 58.45
1346 0.2002779011439563 58.46
1347 0.2002347185300631 58.47
1348 0.2001865225727855 58.48
1349 0.2001340105389824 58.49
1350 0.2000779563425171 58.5
1351 0.2000192075321947 58.51
1352 0.1999586747871457 58.52
1353 0.1998973008033081 58.53
1354 0.1998360210255604 58.54
1355 0.1997757548529965 58.55
1356 0.1997173647183617 58.56
1357 0.1996616746161612 58.57
1358 0.19960943530367 58.58
1359 0.1995613215298989 58.59
1360 0.1995179198554357 58.6
1361 0.1994797154932919 58.61
1362 0.1994470710773482 58.62
1363 0.1994202501810223 58.63
1364 0.1993993672732423 58.64
1365 0.1993844418123478 58.65
1366 0.1993753220223625 58.66
1367 0.1993717625405371 58.67
1368 0.1993733791184358 58.68
1369 0.1993796706847845 58.69
1370 0.1993900281660331 58.7
1371 0.1994037811882753 58.71
1372 0.1994201530298282 58.72
1373 0.1994383358422594 58.73
1374 0.1994574946602111 58.74
1375 0.1994767755116948 58.75
1376 0.1994953844221712 58.76
1377 0.1995125402695778 58.77
1378 0.1995275260473535 58.78
1379 0.1995396719145962 58.79
1380 0.1995483788817476 58.8
1381 0.1995531929721615 58.81
1382 0.1995536986989876 58.82
1383 0.1995495120825548 58.83
1384 0.1995403812655938 58.84
1385 0.1995261662120445 58.85
1386 0.1995068160252133 58.86
1387 0.1994823804278154 58.87
1388 0.1994530168251632 58.88
1389 0.1994189710768946 58.89
1390 0.1993805847632014 58.9
1391 0.1993383092468416 58.91
1392 0.1992926610943668 58.92
1393 0.1992442123597933 58.93
1394 0.1991936146165621 58.94
1395 0.1991415537530421 58.95
1396 0.1990887434591143 58.96
1397 0.1990359058363395 58.97
1398 0.1989837457849096 58.98
1399 0.1989329360745951 58.99
1400 0.198884105117934 59
1401 0.198837836991193 59.01
1402 0.1987946508136272 59.02
1403 0.1987549858508935 59.03
1404 0.1987191959386636 59.04
1405 0.1986875634084559 59.05
1406 0.1986602486188687 59.06
1407 0.1986373097606954 59.07
1408 0.1986187743446153 59.08
1409 0.1986045028441814 59.09
1410 0.1985942829630613 59.1
1411 0.1985878026298088 59.11
1412 0.198584658550835 59.12
1413 0.1985843926143676 59.13
1414 0.1985864785820567 59.14
1415 0.1985903410693388 59.15
1416 0.1985953622159669 59.16
1417 0.1986009012968995 59.17
1418 0.1986063274311675 59.18
1419 0.1986110039608979 59.19
1420 0.1986143469373535 59.2
1421 0.1986157883007274 59.21
1422 0.1986148362644353 59.22
1423 0.1986110226427397 59.23
1424 0.1986040144198436 59.24
1425 0.1985935332511239 59.25
1426 0.19857926075079 59.26
1427 0.1985610650349461 59.27
1428 0.1985388685810751 59.28
1429 0.198512581332362 59.29
1430 0.1984822734650832 59.3
1431 0.1984480895700391 59.31
1432 0.1984102727849421 59.32
1433 0.1983691193092783 59.33
1434 0.1983250163314156 59.34
1435 0.1982783689999948 59.35
1436 0.1982296598745389 59.36
1437 0.1981793902130037 59.37
1438 0.198128128252329 59.38
1439 0.1980763931736412 59.39
1440 0.1980247616718472 59.4
1441 0.1979737723362141 59.41
1442 0.1979239289444292 59.42
1443 0.1978757148925169 59.43
1444 0.1978295492251572 59.44
1445 0.1977858122477854 59.45
1446 0.1977448075759216 59.46
1447 0.1977067934036189 59.47
1448 0.1976719712678792 59.48
1449 0.1976403937683817 59.49
1450 0.19761208792698 59.5
1451 0.1975869776280565 59.51
1452 0.1975649305255122 59.52
1453 0.1975457365147408 59.53
1454 0.197529265824075 59.54
1455 0.1975151886083589 59.55
1456 0.1975029391026911 59.56
1457 0.197492090097245 59.57
1458 0.1974821731860806 59.58
1459 0.197472680402546 59.59
1460 0.1974631469625364 59.6
1461 0.1974531137722507 59.61
1462 0.1974421935383371 59.62
1463 0.1974298964915597 59.63
1464 0.1974159146102258 59.64
1465 0.1973997991231383 59.65
1466 0.1973812872943229 59.66
1467 0.1973599944552806 59.67
1468 0.1973357683038548 59.68
1469 0.1973085385051253 59.69
1470 0.1972782082956156 59.7
1471 0.1972447189390995 59.71
1472 0.1972081514446583 59.72
1473 0.1971686143648924 59.73
1474 0.1971262877558269 59.74
1475 0.1970814809956247 59.75
1476 0.1970344700379608 59.76
1477 0.1969855652222786 59.77
1478 0.1969351469277723 59.78
1479 0.1968836531064277 59.79
1480 0.1968314534120704 59.8
1481 0.1967790003381649 59.81
1482 0.1967267116040943 59.82
1483 0.1966750212792032 59.83
1484 0.1966243216323549 59.84
1485 0.1965749876122611 59.85
1486 0.1965273448728889 59.86
1487 0.1964816881307678 59.87
1488 0.1964382532297901 59.88
1489 0.1963972443522369 59.89
1490 0.1963587493263883 59.9
1491 0.1963228355095961 59.91
1492 0.1962894946726351 59.92
1493 0.1962586571542796 59.93
1494 0.1962301896625381 59.94
1495 0.1962039101303402 59.95
1496 0.196179586012751 59.96
1497 0.1961569369694918 59.97
1498 0.1961356425266879 59.98
1499 0.196115344984908 59.99
1500 0.1960956789350491 60
