"frac-mass-n2-rfile"
"Time Step" "frac-mass-n2 etc.."
("Time Step" "frac-mass-n2" "flow-time")
0 0.7691603174544116 0
1 0.7688963092362239 0.1
2 0.7686166683319776 0.2
3 0.7684083754244883 0.3
4 0.7682412660311119 0.4
5 0.7680847222334873 0.5
6 0.7678548303192618 0.6000000000000001
7 0.7675133706110292 0.7000000000000001
8 0.7671148315375351 0.8
9 0.7667207495017515 0.9
10 0.7663499961704162 1
11 0.765995847799445 1.1
12 0.7656525615520096 1.2
13 0.7653107353896021 1.3
14 0.7649554285915146 1.4
15 0.7645738023809679 1.5
16 0.7641616062058393 1.6
17 0.7637371032341457 1.7
18 0.7632958919375917 1.8
19 0.76283822103373 1.9
20 0.7623696102560483 2
21 0.7617940420833522 2.1
22 0.7613133743712125 2.2
23 0.7608553217514135 2.3
24 0.7604107440455372 2.4
25 0.7599567993547778 2.5
26 0.7595063006575155 2.6
27 0.7589841038725202 2.7
28 0.7585663502982585 2.8
29 0.7580916962325647 2.9
30 0.7576554194897742 3
31 0.7572506837492958 3.1
32 0.7568459313585404 3.2
33 0.7564774514124804 3.3
34 0.7561349194358323 3.4
35 0.7557902186486924 3.5
36 0.7554553286669546 3.6
37 0.755134652264421 3.7
38 0.7548123559134399 3.8
39 0.7544890973676418 3.9
40 0.7541581206951989 4
41 0.7538354963282017 4.100000000000001
42 0.7534997544852882 4.2
43 0.7531653403115066 4.3
44 0.7528256527114637 4.4
45 0.7524818871364871 4.5
46 0.7521282900569418 4.600000000000001
47 0.7517776408356283 4.7
48 0.7514279028675519 4.800000000000001
49 0.7510663106763912 4.9
50 0.7507030231842551 5
51 0.7503461567563448 5.100000000000001
52 0.7499911064998711 5.2
53 0.7496228765049054 5.300000000000001
54 0.7492542503709068 5.4
55 0.7488875259239512 5.5
56 0.748518457304636 5.600000000000001
57 0.7481486518458362 5.7
58 0.747785684863902 5.800000000000001
59 0.7474207772013732 5.9
60 0.7470545251396745 6
61 0.746688855765106 6.100000000000001
62 0.7463229434740116 6.2
63 0.7459571303188631 6.300000000000001
64 0.7455913726933296 6.4
65 0.7452201670791722 6.5
66 0.7448552669946078 6.600000000000001
67 0.7444903482984592 6.7
68 0.7441235502438825 6.800000000000001
69 0.7437527501472011 6.9
70 0.7433859893190112 7
71 0.7430188929312233 7.100000000000001
72 0.7426456550515191 7.2
73 0.7422738982159861 7.300000000000001
74 0.7419041099067775 7.4
75 0.741533551278138 7.5
76 0.7411589547676358 7.600000000000001
77 0.7407836634060317 7.7
78 0.7404066917806175 7.800000000000001
79 0.7400386617479041 7.9
80 0.739667951912085 8
81 0.7392951629076298 8.1
82 0.7389191060426743 8.200000000000001
83 0.73846177027559 8.300000000000001
84 0.7379695356678964 8.4
85 0.737586503174573 8.5
86 0.7372615742475751 8.6
87 0.7367884058610329 8.700000000000001
88 0.7364535624745456 8.800000000000001
89 0.7359395258357162 8.9
90 0.7355388493801486 9
91 0.7350183791361722 9.1
92 0.7346120720956359 9.200000000000001
93 0.7340797356719651 9.300000000000001
94 0.7336668378871887 9.4
95 0.733124283354148 9.5
96 0.7327025575960379 9.600000000000001
97 0.7321556332386226 9.700000000000001
98 0.7317208948146828 9.800000000000001
99 0.7311422875724469 9.9
100 0.7306220284795947 10
101 0.7300187018961436 10.1
102 0.7294764006266922 10.2
103 0.7288376873053133 10.3
104 0.7284069603930118 10.4
105 0.7277404814588486 10.5
106 0.7272991610276059 10.6
107 0.7266027489496307 10.7
108 0.7259798056705027 10.8
109 0.7252558008764222 10.9
110 0.7247959830372961 11
111 0.7240460666175625 11.1
112 0.7235708653128203 11.2
113 0.7228354163392868 11.3
114 0.7223663117788136 11.4
115 0.7216450740967493 11.5
116 0.7211873879627808 11.6
117 0.7205291606487112 11.7
118 0.720117325284196 11.8
119 0.7195058829144413 11.9
120 0.7191412609735672 12
121 0.7185929791345225 12.1
122 0.7181017315087116 12.2
123 0.7177588056248735 12.3
124 0.7172534072098978 12.4
125 0.7167902775658128 12.5
126 0.7164522452984606 12.6
127 0.7159617853646262 12.7
128 0.7155348128900239 12.8
129 0.7152380067872109 12.9
130 0.7149133803421582 13
131 0.7145536956931549 13.1
132 0.7141947705916593 13.2
133 0.7138354222926498 13.3
134 0.7134754216704171 13.4
135 0.713113995734679 13.5
136 0.7127500957858558 13.6
137 0.712382774264444 13.7
138 0.7120129020815149 13.8
139 0.7116419973747011 13.9
140 0.7112716978623491 14
141 0.7109032175895124 14.1
142 0.7105378340758416 14.2
143 0.7101765156327449 14.3
144 0.7098199577240769 14.4
145 0.7094682587686409 14.5
146 0.7091466095190218 14.6
147 0.708825444368663 14.7
148 0.7084757684051739 14.8
149 0.7081268698044119 14.9
150 0.707808045279662 15
151 0.7074606490196005 15.1
152 0.7071427674467805 15.2
153 0.7067969237302497 15.3
154 0.7064804419577257 15.4
155 0.7061360201883945 15.5
156 0.7058202084857835 15.6
157 0.7055048035074862 15.7
158 0.7051900533602591 15.8
159 0.704836585850824 15.9
160 0.7045332282715362 16
161 0.7042190335427148 16.1
162 0.703866588231526 16.2
163 0.7035643817094736 16.3
164 0.703212415858665 16.4
165 0.7029105509809879 16.5
166 0.7025586144003346 16.6
167 0.7022458393988561 16.7
168 0.701944138068811 16.8
169 0.7015932084874512 16.9
170 0.7012809319854951 17
171 0.70094144672014 17.1
172 0.7006295731127536 17.2
173 0.7002901441088201 17.3
174 0.6999787403254777 17.4
175 0.6996671516487141 17.5
176 0.699328135759644 17.6
177 0.6990176187344296 17.7
178 0.6986787666820933 17.8
179 0.6983679026426826 17.9
180 0.6980570015242933 18
181 0.6977191324204319 18.1
182 0.6974088499530957 18.2
183 0.6970707942561489 18.3
184 0.6967605178026085 18.4
185 0.6964502531805347 18.5
186 0.6961129288358117 18.6
187 0.6958031543677251 18.7
188 0.6954662002556052 18.8
189 0.6951564673098232 18.9
190 0.694820032243575 19
191 0.694511782921766 19.1
192 0.6941753029502467 19.2
193 0.6938669809915023 19.3
194 0.6935583008437225 19.4
195 0.6932223463771395 19.5
196 0.6929139366372473 19.6
197 0.6926054897591344 19.7
198 0.6922704908246257 19.8
199 0.691962540133618 19.9
200 0.6916545196105076 20
201 0.691319765931018 20.1
202 0.6910122320514098 20.2
203 0.6906776947785009 20.3
204 0.6903704108651236 20.4
205 0.6900635616830382 20.5
206 0.6897291056920872 20.6
207 0.6894231991115859 20.7
208 0.6890785797894015 20.8
209 0.6887840860448824 20.9
210 0.6884777568181437 21
211 0.6881338180620525 21.1
212 0.6878386893772268 21.2
213 0.6874951637207255 21.3
214 0.6871898495186862 21.4
215 0.6868957522172013 21.5
216 0.6865519286520398 21.6
217 0.6862472114963435 21.7
218 0.6859535213797272 21.8
219 0.6856112948922235 21.9
220 0.6853071792503607 22
221 0.6850139274007049 22.1
222 0.6846721042248666 22.2
223 0.6843794967233116 22.3
224 0.6840759064497831 22.4
225 0.683745904181384 22.5
226 0.6834434694351024 22.6
227 0.6831405868266599 22.7
228 0.6828110012010146 22.8
229 0.6825083349437714 22.9
230 0.6822058240334715 23
231 0.6818768017327506 23.1
232 0.6815747797042315 23.2
233 0.6812727987394629 23.3
234 0.6809441035238825 23.4
235 0.6806426883921007 23.5
236 0.680341269349267 23.6
237 0.680013586950146 23.7
238 0.6797131382813925 23.8
239 0.6794124499188762 23.9
240 0.6790851391836368 24
241 0.6787847011886162 24.1
242 0.6784844631848522 24.2
243 0.6781580780351926 24.3
244 0.6778581156523797 24.4
245 0.6775587041339488 24.5
246 0.6772324868116315 24.6
247 0.676933251842102 24.7
248 0.6766341243692695 24.8
249 0.6763085547083166 24.9
250 0.6760097345106552 25
251 0.6757112362253087 25.1
252 0.6753863277673855 25.2
253 0.6750883841603958 25.3
254 0.6747905846307629 25.4
255 0.6744554980512668 25.5
256 0.6741686271978791 25.6
257 0.6738711822373463 25.7
258 0.6735739432561408 25.8
259 0.6732502891157852 25.9
260 0.6729531357717495 26
261 0.6726562780690705 26.1
262 0.6723596067822858 26.2
263 0.6720368336286203 26.3
264 0.6717405303272509 26.4
265 0.6714446773528885 26.5
266 0.6711486609612255 26.6
267 0.6708263245241669 26.7
268 0.670530966838464 26.8
269 0.670235516074721 26.9
270 0.6699033663297694 27
271 0.6696081426627398 27.1
272 0.6693239984716838 27.2
273 0.6690293395704454 27.3
274 0.6686982735832119 27.4
275 0.6684039782629982 27.5
276 0.6681202066920484 27.6
277 0.6678262049966787 27.7
278 0.6674955992823332 27.8
279 0.6672022710701941 27.9
280 0.6669088796344913 28
281 0.6666155513805602 28.1
282 0.666332674257396 28.2
283 0.66603971438683 28.3
284 0.6657104912201913 28.4
285 0.6654179351027157 28.5
286 0.665136107632784 28.6
287 0.6648439295716704 28.7
288 0.6645155102203644 28.8
289 0.6642238573615457 28.9
290 0.6639428823199408 29
291 0.6636515808838659 29.1
292 0.663323760262414 29.2
293 0.6630328086905345 29.3
294 0.6627418165903367 29.4
295 0.6624614097961463 29.5
296 0.6621707761629392 29.6
297 0.6618441021683762 29.7
298 0.6615541544637907 29.8
299 0.6612639829183128 29.9
300 0.6609741246734767 30
301 0.6606949341139947 30.1
302 0.6604055594876954 30.2
303 0.6601160090965394 30.3
304 0.659790476222099 30.4
305 0.6595015380342484 30.5
306 0.6592231522046804 30.6
307 0.6589344576351504 30.7
308 0.6586458591117781 30.8
309 0.6583574351044559 30.9
310 0.6580330861759097 31
311 0.6577449917582809 31.1
312 0.6574572110169206 31.2
313 0.6571694434645958 31.3
314 0.6568818853619061 31.4
315 0.6565943407158158 31.5
316 0.6563071644842607 31.6
317 0.6560305177357573 31.7
318 0.6557080264457784 31.8
319 0.6554215874147605 31.9
320 0.6551350243072342 32
321 0.6548490194335901 32.1
322 0.6545631298936607 32.2
323 0.6542770671955045 32.3
324 0.6539911669619169 32.4
325 0.6537052843152671 32.5
326 0.6534195975987035 32.6
327 0.6531341786649489 32.7
328 0.6528487505287396 32.8
329 0.6525381088013806 32.9
330 0.6522535352526988 33
331 0.6519689832166855 33.1
332 0.65168470961278 33.2
333 0.6514003809983913 33.3
334 0.6511163044235381 33.4
335 0.6508324130441779 33.5
336 0.6505130273413162 33.6
337 0.6502293665790688 33.7
338 0.6499458036656788 33.8
339 0.6496727458112559 33.9
340 0.6493897937119792 34
341 0.649106843271418 34.1
342 0.6488240716486796 34.2
343 0.6485414772552759 34.3
344 0.648259065987263 34.4
345 0.6479765898642353 34.5
346 0.6476942550889558 34.6
347 0.6474122862975701 34.7
348 0.6471304110307423 34.8
349 0.6468486175655105 34.9
350 0.646566723168381 35
351 0.6462493022312813 35.1
352 0.6459679418501568 35.2
353 0.6456865873743521 35.3
354 0.6454055417703802 35.4
355 0.6451245549131175 35.5
356 0.6448433774681358 35.6
357 0.6445625007285127 35.7
358 0.6442819746779851 35.8
359 0.6440017105821418 35.9
360 0.6437214465394184 36
361 0.6434411742643193 36.1
362 0.643161227690462 36.2
363 0.6428813778505587 36.3
364 0.6426016018494648 36.4
365 0.6423221717892174 36.5
366 0.6420429997483853 36.6
367 0.641763708303157 36.7
368 0.6414847568357239 36.8
369 0.6412056749248836 36.9
370 0.6409266502194589 37
371 0.6406482049246554 37.1
372 0.6403697504923268 37.2
373 0.6400916437413091 37.3
374 0.639813348397034 37.4
375 0.6395351323886199 37.5
376 0.639257013067755 37.6
377 0.6389793404147289 37.7
378 0.6387015598229077 37.8
379 0.6384239392688184 37.9
380 0.6381465160328152 38
381 0.6378695592044881 38.1
382 0.6375927302611125 38.2
383 0.6373157639097805 38.3
384 0.6370390308456881 38.40000000000001
385 0.6367625038388525 38.5
386 0.63648604408172 38.6
387 0.6362098776739434 38.7
388 0.6359339562263758 38.8
389 0.6356581815545211 38.90000000000001
390 0.6353826644955564 39
391 0.6351068548715236 39.1
392 0.63483105887948 39.2
393 0.6345556170374377 39.3
394 0.6342802208946556 39.40000000000001
395 0.6340051911223273 39.5
396 0.6337303909204324 39.6
397 0.633455583574713 39.7
398 0.6331807940694305 39.8
399 0.6329064012204767 39.90000000000001
400 0.632632070365921 40
401 0.6323580818115579 40.1
402 0.6320841488980551 40.2
403 0.6318101152027 40.3
404 0.6315365450243003 40.40000000000001
405 0.6312630550562369 40.5
406 0.6309896909403063 40.6
407 0.6307166293199643 40.7
408 0.6304433131949784 40.8
409 0.6301700276416646 40.90000000000001
410 0.6298971429674872 41
411 0.629624327840362 41.1
412 0.6293519383048111 41.2
413 0.6290794867253393 41.3
414 0.6288072303303661 41.40000000000001
415 0.6285350217999465 41.5
416 0.6282630102292148 41.6
417 0.6279910461943353 41.7
418 0.6277194905396091 41.8
419 0.6274478144458623 41.90000000000001
420 0.627176699216654 42
421 0.6269055981119672 42.1
422 0.6266346608245331 42.2
423 0.626363558866216 42.3
424 0.626093020540257 42.40000000000001
425 0.6258221964928066 42.5
426 0.6255501351788236 42.6
427 0.6252572844127214 42.7
428 0.6249886622486391 42.8
429 0.6247187686804564 42.90000000000001
430 0.6244488566336576 43
431 0.6241788956643273 43.1
432 0.6239091328298412 43.2
433 0.6236395830099487 43.3
434 0.6233702616239634 43.40000000000001
435 0.6231010797848227 43.5
436 0.6228323745571926 43.6
437 0.6225634677677708 43.7
438 0.622294744110116 43.8
439 0.6220262848951361 43.90000000000001
440 0.6217577022356896 44
441 0.621489747317423 44.1
442 0.6212216979018581 44.2
443 0.6209539326853013 44.3
444 0.6206863014330786 44.40000000000001
445 0.6204185228656462 44.5
446 0.6201509074126614 44.6
447 0.6198838773733577 44.7
448 0.6196169399819776 44.8
449 0.6193498613214389 44.90000000000001
450 0.619082870627385 45
451 0.6188164094345632 45.1
452 0.6185498700852974 45.2
453 0.6182836404556197 45.3
454 0.6180174577434606 45.40000000000001
455 0.617751205950552 45.5
456 0.6174850777469909 45.6
457 0.6172195583809519 45.7
458 0.6169539140418568 45.8
459 0.6166885205249962 45.90000000000001
460 0.6164234016634277 46
461 0.6161581879457655 46.1
462 0.615893413471846 46.2
463 0.6156287551600271 46.3
464 0.6153640850814688 46.40000000000001
465 0.6150995040300704 46.5
466 0.6148350847023696 46.6
467 0.6145707488285476 46.7
468 0.6143068899334121 46.8
469 0.6140430585594684 46.90000000000001
470 0.6137794308651427 47
471 0.6135156693107534 47.1
472 0.613252354266544 47.2
473 0.6129892253561725 47.3
474 0.6127262608886421 47.40000000000001
475 0.6124634319796014 47.5
476 0.6122009688513285 47.6
477 0.6119385229612768 47.7
478 0.6116760523956636 47.8
479 0.6114136882271817 47.90000000000001
480 0.6111514148615551 48
481 0.6108893711293031 48.1
482 0.6106274976909286 48.2
483 0.6103660002853287 48.3
484 0.6101044208027374 48.40000000000001
485 0.6098434231196616 48.5
486 0.6095823790638494 48.6
487 0.6093216776574802 48.7
488 0.6090608040048918 48.8
489 0.6087999792371874 48.90000000000001
490 0.6085395658578878 49
491 0.6082792454451517 49.1
492 0.6080189465727146 49.2
493 0.6077592959118668 49.3
494 0.6074995413392079 49.40000000000001
495 0.6072398508901792 49.5
496 0.6069802198027963 49.6
497 0.6067211952567264 49.7
498 0.6064621122268797 49.8
499 0.6062032885251359 49.90000000000001
500 0.6059443259807508 50
501 0.6059164514061023 50.01
502 0.6058641486961585 50.02
503 0.6058397145281847 50.03
504 0.6058117499563421 50.04
505 0.6057807567137944 50.05
506 0.6057584533236673 50.06
507 0.6057440126104615 50.07
508 0.6057313944320348 50.08
509 0.6057173549487699 50.09
510 0.6057012888721321 50.1
511 0.6056825987194363 50.11
512 0.6056610569128036 50.12
513 0.6056353241904918 50.13
514 0.6056065098452942 50.14
515 0.6055771575834769 50.15
516 0.6055469267546438 50.16
517 0.6055161665814667 50.17
518 0.6054844884274754 50.18
519 0.6054514248747247 50.19
520 0.6054175427527217 50.2
521 0.6053841074232094 50.21
522 0.6053521148078115 50.22
523 0.6053191091466003 50.23
524 0.6052864681089188 50.24
525 0.6052555733418308 50.25
526 0.605227913049988 50.26
527 0.605199994809117 50.27
528 0.6051791808931671 50.28
529 0.6051657099940905 50.29
530 0.6051583587001724 50.3
531 0.6051618033793184 50.31
532 0.6051808854254125 50.32
533 0.6052121198766964 50.33
534 0.6052649820673092 50.34
535 0.605337426535567 50.35
536 0.6054366264586806 50.36
537 0.6055683752065295 50.37
538 0.6057402724259134 50.38
539 0.6059460121793171 50.39
540 0.6062016114237635 50.4
541 0.6065115196284283 50.41
542 0.6068706750249452 50.42
543 0.6073260102379383 50.43
544 0.6078578676893435 50.44
545 0.6084610877657924 50.45
546 0.6091915118745456 50.46
547 0.6100304324176402 50.47
548 0.6110233812404049 50.48
549 0.6121919051794138 50.49
550 0.6135817778764228 50.5
551 0.615178481508546 50.51
552 0.6170311528383076 50.52
553 0.6191741499274486 50.53
554 0.6216488416158873 50.54
555 0.6244759128705686 50.55
556 0.6276999592420189 50.56
557 0.6312709524226229 50.57
558 0.6351568741572078 50.58
559 0.6392613386996177 50.59
560 0.6435113946208331 50.6
561 0.6478406136662465 50.61
562 0.6520960042886058 50.62
563 0.6561957316195713 50.63
564 0.6600333496732133 50.64
565 0.663575136396735 50.65
566 0.6667565394286771 50.66
567 0.6695657050003151 50.67
568 0.6721021969955167 50.68
569 0.674387527074452 50.69
570 0.6764790760347001 50.7
571 0.6783897161778462 50.71
572 0.6801262011053473 50.72
573 0.6817367874892624 50.73
574 0.6831648378055885 50.74
575 0.6843853640446337 50.75
576 0.685381590728608 50.76
577 0.6861423137325464 50.77
578 0.6866519539742515 50.78
579 0.6868591386146987 50.79
580 0.6868463803479495 50.8
581 0.6865821337608573 50.81
582 0.6861317639412846 50.82
583 0.6854952574049169 50.83
584 0.6846995937524667 50.84
585 0.6837755953030485 50.85
586 0.6827562075481117 50.86
587 0.681690175413274 50.87
588 0.6806048972133869 50.88
589 0.6795518652130904 50.89
590 0.678547006520083 50.9
591 0.6776171937738861 50.91
592 0.6767664469276318 50.92
593 0.6760026176021835 50.93
594 0.6753194509758296 50.94
595 0.6747110417728185 50.95
596 0.6741668512436575 50.96
597 0.6736845646198777 50.97
598 0.6732942054920102 50.98
599 0.6729901893796434 50.99
600 0.6727685156784119 51
601 0.6726436750616768 51.01
602 0.6726060078642406 51.02
603 0.6726700007298024 51.03
604 0.6728502672011146 51.04
605 0.6731484479570236 51.05
606 0.6735673406618234 51.06
607 0.6741371761183439 51.07
608 0.6748793425087616 51.08
609 0.6758150716117117 51.09
610 0.6769471700038893 51.1
611 0.6782784961544389 51.11
612 0.679800193992113 51.12
613 0.6815011675974004 51.13
614 0.6833651746891255 51.14
615 0.6853418308638421 51.15
616 0.6874200610426454 51.16
617 0.689541113879635 51.17
618 0.6916133167455297 51.18
619 0.6936078793156925 51.19
620 0.6955062967113704 51.2
621 0.6972999439590309 51.21
622 0.698991316380818 51.22
623 0.700581025007702 51.23
624 0.7020782797123082 51.24
625 0.7034556756393495 51.25
626 0.7047402359168456 51.26
627 0.7058985533292141 51.27
628 0.7068999833109403 51.28
629 0.7077829785288106 51.29
630 0.7085216468081214 51.3
631 0.7091158216379899 51.31
632 0.7095472958041191 51.32
633 0.7098566132165189 51.33
634 0.7100359986140918 51.34
635 0.7100803881122705 51.35
636 0.7099845857960583 51.36
637 0.7097580358124643 51.37
638 0.7094428443774651 51.38
639 0.7090380670523747 51.39
640 0.7085461814197953 51.4
641 0.7079700966054651 51.41
642 0.7073320113393172 51.42
643 0.7066879042217681 51.43
644 0.7060287947266038 51.44
645 0.7053717365580404 51.45
646 0.704743352164297 51.46
647 0.704167496526631 51.47
648 0.7036657914256177 51.48
649 0.7032448516518616 51.49
650 0.7029677685434779 51.5
651 0.7027938902881784 51.51
652 0.7027543931631289 51.52
653 0.7028727979109319 51.53
654 0.7031400883461837 51.54
655 0.7035463627924499 51.55
656 0.7040936429322592 51.56
657 0.7047838484201631 51.57
658 0.7055923621477874 51.58
659 0.7065285759814022 51.59
660 0.7075282590701579 51.6
661 0.7086233565959638 51.61
662 0.7098058503153015 51.62
663 0.7110269398803786 51.63
664 0.7122367036272886 51.64
665 0.7134847053305085 51.65
666 0.7147302680286491 51.66
667 0.7159573214843957 51.67
668 0.7171416623776798 51.68
669 0.7182697363285664 51.69
670 0.719330074801409 51.7
671 0.7203079406245041 51.71
672 0.7211977332308871 51.72
673 0.7219970928367532 51.73
674 0.7227058369421981 51.74
675 0.723323419277468 51.75
676 0.7238503921194568 51.76
677 0.7242874738910654 51.77
678 0.7246370171023359 51.78
679 0.7248990092861134 51.79
680 0.7250754379018718 51.8
681 0.7251669228005732 51.81
682 0.725175236683552 51.82
683 0.725103424464017 51.83
684 0.7249565014379462 51.84
685 0.7247395474237978 51.85
686 0.7244592954040124 51.86
687 0.7241273157840261 51.87
688 0.7237547986016595 51.88
689 0.7233516835980245 51.89
690 0.7229344272769788 51.9
691 0.7225229702531915 51.91
692 0.7221328876094144 51.92
693 0.7217824507302394 51.93
694 0.7214822861979966 51.94
695 0.7212477815508931 51.95
696 0.7210812300024551 51.96
697 0.7209850236308849 51.97
698 0.7209650976375601 51.98
699 0.7210241450585814 51.99
700 0.7211672108111797 52
701 0.7213956793800447 52.01
702 0.7217237045667566 52.02
703 0.7221251638530318 52.03
704 0.7226108182416983 52.04
705 0.7231853453009484 52.05
706 0.7238370331561593 52.06
707 0.7245585716452996 52.07
708 0.7253458810712957 52.08
709 0.7261861331318026 52.09
710 0.727070130018542 52.1
711 0.7279835727020572 52.11
712 0.7289167923897764 52.12
713 0.7298545356816474 52.13
714 0.7307820360547458 52.14
715 0.7316821477866488 52.15
716 0.7325474285327812 52.16
717 0.7333678873098464 52.17
718 0.7341359807858345 52.18
719 0.7348472517232703 52.19
720 0.7354969836120838 52.2
721 0.7360833936476822 52.21
722 0.736605840069483 52.22
723 0.7370651388209271 52.23
724 0.7374595011994429 52.24
725 0.7377941895987642 52.25
726 0.738068985842904 52.26
727 0.7382862476572294 52.27
728 0.7384495083954773 52.28
729 0.7385532768823951 52.29
730 0.7386013013546534 52.3
731 0.738601884993116 52.31
732 0.7385480523385736 52.32
733 0.7384467701846661 52.33
734 0.7383045436960187 52.34
735 0.7381209053491663 52.35
736 0.7379022038683065 52.36
737 0.7376521664647695 52.37
738 0.7373774830717884 52.38
739 0.7370855932593559 52.39
740 0.7367869996698507 52.4
741 0.7364931467696142 52.41
742 0.7362151732401699 52.42
743 0.735961636300539 52.43
744 0.7357392561343701 52.44
745 0.735554430867159 52.45
746 0.7354121124608608 52.46
747 0.7353212608219457 52.47
748 0.7352798939217891 52.48
749 0.7352969974339307 52.49
750 0.735370183878019 52.5
751 0.7355015005226616 52.51
752 0.7357007340933795 52.52
753 0.7359587831368859 52.53
754 0.7362809483734791 52.54
755 0.7366589706389239 52.55
756 0.7370913299379064 52.56
757 0.7375761040248228 52.57
758 0.7381101181065792 52.58
759 0.7386811212913691 52.59
760 0.7392925874462645 52.6
761 0.7399361451936167 52.61
762 0.7406020807335654 52.62
763 0.7412799960565712 52.63
764 0.7419590522015378 52.64
765 0.7426289888238023 52.65
766 0.7432798348601461 52.66
767 0.7439034920911511 52.67
768 0.744495296907573 52.68
769 0.7450526010564824 52.69
770 0.7455730800665713 52.7
771 0.7460560086749665 52.71
772 0.7465004275718459 52.72
773 0.7469069295668644 52.73
774 0.74727524911719 52.74
775 0.7476057193990447 52.75
776 0.7479002007168609 52.76
777 0.7481603821076668 52.77
778 0.748387636919173 52.78
779 0.7485818683411647 52.79
780 0.7487425765886859 52.8
781 0.7488686202748358 52.81
782 0.7489586290478697 52.82
783 0.749012185585394 52.83
784 0.749029656391035 52.84
785 0.7490119593198556 52.85
786 0.7489607932833625 52.86
787 0.7488781201176248 52.87
788 0.7487670228157878 52.88
789 0.7486313396332415 52.89
790 0.748475165269571 52.9
791 0.7483038977990748 52.91
792 0.7481247350732027 52.92
793 0.7479460291319195 52.93
794 0.747775307633168 52.94
795 0.7476183448334255 52.95
796 0.7474794782810453 52.96
797 0.747362152163476 52.97
798 0.7472695630027961 52.98
799 0.7472044481580561 52.99
800 0.7471692741528912 53
801 0.7471662712707584 53.01
802 0.7471972194733236 53.02
803 0.7472635462547861 53.03
804 0.7473659803064845 53.04
805 0.7475048328212422 53.05
806 0.7476798287603248 53.06
807 0.7478904425744332 53.07
808 0.7481358116474788 53.08
809 0.7484147211417819 53.09
810 0.7487252589427288 53.1
811 0.7490652318972688 53.11
812 0.7494315634067384 53.12
813 0.7498203054804365 53.13
814 0.7502268307071105 53.14
815 0.75064552461213 53.15
816 0.7510699494335031 53.16
817 0.7514936252747295 53.17
818 0.7519098351437365 53.18
819 0.7523131663301226 53.19
820 0.7526999681429734 53.2
821 0.7530676015146361 53.21
822 0.7534144953244234 53.22
823 0.7537392312828441 53.23
824 0.7540408581531739 53.24
825 0.7543187207797661 53.25
826 0.7545723988813006 53.26
827 0.7548016582569339 53.27
828 0.7550066542540342 53.28
829 0.7551876090111413 53.29
830 0.7553448695749968 53.3
831 0.7554789041046469 53.31
832 0.7555901050950272 53.32
833 0.755678918362754 53.33
834 0.7557457570884148 53.34
835 0.7557909869608093 53.35
836 0.7558149871286294 53.36
837 0.7558181602848567 53.37
838 0.7558011091444415 53.38
839 0.7557644386770613 53.39
840 0.7557090086790943 53.4
841 0.7556359647059816 53.41
842 0.7555469593612366 53.42
843 0.7554440153752239 53.43
844 0.755329575792575 53.44
845 0.7552072623933885 53.45
846 0.7550818508587135 53.46
847 0.754958183888282 53.47
848 0.7548400418002768 53.48
849 0.7547300013782362 53.49
850 0.7546299680683882 53.5
851 0.7545417492950602 53.51
852 0.7544669068950086 53.52
853 0.7544073648914452 53.53
854 0.7543648344776213 53.54
855 0.7543410416752759 53.55
856 0.7543372718890798 53.56
857 0.7543547911277202 53.57
858 0.754394607839535 53.58
859 0.7544574406052078 53.59
860 0.7545434781987919 53.6
861 0.7546529413955803 53.61
862 0.7547854177695676 53.62
863 0.7549404564733361 53.63
864 0.7551172724479741 53.64
865 0.7553147202078184 53.65
866 0.7555311224504901 53.66
867 0.7557643153201281 53.67
868 0.7560115540522666 53.68
869 0.7562695372260921 53.69
870 0.7565347127434841 53.7
871 0.7568028961885278 53.71
872 0.7570698692701313 53.72
873 0.7573314078013013 53.73
874 0.7575845984394043 53.74
875 0.7578273886672406 53.75
876 0.7580582393564612 53.76
877 0.7582760420905214 53.77
878 0.7584800517416496 53.78
879 0.7586696856725794 53.79
880 0.7588445812096118 53.8
881 0.759004413127529 53.81
882 0.7591490966237331 53.82
883 0.7592787318598624 53.83
884 0.7593935134911795 53.84
885 0.7594937595592426 53.85
886 0.7595796569423243 53.86
887 0.7596514902058858 53.87
888 0.7597094811276657 53.88
889 0.7597538455628503 53.89
890 0.7597847953396411 53.9
891 0.7598025095613059 53.91
892 0.7598071851359648 53.92
893 0.7597991695188145 53.93
894 0.759778755737551 53.94
895 0.7597463004649807 53.95
896 0.7597024716443187 53.96
897 0.7596480499258692 53.97
898 0.7595841352110699 53.98
899 0.75951215002747 53.99
900 0.7594343773384811 54
901 0.7593534505084227 54.01
902 0.7592719884562739 54.02
903 0.7591920858785772 54.03
904 0.7591154710278704 54.04
905 0.7590435502421262 54.05
906 0.7589776198259642 54.06
907 0.7589188223098307 54.07
908 0.7588683329646035 54.08
909 0.7588272942334617 54.09
910 0.7587968520353232 54.1
911 0.7587781349960498 54.11
912 0.7587720362537057 54.12
913 0.7587796106604582 54.13
914 0.7588016381990881 54.14
915 0.7588386222497968 54.15
916 0.7588909219516825 54.16
917 0.7589587291536051 54.17
918 0.7590419523124019 54.18
919 0.759140310978782 54.19
920 0.7592531322433899 54.2
921 0.7593794533808272 54.21
922 0.7595181522542179 54.22
923 0.7596676819778008 54.23
924 0.7598262553843244 54.24
925 0.7599915712927119 54.25
926 0.7601610703206556 54.26
927 0.7603320889333404 54.27
928 0.7605020239361387 54.28
929 0.7606685505577208 54.29
930 0.760829855414158 54.3
931 0.7609845921781523 54.31
932 0.7611318389524827 54.32
933 0.7612708532611818 54.33
934 0.7614010665917347 54.34
935 0.7615219846237421 54.35
936 0.7616332728416445 54.36
937 0.7617347936010694 54.37
938 0.7618264382029868 54.38
939 0.7619082350714368 54.39
940 0.7619802893538286 54.4
941 0.7620426347772054 54.41
942 0.7620953695553987 54.42
943 0.7621386691686065 54.43
944 0.7621723484394693 54.44
945 0.7621968385669207 54.45
946 0.7622124346680544 54.46
947 0.7622192069521961 54.47
948 0.7622173003765295 54.48
949 0.7622069223574219 54.49
950 0.7621883022065724 54.5
951 0.7621617460933037 54.51
952 0.762127693983519 54.52
953 0.7620866462306186 54.53
954 0.76203942978962 54.54
955 0.7619870809754492 54.55
956 0.7619312038697988 54.56
957 0.761873094392821 54.57
958 0.7618142599440365 54.58
959 0.7617560903186776 54.59
960 0.7616996955404569 54.6
961 0.761646004512831 54.61
962 0.7615959286778637 54.62
963 0.7615502920360137 54.63
964 0.7615100127388498 54.64
965 0.7614760035804083 54.65
966 0.7614489992993783 54.66
967 0.7614298220892731 54.67
968 0.7614193590457485 54.68
969 0.7614181394750429 54.69
970 0.7614267225885376 54.7
971 0.7614455588774048 54.71
972 0.7614749239296895 54.72
973 0.7615149495796216 54.73
974 0.7615656793317483 54.74
975 0.7616268328415955 54.75
976 0.7616979940886145 54.76
977 0.7617785214607179 54.77
978 0.7618676283719937 54.78
979 0.7619641483782021 54.79
980 0.7620667954849207 54.8
981 0.7621741517709503 54.81
982 0.7622844829749194 54.82
983 0.7623959436671062 54.83
984 0.7625066888289815 54.84
985 0.7626153303174936 54.85
986 0.7627207102614909 54.86
987 0.7628218938031726 54.87
988 0.7629181056669312 54.88
989 0.7630087690683564 54.89
990 0.7630934583050935 54.9
991 0.7631718003237213 54.91
992 0.763243476775293 54.92
993 0.7633080373225241 54.93
994 0.7633658122829267 54.94
995 0.7634167656868374 54.95
996 0.7634607763109532 54.96
997 0.7634978492006046 54.97
998 0.7635280444088283 54.98
999 0.7635514035669348 54.99
1000 0.7635680541015557 55
1001 0.7635780815722538 55.01
1002 0.7635815637715702 55.02
1003 0.7635786331072628 55.03
1004 0.7635694631290583 55.04
1005 0.7635542386901862 55.05
1006 0.7635332326530802 55.06
1007 0.763506749584684 55.07
1008 0.763475225177792 55.08
1009 0.7634392273867745 55.09
1010 0.7633994407846509 55.1
1011 0.7633568062997695 55.11
1012 0.7633123220749273 55.12
1013 0.7632670536927922 55.13
1014 0.7632218999461383 55.14
1015 0.7631775930299457 55.15
1016 0.7631349494182694 55.16
1017 0.7630947000344011 55.17
1018 0.7630575023334722 55.18
1019 0.7630240283882228 55.19
1020 0.7629949800306663 55.2
1021 0.762970914526967 55.21
1022 0.7629524792414091 55.22
1023 0.7629401861951541 55.23
1024 0.7629345345761671 55.24
1025 0.7629359225312332 55.25
1026 0.7629446643255858 55.26
1027 0.7629609785878936 55.27
1028 0.762984948653906 55.28
1029 0.7630165469595178 55.29
1030 0.763055612210929 55.3
1031 0.7631018342234598 55.31
1032 0.7631548042401758 55.32
1033 0.7632138797927767 55.33
1034 0.7632783010541443 55.34
1035 0.7633471161668158 55.35
1036 0.7634191936721062 55.36
1037 0.7634933514455203 55.37
1038 0.7635683458742919 55.38
1039 0.7636430070961202 55.39
1040 0.7637163061410784 55.4
1041 0.7637873645408677 55.41
1042 0.7638555421776105 55.42
1043 0.7639202300894611 55.43
1044 0.7639809638359188 55.44
1045 0.7640373776235191 55.45
1046 0.7640891683700426 55.46
1047 0.7641361157663958 55.47
1048 0.7641780674236707 55.48
1049 0.7642148648997861 55.49
1050 0.7642464430618308 55.5
1051 0.764272779335099 55.51
1052 0.7642938834595657 55.52
1053 0.7643098071918651 55.53
1054 0.7643205367660559 55.54
1055 0.7643261308288073 55.55
1056 0.7643266966270766 55.56
1057 0.7643223501938528 55.57
1058 0.7643132462286111 55.58
1059 0.7642995586184244 55.59
1060 0.7642815199740028 55.6
1061 0.7642594090403232 55.61
1062 0.7642336168956904 55.62
1063 0.7642045664235155 55.63
1064 0.7641729111920595 55.64
1065 0.7641392695466296 55.65
1066 0.764104408742508 55.66
1067 0.764069040999809 55.67
1068 0.7640338745822313 55.68
1069 0.7639994995039934 55.69
1070 0.7639664348510313 55.7
1071 0.7639353519691068 55.71
1072 0.7639067180496538 55.72
1073 0.7638811414277261 55.73
1074 0.7638590269750121 55.74
1075 0.7638409114605187 55.75
1076 0.7638272099566944 55.76
1077 0.7638182623611182 55.77
1078 0.7638144055809434 55.78
1079 0.7638158919765103 55.79
1080 0.763822849977956 55.8
1081 0.7638353958554513 55.81
1082 0.7638535789262815 55.82
1083 0.7638773067457576 55.83
1084 0.763906340263422 55.84
1085 0.7639404292176163 55.85
1086 0.7639790968483705 55.86
1087 0.7640218489993682 55.87
1088 0.764068009664892 55.88
1089 0.7641167723357244 55.89
1090 0.7641674023355765 55.9
1091 0.7642188054505284 55.91
1092 0.7642702110193256 55.92
1093 0.764320893238832 55.93
1094 0.7643702075130179 55.94
1095 0.7644176786316695 55.95
1096 0.7644628022469302 55.96
1097 0.7645051093204237 55.97
1098 0.764544026284692 55.98
1099 0.7645793547709624 55.99
1100 0.7646112105651729 56
1101 0.7646393400069926 56.01
1102 0.7646635465213282 56.02
1103 0.7646837600631882 56.03
1104 0.764699849654622 56.04
1105 0.7647117899486503 56.05
1106 0.7647196611694974 56.06
1107 0.7647234919865904 56.07
1108 0.7647233364844397 56.08
1109 0.764719276621261 56.09
1110 0.7647114425075634 56.1
1111 0.7646999949004878 56.11
1112 0.7646851239534118 56.12
1113 0.7646670719563168 56.13
1114 0.7646461382303096 56.14
1115 0.7646227109339926 56.15
1116 0.7645972497478239 56.16
1117 0.7645702637275021 56.17
1118 0.7645423536199739 56.18
1119 0.764514053379692 56.19
1120 0.7644858531160121 56.2
1121 0.7644582669841316 56.21
1122 0.7644317960496344 56.22
1123 0.76440694056353 56.23
1124 0.7643840930408136 56.24
1125 0.76436364894321 56.25
1126 0.7643460462393129 56.26
1127 0.764331577464631 56.27
1128 0.7643205640898925 56.28
1129 0.7643132107570449 56.29
1130 0.7643097679826794 56.3
1131 0.764310378073056 56.31
1132 0.7643151614501855 56.32
1133 0.7643241404574767 56.33
1134 0.7643373028882342 56.34
1135 0.7643545169890479 56.35
1136 0.76437559205134 56.36
1137 0.7644002042182365 56.37
1138 0.7644279808428267 56.38
1139 0.7644584711516268 56.39
1140 0.7644911714634209 56.4
1141 0.7645254480766536 56.41
1142 0.7645608271424309 56.42
1143 0.7645965486811075 56.43
1144 0.7646319640650318 56.44
1145 0.7646665140018265 56.45
1146 0.7646997809806826 56.46
1147 0.7647314064677928 56.47
1148 0.7647610111173146 56.48
1149 0.7647882806196872 56.49
1150 0.7648129706994801 56.5
1151 0.7648349005065116 56.51
1152 0.7648538593752277 56.52
1153 0.7648697226021882 56.53
1154 0.7648824368402926 56.54
1155 0.7648919141557436 56.55
1156 0.7648981560448457 56.56
1157 0.7649011666735867 56.57
1158 0.7649009770091901 56.58
1159 0.7648976554696981 56.59
1160 0.764891280477254 56.6
1161 0.7648819801999331 56.61
1162 0.7648699070819586 56.62
1163 0.7648552542764218 56.63
1164 0.7648382692905448 56.64
1165 0.7648192584070855 56.65
1166 0.7647985852593294 56.66
1167 0.7647766739327641 56.67
1168 0.7647539522615209 56.68
1169 0.7647308931531485 56.69
1170 0.7647079122664111 56.7
1171 0.7646854069869586 56.71
1172 0.7646637598306013 56.72
1173 0.7646433823291761 56.73
1174 0.7646246186372214 56.74
1175 0.7646077837182964 56.75
1176 0.7645931691136926 56.76
1177 0.7645810467570864 56.77
1178 0.7645716149193398 56.78
1179 0.7645650807752485 56.79
1180 0.7645615330199825 56.8
1181 0.7645611074625291 56.81
1182 0.7645638485124605 56.82
1183 0.764569768427823 56.83
1184 0.7645790615141862 56.84
1185 0.7645913827304128 56.85
1186 0.7646062932170519 56.86
1187 0.7646236765761949 56.87
1188 0.764643247386162 56.88
1189 0.7646646402951461 56.89
1190 0.764687424383102 56.9
1191 0.7647112600834471 56.91
1192 0.764735642532815 56.92
1193 0.7647599689882789 56.93
1194 0.7647838571073098 56.94
1195 0.7648069613218734 56.95
1196 0.7648289570227119 56.96
1197 0.764849514094467 56.97
1198 0.7648684153642518 56.98
1199 0.764885418712563 56.99
1200 0.7649002550005142 57
1201 0.7649128689913675 57.01
1202 0.7649230478511351 57.02
1203 0.7649307102033938 57.03
1204 0.764935809498396 57.04
1205 0.7649383376838912 57.05
1206 0.7649382857682794 57.06
1207 0.7649356883632095 57.07
1208 0.7649306059657269 57.08
1209 0.7649231284024264 57.09
1210 0.7649133702133345 57.1
1211 0.7649014897383082 57.11
1212 0.7648876756398588 57.12
1213 0.7648721612458514 57.13
1214 0.7648552227885747 57.14
1215 0.7648371708968716 57.15
1216 0.764818346154479 57.16
1217 0.7647991105365064 57.17
1218 0.7647798094969487 57.18
1219 0.7647607863486064 57.19
1220 0.7647423742467755 57.2
1221 0.7647248748206004 57.21
1222 0.7647085703610903 57.22
1223 0.7646937398632739 57.23
1224 0.7646806044057661 57.24
1225 0.7646693840646182 57.25
1226 0.7646602445116252 57.26
1227 0.764653341765389 57.27
1228 0.7646487779919177 57.28
1229 0.7646465924189879 57.29
1230 0.7646468316865334 57.3
1231 0.7646494843836059 57.31
1232 0.7646544957104481 57.32
1233 0.764661748371898 57.33
1234 0.7646710822856891 57.34
1235 0.7646822881411302 57.35
1236 0.7646950993668998 57.36
1237 0.7647092269636184 57.37
1238 0.7647243471621701 57.38
1239 0.7647401151267994 57.39
1240 0.7647561808605273 57.4
1241 0.7647722075952627 57.41
1242 0.7647878804768833 57.42
1243 0.7648028658985566 57.43
1244 0.7648169410177862 57.44
1245 0.7648298480049844 57.45
1246 0.7648413609635071 57.46
1247 0.7648513178825832 57.47
1248 0.7648595577930954 57.48
1249 0.7648659418167222 57.49
1250 0.764870372532099 57.5
1251 0.7648727974306765 57.51
1252 0.7648731988190201 57.52
1253 0.764871565842589 57.53
1254 0.764867924978732 57.54
1255 0.7648623043395066 57.55
1256 0.7648547803782267 57.56
1257 0.7648454587069917 57.57
1258 0.7648344789101206 57.58
1259 0.7648220089531858 57.59
1260 0.7648082519782298 57.6
1261 0.7647934404147004 57.61
1262 0.7647778301323674 57.62
1263 0.7647616993647672 57.63
1264 0.7647453416682307 57.64
1265 0.7647290254878475 57.65
1266 0.7647130197352328 57.66
1267 0.7646975890715508 57.67
1268 0.7646829744316128 57.68
1269 0.7646693948198401 57.69
1270 0.7646570574834465 57.7
1271 0.7646461485377335 57.71
1272 0.7646368122516967 57.72
1273 0.7646291640590902 57.73
1274 0.7646233095158929 57.74
1275 0.7646193104787127 57.75
1276 0.7646171958579133 57.76
1277 0.7646169633381327 57.77
1278 0.7646185617908487 57.78
1279 0.7646219148725336 57.79
1280 0.7646269016028717 57.8
1281 0.7646333519656392 57.81
1282 0.7646410677315 57.82
1283 0.7646498208088992 57.83
1284 0.7646593581328902 57.84
1285 0.7646694239489114 57.85
1286 0.7646797552262233 57.86
1287 0.7646900917256877 57.87
1288 0.7647001863409624 57.88
1289 0.764709804282052 57.89
1290 0.7647187132044441 57.9
1291 0.7647267147950257 57.91
1292 0.7647336439538391 57.92
1293 0.7647393604429956 57.93
1294 0.7647437292993732 57.94
1295 0.7647466571169343 57.95
1296 0.7647480572604651 57.96
1297 0.7647478883995367 57.97
1298 0.7647461262145555 57.98
1299 0.7647427697429091 57.99
1300 0.7647378521833208 58
1301 0.7647314357508581 58.01
1302 0.7647236081354269 58.02
1303 0.7647144674324609 58.03
1304 0.7647041296407334 58.04
1305 0.7646927774338491 58.05
1306 0.7646805776060529 58.06
1307 0.7646677435683179 58.07
1308 0.7646544883451387 58.08
1309 0.7646410235944385 58.09
1310 0.7646275626873633 58.1
1311 0.7646143357614128 58.11
1312 0.7646015339019573 58.12
1313 0.7645893705440229 58.13
1314 0.7645780096426938 58.14
1315 0.7645676138194893 58.15
1316 0.7645583225818792 58.16
1317 0.7645502600767942 58.17
1318 0.7645435172999022 58.18
1319 0.7645381710594632 58.19
1320 0.7645342499344723 58.2
1321 0.7645317736702493 58.21
1322 0.7645307270914278 58.22
1323 0.7645310498039148 58.23
1324 0.7645326567211097 58.24
1325 0.7645354541992057 58.25
1326 0.7645393066457704 58.26
1327 0.7645440647103013 58.27
1328 0.7645495554883655 58.28
1329 0.7645555904162314 58.29
1330 0.7645619581670943 58.3
1331 0.7645684689947136 58.31
1332 0.7645749001228934 58.32
1333 0.7645810702560307 58.33
1334 0.7645867925745444 58.34
1335 0.7645919275524116 58.35
1336 0.7645963247591603 58.36
1337 0.764599836597825 58.37
1338 0.7646023423769274 58.38
1339 0.7646037585063138 58.39
1340 0.764604021999276 58.4
1341 0.7646030951320838 58.41
1342 0.7646009729501771 58.42
1343 0.7645976248889742 58.43
1344 0.7645930728377245 58.44
1345 0.7645873453421996 58.45
1346 0.764580515830466 58.46
1347 0.7645726632943681 58.47
1348 0.7645638991872159 58.48
1349 0.7645543516575135 58.49
1350 0.76454416131878 58.5
1351 0.764533474391304 58.51
1352 0.7645224662250129 58.52
1353 0.7645113040158465 58.53
1354 0.7645001636949021 58.54
1355 0.7644892037270197 58.55
1356 0.7644785959383501 58.56
1357 0.7644684814100237 58.57
1358 0.7644590047768576 58.58
1359 0.7644502793211584 58.59
1360 0.764442416373681 58.6
1361 0.7644354994707602 58.61
1362 0.7644296042227621 58.62
1363 0.7644247626863597 58.63
1364 0.7644210023007419 58.64
1365 0.7644183327987615 58.65
1366 0.7644167216164912 58.66
1367 0.7644161204188192 58.67
1368 0.7644164695283573 58.68
1369 0.7644176707364876 58.69
1370 0.7644196154578289 58.7
1371 0.7644221732774574 58.71
1372 0.764425212003162 58.72
1373 0.7644285755482501 58.73
1374 0.7644321185082763 58.74
1375 0.7644356799914327 58.75
1376 0.7644391130281478 58.76
1377 0.7644422777709661 58.77
1378 0.7644450442749191 58.78
1379 0.7644472866654237 58.79
1380 0.7644489049036614 58.8
1381 0.7644498087539615 58.81
1382 0.7644499261064689 58.82
1383 0.7644491873117221 58.83
1384 0.7644475473732111 58.84
1385 0.7644449791140717 58.85
1386 0.764441479171153 58.86
1387 0.7644370500076622 58.87
1388 0.7644317275808219 58.88
1389 0.7644255538403131 58.89
1390 0.7644185933227979 58.9
1391 0.7644109268688883 58.91
1392 0.7644026520142433 58.92
1393 0.7643938722114226 58.93
1394 0.7643847039546893 58.94
1395 0.764375274313134 58.95
1396 0.7643657176347722 58.96
1397 0.7643561605192384 58.97
1398 0.7643467328743262 58.98
1399 0.7643375499493887 58.99
1400 0.764328735414053 59
1401 0.7643203845470626 59.01
1402 0.7643125950511267 59.02
1403 0.764305442763093 59.03
1404 0.7642990023962147 59.04
1405 0.7642933092830317 59.05
1406 0.7642884013906887 59.06
1407 0.7642842839402396 59.07
1408 0.7642809644423955 59.08
1409 0.7642784132443555 59.09
1410 0.7642766001890424 59.1
1411 0.7642754632947336 59.11
1412 0.7642749252601108 59.12
1413 0.7642749152032923 59.13
1414 0.7642753259837666 59.14
1415 0.7642760560486932 59.15
1416 0.7642769893971668 59.16
1417 0.7642780114309974 59.17
1418 0.7642790067508969 59.18
1419 0.76427986263292 59.19
1420 0.7642804727891279 59.2
1421 0.7642807280984873 59.21
1422 0.764280539641459 59.22
1423 0.7642798285850623 59.23
1424 0.7642785265036927 59.24
1425 0.7642765884884357 59.25
1426 0.7642739575378495 59.26
1427 0.7642706055224573 59.27
1428 0.7642664990828194 59.28
1429 0.7642616616647208 59.29
1430 0.764256091642424 59.3
1431 0.7642498135350922 59.31
1432 0.7642428747365284 59.32
1433 0.7642353203858235 59.33
1434 0.7642272363120761 59.34
1435 0.7642186703451324 59.35
1436 0.764209722698668 59.36
1437 0.7642004959087221 59.37
1438 0.7641910775118522 59.38
1439 0.76418158973348 59.39
1440 0.7641721193646843 59.4
1441 0.7641627664971422 59.41
1442 0.7641536139164676 59.42
1443 0.764144753180736 59.43
1444 0.7641362615767802 59.44
1445 0.7641282092768172 59.45
1446 0.7641206597747692 59.46
1447 0.7641136481616639 59.47
1448 0.7641072198953808 59.48
1449 0.7641013863368634 59.49
1450 0.764096149920675 59.5
1451 0.7640915018266932 59.51
1452 0.7640874459614226 59.52
1453 0.7640839366620986 59.53
1454 0.7640809872103262 59.54
1455 0.7640787268100496 59.55
1456 0.7640766052957658 59.56
1457 0.7640746330754058 59.57
1458 0.7640727941831447 59.58
1459 0.7640710166680323 59.59
1460 0.7640692215524243 59.6
1461 0.7640673346530746 59.61
1462 0.7640652838828574 59.62
1463 0.764062978099626 59.63
1464 0.7640603651702468 59.64
1465 0.764057358761227 59.65
1466 0.7640539097983573 59.66
1467 0.7640499434008167 59.67
1468 0.7640454441605856 59.68
1469 0.7640403889164198 59.69
1470 0.7640347655839879 59.7
1471 0.7640285655911502 59.71
1472 0.7640218039335885 59.72
1473 0.764014498598838 59.73
1474 0.7640066846144018 59.74
1475 0.763998418712003 59.75
1476 0.7639897464858391 59.76
1477 0.7639807298963772 59.77
1478 0.7639714381564563 59.78
1479 0.7639619559262376 59.79
1480 0.7639523557591216 59.8
1481 0.7639427067903142 59.81
1482 0.7639330943878633 59.82
1483 0.7639235911121514 59.83
1484 0.7639142655248398 59.84
1485 0.7639051956020459 59.85
1486 0.7638964354431137 59.86
1487 0.7638880341220667 59.87
1488 0.7638800508008865 59.88
1489 0.763872463361053 59.89
1490 0.7638653703084466 59.9
1491 0.763858756040244 59.91
1492 0.7638526115466278 59.92
1493 0.7638469294462533 59.93
1494 0.7638416781428372 59.94
1495 0.7638368280284153 59.95
1496 0.763832334597066 59.96
1497 0.7638281533905784 59.97
1498 0.7638242158064529 59.98
1499 0.7638204683233221 59.99
1500 0.763816833910155 60
