"pressao-porta-rfile"
"Time Step" "pressao-porta etc.."
("Time Step" "pressao-porta" "flow-time")
0 -3002.528006934842 0
1 116422.1890823496 0.1
2 72198.81709405621 0.2
3 -3337.736201860672 0.3
4 -44077.54393508162 0.4
5 -59715.08489905469 0.5
6 -67714.22311094147 0.6000000000000001
7 -72225.4263979417 0.7000000000000001
8 -73800.72118746843 0.8
9 -70415.1558255737 0.9
10 -58524.20429277921 1
11 -39273.36040318153 1.1
12 -19279.25583849061 1.2
13 -4102.918634714682 1.3
14 5043.1222011657 1.4
15 10028.53917012098 1.5
16 13313.78019136855 1.6
17 16353.73581533471 1.7
18 20026.92864296476 1.8
19 22824.47686735514 1.9
20 23793.69752692409 2
21 23341.86690941238 2.1
22 21716.15043071294 2.2
23 18115.46613616609 2.3
24 14399.3559375836 2.4
25 10827.10152577983 2.5
26 7511.325395394716 2.6
27 4647.211749318145 2.7
28 2405.683474130222 2.8
29 921.8413218826454 2.9
30 278.908461674257 3
31 514.9712657251072 3.1
32 1592.629375576818 3.2
33 3444.979124629968 3.3
34 5949.381913778203 3.4
35 8955.149569276527 3.5
36 12290.66126949282 3.6
37 15771.42075025314 3.7
38 19240.13537036729 3.8
39 22546.88523739162 3.9
40 25584.12222561431 4
41 28267.66449654654 4.100000000000001
42 30548.54349213917 4.2
43 32417.71839023545 4.3
44 33894.06464253937 4.4
45 35005.81415351833 4.5
46 35811.75035743613 4.600000000000001
47 36375.22082865857 4.7
48 36751.42133602281 4.800000000000001
49 37017.9959361978 4.9
50 37233.68801468855 5
51 37450.44657601808 5.100000000000001
52 37718.25691054643 5.2
53 38065.83181570603 5.300000000000001
54 38544.60725688292 5.4
55 39164.5896808206 5.5
56 39924.58939845819 5.600000000000001
57 40820.56203943112 5.7
58 41836.34332608273 5.800000000000001
59 42952.30268213133 5.9
60 44139.13124773164 6
61 45365.00053761559 6.100000000000001
62 46596.0239648287 6.2
63 47793.21132252635 6.300000000000001
64 48923.88392099379 6.4
65 49956.78926322112 6.5
66 50865.54447127689 6.600000000000001
67 51628.96117054624 6.7
68 52233.46130342787 6.800000000000001
69 52676.50375539858 6.9
70 52961.31056005209 7
71 53092.15285051023 7.100000000000001
72 53092.94030277556 7.2
73 52976.52855333566 7.300000000000001
74 52766.84744051795 7.4
75 52486.20649711364 7.5
76 52157.20046948897 7.600000000000001
77 51802.98923866533 7.7
78 51440.91370064044 7.800000000000001
79 51087.5626769125 7.9
80 50757.2231962131 8
81 50458.23661387807 8.1
82 50201.85901469763 8.200000000000001
83 49967.4274476293 8.300000000000001
84 49649.04167621426 8.4
85 49477.20928537726 8.5
86 49377.28610778895 8.6
87 49161.13381691994 8.700000000000001
88 49164.69639057079 8.800000000000001
89 49003.13049097099 8.9
90 49102.12369701552 9
91 48996.40894395459 9.1
92 49181.14714381313 9.200000000000001
93 49112.71009825241 9.300000000000001
94 49347.2467560935 9.4
95 49296.9922961236 9.5
96 49543.55517535976 9.600000000000001
97 49497.38804169745 9.700000000000001
98 49728.94453086672 9.800000000000001
99 49675.80927647632 9.9
100 49881.38553822006 10
101 49818.83840684728 10.1
102 50006.47803464986 10.2
103 49935.55002601044 10.3
104 50104.25277574071 10.4
105 50028.9615143702 10.5
106 50196.8270806598 10.6
107 50127.37656192682 10.7
108 50282.94978274964 10.8
109 50222.22088210964 10.9
110 50377.12890824828 11
111 50324.37841377296 11.1
112 50484.8290398882 11.2
113 50443.61117961878 11.3
114 50590.56091086475 11.4
115 50559.17893350816 11.5
116 50701.45787970242 11.6
117 50678.62224478071 11.7
118 50782.29044097814 11.8
119 50765.21455877595 11.9
120 50838.82671293857 12
121 50831.10908776287 12.1
122 50854.49386638722 12.2
123 50943.39517256457 12.3
124 50937.71612528096 12.4
125 50968.8362481342 12.5
126 51132.64776523293 12.6
127 51140.20773966267 12.7
128 51186.67109217653 12.8
129 51458.73592114555 12.9
130 51232.90046082045 13
131 51529.39934610456 13.1
132 52416.27184793956 13.2
133 53618.17636339359 13.3
134 54956.85273250585 13.4
135 56421.92810753772 13.5
136 58147.6872390522 13.6
137 60332.9651365047 13.7
138 62909.16013468604 13.8
139 65584.23973917599 13.9
140 67981.92354321196 14
141 69860.78972467541 14.1
142 71161.2407630185 14.2
143 71950.13743249197 14.3
144 72348.10755529779 14.4
145 72471.25834247899 14.5
146 72527.97397183484 14.6
147 72542.89978429863 14.7
148 72545.71999000934 14.8
149 72525.93375063654 14.9
150 72487.05158723159 15
151 72434.81425972217 15.1
152 72369.0390716148 15.2
153 72296.78908795901 15.3
154 72223.26590429973 15.4
155 72150.48496092577 15.5
156 72084.18960540558 15.6
157 72026.51830791464 15.7
158 71980.74232321589 15.8
159 71949.16046302332 15.9
160 71934.19533736499 16
161 71936.98935892228 16.1
162 71957.25561595675 16.2
163 71997.3276227795 16.3
164 72056.08751498531 16.4
165 72133.21498605034 16.5
166 72229.72621496848 16.6
167 72343.37720479499 16.7
168 72473.33111029674 16.8
169 72618.3127192422 16.9
170 72776.74268175919 17
171 72946.70075273233 17.1
172 73127.78062927941 17.2
173 73317.15096509847 17.3
174 73512.848239914 17.4
175 73714.98739506205 17.5
176 73921.18451502244 17.6
177 74129.45798921146 17.7
178 74337.25138286357 17.8
179 74543.92048230251 17.9
180 74749.41923858727 18
181 74949.79625607471 18.1
182 75145.33744182291 18.2
183 75335.54729989576 18.3
184 75520.95476925862 18.4
185 75698.06515598396 18.5
186 75867.72931856615 18.6
187 76029.60445004195 18.7
188 76182.96151939467 18.8
189 76328.7822193139 18.9
190 76463.84717210347 19
191 76589.96444751977 19.1
192 76705.76631328464 19.2
193 76813.46384300395 19.3
194 76911.81301361795 19.4
195 77002.75491082623 19.5
196 77084.86470433099 19.6
197 77157.65016755139 19.7
198 77223.01453489586 19.8
199 77281.30096149487 19.9
200 77331.15741794126 20
201 77375.76233036187 20.1
202 77413.66509989618 20.2
203 77445.76406146145 20.3
204 77473.10870586021 20.4
205 77496.71276478554 20.5
206 77515.22459150379 20.6
207 77531.57244088796 20.7
208 77543.25833111846 20.8
209 77551.37787166606 20.9
210 77557.95530646274 21
211 77563.36299592121 21.1
212 77568.52391640817 21.2
213 77572.31273361141 21.3
214 77575.70441861404 21.4
215 77578.7730204313 21.5
216 77583.11907196754 21.6
217 77586.85405950295 21.7
218 77591.35656021976 21.8
219 77597.41378411969 21.9
220 77606.08483963087 22
221 77615.60246377465 22.1
222 77626.13591945844 22.2
223 77637.90776414945 22.3
224 77651.33867016944 22.4
225 77665.7857868283 22.5
226 77682.35417239965 22.6
227 77699.97519835264 22.7
228 77720.46209473303 22.8
229 77743.01846301068 22.9
230 77767.75134260082 23
231 77794.92371518817 23.1
232 77823.96232649489 23.2
233 77853.70904119269 23.3
234 77885.34691930574 23.4
235 77918.7273066106 23.5
236 77954.85938392936 23.6
237 77990.32467626379 23.7
238 78028.72949583748 23.8
239 78068.55526094434 23.9
240 78107.57910218337 24
241 78147.50743172491 24.1
242 78188.46989945827 24.2
243 78229.3259354247 24.3
244 78271.67299590414 24.4
245 78314.74459687251 24.5
246 78358.16103519556 24.6
247 78401.55234118497 24.7
248 78445.13222935192 24.8
249 78488.64007242618 24.9
250 78532.2714024327 25
251 78576.00603965895 25.1
252 78619.56122266669 25.2
253 78662.29588929488 25.3
254 78704.31409127171 25.4
255 78746.22609548617 25.5
256 78788.04734285164 25.6
257 78829.48294502 25.7
258 78870.93404759538 25.8
259 78911.21131040023 25.9
260 78950.54582794131 26
261 78990.27620524175 26.1
262 79029.87017234664 26.2
263 79067.7279231984 26.3
264 79106.67365396536 26.4
265 79144.59055246857 26.5
266 79182.87681883499 26.6
267 79219.81696939121 26.7
268 79255.99154675644 26.8
269 79292.69309281616 26.9
270 79327.92256937842 27
271 79362.76633991003 27.1
272 79398.38875107905 27.2
273 79432.95043957322 27.3
274 79468.60129791407 27.4
275 79502.7272907845 27.5
276 79536.58698269425 27.6
277 79569.7418101837 27.7
278 79602.36953959567 27.8
279 79636.35603781906 27.9
280 79669.49011221474 28
281 79702.82432955164 28.1
282 79736.86625680019 28.2
283 79769.98875300586 28.3
284 79803.86787936182 28.4
285 79839.10160837184 28.5
286 79874.31447997778 28.6
287 79909.91634991069 28.7
288 79945.68112904613 28.8
289 79981.72234114207 28.9
290 80018.53097625142 29
291 80056.90163952597 29.1
292 80094.84802755021 29.2
293 80132.74694618888 29.3
294 80170.81240410639 29.4
295 80208.54074541779 29.5
296 80247.86717664478 29.6
297 80288.04857203974 29.7
298 80327.15406975192 29.8
299 80368.94353154948 29.9
300 80410.6186762586 30
301 80453.02100518861 30.1
302 80494.87711352659 30.2
303 80537.48346128792 30.3
304 80578.54790069473 30.4
305 80622.851015608 30.5
306 80667.98822119896 30.6
307 80714.02733328751 30.7
308 80759.63767746977 30.8
309 80805.42218842883 30.9
310 80851.67310443019 31
311 80900.45373882877 31.1
312 80947.226516601 31.2
313 80992.4166084608 31.3
314 81038.23505688469 31.4
315 81085.44669765496 31.5
316 81133.52637624939 31.6
317 81183.08660135009 31.7
318 81233.67097325392 31.8
319 81284.25860524515 31.9
320 81335.73282145496 32
321 81388.1082263128 32.1
322 81441.75620424414 32.2
323 81496.15397673396 32.3
324 81551.09762113198 32.4
325 81606.36638065148 32.5
326 81662.74368388053 32.6
327 81719.57352626375 32.7
328 81776.63364000633 32.8
329 81834.53718277179 32.9
330 81892.52274270912 33
331 81951.21521681696 33.1
332 82010.47150849288 33.2
333 82070.92653394297 33.3
334 82130.95289810427 33.4
335 82191.69771170008 33.5
336 82252.76212280364 33.6
337 82314.36467829737 33.7
338 82377.31934779719 33.8
339 82440.09132314222 33.9
340 82503.3510429974 34
341 82567.3478720627 34.1
342 82631.64349864869 34.2
343 82696.7166221567 34.3
344 82762.79291072494 34.4
345 82828.80284037715 34.5
346 82895.68489842858 34.6
347 82963.18863936639 34.7
348 83030.79242717863 34.8
349 83099.1513288917 34.9
350 83168.35165532764 35
351 83237.53292990688 35.1
352 83307.99737472698 35.2
353 83379.18194490488 35.3
354 83451.17465259848 35.4
355 83523.67472183122 35.5
356 83596.54622861365 35.6
357 83670.41973061654 35.7
358 83744.73957381654 35.8
359 83819.31950668718 35.9
360 83895.18267017482 36
361 83971.7941128253 36.1
362 84049.09648932517 36.2
363 84127.33113113324 36.3
364 84205.82791065553 36.4
365 84284.01489672152 36.5
366 84362.96173649176 36.6
367 84443.28909945143 36.7
368 84523.85666541345 36.8
369 84605.33231824511 36.9
370 84687.81200790934 37
371 84770.49456469266 37.1
372 84854.05287161241 37.2
373 84938.54483539141 37.3
374 85023.37979413974 37.4
375 85109.54344140246 37.5
376 85196.05521232414 37.6
377 85282.71514318793 37.7
378 85372.71212208767 37.8
379 85463.24989985069 37.9
380 85555.37391398379 38
381 85647.47153233529 38.1
382 85739.856619446 38.2
383 85832.88932213769 38.3
384 85926.25539444629 38.40000000000001
385 86020.13462801416 38.5
386 86114.60591586809 38.6
387 86210.32329503867 38.7
388 86307.20783327029 38.8
389 86404.26669571972 38.90000000000001
390 86501.85065799244 39
391 86600.63640436393 39.1
392 86699.98528203803 39.2
393 86799.77193602324 39.3
394 86900.3319149262 39.40000000000001
395 87001.33708258072 39.5
396 87102.5523449077 39.6
397 87204.97937582395 39.7
398 87308.14118522865 39.8
399 87410.91994233453 39.90000000000001
400 87514.53470108911 40
401 87620.08153684775 40.1
402 87726.07880021902 40.2
403 87832.97911606183 40.3
404 87940.66500942696 40.40000000000001
405 88048.81505766748 40.5
406 88157.63334126829 40.6
407 88267.69680307584 40.7
408 88378.27445975336 40.8
409 88489.25309132269 40.90000000000001
410 88601.35121984259 41
411 88714.00155052578 41.1
412 88827.07887089337 41.2
413 88941.34757919516 41.3
414 89055.41992603712 41.40000000000001
415 89170.16570109387 41.5
416 89285.19946963417 41.6
417 89401.10622792413 41.7
418 89517.99053115536 41.8
419 89635.52669627513 41.90000000000001
420 89753.88249039058 42
421 89873.51045141925 42.1
422 89993.53635385267 42.2
423 90114.1858410045 42.3
424 90235.52096150235 42.40000000000001
425 90357.14214485964 42.5
426 90479.87581384668 42.6
427 90602.72353406198 42.7
428 90726.55171760079 42.8
429 90851.06754499752 42.90000000000001
430 90976.2386327163 43
431 91101.76167361044 43.1
432 91227.71615452456 43.2
433 91354.25006436018 43.3
434 91481.06060528971 43.40000000000001
435 91608.29298292086 43.5
436 91736.96597395664 43.6
437 91865.54689759569 43.7
438 91995.13286764143 43.8
439 92124.92324152206 43.90000000000001
440 92255.01976949372 44
441 92385.44713785162 44.1
442 92516.59830293241 44.2
443 92647.90743498514 44.3
444 92779.89040981827 44.40000000000001
445 92911.92250988328 44.5
446 93044.85550384116 44.6
447 93178.20818592398 44.7
448 93312.60853728341 44.8
449 93446.93951379695 44.90000000000001
450 93581.78087242557 45
451 93716.86914840453 45.1
452 93853.25150607993 45.2
453 93989.61373644353 45.3
454 94126.3176787655 45.40000000000001
455 94263.3662561422 45.5
456 94400.26893515789 45.6
457 94537.54843230108 45.7
458 94675.39661265917 45.8
459 94813.12413616122 45.90000000000001
460 94951.4887664633 46
461 95090.08761867505 46.1
462 95229.50379130167 46.2
463 95369.5622838144 46.3
464 95509.53378757018 46.40000000000001
465 95649.38772636917 46.5
466 95790.19510853749 46.6
467 95931.77426918929 46.7
468 96073.95756593392 46.8
469 96215.88723404841 46.90000000000001
470 96357.98349119448 47
471 96500.28617392438 47.1
472 96643.04983323684 47.2
473 96786.59460872326 47.3
474 96929.86648458392 47.40000000000001
475 97072.92731600221 47.5
476 97216.5749489382 47.6
477 97360.45181908776 47.7
478 97505.06538709246 47.8
479 97649.24401373146 47.90000000000001
480 97793.44912116237 48
481 97937.42168317546 48.1
482 98081.0177210707 48.2
483 98225.41890462862 48.3
484 98370.5362253869 48.40000000000001
485 98516.05067515008 48.5
486 98661.63728617439 48.6
487 98807.33570353324 48.7
488 98953.28609250893 48.8
489 99098.79967053422 48.90000000000001
490 99244.50985586342 49
491 99390.09703001748 49.1
492 99536.14431346754 49.2
493 99682.50306304036 49.3
494 99828.71005024902 49.40000000000001
495 99975.02011110817 49.5
496 100121.2657435765 49.6
497 100267.3770352512 49.7
498 100412.7177804552 49.8
499 100558.8491865966 49.90000000000001
500 100705.1026286723 50
501 -738.1263211402116 50.01
502 -731.3403716066048 50.02
503 -702.017648309646 50.03
504 -689.1795258120924 50.04
505 -674.2434260742305 50.05
506 -655.7862082906285 50.06
507 -635.9236255102352 50.07
508 -618.6483131744486 50.08
509 -602.002449449949 50.09
510 -583.8740922335662 50.1
511 -568.1186573886843 50.11
512 -549.6563466244695 50.12
513 -536.6540215754858 50.13
514 -523.5053484218339 50.14
515 -511.124317231999 50.15
516 -499.4266660644776 50.16
517 -486.0615622878576 50.17
518 -475.5197325121249 50.18
519 -462.707043171723 50.19
520 -453.4644878465965 50.2
521 -445.1532459776719 50.21
522 -437.2087977999241 50.22
523 -430.0105135099 50.23
524 -424.9762826430607 50.24
525 -419.4739795800046 50.25
526 -414.8861773465619 50.26
527 -412.0946120586132 50.27
528 -410.7211616536425 50.28
529 -409.4832406559769 50.29
530 -409.4057728795804 50.3
531 -414.394565796382 50.31
532 -419.8107040616184 50.32
533 -424.7945921369359 50.33
534 -428.3921949302868 50.34
535 -432.8022063416693 50.35
536 -437.3551177691848 50.36
537 -441.2959829393974 50.37
538 -445.5644482567827 50.38
539 -450.5567811186498 50.39
540 -457.7628508744386 50.4
541 -463.7502148044886 50.41
542 -471.2625262428622 50.42
543 -481.227380804904 50.43
544 -484.5339265896075 50.44
545 -488.8244034918669 50.45
546 -492.9891497073572 50.46
547 -497.617266913234 50.47
548 -501.7768575318321 50.48
549 -506.2592171390435 50.49
550 -511.7454782985737 50.5
551 -516.6916244529666 50.51
552 -521.5895497941084 50.52
553 -526.390064822271 50.53
554 -531.8247283005375 50.54
555 -537.1958156131616 50.55
556 -543.477567590709 50.56
557 -552.0139264801792 50.57
558 -560.1986424362449 50.58
559 -566.3356174172428 50.59
560 -572.4562857291843 50.6
561 -579.2310314208337 50.61
562 -583.5726336863977 50.62
563 -587.1698338654832 50.63
564 -589.5671538036403 50.64
565 -592.4861203796299 50.65
566 -593.5224768029444 50.66
567 -592.4044107885446 50.67
568 -589.6566100889004 50.68
569 -584.7976524072909 50.69
570 -576.775898169177 50.7
571 -568.1159793437756 50.71
572 -553.6619419219541 50.72
573 -541.8153151911167 50.73
574 -529.5951633672073 50.74
575 -516.5593341972584 50.75
576 -503.5023345290892 50.76
577 -490.3232499894745 50.77
578 -476.9089135437816 50.78
579 -463.7312028916259 50.79
580 -451.0992435589662 50.8
581 -437.8115952040184 50.81
582 -425.8893688171811 50.82
583 -413.8268702007788 50.83
584 -403.1250308276935 50.84
585 -392.6116171946364 50.85
586 -382.4282519079543 50.86
587 -373.5916297213515 50.87
588 -364.7613545063412 50.88
589 -356.0206311838731 50.89
590 -347.247544612028 50.9
591 -340.2397962027625 50.91
592 -334.7316665968679 50.92
593 -331.0903839486768 50.93
594 -328.7948398862212 50.94
595 -326.9955138172651 50.95
596 -324.8278917201757 50.96
597 -324.5259087264604 50.97
598 -323.0263755112738 50.98
599 -322.9800740205091 50.99
600 -323.907683361089 51
601 -327.2773756674464 51.01
602 -328.8737952291991 51.02
603 -330.4429930778114 51.03
604 -332.3705127295926 51.04
605 -334.9362902929503 51.05
606 -338.9067873892099 51.06
607 -341.5578296094337 51.07
608 -344.5658941192434 51.08
609 -347.6693742693145 51.09
610 -351.2911913306958 51.1
611 -355.0232288593054 51.11
612 -359.134610988381 51.12
613 -363.2587127399176 51.13
614 -367.6738449744368 51.14
615 -372.0681862579325 51.15
616 -376.5696960512628 51.16
617 -380.526514343541 51.17
618 -383.8593300587137 51.18
619 -386.3195571548904 51.19
620 -387.6473252583497 51.2
621 -387.7002812056043 51.21
622 -386.1315904730175 51.22
623 -383.282214592926 51.23
624 -379.6051084832066 51.24
625 -374.92745702034 51.25
626 -369.5825905483662 51.26
627 -362.5514549552302 51.27
628 -356.1710673904562 51.28
629 -349.4570614328445 51.29
630 -342.1087337958559 51.3
631 -334.2621938778354 51.31
632 -325.642061611041 51.32
633 -317.7724289736047 51.33
634 -310.2465671184854 51.34
635 -302.3562665313818 51.35
636 -295.1863732574183 51.36
637 -287.4293822556577 51.37
638 -280.8184090397793 51.38
639 -274.2004685447158 51.39
640 -267.617723770424 51.4
641 -262.3960753370091 51.41
642 -256.999870646991 51.42
643 -252.749604860976 51.43
644 -249.3401675730236 51.44
645 -246.6900800731481 51.45
646 -245.1744524702527 51.46
647 -244.4547995157139 51.47
648 -244.5385076469754 51.48
649 -245.202130458654 51.49
650 -246.3059089590553 51.5
651 -248.5530171485618 51.51
652 -251.2263827444363 51.52
653 -253.357982811845 51.53
654 -256.2635679278185 51.54
655 -260.4894336510202 51.55
656 -263.6797358871855 51.56
657 -267.4617736220802 51.57
658 -271.3128798896298 51.58
659 -274.8465695366457 51.59
660 -279.5119056758262 51.6
661 -283.3572975858454 51.61
662 -287.1076576772211 51.62
663 -291.1075504357183 51.63
664 -294.5145558975539 51.64
665 -297.4098864664221 51.65
666 -298.9501024737506 51.66
667 -299.2223884396531 51.67
668 -297.5969934917922 51.68
669 -295.0360071818617 51.69
670 -292.2475995072412 51.7
671 -288.7474394436971 51.71
672 -284.6759853771652 51.72
673 -278.659818079255 51.73
674 -273.6324524667775 51.74
675 -268.2357369781679 51.75
676 -262.2069469755045 51.76
677 -256.3732155085174 51.77
678 -250.4931905373112 51.78
679 -244.3521825961484 51.79
680 -238.2807231632758 51.8
681 -231.2159176436182 51.81
682 -224.5779980566688 51.82
683 -219.159772060058 51.83
684 -213.9365940506367 51.84
685 -209.0615427676148 51.85
686 -204.5553839267462 51.86
687 -200.2411678415116 51.87
688 -196.6693534793433 51.88
689 -193.1807681510626 51.89
690 -190.7842079042228 51.9
691 -189.8838303398597 51.91
692 -189.1076561860554 51.92
693 -189.086018476002 51.93
694 -189.6528764967065 51.94
695 -190.7118888065669 51.95
696 -192.3499804642203 51.96
697 -194.2770134974351 51.97
698 -196.3156586032498 51.98
699 -199.0878031462515 51.99
700 -202.0264685431651 52
701 -205.5366181937279 52.01
702 -209.2421877678128 52.02
703 -213.0087974549042 52.03
704 -216.9405787805063 52.04
705 -221.7669999647802 52.05
706 -226.9977037663599 52.06
707 -231.0349895438524 52.07
708 -235.8219991739385 52.08
709 -240.3642628451665 52.09
710 -244.2896207319487 52.1
711 -247.8738571418499 52.11
712 -250.8133083265667 52.12
713 -252.7312616819776 52.13
714 -253.4386958734292 52.14
715 -253.0254098031262 52.15
716 -251.6268007352293 52.16
717 -248.4115693491666 52.17
718 -245.0345397795775 52.18
719 -241.6193996442302 52.19
720 -237.4697697235757 52.2
721 -232.8749269584667 52.21
722 -227.9014834079501 52.22
723 -223.1331719604191 52.23
724 -217.7823905731348 52.24
725 -212.2917532379886 52.25
726 -206.8818308056911 52.26
727 -200.8893770479337 52.27
728 -195.3102800422854 52.28
729 -189.0810261019659 52.29
730 -183.7875791325482 52.3
731 -178.0660518678463 52.31
732 -173.0969215583394 52.32
733 -168.3910031984021 52.33
734 -163.2771179157187 52.34
735 -159.1113368747293 52.35
736 -155.365146554091 52.36
737 -150.7053431957962 52.37
738 -147.8776751056281 52.38
739 -145.6221267684769 52.39
740 -144.048685628367 52.4
741 -143.2677137099121 52.41
742 -143.4705371053773 52.42
743 -145.2294352862876 52.43
744 -146.9811073896024 52.44
745 -148.460600179534 52.45
746 -150.3904219528858 52.46
747 -152.7452368489825 52.47
748 -155.5099546089606 52.48
749 -158.8094182172922 52.49
750 -161.8619191854419 52.5
751 -165.7392693018839 52.51
752 -169.511695987848 52.52
753 -173.7762604455775 52.53
754 -178.3445581687597 52.54
755 -183.1558653299199 52.55
756 -187.6654510610356 52.56
757 -192.5998487223493 52.57
758 -197.8197879443632 52.58
759 -203.6894446840801 52.59
760 -208.5681166642398 52.6
761 -213.288971775502 52.61
762 -218.8941885078936 52.62
763 -221.8944924774688 52.63
764 -223.4563354214278 52.64
765 -224.4568459099028 52.65
766 -224.2440587564344 52.66
767 -222.6545888436897 52.67
768 -219.7896877561784 52.68
769 -216.4671678999184 52.69
770 -213.0793450183811 52.7
771 -209.4251678722501 52.71
772 -204.9108229793717 52.72
773 -200.5847939991824 52.73
774 -196.011468908053 52.74
775 -190.9142990509542 52.75
776 -185.6729892528313 52.76
777 -179.950480848456 52.77
778 -174.5010302359211 52.78
779 -168.7168485813699 52.79
780 -163.3594854754157 52.8
781 -157.7698787656502 52.81
782 -152.8298768620403 52.82
783 -148.0642897160577 52.83
784 -143.0027803563683 52.84
785 -138.1319681768086 52.85
786 -133.3913477085503 52.86
787 -129.6302926346978 52.87
788 -126.2543379686688 52.88
789 -123.255776112082 52.89
790 -120.0583036857908 52.9
791 -118.3004545807647 52.91
792 -117.4237029259044 52.92
793 -117.4609321520435 52.93
794 -118.3063147461424 52.94
795 -119.2128901297491 52.95
796 -121.416779673045 52.96
797 -123.1020439211065 52.97
798 -125.7958245807856 52.98
799 -128.032943400744 52.99
800 -130.860468462101 53
801 -133.6678565921901 53.01
802 -136.8016836061914 53.02
803 -140.6539511477623 53.03
804 -145.3189288502568 53.04
805 -149.4349988264535 53.05
806 -154.089285308437 53.06
807 -158.3600555438888 53.07
808 -162.719129124193 53.08
809 -167.4379580669416 53.09
810 -172.5472117911624 53.1
811 -182.2492370791789 53.11
812 -185.8453939186809 53.12
813 -189.2038785134349 53.13
814 -195.3547109652663 53.14
815 -198.0362804111085 53.15
816 -200.9152925214156 53.16
817 -202.6853957345955 53.17
818 -202.9052914966464 53.18
819 -200.6903707465393 53.19
820 -198.1134336659815 53.2
821 -194.9418233469206 53.21
822 -192.1960263725499 53.22
823 -188.9940414222938 53.23
824 -185.1997421977789 53.24
825 -181.3080691551473 53.25
826 -176.8967339677461 53.26
827 -172.2046197924411 53.27
828 -167.5000817488923 53.28
829 -162.7585507771813 53.29
830 -157.3938179112426 53.3
831 -152.2675142688116 53.31
832 -147.5033894443311 53.32
833 -142.1524604932299 53.33
834 -137.163778534706 53.34
835 -132.4984217584691 53.35
836 -127.6985710365528 53.36
837 -123.1371219836782 53.37
838 -118.6492297277685 53.38
839 -114.7547306063673 53.39
840 -110.8123830769245 53.4
841 -107.5093575256624 53.41
842 -104.4367344585847 53.42
843 -101.8769131664679 53.43
844 -99.57223827083459 53.44
845 -98.53363443710205 53.45
846 -98.30561793256391 53.46
847 -98.58109804534358 53.47
848 -99.26293714738925 53.48
849 -100.6848103750612 53.49
850 -102.1117498663082 53.5
851 -104.4762623228059 53.51
852 -106.5702043469723 53.52
853 -108.9344301964046 53.53
854 -111.4492815307545 53.54
855 -114.6105962175773 53.55
856 -118.1954454271818 53.56
857 -121.6312176191161 53.57
858 -125.2152484948857 53.58
859 -129.6624013769093 53.59
860 -133.7479634189222 53.6
861 -137.9635153130869 53.61
862 -142.5772094497749 53.62
863 -147.3116608137907 53.63
864 -152.2124123352523 53.64
865 -157.0431075989968 53.65
866 -168.7963799695962 53.66
867 -176.0371785540597 53.67
868 -172.6850313075568 53.68
869 -180.3768431556522 53.69
870 -179.6284097810308 53.7
871 -181.7547803299354 53.71
872 -181.843396021436 53.72
873 -180.9162675042718 53.73
874 -178.6707910744396 53.74
875 -176.3150458007722 53.75
876 -173.8872956221547 53.76
877 -171.0007329373096 53.77
878 -166.9952570020305 53.78
879 -163.0668271879717 53.79
880 -159.2398020999531 53.8
881 -154.9771306002972 53.81
882 -150.7960403658996 53.82
883 -146.4755734547565 53.83
884 -141.8315684948618 53.84
885 -137.0101386102736 53.85
886 -131.9372776422108 53.86
887 -127.3621105674407 53.87
888 -122.9026123040916 53.88
889 -118.482314792423 53.89
890 -113.9278398594564 53.9
891 -109.8371215575608 53.91
892 -105.5182197904935 53.92
893 -101.6870568678584 53.93
894 -97.74814570098833 53.94
895 -94.52955597569691 53.95
896 -91.53012765208236 53.96
897 -88.96448424641228 53.97
898 -86.77255090998297 53.98
899 -85.13755593131843 53.99
900 -84.15383235804548 54
901 -83.73743985457804 54.01
902 -83.97197080267493 54.02
903 -84.62286861993397 54.03
904 -85.64844473754508 54.04
905 -87.17332147981246 54.05
906 -89.02720581192554 54.06
907 -91.48762417860405 54.07
908 -93.64823133615577 54.08
909 -96.33843576877013 54.09
910 -99.03621141642412 54.1
911 -101.8465129188972 54.11
912 -104.8752890805684 54.12
913 -108.5077287754005 54.13
914 -112.5141607066224 54.14
915 -116.2577325637885 54.15
916 -120.0321482962192 54.16
917 -124.0476776152031 54.17
918 -128.1526228010259 54.18
919 -132.7283047623592 54.19
920 -136.8271378411958 54.2
921 -141.312857021651 54.21
922 -145.1810318972258 54.22
923 -148.8622874188626 54.23
924 -153.0396240337649 54.24
925 -157.1014641334357 54.25
926 -158.8667128211858 54.26
927 -159.3454565755263 54.27
928 -158.1310223552558 54.28
929 -157.1549498851325 54.29
930 -155.6260045087651 54.3
931 -152.9915668095794 54.31
932 -150.4486914285966 54.32
933 -147.4046159858787 54.33
934 -144.229640838669 54.34
935 -140.333429144823 54.35
936 -136.7439999045137 54.36
937 -132.8037663037342 54.37
938 -128.7798339383073 54.38
939 -124.8519244225428 54.39
940 -120.517501311479 54.4
941 -116.2893794214833 54.41
942 -112.0212717464198 54.42
943 -108.0751512476542 54.43
944 -104.0580414351921 54.44
945 -100.2208293251773 54.45
946 -96.3718952712194 54.46
947 -92.54580234022514 54.47
948 -88.89426724549273 54.48
949 -85.75320845434507 54.49
950 -82.86230644057959 54.5
951 -80.14965416228834 54.51
952 -77.75011449627735 54.52
953 -75.68258909800853 54.53
954 -74.07416559117404 54.54
955 -72.94092312516619 54.55
956 -72.41059662481287 54.56
957 -69.41770724836498 54.57
958 -72.76621862220075 54.58
959 -73.58773833664357 54.59
960 -74.64860441360861 54.6
961 -75.97508708104178 54.61
962 -77.64543055798234 54.62
963 -79.82308340481522 54.63
964 -82.24551091702813 54.64
965 -84.58334951822863 54.65
966 -87.03804576339422 54.66
967 -89.6067286395762 54.67
968 -92.34729961134586 54.68
969 -95.7861635104021 54.69
970 -98.86757007251151 54.7
971 -102.2634272656816 54.71
972 -105.7182403321106 54.72
973 -109.1295226303453 54.73
974 -113.2734539841763 54.74
975 -116.6817746792657 54.75
976 -120.0363227302396 54.76
977 -123.4347152509258 54.77
978 -126.5857496161366 54.78
979 -129.9960697124547 54.79
980 -132.3788527996108 54.8
981 -134.1555943791095 54.81
982 -135.1478941853291 54.82
983 -135.1623380474737 54.83
984 -134.2117384852632 54.84
985 -133.0142288784275 54.85
986 -131.3793292996918 54.86
987 -129.3286984712774 54.87
988 -126.9431150082368 54.88
989 -124.2899565576372 54.89
990 -121.4212619304162 54.9
991 -117.7609358554023 54.91
992 -114.4208300674247 54.92
993 -110.8243956178447 54.93
994 -107.3099439533309 54.94
995 -103.9179540954048 54.95
996 -100.5121131070417 54.96
997 -97.12272413757198 54.97
998 -91.15583266843454 54.98
999 -87.41897143722811 54.99
1000 -84.15530098507517 55
1001 -80.83305913943943 55.01
1002 -77.65245300539829 55.02
1003 -74.63405724109037 55.03
1004 -69.58854342282082 55.04
1005 -67.07835817076638 55.05
1006 -64.72814878598044 55.06
1007 -62.69623081234165 55.07
1008 -60.96488497500565 55.08
1009 -59.57735712142298 55.09
1010 -58.60152781162842 55.1
1011 -58.09322569030037 55.11
1012 -58.03790493455492 55.12
1013 -58.3715806333508 55.13
1014 -59.03442475569317 55.14
1015 -60.04213190771607 55.15
1016 -61.39348974473542 55.16
1017 -62.99912503566435 55.17
1018 -64.76211370563092 55.18
1019 -66.69386520836247 55.19
1020 -68.69627328987151 55.2
1021 -71.48996356513459 55.21
1022 -73.7543948798136 55.22
1023 -77.69081664100543 55.23
1024 -80.38452539305229 55.24
1025 -82.95128448884262 55.25
1026 -85.70456826664352 55.26
1027 -88.42287223066538 55.27
1028 -94.1138625239613 55.28
1029 -97.36832697758707 55.29
1030 -100.1042174889933 55.3
1031 -102.7319705231407 55.31
1032 -105.6359385103275 55.32
1033 -108.1762385343017 55.33
1034 -110.1282608654738 55.34
1035 -111.78780836933 55.35
1036 -112.7662075460879 55.36
1037 -113.127360716762 55.37
1038 -112.9122218548827 55.38
1039 -112.0986193727486 55.39
1040 -110.1878012404451 55.4
1041 -108.6295156896184 55.41
1042 -104.4656119184613 55.42
1043 -102.2618945490762 55.43
1044 -99.78924273223203 55.44
1045 -97.30042231181217 55.45
1046 -93.0671674006057 55.46
1047 -89.67891659553626 55.47
1048 -86.86127002963838 55.48
1049 -84.00184134980761 55.49
1050 -81.12729473925317 55.5
1051 -78.2625815420882 55.51
1052 -75.43215829618556 55.52
1053 -72.43729309258455 55.53
1054 -69.7411989931278 55.54
1055 -67.09947086357451 55.55
1056 -64.49852148699244 55.56
1057 -62.15793882403064 55.57
1058 -59.95897237252922 55.58
1059 -57.32002808485062 55.59
1060 -55.51465816542873 55.6
1061 -53.80073527118275 55.61
1062 -52.37841282821154 55.62
1063 -51.36464469111407 55.63
1064 -50.76037724779498 55.64
1065 -50.55343572333508 55.65
1066 -50.65566143129957 55.66
1067 -51.2371582059938 55.67
1068 -52.05924087097715 55.68
1069 -53.05866588534035 55.69
1070 -54.17118012583067 55.7
1071 -55.38091435882674 55.71
1072 -56.75748855995482 55.72
1073 -58.41346016483379 55.73
1074 -60.07599552412743 55.74
1075 -61.88029773736928 55.75
1076 -64.04742074725812 55.76
1077 -66.03595950316833 55.77
1078 -68.09724112206487 55.78
1079 -70.55022949020739 55.79
1080 -72.98407153879165 55.8
1081 -75.16197145274703 55.81
1082 -77.32753303624366 55.82
1083 -79.44519355922738 55.83
1084 -81.88780937289394 55.84
1085 -83.87774018397234 55.85
1086 -85.56401437510982 55.86
1087 -87.04421260433297 55.87
1088 -88.27032949565 55.88
1089 -88.90681586523985 55.89
1090 -89.24865514576635 55.9
1091 -88.72425392596978 55.91
1092 -88.10349072933802 55.92
1093 -86.98318913637171 55.93
1094 -85.66700454704323 55.94
1095 -83.69995716108723 55.95
1096 -81.92890373987926 55.96
1097 -80.00158674780643 55.97
1098 -77.79712424716399 55.98
1099 -75.65358795059871 55.99
1100 -73.44173303406188 56
1101 -71.18651739038278 56.01
1102 -68.9127871310029 56.02
1103 -66.41132687256871 56.03
1104 -64.15748352473433 56.04
1105 -61.42322954638273 56.05
1106 -59.27563736915445 56.06
1107 -57.20787215441923 56.07
1108 -55.11828515322029 56.08
1109 -53.19177263797897 56.09
1110 -51.31638808610601 56.1
1111 -49.7201227904907 56.11
1112 -48.28896546548012 56.12
1113 -46.72764006296897 56.13
1114 -45.69563851860492 56.14
1115 -44.91288346596722 56.15
1116 -44.41835418895374 56.16
1117 -44.20609214161863 56.17
1118 -44.24241666410885 56.18
1119 -44.57484060376158 56.19
1120 -45.27811647321732 56.2
1121 -45.96654152731656 56.21
1122 -46.80868093744552 56.22
1123 -47.77444406191418 56.23
1124 -49.08341021287578 56.24
1125 -50.8186037799724 56.25
1126 -52.19135855116228 56.26
1127 -53.60007833610973 56.27
1128 -55.12746584424221 56.28
1129 -56.68220435870962 56.29
1130 -58.4165403812852 56.3
1131 -60.29522015837215 56.31
1132 -61.93640642280687 56.32
1133 -63.93509709723478 56.33
1134 -65.65245647853226 56.34
1135 -67.23866158760814 56.35
1136 -68.62937574482622 56.36
1137 -69.85879232530746 56.37
1138 -70.87754018513054 56.38
1139 -71.6357612063522 56.39
1140 -72.09050634785653 56.4
1141 -72.21998510250293 56.41
1142 -72.03507264639124 56.42
1143 -71.5559473657238 56.43
1144 -70.80745004057462 56.44
1145 -69.81664726856221 56.45
1146 -68.62112982696318 56.46
1147 -67.26240137976551 56.47
1148 -65.69952437184264 56.48
1149 -64.11951643147557 56.49
1150 -62.23350673809497 56.5
1151 -60.52946369307895 56.51
1152 -58.47434175807395 56.52
1153 -56.65408187867328 56.53
1154 -54.91579258489143 56.54
1155 -53.12157017215571 56.55
1156 -51.30549289331469 56.56
1157 -49.6852247380603 56.57
1158 -47.91948928023302 56.58
1159 -46.4555124062128 56.59
1160 -44.81557741502942 56.6
1161 -43.5557080206929 56.61
1162 -42.12138495288058 56.62
1163 -41.1258046745648 56.63
1164 -40.30228336316818 56.64
1165 -39.61847789420936 56.65
1166 -39.21510723517963 56.66
1167 -39.02043084801951 56.67
1168 -39.07089722429944 56.68
1169 -39.23826748051673 56.69
1170 -39.65535652756775 56.7
1171 -40.15075217482723 56.71
1172 -40.76713671939013 56.72
1173 -41.81526593261887 56.73
1174 -42.70174360605466 56.74
1175 -43.88777461594968 56.75
1176 -45.00483421088831 56.76
1177 -46.12768861585548 56.77
1178 -47.55766196506124 56.78
1179 -48.71140111128172 56.79
1180 -49.89097649764693 56.8
1181 -51.26497172473098 56.81
1182 -52.55050384615839 56.82
1183 -53.70080224695638 56.83
1184 -54.88602158054904 56.84
1185 -55.89912348380076 56.85
1186 -57.05518123646061 56.86
1187 -57.80247188084225 56.87
1188 -58.3688567664663 56.88
1189 -58.72928836371845 56.89
1190 -58.87095175959163 56.9
1191 -58.79594989557317 56.91
1192 -58.50987974812699 56.92
1193 -57.77072900100006 56.93
1194 -57.0905212705654 56.94
1195 -56.24928567965738 56.95
1196 -55.04406258894993 56.96
1197 -53.95796542935441 56.97
1198 -52.61643862844486 56.98
1199 -51.38819987803448 56.99
1200 -50.11959575176377 57
1201 -48.82903247171264 57.01
1202 -47.53565809785879 57.02
1203 -45.90134363833045 57.03
1204 -44.36461632822143 57.04
1205 -43.0762071774448 57.05
1206 -41.75797104034726 57.06
1207 -40.61042493797356 57.07
1208 -38.68593065700907 57.08
1209 -37.67185563180945 57.09
1210 -36.7549782736924 57.1
1211 -35.53662917938161 57.11
1212 -34.85142673522385 57.12
1213 -34.3107875782016 57.13
1214 -34.10986679487473 57.14
1215 -33.88669517269264 57.15
1216 -33.86370063054638 57.16
1217 -33.92300452334025 57.17
1218 -34.11131330681926 57.18
1219 -34.42208519316804 57.19
1220 -34.84322163790275 57.2
1221 -35.36308696269704 57.21
1222 -35.96940240737607 57.22
1223 -36.64930456221009 57.23
1224 -37.49927631940218 57.24
1225 -38.30856359560298 57.25
1226 -39.23358244413073 57.26
1227 -41.48910462415827 57.27
1228 -42.62896950129643 57.28
1229 -43.97210079061477 57.29
1230 -45.27823683553319 57.3
1231 -46.0929746791518 57.31
1232 -46.83929838038559 57.32
1233 -47.88844010870787 57.33
1234 -48.47243199047594 57.34
1235 -48.93213518621774 57.35
1236 -49.25738122334158 57.36
1237 -49.438554560462 57.37
1238 -49.47372555763788 57.38
1239 -49.28262809785589 57.39
1240 -48.97392945188974 57.4
1241 -47.25126676408934 57.41
1242 -46.70298536054393 57.42
1243 -46.0409654514214 57.43
1244 -44.53778178381562 57.44
1245 -43.69383475038035 57.45
1246 -42.28873842826983 57.46
1247 -41.0576823086122 57.47
1248 -40.08291461757519 57.48
1249 -39.09725054988186 57.49
1250 -38.11221726462984 57.5
1251 -37.13716992109214 57.51
1252 -36.19129582435401 57.52
1253 -35.05863014792374 57.53
1254 -34.19329261075229 57.54
1255 -33.38537186763411 57.55
1256 -32.64614074656941 57.56
1257 -31.60233393164662 57.57
1258 -30.99857577413307 57.58
1259 -30.52256163112612 57.59
1260 -30.16284557104397 57.6
1261 -29.92034355639913 57.61
1262 -29.79007005342752 57.62
1263 -29.76606788347874 57.63
1264 -29.83954518976247 57.64
1265 -30.13901227643869 57.65
1266 -30.4776893435521 57.66
1267 -30.81952890121525 57.67
1268 -31.22998135680437 57.68
1269 -32.02600735444447 57.69
1270 -32.82243319560965 57.7
1271 -33.79546207869779 57.71
1272 -34.38744095055996 57.72
1273 -35.00099718496352 57.73
1274 -35.62141356839897 57.74
1275 -36.23787809698788 57.75
1276 -36.8404488066935 57.76
1277 -37.41414302413852 57.77
1278 -38.1136953477745 57.78
1279 -38.58765509384549 57.79
1280 -38.98958899334443 57.8
1281 -39.82481080013014 57.81
1282 -40.18341176955709 57.82
1283 -40.29933736120994 57.83
1284 -39.66062713066495 57.84
1285 -39.56548626958634 57.85
1286 -39.17665441353517 57.86
1287 -38.86942302948062 57.87
1288 -38.46705650925166 57.88
1289 -37.98052597513735 57.89
1290 -36.70682281343441 57.9
1291 -36.07788479668864 57.91
1292 -35.24231535148374 57.92
1293 -34.5385827092118 57.93
1294 -33.69053584321104 57.94
1295 -32.95586222447663 57.95
1296 -32.22456512515332 57.96
1297 -31.50685150500831 57.97
1298 -30.81107841011882 57.98
1299 -29.98409549217482 57.99
1300 -29.19078706462801 58
1301 -28.61189525753572 58.01
1302 -27.89140740365587 58.02
1303 -27.43338698123501 58.03
1304 -26.9275473279415 58.04
1305 -26.51127995840475 58.05
1306 -26.28159501570949 58.06
1307 -26.13462248194626 58.07
1308 -26.06751312859265 58.08
1309 -26.07603316981967 58.09
1310 -26.15681483643101 58.1
1311 -26.30484996689673 58.11
1312 -26.51514213898867 58.12
1313 -26.83012314331896 58.13
1314 -27.28960510323638 58.14
1315 -28.0043569934652 58.15
1316 -28.39110631948023 58.16
1317 -28.79864435066895 58.17
1318 -29.21879548149867 58.18
1319 -29.92649519807552 58.19
1320 -30.41603689052776 58.2
1321 -30.81955193062666 58.21
1322 -31.1939566748741 58.22
1323 -31.52992026873958 58.23
1324 -32.10958320044953 58.24
1325 -32.34109999667489 58.25
1326 -32.50873598770909 58.26
1327 -32.60715990652775 58.27
1328 -33.30378081745172 58.28
1329 -33.0104891882924 58.29
1330 -32.13111142079293 58.3
1331 -31.92667030373943 58.31
1332 -31.65173670076499 58.32
1333 -31.30861178612194 58.33
1334 -30.91427940696611 58.34
1335 -30.20168398316777 58.35
1336 -29.66041387981917 58.36
1337 -29.11175890514557 58.37
1338 -28.4144244760505 58.38
1339 -27.98212576669795 58.39
1340 -27.33877537448341 58.4
1341 -27.00735771840069 58.41
1342 -26.37949820605123 58.42
1343 -25.88192589255888 58.43
1344 -25.4181428539064 58.44
1345 -25.0607381724002 58.45
1346 -24.52323444646916 58.46
1347 -24.19569294728805 58.47
1348 -23.927442778007 58.48
1349 -23.60993304624617 58.49
1350 -23.52765611499953 58.5
1351 -23.39132744548964 58.51
1352 -23.33406798721647 58.52
1353 -23.30591125591436 58.53
1354 -23.64684150664383 58.54
1355 -23.90787885964838 58.55
1356 -24.0841832165784 58.56
1357 -24.26086870446777 58.57
1358 -24.46885842167121 58.58
1359 -25.53847200804618 58.59
1360 -25.04672001701027 58.6
1361 -26.45674898019067 58.61
1362 -25.59979231755 58.62
1363 -27.01838453518084 58.63
1364 -26.67503301877969 58.64
1365 -26.40850492471328 58.65
1366 -26.63853810435135 58.66
1367 -27.87221313982057 58.67
1368 -28.09849976525328 58.68
1369 -28.98380638646233 58.69
1370 -28.79359684856196 58.7
1371 -28.68792147169603 58.71
1372 -29.07165085179432 58.72
1373 -28.04965311357857 58.73
1374 -28.10265316801338 58.74
1375 -27.62804496503629 58.75
1376 -27.62995934791459 58.76
1377 -26.97078457480408 58.77
1378 -26.75798163579883 58.78
1379 -26.88725404155159 58.79
1380 -25.85510099184422 58.8
1381 -25.34273561091236 58.81
1382 -24.95883202004998 58.82
1383 -24.42616707052301 58.83
1384 -24.04394670198 58.84
1385 -23.66932100185758 58.85
1386 -23.31413664107458 58.86
1387 -23.11973692420728 58.87
1388 -22.89682449479324 58.88
1389 -22.61656677293271 58.89
1390 -22.42266816686563 58.9
1391 -22.05779086836703 58.91
1392 -22.61718680637613 58.92
1393 -22.24827911361258 58.93
1394 -22.64363386786231 58.94
1395 -22.11404095214966 58.95
1396 -22.14470591555503 58.96
1397 -22.69967848442852 58.97
1398 -22.7506785539007 58.98
1399 -22.24033021640909 58.99
1400 -22.93929156996377 59
1401 -22.52768959890381 59.01
1402 -23.97176211670354 59.02
1403 -23.43910251759204 59.03
1404 -24.30659960285895 59.04
1405 -23.1949259882625 59.05
1406 -24.31411243651354 59.06
1407 -24.81864781780286 59.07
1408 -24.56961183893522 59.08
1409 -23.78219687944911 59.09
1410 -23.87160130610418 59.1
1411 -25.32390247915447 59.11
1412 -26.07914605642809 59.12
1413 -25.51146151816673 59.13
1414 -24.96661173757215 59.14
1415 -24.77555315157549 59.15
1416 -25.66302597680676 59.16
1417 -24.78647131085017 59.17
1418 -24.0960988689514 59.18
1419 -23.92787254073248 59.19
1420 -23.73275363088177 59.2
1421 -23.29075756290902 59.21
1422 -23.66188676081911 59.22
1423 -23.63422104476244 59.23
1424 -22.54413526790462 59.24
1425 -22.49602996248107 59.25
1426 -22.01650017342656 59.26
1427 -22.57795414508102 59.27
1428 -21.59559862780767 59.28
1429 -20.32463226397272 59.29
1430 -20.08471346645866 59.3
1431 -19.82571353253527 59.31
1432 -19.82450396559583 59.32
1433 -19.94474414813345 59.33
1434 -19.99168315715315 59.34
1435 -20.4311941285949 59.35
1436 -19.31274659965801 59.36
1437 -20.10190933894859 59.37
1438 -20.02949713495564 59.38
1439 -18.92247794820396 59.39
1440 -19.39264971744528 59.4
1441 -20.53841783199179 59.41
1442 -20.86851055496337 59.42
1443 -19.79361183674144 59.43
1444 -21.45307740281269 59.44
1445 -21.31230613030634 59.45
1446 -20.39963637396017 59.46
1447 -21.12653993365444 59.47
1448 -21.96388260950462 59.48
1449 -21.32135443630786 59.49
1450 -22.30008274567268 59.5
1451 -21.18371297272447 59.51
1452 -22.75536064239979 59.52
1453 -22.50624358948727 59.53
1454 -22.54549015371229 59.54
1455 -22.25741265631822 59.55
1456 -22.42379791058274 59.56
1457 -21.27394770693415 59.57
1458 -21.08199424154822 59.58
1459 -21.68866533923433 59.59
1460 -20.68834797660642 59.6
1461 -21.65153740323899 59.61
1462 -21.42424947942414 59.62
1463 -19.88828430863944 59.63
1464 -19.71988208621377 59.64
1465 -20.15908294791415 59.65
1466 -19.38432952506776 59.66
1467 -19.76795557867741 59.67
1468 -18.91982554370864 59.68
1469 -18.70434032308124 59.69
1470 -18.33685385052502 59.7
1471 -18.30787926537955 59.71
1472 -18.12384372478222 59.72
1473 -18.63312820386342 59.73
1474 -17.81836578857635 59.74
1475 -17.67302340970455 59.75
1476 -18.20479022156352 59.76
1477 -17.45893736465629 59.77
1478 -17.37839808293493 59.78
1479 -18.35458322412359 59.79
1480 -17.47904963689405 59.8
1481 -18.49325574763273 59.81
1482 -18.09870839518319 59.82
1483 -18.33288684950875 59.83
1484 -18.39583805571885 59.84
1485 -17.80566260566186 59.85
1486 -19.09531872936063 59.86
1487 -19.49131493588136 59.87
1488 -18.92877612804223 59.88
1489 -19.36063125721681 59.89
1490 -19.6524564674461 59.9
1491 -18.44176767772737 59.91
1492 -19.51577912192889 59.92
1493 -18.52602315255439 59.93
1494 -19.79001035290798 59.94
1495 -18.40527473740217 59.95
1496 -19.11615022103441 59.96
1497 -19.81061752011175 59.97
1498 -18.52435909352936 59.98
1499 -19.03634418701475 59.99
1500 -18.3766894839305 60
