"temperatura-rfile"
"Time Step" "temperatura etc.."
("Time Step" "temperatura" "flow-time")
0 341.2218327313559 0
1 334.2577165892716 0.1
2 339.5533161479153 0.2
3 351.8911023145932 0.3
4 365.8907252190523 0.4
5 382.4351059292507 0.5
6 404.5917014092898 0.6000000000000001
7 431.2634809899321 0.7000000000000001
8 457.4223443838016 0.8
9 480.3759752555588 0.9
10 500.4097354588613 1
11 518.5455954723741 1.1
12 535.407207953068 1.2
13 551.686418012932 1.3
14 568.219393442154 1.4
15 584.9679306321929 1.5
16 601.7326018624607 1.6
17 615.1752173411646 1.7
18 630.2105565191376 1.8
19 644.5447524618196 1.9
20 657.0542550544681 2
21 666.3348191664788 2.1
22 674.3997912567891 2.2
23 684.7581919150048 2.3
24 692.0525083554074 2.4
25 698.4923384752419 2.5
26 704.3685014805972 2.6
27 709.8528661502985 2.7
28 714.9615643938686 2.8
29 719.6361464079315 2.9
30 724.0044047097826 3
31 728.0244787233759 3.1
32 731.7082740821411 3.2
33 735.084119538563 3.3
34 738.1860128881366 3.4
35 741.0350577025019 3.5
36 743.6695879491967 3.6
37 746.1371433317631 3.7
38 748.4638420285621 3.8
39 750.7008328693128 3.9
40 752.8797625503155 4
41 754.9881150770209 4.100000000000001
42 757.0500122063277 4.2
43 759.1006793172199 4.3
44 761.1458156945939 4.4
45 763.1801711997862 4.5
46 765.2210742277679 4.600000000000001
47 767.2601089781612 4.7
48 769.2838684059487 4.800000000000001
49 771.3235308114514 4.9
50 773.3794373994941 5
51 775.3784383775428 5.100000000000001
52 777.4285942325612 5.2
53 779.5441684138247 5.300000000000001
54 781.6060074372847 5.4
55 783.6869739911605 5.5
56 785.7414810016763 5.600000000000001
57 787.7903169380176 5.7
58 789.8311947487268 5.800000000000001
59 791.8659723692095 5.9
60 793.88659950064 6
61 795.8907013680728 6.100000000000001
62 797.882063475672 6.2
63 799.8604394899323 6.300000000000001
64 801.8256718381224 6.4
65 803.7736864486661 6.5
66 805.71209060859 6.600000000000001
67 807.6420066926984 6.7
68 809.5540524049127 6.800000000000001
69 811.451534274413 6.9
70 813.3408873266817 7
71 815.2176049098257 7.100000000000001
72 817.078853829824 7.2
73 818.921365579842 7.300000000000001
74 820.7413473309139 7.4
75 822.5542819321842 7.5
76 824.3628367845108 7.600000000000001
77 826.1466546325922 7.7
78 827.9114696724508 7.800000000000001
79 829.6689962872405 7.9
80 831.3802593500661 8
81 833.1157426737756 8.1
82 834.7824820783225 8.200000000000001
83 836.5505239682046 8.300000000000001
84 837.8903781781401 8.4
85 839.0335922411762 8.5
86 840.4938603993005 8.6
87 841.5748322850907 8.700000000000001
88 842.6996784832676 8.800000000000001
89 843.5645167577537 8.9
90 844.5760540646887 9
91 845.3169482895189 9.1
92 846.2733671327354 9.200000000000001
93 846.9335346876253 9.300000000000001
94 847.885654308591 9.4
95 848.4863984802469 9.5
96 849.4249303058592 9.600000000000001
97 849.9630996204367 9.700000000000001
98 850.8829101784358 9.800000000000001
99 851.4005040142725 9.9
100 851.8957674058889 10
101 852.8964937745307 10.1
102 853.2478030613886 10.2
103 854.2352628601402 10.3
104 854.5320981888804 10.4
105 855.0931457971203 10.5
106 855.380594173857 10.6
107 855.8862155722935 10.7
108 856.8606194517233 10.8
109 857.0634470230078 10.9
110 856.8355549510898 11
111 857.084217809838 11.1
112 856.6557940387559 11.2
113 856.6975857233342 11.3
114 855.7872219866567 11.4
115 855.5179819420508 11.5
116 854.3028544751966 11.6
117 853.8535294362504 11.7
118 852.1261518484679 11.8
119 851.5202682263609 11.9
120 849.8213657318769 12
121 849.0952981967109 12.1
122 848.289722573248 12.2
123 846.9575433858132 12.3
124 846.4418455144155 12.4
125 845.8447991563119 12.5
126 844.8231776108543 12.6
127 844.5522574932916 12.7
128 844.0147842613177 12.8
129 842.5654584400579 12.9
130 838.9952151551556 13
131 835.3486331924098 13.1
132 832.9513024651033 13.2
133 831.4068212068767 13.3
134 830.3801060773249 13.4
135 829.7054261868749 13.5
136 829.251245235453 13.6
137 828.9153233652502 13.7
138 828.6407416898755 13.8
139 828.3999607028684 13.9
140 828.1964441530736 14
141 828.0303580105264 14.1
142 827.8867909633429 14.2
143 827.7687102917725 14.3
144 827.6688873323444 14.4
145 827.5691594998046 14.5
146 827.4452665733853 14.6
147 827.5553996176792 14.7
148 827.6328267999515 14.8
149 827.6796809077784 14.9
150 827.7099325675049 15
151 827.7298880024027 15.1
152 827.7425708726271 15.2
153 827.7506029336212 15.3
154 827.7500031753501 15.4
155 827.7485627579383 15.5
156 827.7460377280702 15.6
157 827.743092447272 15.7
158 827.7399478175201 15.8
159 827.7325441391495 15.9
160 827.7259647804174 16
161 827.7195599357309 16.1
162 827.7142871089661 16.2
163 827.7096274491266 16.3
164 827.7009880567452 16.4
165 827.6934506738693 16.5
166 827.6869344498675 16.6
167 827.6816788333589 16.7
168 827.677102706784 16.8
169 827.6686131124036 16.9
170 827.6617962569588 17
171 827.6564458488532 17.1
172 827.6519601674369 17.2
173 827.6483000943783 17.3
174 827.6414104322472 17.4
175 827.6356408259146 17.5
176 827.6313451857021 17.6
177 827.6285940112184 17.7
178 827.6263275429845 17.8
179 827.6246678158707 17.9
180 827.6192033882843 18
181 827.6149813166815 18.1
182 827.6123620371053 18.2
183 827.6110209418173 18.3
184 827.6101787931392 18.4
185 827.6101676424094 18.5
186 827.605538541084 18.6
187 827.6026207546614 18.7
188 827.6008617205276 18.8
189 827.5997558785765 18.9
190 827.5995376459534 19
191 827.5999099303024 19.1
192 827.5960325815925 19.2
193 827.593746327267 19.3
194 827.592482789711 19.4
195 827.5914542188563 19.5
196 827.5914949599684 19.6
197 827.5918060004993 19.7
198 827.5879266356692 19.8
199 827.5856265249828 19.9
200 827.5840257824241 20
201 827.5831652729346 20.1
202 827.582967768822 20.2
203 827.5833072137765 20.3
204 827.5795977738925 20.4
205 827.5763853757986 20.5
206 827.5743712337033 20.6
207 827.5731022483702 20.7
208 827.5726540513141 20.8
209 827.5726072079775 20.9
210 827.5682434250838 21
211 827.5652553301849 21.1
212 827.5628986725671 21.2
213 827.561190544859 21.3
214 827.5602581722851 21.4
215 827.5600396571876 21.5
216 827.5553813061707 21.6
217 827.5521339531253 21.7
218 827.5493717556947 21.8
219 827.5473878395399 21.9
220 827.5457885307513 22
221 827.5449679372533 22.1
222 827.5400473458544 22.2
223 827.5360912028019 22.3
224 827.5334533465742 22.4
225 827.5313543056969 22.5
226 827.5297464489523 22.6
227 827.5286956048712 22.7
228 827.5235684745908 22.8
229 827.5196678533416 22.9
230 827.5166561304538 23
231 827.5142410398106 23.1
232 827.5129787680353 23.2
233 827.5117907824708 23.3
234 827.5066816928326 23.4
235 827.5031000191327 23.5
236 827.4999680863406 23.6
237 827.4976292234259 23.7
238 827.4958751456012 23.8
239 827.4946398737579 23.9
240 827.4894945650649 24
241 827.4855562542466 24.1
242 827.4824174528126 24.2
243 827.4802541490146 24.3
244 827.4786598686109 24.4
245 827.4776004008614 24.5
246 827.4724804641445 24.6
247 827.4685817331288 24.7
248 827.4656946813662 24.8
249 827.4633940548426 24.9
250 827.4617986146889 25
251 827.4607904253037 25.1
252 827.4554919822276 25.2
253 827.4514649974456 25.3
254 827.4485022908541 25.4
255 827.446142826008 25.5
256 827.4445130492683 25.6
257 827.4432914836501 25.7
258 827.4381893442749 25.8
259 827.4339941362939 25.9
260 827.4309419939933 26
261 827.4288115943975 26.1
262 827.426878994007 26.2
263 827.4257039056369 26.3
264 827.4207495788302 26.4
265 827.4168746370943 26.5
266 827.4136926465325 26.6
267 827.4113214465464 26.7
268 827.4096104818543 26.8
269 827.4083382999059 26.9
270 827.403195032006 27
271 827.3989629033579 27.1
272 827.395613688597 27.2
273 827.3931019039534 27.3
274 827.3910952421122 27.4
275 827.3896168217709 27.5
276 827.3844023997395 27.6
277 827.3800307334999 27.7
278 827.3765619102309 27.8
279 827.3739070970011 27.9
280 827.3719636230406 28
281 827.3702814768246 28.1
282 827.3645190805211 28.2
283 827.3601526770847 28.3
284 827.3567406091848 28.4
285 827.3540977866365 28.5
286 827.3522086511474 28.6
287 827.3506779079121 28.7
288 827.3450256937671 28.8
289 827.3405963332017 28.9
290 827.3370116026578 29
291 827.3342040131008 29.1
292 827.3319017141355 29.2
293 827.3303544120714 29.3
294 827.3247024234985 29.4
295 827.3199446559814 29.5
296 827.316020918351 29.6
297 827.3130515028882 29.7
298 827.3109258310142 29.8
299 827.3091438671169 29.9
300 827.3034830520781 30
301 827.2987184722622 30.1
302 827.2948074431001 30.2
303 827.2917042521482 30.3
304 827.2895373840727 30.4
305 827.2879209894121 30.5
306 827.2822341595943 30.6
307 827.2772572866143 30.7
308 827.273386274876 30.8
309 827.2703574792732 30.9
310 827.2679634323935 31
311 827.2661267502639 31.1
312 827.259741647653 31.2
313 827.2544504360686 31.3
314 827.2501170833769 31.4
315 827.2465815014001 31.5
316 827.2437062049597 31.6
317 827.2414878053665 31.7
318 827.2353638021356 31.8
319 827.2305182796729 31.9
320 827.2265425930519 32
321 827.2232408628367 32.1
322 827.2205396283739 32.2
323 827.2182794505405 32.3
324 827.2122708268307 32.4
325 827.207255431662 32.5
326 827.2031669791813 32.6
327 827.199953552508 32.7
328 827.1974638136288 32.8
329 827.1953856292997 32.9
330 827.1894750722689 33
331 827.1845131471608 33.1
332 827.1804475435904 33.2
333 827.1774181796113 33.3
334 827.1748403613724 33.4
335 827.1726935413545 33.5
336 827.1665627480951 33.6
337 827.1617264251365 33.7
338 827.157758754421 33.8
339 827.1545497020743 33.9
340 827.1519107249611 34
341 827.1497440206924 34.1
342 827.1437084649859 34.2
343 827.1385700190041 34.3
344 827.1344452193509 34.4
345 827.1312457522107 34.5
346 827.128655870788 34.6
347 827.1265646311879 34.7
348 827.1205284402347 34.8
349 827.1153752838317 34.9
350 827.1112561408343 35
351 827.1081168566767 35.1
352 827.1057365137306 35.2
353 827.1037781881381 35.3
354 827.097634012231 35.4
355 827.092500874497 35.5
356 827.0884046904361 35.6
357 827.0851078338527 35.7
358 827.0825029498741 35.8
359 827.0803361724338 35.9
360 827.0741584102443 36
361 827.0689662029738 36.1
362 827.064735366947 36.2
363 827.0615904205582 36.3
364 827.0590361568932 36.4
365 827.0569973740326 36.5
366 827.0509247620467 36.6
367 827.0458762545381 36.7
368 827.0417590938076 36.8
369 827.0385631238896 36.9
370 827.0360371483047 37
371 827.0340066511118 37.1
372 827.0278847569404 37.2
373 827.0228362421537 37.3
374 827.0187618397551 37.4
375 827.0155253375596 37.5
376 827.0129705562613 37.6
377 827.0114506357417 37.7
378 827.00567837186 37.8
379 827.0009168489521 37.9
380 826.9970512056125 38
381 826.9940003145622 38.1
382 826.9915985026169 38.2
383 826.9897983094869 38.3
384 826.9838094230277 38.40000000000001
385 826.9788453922548 38.5
386 826.9749829514213 38.6
387 826.9719023582329 38.7
388 826.9694014572262 38.8
389 826.9673924417918 38.90000000000001
390 826.9612558084127 39
391 826.9561594296055 39.1
392 826.9521813919606 39.2
393 826.9491739906265 39.3
394 826.9466880861637 39.40000000000001
395 826.9446950111324 39.5
396 826.938670023813 39.6
397 826.9336943065506 39.7
398 826.9297136311626 39.8
399 826.9265771215382 39.90000000000001
400 826.9242189208312 40
401 826.922239878397 40.1
402 826.9161823079734 40.2
403 826.9111249032204 40.3
404 826.9070658782833 40.40000000000001
405 826.9039579535161 40.5
406 826.9014096617273 40.6
407 826.8994700939736 40.7
408 826.8935881221799 40.8
409 826.8886180964689 40.90000000000001
410 826.8846533131003 41
411 826.8815209056031 41.1
412 826.8790567575703 41.2
413 826.8770996777175 41.3
414 826.8710979193079 41.40000000000001
415 826.8661482719793 41.5
416 826.8622321824801 41.6
417 826.8590809043238 41.7
418 826.8567189879452 41.8
419 826.8548443394861 41.90000000000001
420 826.8488808866632 42
421 826.8438773380857 42.1
422 826.8399381618789 42.2
423 826.8368626000646 42.3
424 826.8344465899447 42.40000000000001
425 826.8324990639014 42.5
426 826.8265183193851 42.6
427 826.8215943451978 42.7
428 826.8177001750896 42.8
429 826.8147102793523 42.90000000000001
430 826.8121799136009 43
431 826.8102381106681 43.1
432 826.8042471647818 43.2
433 826.7993010449902 43.3
434 826.7952649191378 43.40000000000001
435 826.7921434440012 43.5
436 826.7896327027437 43.6
437 826.7876942577732 43.7
438 826.7816839617083 43.8
439 826.7767103400816 43.90000000000001
440 826.7726904974983 44
441 826.7695431596441 44.1
442 826.7671402496894 44.2
443 826.7652354480456 44.3
444 826.759363629778 44.40000000000001
445 826.7545248737745 44.5
446 826.7505749658412 44.6
447 826.7474835769315 44.7
448 826.7450501598431 44.8
449 826.7430133505965 44.90000000000001
450 826.7370728728201 45
451 826.7321509503562 45.1
452 826.7281020354264 45.2
453 826.7249829047506 45.3
454 826.7225552210463 45.40000000000001
455 826.7206488832746 45.5
456 826.7147039847246 45.6
457 826.7096586646875 45.7
458 826.70562466059 45.8
459 826.7024941451605 45.90000000000001
460 826.7001884636401 46
461 826.6982760362034 46.1
462 826.692311817683 46.2
463 826.687300058775 46.3
464 826.6832381421027 46.40000000000001
465 826.6802086553324 46.5
466 826.6776055097212 46.6
467 826.6756873686937 46.7
468 826.6697199723617 46.8
469 826.664800528641 46.90000000000001
470 826.6607846193767 47
471 826.6576773996677 47.1
472 826.6552162508867 47.2
473 826.6532404041574 47.3
474 826.647231909929 47.40000000000001
475 826.6423174451044 47.5
476 826.6383090653645 47.6
477 826.6352085184229 47.7
478 826.6326954199457 47.8
479 826.6307990389532 47.90000000000001
480 826.6248028045156 48
481 826.6198635428673 48.1
482 826.6159229893394 48.2
483 826.6128064403272 48.3
484 826.6102280719107 48.40000000000001
485 826.6081768994944 48.5
486 826.6021810965718 48.6
487 826.597208378759 48.7
488 826.593085401549 48.8
489 826.5898162504034 48.90000000000001
490 826.5873206193288 49
491 826.5853947598226 49.1
492 826.5794289312743 49.2
493 826.5743976464121 49.3
494 826.5703445644508 49.40000000000001
495 826.5671993158682 49.5
496 826.5645851590083 49.6
497 826.5626688798404 49.7
498 826.5567123140858 49.8
499 826.5516831200645 49.90000000000001
500 826.5475961269939 50
501 825.557184060312 50.01
502 823.9478407173011 50.02
503 822.90126502111 50.03
504 821.4251766081777 50.04
505 819.7047557567073 50.05
506 817.9102089374448 50.06
507 816.0043817000483 50.07
508 813.9445812221303 50.08
509 811.7282744719419 50.09
510 809.3426949093604 50.1
511 806.772320179599 50.11
512 804.0443172285873 50.12
513 801.0999274449675 50.13
514 797.9605485149441 50.14
515 794.6471155020587 50.15
516 791.1497558830393 50.16
517 787.4400426453452 50.17
518 783.5342296170013 50.18
519 779.4324181791907 50.19
520 775.0693248578175 50.2
521 770.4793194418876 50.21
522 765.7048223350675 50.22
523 760.691503742236 50.23
524 755.5159953450283 50.24
525 750.212783303942 50.25
526 744.7837648334184 50.26
527 739.2708641238372 50.27
528 733.6989492467882 50.28
529 728.1583236577338 50.29
530 722.7001215440539 50.3
531 717.3288119097313 50.31
532 712.0335098843575 50.32
533 706.9359537245816 50.33
534 702.0260867207384 50.34
535 697.48464567195 50.35
536 693.3121320893061 50.36
537 689.6098067927645 50.37
538 686.414478456957 50.38
539 683.8352725235317 50.39
540 681.9099454787728 50.4
541 680.4947644011497 50.41
542 679.8892900517736 50.42
543 680.0495921348802 50.43
544 681.6127021226881 50.44
545 684.4716898553875 50.45
546 688.7600890075289 50.46
547 694.7688784647245 50.47
548 702.607135181528 50.48
549 712.664928803312 50.49
550 725.2788715663113 50.5
551 740.4927691268463 50.51
552 758.4499553023454 50.52
553 779.5119594135375 50.53
554 803.6599572103007 50.54
555 830.4323672452553 50.55
556 858.9850029138664 50.56
557 888.4770344694563 50.57
558 918.8137024270164 50.58
559 950.0066171822227 50.59
560 981.431778336654 50.6
561 1012.810697607874 50.61
562 1042.725816246328 50.62
563 1070.687225751449 50.63
564 1096.058919607001 50.64
565 1118.578912156275 50.65
566 1138.522326144319 50.66
567 1156.589290241174 50.67
568 1173.811654681315 50.68
569 1191.008675105819 50.69
570 1208.252085819537 50.7
571 1225.460927369562 50.71
572 1242.204029800188 50.72
573 1258.263009601107 50.73
574 1273.472478335986 50.74
575 1287.580752130049 50.75
576 1300.229356663672 50.76
577 1311.410919866715 50.77
578 1320.85254460287 50.78
579 1328.209165974367 50.79
580 1333.338415870935 50.8
581 1335.707881318215 50.81
582 1335.104512909594 50.82
583 1331.26759480914 50.83
584 1323.81971296117 50.84
585 1312.63562073194 50.85
586 1298.67297958437 50.86
587 1282.959266523643 50.87
588 1266.026025733411 50.88
589 1248.76703642358 50.89
590 1231.957764258098 50.9
591 1216.126818926748 50.91
592 1201.553444814823 50.92
593 1188.405166195264 50.93
594 1176.696371307881 50.94
595 1166.315049855318 50.95
596 1157.149370979188 50.96
597 1149.06236459592 50.97
598 1142.149128131523 50.98
599 1136.547838459106 50.99
600 1132.316550642005 51
601 1129.503367163 51.01
602 1128.118387403686 51.02
603 1128.216253503163 51.03
604 1129.956639574301 51.04
605 1133.349368322255 51.05
606 1138.443027383429 51.06
607 1145.197558550775 51.07
608 1153.345592937673 51.08
609 1162.672509414311 51.09
610 1173.313041700913 51.1
611 1185.150338550801 51.11
612 1198.182797942307 51.12
613 1212.43763068271 51.13
614 1227.715638792765 51.14
615 1243.421382107404 51.15
616 1258.672627130278 51.16
617 1272.262763234812 51.17
618 1283.22663938247 51.18
619 1291.349099943693 51.19
620 1298.288717073841 51.2
621 1305.337317661124 51.21
622 1313.070286777215 51.22
623 1321.511904598602 51.23
624 1330.457687484206 51.24
625 1339.742914144387 51.25
626 1349.03817836441 51.26
627 1358.175200323497 51.27
628 1367.057399664564 51.28
629 1375.569987574752 51.29
630 1383.578298387124 51.3
631 1390.981902202109 51.31
632 1397.708024608564 51.32
633 1403.58976446114 51.33
634 1408.602861951109 51.34
635 1412.54555636176 51.35
636 1415.240763457643 51.36
637 1416.715989682438 51.37
638 1416.706803228608 51.38
639 1415.046423032898 51.39
640 1411.618421765896 51.4
641 1406.380492127916 51.41
642 1399.49163971918 51.42
643 1391.203971208112 51.43
644 1381.768404648584 51.44
645 1371.469021076739 51.45
646 1360.626880845015 51.46
647 1349.404996407986 51.47
648 1337.884612990748 51.48
649 1326.610598309947 51.49
650 1316.298090793051 51.5
651 1307.558244639997 51.51
652 1300.848675696097 51.52
653 1296.15859425681 51.53
654 1293.347288353769 51.54
655 1292.161485652901 51.55
656 1292.316117925306 51.56
657 1293.290281899036 51.57
658 1294.686212398749 51.58
659 1296.064475818857 51.59
660 1297.689432963094 51.6
661 1299.797894442798 51.61
662 1302.431277686687 51.62
663 1305.328174698179 51.63
664 1308.513243933349 51.64
665 1311.995732200023 51.65
666 1315.91715108501 51.66
667 1320.417219196941 51.67
668 1325.473001860071 51.68
669 1330.942988212478 51.69
670 1336.709720830882 51.7
671 1342.591372692283 51.71
672 1348.303410386979 51.72
673 1353.714268311495 51.73
674 1358.648620765248 51.74
675 1363.09478941867 51.75
676 1367.081168536312 51.76
677 1370.643109299324 51.77
678 1373.720244693032 51.78
679 1376.275462693607 51.79
680 1378.257047464635 51.8
681 1379.698948890878 51.81
682 1380.797662244349 51.82
683 1381.538308980942 51.83
684 1381.790747013054 51.84
685 1381.591968738191 51.85
686 1381.271953292182 51.86
687 1380.806976872785 51.87
688 1380.102845853819 51.88
689 1379.051515510891 51.89
690 1377.609953024442 51.9
691 1375.723917132481 51.91
692 1373.381633145148 51.92
693 1370.645078832698 51.93
694 1367.561797338334 51.94
695 1364.207537916057 51.95
696 1360.670837728547 51.96
697 1356.935404098132 51.97
698 1352.98688144203 51.98
699 1348.808284554766 51.99
700 1344.32781761733 52
701 1339.517847232593 52.01
702 1334.506698862751 52.02
703 1329.30133368104 52.03
704 1324.058005503062 52.04
705 1318.768742978542 52.05
706 1313.548245537408 52.06
707 1308.446941839948 52.07
708 1303.480086264894 52.08
709 1298.6357678478 52.09
710 1293.885158848833 52.1
711 1289.139941248191 52.11
712 1284.338904865931 52.12
713 1279.538006082282 52.13
714 1274.83582307851 52.14
715 1270.152561135703 52.15
716 1265.339716101581 52.16
717 1260.897198758275 52.17
718 1257.025992917778 52.18
719 1253.768747278962 52.19
720 1251.205136577782 52.2
721 1249.335123777632 52.21
722 1248.126037814537 52.22
723 1247.568854772762 52.23
724 1247.619491958966 52.24
725 1248.220111803468 52.25
726 1249.328830693603 52.26
727 1250.906544235126 52.27
728 1252.865061191982 52.28
729 1255.151402251574 52.29
730 1257.712987667636 52.3
731 1260.471627898631 52.31
732 1263.35470711797 52.32
733 1266.297141634972 52.33
734 1269.20223670103 52.34
735 1271.989608748898 52.35
736 1274.579752486483 52.36
737 1276.877320183967 52.37
738 1278.833098414597 52.38
739 1280.38911297512 52.39
740 1281.503968578346 52.4
741 1282.182603041161 52.41
742 1282.466912104121 52.42
743 1282.426438319021 52.43
744 1282.141085735938 52.44
745 1281.653093367215 52.45
746 1280.969363145095 52.46
747 1280.087878826342 52.47
748 1278.957017877504 52.48
749 1277.503817437921 52.49
750 1275.6671570337 52.5
751 1273.375051582352 52.51
752 1270.556510062499 52.52
753 1267.172601111458 52.53
754 1263.17841428677 52.54
755 1258.534815277307 52.55
756 1253.268053552838 52.56
757 1247.398192301235 52.57
758 1240.958518814294 52.58
759 1234.005008331241 52.59
760 1226.607701406924 52.6
761 1218.871198775632 52.61
762 1210.932234593856 52.62
763 1202.950513964955 52.63
764 1195.064556910729 52.64
765 1187.440131989613 52.65
766 1180.225470867063 52.66
767 1173.509748026285 52.67
768 1167.357347997966 52.68
769 1161.795902430705 52.69
770 1156.792572804183 52.7
771 1152.305349419733 52.71
772 1148.280101842585 52.72
773 1144.62059585802 52.73
774 1141.302143864234 52.74
775 1138.220689105027 52.75
776 1135.17444075406 52.76
777 1132.05220617823 52.77
778 1128.931305399721 52.78
779 1125.90325455684 52.79
780 1123.12354187864 52.8
781 1120.726659118266 52.81
782 1118.829570680297 52.82
783 1117.427430793265 52.83
784 1116.465176062245 52.84
785 1115.842812300515 52.85
786 1115.497838700348 52.86
787 1115.346075322215 52.87
788 1115.284119422628 52.88
789 1115.242812551759 52.89
790 1115.166490042775 52.9
791 1114.984341605169 52.91
792 1114.672991393642 52.92
793 1114.236740191281 52.93
794 1113.683515656697 52.94
795 1113.058214075143 52.95
796 1112.40023014799 52.96
797 1111.718980489854 52.97
798 1111.011915540513 52.98
799 1110.264271449197 52.99
800 1109.405729293507 53
801 1108.381257343128 53.01
802 1107.127401278063 53.02
803 1105.54951010935 53.03
804 1103.58695044166 53.04
805 1101.181148484278 53.05
806 1098.257192451457 53.06
807 1094.794686978969 53.07
808 1090.777717103807 53.08
809 1086.176021023836 53.09
810 1081.011540005378 53.1
811 1075.318599103624 53.11
812 1069.118314778693 53.12
813 1062.48966509964 53.13
814 1055.520307518392 53.14
815 1048.278338800525 53.15
816 1040.897459960915 53.16
817 1033.513697833052 53.17
818 1026.222749928947 53.18
819 1019.171219858642 53.19
820 1012.461378211739 53.2
821 1006.111562066226 53.21
822 1000.178101429635 53.22
823 994.7030954451232 53.23
824 989.6588874908911 53.24
825 985.0795319294938 53.25
826 980.9817924718391 53.26
827 977.3190804314678 53.27
828 974.1056759510795 53.28
829 971.3436156480965 53.29
830 968.9769004100302 53.3
831 967.0070348036452 53.31
832 965.4217060134664 53.32
833 964.1616777626168 53.33
834 963.2227523221798 53.34
835 962.5930182709048 53.35
836 962.2100367153902 53.36
837 962.0645450107429 53.37
838 962.1297935359 53.38
839 962.3423922318094 53.39
840 962.6735774163387 53.4
841 963.0925326542507 53.41
842 963.5311854417881 53.42
843 963.9635170778052 53.43
844 964.3640421071137 53.44
845 964.6863946196818 53.45
846 964.9279354324348 53.46
847 965.1020524130039 53.47
848 965.2191685611091 53.48
849 965.3254332860539 53.49
850 965.4512278846106 53.5
851 965.5844055180999 53.51
852 965.7338985041591 53.52
853 965.8739078838585 53.53
854 965.9456045731356 53.54
855 965.8986003813071 53.55
856 965.6796531839843 53.56
857 965.2066490766283 53.57
858 964.421739031672 53.58
859 963.2699734895539 53.59
860 961.6965290867644 53.6
861 959.6696474434699 53.61
862 957.1659563417169 53.62
863 954.1620933494557 53.63
864 950.6680515149538 53.64
865 946.6999525737637 53.65
866 942.2648931089831 53.66
867 937.4129614510545 53.67
868 932.2054764377451 53.68
869 926.6849778032789 53.69
870 920.938924253394 53.7
871 915.0667732315347 53.71
872 909.1425983638004 53.72
873 903.2854864662871 53.73
874 897.5864495034872 53.74
875 892.0760569150095 53.75
876 886.8107336470944 53.76
877 881.8317674482345 53.77
878 877.1343292989391 53.78
879 872.7500891521336 53.79
880 868.7032980576233 53.8
881 864.9685472065812 53.81
882 861.5640287281517 53.82
883 858.5005831963207 53.83
884 855.7349370403135 53.84
885 853.2748735663507 53.85
886 851.1214689791498 53.86
887 849.2350766319105 53.87
888 847.6172019798088 53.88
889 846.2671759752077 53.89
890 845.1454367375781 53.9
891 844.2508407039951 53.91
892 843.5737624234712 53.92
893 843.0732573930276 53.93
894 842.7415322868512 53.94
895 842.5599032313207 53.95
896 842.4865535080501 53.96
897 842.507098051148 53.97
898 842.6003369779883 53.98
899 842.7290254393503 53.99
900 842.8792244976394 54
901 843.0427995904391 54.01
902 843.2095678118376 54.02
903 843.3974028082638 54.03
904 843.6234591498236 54.04
905 843.8858142024385 54.05
906 844.1906504654264 54.06
907 844.5352017185486 54.07
908 844.8903842690869 54.08
909 845.2294285270335 54.09
910 845.5159205478724 54.1
911 845.6946738838425 54.11
912 845.7191737380821 54.12
913 845.5436140721057 54.13
914 845.1106526133522 54.14
915 844.38140240409 54.15
916 843.32363318825 54.16
917 841.902806831244 54.17
918 840.1064522784475 54.18
919 837.9312452754791 54.19
920 835.3691535319126 54.2
921 832.4373345789672 54.21
922 829.1580607838106 54.22
923 825.5468766645052 54.23
924 821.6546643205652 54.24
925 817.5391640688784 54.25
926 813.2442788607414 54.26
927 808.8438896476523 54.27
928 804.4142708776575 54.28
929 800.0057193383359 54.29
930 795.6791937517859 54.3
931 791.4802219562262 54.31
932 787.4229539843298 54.32
933 783.5378176166254 54.33
934 779.8523859876544 54.34
935 776.3641231723656 54.35
936 773.096143555647 54.36
937 770.0616633387181 54.37
938 767.2478356529339 54.38
939 764.6648421902788 54.39
940 762.3160066936362 54.4
941 760.1795690016891 54.41
942 758.2590216515999 54.42
943 756.5574007242758 54.43
944 755.0538210056263 54.44
945 753.7463305079958 54.45
946 752.6355144586115 54.46
947 751.6975723594721 54.47
948 750.9297094602584 54.48
949 750.3284331007297 54.49
950 749.8664312722208 54.5
951 749.5355459412501 54.51
952 749.3295376583422 54.52
953 749.2244822307946 54.53
954 749.2101754321678 54.54
955 749.2769517451095 54.55
956 749.4032410344716 54.56
957 749.5875982494601 54.57
958 749.8301166988304 54.58
959 750.1246844716052 54.59
960 750.4769926340042 54.6
961 750.8878792635343 54.61
962 751.3428208652642 54.62
963 751.832038989055 54.63
964 752.3345764525865 54.64
965 752.8208615025479 54.65
966 753.2602068309802 54.66
967 753.6197150836221 54.67
968 753.8618331633591 54.68
969 753.9538728790072 54.69
970 753.8608548403703 54.7
971 753.5486213438859 54.71
972 752.9958422214891 54.72
973 752.1839695768538 54.73
974 751.0963770161179 54.74
975 749.7278984825969 54.75
976 748.0807009158132 54.76
977 746.1560540039247 54.77
978 743.9692181098101 54.78
979 741.5425018194488 54.79
980 738.900052354546 54.8
981 736.0786493678326 54.81
982 733.1222329572247 54.82
983 730.0679798439103 54.83
984 726.9701322266013 54.84
985 723.8752645217274 54.85
986 720.811692721235 54.86
987 717.8113900454658 54.87
988 714.9018025451059 54.88
989 712.0933581668451 54.89
990 709.4072782905442 54.9
991 706.8629717806825 54.91
992 704.4603486343949 54.92
993 702.2119194478278 54.93
994 700.1221356078142 54.94
995 698.1845324869521 54.95
996 696.4052009866089 54.96
997 694.7890382742622 54.97
998 693.32643830721 54.98
999 692.0220078295845 54.99
1000 690.8728341821903 55
1001 689.867091391069 55.01
1002 689.0044039274266 55.02
1003 688.2837755780089 55.03
1004 687.6924883204384 55.04
1005 687.2283271097467 55.05
1006 686.8866768859436 55.06
1007 686.6544113659335 55.07
1008 686.5262090666578 55.08
1009 686.4946770241969 55.09
1010 686.5465486283431 55.1
1011 686.6775772565425 55.11
1012 686.8822180594057 55.12
1013 687.1507261002348 55.13
1014 687.4812909623932 55.14
1015 687.8713830204496 55.15
1016 688.3113732835848 55.16
1017 688.7906477993071 55.17
1018 689.2987357007021 55.18
1019 689.8181915091285 55.19
1020 690.3273471584054 55.2
1021 690.804044888903 55.21
1022 691.2235766137529 55.22
1023 691.5611988381477 55.23
1024 691.7929705305116 55.24
1025 691.8944780995631 55.25
1026 691.8450632618866 55.26
1027 691.6263941288927 55.27
1028 691.2225715463589 55.28
1029 690.6243397468446 55.29
1030 689.826239824172 55.3
1031 688.8254731985372 55.31
1032 687.6259987035323 55.32
1033 686.236601820837 55.33
1034 684.6670352032789 55.34
1035 682.9379124885729 55.35
1036 681.0726488586633 55.36
1037 679.0950261611845 55.37
1038 677.0376563334988 55.38
1039 674.9358277006451 55.39
1040 672.8123529251932 55.4
1041 670.6952444892507 55.41
1042 668.6102783319317 55.42
1043 666.5718074573463 55.43
1044 664.5982334062759 55.44
1045 662.7046410781313 55.45
1046 660.8984320762008 55.46
1047 659.1909091311223 55.47
1048 657.5918817243432 55.48
1049 656.1000712047951 55.49
1050 654.7217938980084 55.5
1051 653.4613396626969 55.51
1052 652.3141857088964 55.52
1053 651.2834813719843 55.53
1054 650.3695012730243 55.54
1055 649.5664661991007 55.55
1056 648.8756693334284 55.56
1057 648.2975004449912 55.57
1058 647.8232206359304 55.58
1059 647.4522576770839 55.59
1060 647.1818444279521 55.6
1061 647.0036344764363 55.61
1062 646.9149610986368 55.62
1063 646.9122083897563 55.63
1064 646.9865075224787 55.64
1065 647.133412958858 55.65
1066 647.3486108159511 55.66
1067 647.6235174562613 55.67
1068 647.9532625182103 55.68
1069 648.3315003093603 55.69
1070 648.748389569668 55.7
1071 649.1947344693953 55.71
1072 649.657756685932 55.72
1073 650.1216498010739 55.73
1074 650.5730195780887 55.74
1075 650.994051169453 55.75
1076 651.3655361220028 55.76
1077 651.6705603649274 55.77
1078 651.8912533913591 55.78
1079 652.0131740734307 55.79
1080 652.0218271911428 55.8
1081 651.9051587641194 55.81
1082 651.654392818787 55.82
1083 651.2625390131008 55.83
1084 650.7268858438989 55.84
1085 650.0470891010061 55.85
1086 649.2284719068067 55.86
1087 648.277241314409 55.87
1088 647.2054287286346 55.88
1089 646.026174735116 55.89
1090 644.7549043809807 55.9
1091 643.4143846590754 55.91
1092 642.0264351427236 55.92
1093 640.6088306666003 55.93
1094 639.1814372540024 55.94
1095 637.7621746672174 55.95
1096 636.3624559034935 55.96
1097 634.9978672904159 55.97
1098 633.6829904487546 55.98
1099 632.4240990480482 55.99
1100 631.2317718382324 56
1101 630.1142286913915 56.01
1102 629.0736316696066 56.02
1103 628.1157769462849 56.03
1104 627.2443577728301 56.04
1105 626.4615817710096 56.05
1106 625.7649004418085 56.06
1107 625.1560909904053 56.07
1108 624.6327737815935 56.08
1109 624.1959750561606 56.09
1110 623.8461118885677 56.1
1111 623.5773177173279 56.11
1112 623.3892834158926 56.12
1113 623.2802030553195 56.13
1114 623.2443904443463 56.14
1115 623.2793508826895 56.15
1116 623.381067348851 56.16
1117 623.5422438293899 56.17
1118 623.7593801657769 56.18
1119 624.028590956798 56.19
1120 624.3422691023064 56.2
1121 624.6956849818691 56.21
1122 625.0812954374657 56.22
1123 625.4891237458742 56.23
1124 625.9093442265896 56.24
1125 626.3291446724025 56.25
1126 626.7367646427207 56.26
1127 627.1200438426304 56.27
1128 627.4649561734315 56.28
1129 627.7601124961901 56.29
1130 627.9931239836642 56.3
1131 628.153397544497 56.31
1132 628.2319995527388 56.32
1133 628.2202489616333 56.33
1134 628.113628418682 56.34
1135 627.9053315530914 56.35
1136 627.5940394706604 56.36
1137 627.180803582888 56.37
1138 626.6687868300684 56.38
1139 626.0637272762949 56.39
1140 625.3743700222985 56.4
1141 624.610593041097 56.41
1142 623.7853862918008 56.42
1143 622.9126117314578 56.43
1144 622.0058856284081 56.44
1145 621.081171444363 56.45
1146 620.1516696679469 56.46
1147 619.2271366471174 56.47
1148 618.3209654567697 56.48
1149 617.4431781669459 56.49
1150 616.6008730382572 56.5
1151 615.8034519617956 56.51
1152 615.0578898583185 56.52
1153 614.3656501557336 56.53
1154 613.7330335871538 56.54
1155 613.164191974938 56.55
1156 612.6578355382288 56.56
1157 612.2180154762474 56.57
1158 611.8465137113718 56.58
1159 611.540161749759 56.59
1160 611.2997616185235 56.6
1161 611.1250597689573 56.61
1162 611.0127632346297 56.62
1163 610.963795133586 56.63
1164 610.9750938981056 56.64
1165 611.0425876179828 56.65
1166 611.1652618176312 56.66
1167 611.3378371656826 56.67
1168 611.5556387630256 56.68
1169 611.8149534486683 56.69
1170 612.1114872751045 56.7
1171 612.4390110180636 56.71
1172 612.7921992811144 56.72
1173 613.1636819009642 56.73
1174 613.5448649966285 56.74
1175 613.9268997818219 56.75
1176 614.300868418026 56.76
1177 614.6582380390088 56.77
1178 614.9894821835655 56.78
1179 615.2844432204611 56.79
1180 615.5349740660079 56.8
1181 615.7314999233035 56.81
1182 615.8696082154887 56.82
1183 615.9387967809371 56.83
1184 615.9424320627703 56.84
1185 615.8753290544585 56.85
1186 615.7350392970711 56.86
1187 615.5226652966963 56.87
1188 615.2406029884023 56.88
1189 614.8932060652131 56.89
1190 614.4868119766302 56.9
1191 614.0288442108841 56.91
1192 613.5270736009935 56.92
1193 612.9935167236458 56.93
1194 612.4383216063969 56.94
1195 611.870006040371 56.95
1196 611.2989348812677 56.96
1197 610.7343813249165 56.97
1198 610.1841809240967 56.98
1199 609.6554113250744 56.99
1200 609.1547780163302 57
1201 608.688461881631 57.01
1202 608.2606826170147 57.02
1203 607.8756052996484 57.03
1204 607.5364520134767 57.04
1205 607.2460888156561 57.05
1206 607.0051310841131 57.06
1207 606.8158356341546 57.07
1208 606.6785750653537 57.08
1209 606.5918331167408 57.09
1210 606.556071714205 57.1
1211 606.5707545208661 57.11
1212 606.6344462857022 57.12
1213 606.7458682806923 57.13
1214 606.9022753445929 57.14
1215 607.0999109922577 57.15
1216 607.3360343781308 57.16
1217 607.6077200327069 57.17
1218 607.9104741732612 57.18
1219 608.2399484194385 57.19
1220 608.5904120404331 57.2
1221 608.9567455322035 57.21
1222 609.3330304068185 57.22
1223 609.7126446656116 57.23
1224 610.0883973009293 57.24
1225 610.4525372076541 57.25
1226 610.7990061557027 57.26
1227 611.1200887157588 57.27
1228 611.4103879209514 57.28
1229 611.6637109259337 57.29
1230 611.8741857291382 57.3
1231 612.0379575860316 57.31
1232 612.1512636086024 57.32
1233 612.2117180973821 57.33
1234 612.218975432438 57.34
1235 612.1732027808118 57.35
1236 612.0760909328837 57.36
1237 611.9311808019449 57.37
1238 611.7427135205764 57.38
1239 611.5165849537943 57.39
1240 611.2598035728116 57.4
1241 610.9794739999903 57.41
1242 610.683040427998 57.42
1243 610.3783429867306 57.43
1244 610.0720003245398 57.44
1245 609.7706326044654 57.45
1246 609.4819000158781 57.46
1247 609.2089844367338 57.47
1248 608.9570948503256 57.48
1249 608.7311488251542 57.49
1250 608.5357704141333 57.5
1251 608.3780277237602 57.51
1252 608.2543759243276 57.52
1253 608.1685637179638 57.53
1254 608.1190645637688 57.54
1255 608.1081009092779 57.55
1256 608.135768784386 57.56
1257 608.2024960038419 57.57
1258 608.3075644968091 57.58
1259 608.4496413492146 57.59
1260 608.6279888868964 57.6
1261 608.8406483343113 57.61
1262 609.0851851492023 57.62
1263 609.3589621074569 57.63
1264 609.6602114475812 57.64
1265 609.9837189291303 57.65
1266 610.3262664182365 57.66
1267 610.6842799157433 57.67
1268 611.0527908451274 57.68
1269 611.4265873931736 57.69
1270 611.8014564825112 57.7
1271 612.17129982064 57.71
1272 612.530720392365 57.72
1273 612.8743089901858 57.73
1274 613.197714151426 57.74
1275 613.4954328427129 57.75
1276 613.7639411741177 57.76
1277 613.9985829266687 57.77
1278 614.1955789021749 57.78
1279 614.3556028754065 57.79
1280 614.4762855894004 57.8
1281 614.5562395084505 57.81
1282 614.5989717015233 57.82
1283 614.6053731791565 57.83
1284 614.5783806891995 57.84
1285 614.5225354038279 57.85
1286 614.4418879512473 57.86
1287 614.3430896230562 57.87
1288 614.2292855460386 57.88
1289 614.1053011110121 57.89
1290 613.9779201387695 57.9
1291 613.8515404014051 57.91
1292 613.7328956798418 57.92
1293 613.6227825743564 57.93
1294 613.5260841598998 57.94
1295 613.446707573432 57.95
1296 613.3879900046318 57.96
1297 613.3527545967264 57.97
1298 613.3438405045117 57.98
1299 613.3609052773791 57.99
1300 613.4070433308931 58
1301 613.4821965891005 58.01
1302 613.5845367270628 58.02
1303 613.7153082833295 58.03
1304 613.8742527817125 58.04
1305 614.0604177602399 58.05
1306 614.272666046924 58.06
1307 614.5091865381154 58.07
1308 614.7678630087395 58.08
1309 615.0460177757753 58.09
1310 615.3416068283476 58.1
1311 615.6515869324438 58.11
1312 615.9725709531542 58.12
1313 616.3017418345561 58.13
1314 616.6348617335651 58.14
1315 616.9680645742923 58.15
1316 617.2982488666852 58.16
1317 617.6207880875179 58.17
1318 617.9317911170134 58.18
1319 618.2272272584809 58.19
1320 618.5046652142555 58.2
1321 618.7588387323767 58.21
1322 618.9904528408514 58.22
1323 619.1963164620148 58.23
1324 619.3748606502101 58.24
1325 619.5261361415206 58.25
1326 619.6491476375778 58.26
1327 619.7449511892536 58.27
1328 619.8156149562828 58.28
1329 619.8626103433002 58.29
1330 619.8886761276186 58.3
1331 619.897728115219 58.31
1332 619.8929720826927 58.32
1333 619.8796492822644 58.33
1334 619.862076316855 58.34
1335 619.8438103207258 58.35
1336 619.8251536773172 58.36
1337 619.8107571924019 58.37
1338 619.8037979086639 58.38
1339 619.8073360756746 58.39
1340 619.8241224952179 58.4
1341 619.8623245371615 58.41
1342 619.9155715511117 58.42
1343 619.987783936881 58.43
1344 620.0789001832392 58.44
1345 620.1904261162595 58.45
1346 620.3232463931784 58.46
1347 620.4772891303642 58.47
1348 620.6523653349474 58.48
1349 620.8481595556086 58.49
1350 621.063656714358 58.5
1351 621.2975323074244 58.51
1352 621.5487394303286 58.52
1353 621.8149573776855 58.53
1354 622.0939895471555 58.54
1355 622.3843099840975 58.55
1356 622.6828729909606 58.56
1357 622.9869818043775 58.57
1358 623.2945362172341 58.58
1359 623.6019293864061 58.59
1360 623.9061215941647 58.6
1361 624.2050153835124 58.61
1362 624.4950011277938 58.62
1363 624.7733902491016 58.63
1364 625.0387584253235 58.64
1365 625.2871375552596 58.65
1366 625.5185991968158 58.66
1367 625.7321051834861 58.67
1368 625.9258851915812 58.68
1369 626.0997080174344 58.69
1370 626.2548079195326 58.7
1371 626.3909397945305 58.71
1372 626.5093991671108 58.72
1373 626.6127688154976 58.73
1374 626.7021898521795 58.74
1375 626.7798076086098 58.75
1376 626.8490010737052 58.76
1377 626.9117663297634 58.77
1378 626.9707348873803 58.78
1379 627.0293618906362 58.79
1380 627.0900151788551 58.8
1381 627.155747860917 58.81
1382 627.2268389207727 58.82
1383 627.305614502051 58.83
1384 627.3941905536335 58.84
1385 627.4957458744919 58.85
1386 627.6095347737991 58.86
1387 627.7386185278293 58.87
1388 627.8822432132272 58.88
1389 628.04126329895 58.89
1390 628.2161659797385 58.9
1391 628.4071267185905 58.91
1392 628.6132825096057 58.92
1393 628.833943437879 58.93
1394 629.0687638865251 58.94
1395 629.316184670767 58.95
1396 629.5746630338786 58.96
1397 629.8434197339664 58.97
1398 630.120027292946 58.98
1399 630.4025510717252 58.99
1400 630.68994107964 59
1401 630.9792782026543 59.01
1402 631.2684614168927 59.02
1403 631.5564454659993 59.03
1404 631.8402661875971 59.04
1405 632.1177572825515 59.05
1406 632.3878059508113 59.06
1407 632.6484182123152 59.07
1408 632.8978042457029 59.08
1409 633.1357561378469 59.09
1410 633.3604932536974 59.1
1411 633.5715178572596 59.11
1412 633.7697895353587 59.12
1413 633.9546085986866 59.13
1414 634.1266600475595 59.14
1415 634.2877933858384 59.15
1416 634.4382931236614 59.16
1417 634.5798243226714 59.17
1418 634.714855059519 59.18
1419 634.8444736837988 59.19
1420 634.9704875575262 59.2
1421 635.0957948453233 59.21
1422 635.2212925497175 59.22
1423 635.3489431572191 59.23
1424 635.4864299929981 59.24
1425 635.6294225846408 59.25
1426 635.7797458596253 59.26
1427 635.9428730149629 59.27
1428 636.1144711551244 59.28
1429 636.2979135971497 59.29
1430 636.4931531590195 59.3
1431 636.7003488305195 59.31
1432 636.9199331528943 59.32
1433 637.1530058322023 59.33
1434 637.3984205517149 59.34
1435 637.6559907275204 59.35
1436 637.9258404110092 59.36
1437 638.2066447075728 59.37
1438 638.4971614502348 59.38
1439 638.7971498000435 59.39
1440 639.1043245628532 59.4
1441 639.4171618161768 59.41
1442 639.735303613067 59.42
1443 640.0562338646898 59.43
1444 640.3781919455272 59.44
1445 640.7007998607645 59.45
1446 641.021374323573 59.46
1447 641.338372692189 59.47
1448 641.6515806540542 59.48
1449 641.958512914621 59.49
1450 642.2580616612562 59.5
1451 642.5504804371424 59.51
1452 642.8328482386107 59.52
1453 643.1062660030391 59.53
1454 643.3798643329238 59.54
1455 643.6417605079939 59.55
1456 643.8963592145153 59.56
1457 644.1445264253889 59.57
1458 644.3854963427704 59.58
1459 644.6202323962684 59.59
1460 644.8507515608594 59.6
1461 645.0822378578102 59.61
1462 645.3104238385823 59.62
1463 645.5428805871724 59.63
1464 645.7746121912746 59.64
1465 646.0110629061484 59.65
1466 646.2517040078262 59.66
1467 646.4963006816375 59.67
1468 646.7453280426097 59.68
1469 647.0044330765086 59.69
1470 647.2692890493528 59.7
1471 647.5409852393099 59.71
1472 647.821357327019 59.72
1473 648.1097784146336 59.73
1474 648.406501361548 59.74
1475 648.7164082156406 59.75
1476 649.03424870395 59.76
1477 649.3599119689598 59.77
1478 649.6961504556415 59.78
1479 650.0388332165551 59.79
1480 650.3874296215655 59.8
1481 650.7427055702249 59.81
1482 651.102344627066 59.82
1483 651.4651148745967 59.83
1484 651.8315246048821 59.84
1485 652.1990000556214 59.85
1486 652.5662577146223 59.86
1487 652.9337254551078 59.87
1488 653.297475534769 59.88
1489 653.6588878537323 59.89
1490 654.0172466776784 59.9
1491 654.3701084932507 59.91
1492 654.7166979676142 59.92
1493 655.0578922923476 59.93
1494 655.3917674686655 59.94
1495 655.7182158285339 59.95
1496 656.0385680757815 59.96
1497 656.3514962065823 59.97
1498 656.6573846471291 59.98
1499 656.9582819128919 59.99
1500 657.2532089460404 60
