"vazao-mass-porta-rfile"
"Time Step" "vazao-mass-porta etc.."
("Time Step" "vazao-mass-porta" "flow-time")
0 0.1014011918481049 0
1 0 0.1
2 0 0.2
3 0 0.3
4 0 0.4
5 0 0.5
6 0 0.6000000000000001
7 0 0.7000000000000001
8 0 0.8
9 0 0.9
10 0 1
11 0 1.1
12 0 1.2
13 0 1.3
14 0 1.4
15 0 1.5
16 0 1.6
17 0 1.7
18 0 1.8
19 0 1.9
20 0 2
21 0 2.1
22 0 2.2
23 0 2.3
24 0 2.4
25 0 2.5
26 0 2.6
27 0 2.7
28 0 2.8
29 0 2.9
30 0 3
31 0 3.1
32 0 3.2
33 0 3.3
34 0 3.4
35 0 3.5
36 0 3.6
37 0 3.7
38 0 3.8
39 0 3.9
40 0 4
41 0 4.100000000000001
42 0 4.2
43 0 4.3
44 0 4.4
45 0 4.5
46 0 4.600000000000001
47 0 4.7
48 0 4.800000000000001
49 0 4.9
50 0 5
51 0 5.100000000000001
52 0 5.2
53 0 5.300000000000001
54 0 5.4
55 0 5.5
56 0 5.600000000000001
57 0 5.7
58 0 5.800000000000001
59 0 5.9
60 0 6
61 0 6.100000000000001
62 0 6.2
63 0 6.300000000000001
64 0 6.4
65 0 6.5
66 0 6.600000000000001
67 0 6.7
68 0 6.800000000000001
69 0 6.9
70 0 7
71 0 7.100000000000001
72 0 7.2
73 0 7.300000000000001
74 0 7.4
75 0 7.5
76 0 7.600000000000001
77 0 7.7
78 0 7.800000000000001
79 0 7.9
80 0 8
81 0 8.1
82 0 8.200000000000001
83 0 8.300000000000001
84 0 8.4
85 0 8.5
86 0 8.6
87 0 8.700000000000001
88 0 8.800000000000001
89 0 8.9
90 0 9
91 0 9.1
92 0 9.200000000000001
93 0 9.300000000000001
94 0 9.4
95 0 9.5
96 0 9.600000000000001
97 0 9.700000000000001
98 0 9.800000000000001
99 0 9.9
100 0 10
101 0 10.1
102 0 10.2
103 0 10.3
104 0 10.4
105 0 10.5
106 0 10.6
107 0 10.7
108 0 10.8
109 0 10.9
110 0 11
111 0 11.1
112 0 11.2
113 0 11.3
114 0 11.4
115 0 11.5
116 0 11.6
117 0 11.7
118 0 11.8
119 0 11.9
120 0 12
121 0 12.1
122 0 12.2
123 0 12.3
124 0 12.4
125 0 12.5
126 0 12.6
127 0 12.7
128 0 12.8
129 0 12.9
130 0 13
131 0 13.1
132 0 13.2
133 0 13.3
134 0 13.4
135 0 13.5
136 0 13.6
137 0 13.7
138 0 13.8
139 0 13.9
140 0 14
141 0 14.1
142 0 14.2
143 0 14.3
144 0 14.4
145 0 14.5
146 0 14.6
147 0 14.7
148 0 14.8
149 0 14.9
150 0 15
151 0 15.1
152 0 15.2
153 0 15.3
154 0 15.4
155 0 15.5
156 0 15.6
157 0 15.7
158 0 15.8
159 0 15.9
160 0 16
161 0 16.1
162 0 16.2
163 0 16.3
164 0 16.4
165 0 16.5
166 0 16.6
167 0 16.7
168 0 16.8
169 0 16.9
170 0 17
171 0 17.1
172 0 17.2
173 0 17.3
174 0 17.4
175 0 17.5
176 0 17.6
177 0 17.7
178 0 17.8
179 0 17.9
180 0 18
181 0 18.1
182 0 18.2
183 0 18.3
184 0 18.4
185 0 18.5
186 0 18.6
187 0 18.7
188 0 18.8
189 0 18.9
190 0 19
191 0 19.1
192 0 19.2
193 0 19.3
194 0 19.4
195 0 19.5
196 0 19.6
197 0 19.7
198 0 19.8
199 0 19.9
200 0 20
201 0 20.1
202 0 20.2
203 0 20.3
204 0 20.4
205 0 20.5
206 0 20.6
207 0 20.7
208 0 20.8
209 0 20.9
210 0 21
211 0 21.1
212 0 21.2
213 0 21.3
214 0 21.4
215 0 21.5
216 0 21.6
217 0 21.7
218 0 21.8
219 0 21.9
220 0 22
221 0 22.1
222 0 22.2
223 0 22.3
224 0 22.4
225 0 22.5
226 0 22.6
227 0 22.7
228 0 22.8
229 0 22.9
230 0 23
231 0 23.1
232 0 23.2
233 0 23.3
234 0 23.4
235 0 23.5
236 0 23.6
237 0 23.7
238 0 23.8
239 0 23.9
240 0 24
241 0 24.1
242 0 24.2
243 0 24.3
244 0 24.4
245 0 24.5
246 0 24.6
247 0 24.7
248 0 24.8
249 0 24.9
250 0 25
251 0 25.1
252 0 25.2
253 0 25.3
254 0 25.4
255 0 25.5
256 0 25.6
257 0 25.7
258 0 25.8
259 0 25.9
260 0 26
261 0 26.1
262 0 26.2
263 0 26.3
264 0 26.4
265 0 26.5
266 0 26.6
267 0 26.7
268 0 26.8
269 0 26.9
270 0 27
271 0 27.1
272 0 27.2
273 0 27.3
274 0 27.4
275 0 27.5
276 0 27.6
277 0 27.7
278 0 27.8
279 0 27.9
280 0 28
281 0 28.1
282 0 28.2
283 0 28.3
284 0 28.4
285 0 28.5
286 0 28.6
287 0 28.7
288 0 28.8
289 0 28.9
290 0 29
291 0 29.1
292 0 29.2
293 0 29.3
294 0 29.4
295 0 29.5
296 0 29.6
297 0 29.7
298 0 29.8
299 0 29.9
300 0 30
301 0 30.1
302 0 30.2
303 0 30.3
304 0 30.4
305 0 30.5
306 0 30.6
307 0 30.7
308 0 30.8
309 0 30.9
310 0 31
311 0 31.1
312 0 31.2
313 0 31.3
314 0 31.4
315 0 31.5
316 0 31.6
317 0 31.7
318 0 31.8
319 0 31.9
320 0 32
321 0 32.1
322 0 32.2
323 0 32.3
324 0 32.4
325 0 32.5
326 0 32.6
327 0 32.7
328 0 32.8
329 0 32.9
330 0 33
331 0 33.1
332 0 33.2
333 0 33.3
334 0 33.4
335 0 33.5
336 0 33.6
337 0 33.7
338 0 33.8
339 0 33.9
340 0 34
341 0 34.1
342 0 34.2
343 0 34.3
344 0 34.4
345 0 34.5
346 0 34.6
347 0 34.7
348 0 34.8
349 0 34.9
350 0 35
351 0 35.1
352 0 35.2
353 0 35.3
354 0 35.4
355 0 35.5
356 0 35.6
357 0 35.7
358 0 35.8
359 0 35.9
360 0 36
361 0 36.1
362 0 36.2
363 0 36.3
364 0 36.4
365 0 36.5
366 0 36.6
367 0 36.7
368 0 36.8
369 0 36.9
370 0 37
371 0 37.1
372 0 37.2
373 0 37.3
374 0 37.4
375 0 37.5
376 0 37.6
377 0 37.7
378 0 37.8
379 0 37.9
380 0 38
381 0 38.1
382 0 38.2
383 0 38.3
384 0 38.40000000000001
385 0 38.5
386 0 38.6
387 0 38.7
388 0 38.8
389 0 38.90000000000001
390 0 39
391 0 39.1
392 0 39.2
393 0 39.3
394 0 39.40000000000001
395 0 39.5
396 0 39.6
397 0 39.7
398 0 39.8
399 0 39.90000000000001
400 0 40
401 0 40.1
402 0 40.2
403 0 40.3
404 0 40.40000000000001
405 0 40.5
406 0 40.6
407 0 40.7
408 0 40.8
409 0 40.90000000000001
410 0 41
411 0 41.1
412 0 41.2
413 0 41.3
414 0 41.40000000000001
415 0 41.5
416 0 41.6
417 0 41.7
418 0 41.8
419 0 41.90000000000001
420 0 42
421 0 42.1
422 0 42.2
423 0 42.3
424 0 42.40000000000001
425 0 42.5
426 0 42.6
427 0 42.7
428 0 42.8
429 0 42.90000000000001
430 0 43
431 0 43.1
432 0 43.2
433 0 43.3
434 0 43.40000000000001
435 0 43.5
436 0 43.6
437 0 43.7
438 0 43.8
439 0 43.90000000000001
440 0 44
441 0 44.1
442 0 44.2
443 0 44.3
444 0 44.40000000000001
445 0 44.5
446 0 44.6
447 0 44.7
448 0 44.8
449 0 44.90000000000001
450 0 45
451 0 45.1
452 0 45.2
453 0 45.3
454 0 45.40000000000001
455 0 45.5
456 0 45.6
457 0 45.7
458 0 45.8
459 0 45.90000000000001
460 0 46
461 0 46.1
462 0 46.2
463 0 46.3
464 0 46.40000000000001
465 0 46.5
466 0 46.6
467 0 46.7
468 0 46.8
469 0 46.90000000000001
470 0 47
471 0 47.1
472 0 47.2
473 0 47.3
474 0 47.40000000000001
475 0 47.5
476 0 47.6
477 0 47.7
478 0 47.8
479 0 47.90000000000001
480 0 48
481 0 48.1
482 0 48.2
483 0 48.3
484 0 48.40000000000001
485 0 48.5
486 0 48.6
487 0 48.7
488 0 48.8
489 0 48.90000000000001
490 0 49
491 0 49.1
492 0 49.2
493 0 49.3
494 0 49.40000000000001
495 0 49.5
496 0 49.6
497 0 49.7
498 0 49.8
499 0 49.90000000000001
500 0 50
501 -0.02065911701068364 50.01
502 -0.02105568202169989 50.02
503 -0.02560123487454542 50.03
504 -0.02879964285744143 50.04
505 -0.03239380190165893 50.05
506 -0.0363825808801951 50.06
507 -0.04045296771228814 50.07
508 -0.04455504559061001 50.08
509 -0.04866610281580692 50.09
510 -0.05274084333596742 50.1
511 -0.0567386239745491 50.11
512 -0.06062757120735673 50.12
513 -0.064258408910636 50.13
514 -0.06771863751897803 50.14
515 -0.07095185702343904 50.15
516 -0.07392402507810975 50.16
517 -0.07664415889866913 50.17
518 -0.07912078097521685 50.18
519 -0.0813700763139802 50.19
520 -0.08332092150806678 50.2
521 -0.08500173630629064 50.21
522 -0.08637677329888732 50.22
523 -0.08760386465968971 50.23
524 -0.08845198743820014 50.24
525 -0.08889536539956903 50.25
526 -0.08893636767955936 50.26
527 -0.0884581077686412 50.27
528 -0.08750428439921677 50.28
529 -0.08626227491983737 50.29
530 -0.08456869722058057 50.3
531 -0.08243741567880247 50.31
532 -0.07990147175859454 50.32
533 -0.07707599004168614 50.33
534 -0.07408488564178098 50.34
535 -0.07087705701691688 50.35
536 -0.06737442627639774 50.36
537 -0.06385863003882994 50.37
538 -0.06024642391268195 50.38
539 -0.05652175219667571 50.39
540 -0.05267146071849228 50.4
541 -0.04846411781714412 50.41
542 -0.04442438739721674 50.42
543 -0.04002159889562004 50.43
544 -0.03602114779441488 50.44
545 -0.03156855835874878 50.45
546 -0.02701832091380393 50.46
547 -0.02248178944632249 50.47
548 -0.01773189335186527 50.48
549 -0.01299838302847523 50.49
550 -0.008206589797676118 50.5
551 -0.003167852723799924 50.51
552 0.001968313147053394 50.52
553 0.006958509999948157 50.53
554 0.01215846182419817 50.54
555 0.01745969440361544 50.55
556 0.02304212692793973 50.56
557 0.02881388489100604 50.57
558 0.03425382780714454 50.58
559 0.03943029009283449 50.59
560 0.04430111491702035 50.6
561 0.04876182161322976 50.61
562 0.05275152362720212 50.62
563 0.05609718158900698 50.63
564 0.05866014740314879 50.64
565 0.06029344770828746 50.65
566 0.06074012532940098 50.66
567 0.05991262831909859 50.67
568 0.05783577889877932 50.68
569 0.05453164232878002 50.69
570 0.0500283778641229 50.7
571 0.04447827187565245 50.71
572 0.0380278527768818 50.72
573 0.03091133090313625 50.73
574 0.02328431541996624 50.74
575 0.01533724877268102 50.75
576 0.00735524637946708 50.76
577 -0.0005632624074673491 50.77
578 -0.008246849482109566 50.78
579 -0.01546222846110158 50.79
580 -0.02223176030028221 50.8
581 -0.02838258994878379 50.81
582 -0.03388594742152541 50.82
583 -0.03852468645258728 50.83
584 -0.0422803355279445 50.84
585 -0.04501024243842751 50.85
586 -0.04701335691135149 50.86
587 -0.04824126148597597 50.87
588 -0.04907914489562876 50.88
589 -0.04988670328014306 50.89
590 -0.05078814453792169 50.9
591 -0.0516718323233715 50.91
592 -0.05207887470223519 50.92
593 -0.05155223995327574 50.93
594 -0.05052260216567653 50.94
595 -0.04927547284000156 50.95
596 -0.0478722322601362 50.96
597 -0.04615926166251107 50.97
598 -0.04340353563308487 50.98
599 -0.04024811999723105 50.99
600 -0.036835451434179 51
601 -0.03314152759787832 51.01
602 -0.02922292940051451 51.02
603 -0.02505293965293016 51.03
604 -0.02087750596059487 51.04
605 -0.0164971334453038 51.05
606 -0.01195528158394295 51.06
607 -0.007201088414032017 51.07
608 -0.002232683378652475 51.08
609 0.002867901099195866 51.09
610 0.007928837471646461 51.1
611 0.01301293644149334 51.11
612 0.01804809538091513 51.12
613 0.02291310479339071 51.13
614 0.02749707433822545 51.14
615 0.03169894798772527 51.15
616 0.03546368074023567 51.16
617 0.03869122089755353 51.17
618 0.04124872950426962 51.18
619 0.04297706650862323 51.19
620 0.04377230243323042 51.2
621 0.0435303505655017 51.21
622 0.04224274117923632 51.22
623 0.03998391247279399 51.23
624 0.0368745382294719 51.24
625 0.03306697878904043 51.25
626 0.02868458318721258 51.26
627 0.02385562784561407 51.27
628 0.01867786102422192 51.28
629 0.0132210896374486 51.29
630 0.007557923974294653 51.3
631 0.001749840870931729 51.31
632 -0.004169534382388444 51.32
633 -0.009952733448594042 51.33
634 -0.01556439582491875 51.34
635 -0.02085686088764029 51.35
636 -0.02563144144102064 51.36
637 -0.02980036927765172 51.37
638 -0.0334110984023975 51.38
639 -0.03623781363770397 51.39
640 -0.03836251242719305 51.4
641 -0.03978472584611512 51.41
642 -0.04047051685943012 51.42
643 -0.04040570911527426 51.43
644 -0.03956524560393138 51.44
645 -0.03787303644122858 51.45
646 -0.03531227007551264 51.46
647 -0.03205668455569814 51.47
648 -0.0283158951540222 51.48
649 -0.02424368619137485 51.49
650 -0.01995714765733975 51.5
651 -0.01542965145937085 51.51
652 -0.0109124428688562 51.52
653 -0.006415642900017314 51.53
654 -0.001842567421818283 51.54
655 0.002867458978715005 51.55
656 0.007633602077707172 51.56
657 0.01238790957306811 51.57
658 0.01704420860349648 51.58
659 0.02159224569434586 51.59
660 0.02595894475908283 51.6
661 0.03006263017075968 51.61
662 0.03379534048049676 51.62
663 0.03701828999918659 51.63
664 0.03954534431825017 51.64
665 0.04119012500346969 51.65
666 0.04179513655651009 51.66
667 0.04133139055927362 51.67
668 0.0399149202096068 51.68
669 0.0376710382208089 51.69
670 0.03469531985336241 51.7
671 0.03107377954482665 51.71
672 0.02689473356087018 51.72
673 0.02224551232895979 51.73
674 0.01723771758291128 51.74
675 0.01196320273216039 51.75
676 0.006503685033911411 51.76
677 0.0009688767936506222 51.77
678 -0.004515519609012877 51.78
679 -0.009889901006248383 51.79
680 -0.01507080677851392 51.8
681 -0.01995181214291017 51.81
682 -0.02449888852586499 51.82
683 -0.02847831160107282 51.83
684 -0.03195573104400518 51.84
685 -0.03483119650511 51.85
686 -0.03708599581977412 51.86
687 -0.03866292235611757 51.87
688 -0.03947514162362267 51.88
689 -0.03949668382476358 51.89
690 -0.03859653654937564 51.9
691 -0.03669475282512619 51.91
692 -0.03390843652016241 51.92
693 -0.03053437887369026 51.93
694 -0.02671374248915226 51.94
695 -0.0225749868469257 51.95
696 -0.01817177464336847 51.96
697 -0.01360499662857154 51.97
698 -0.008939033089271761 51.98
699 -0.004202047805346528 51.99
700 0.0005683385502874881 52
701 0.005380608808308566 52.01
702 0.01022882012151342 52.02
703 0.01499314104832591 52.03
704 0.01967083961193224 52.04
705 0.02425058066328981 52.05
706 0.02868073000200163 52.06
707 0.03292197111503257 52.07
708 0.03692477989824733 52.08
709 0.04061368800945277 52.09
710 0.04386727161069985 52.1
711 0.04653375674233022 52.11
712 0.04840307831129914 52.12
713 0.04923892249362761 52.13
714 0.04894796115100425 52.14
715 0.0476496386955196 52.15
716 0.04549427261941499 52.16
717 0.0425996740386467 52.17
718 0.03906739294743522 52.18
719 0.03499124299480924 52.19
720 0.03045502841775232 52.2
721 0.02553231355531337 52.21
722 0.02028798543100594 52.22
723 0.01480920815558475 52.23
724 0.009148084151316746 52.24
725 0.003384956948838104 52.25
726 -0.002398260740828562 52.26
727 -0.008102664290836586 52.27
728 -0.01370455219127996 52.28
729 -0.01910463139578766 52.29
730 -0.02418217069208405 52.3
731 -0.02894090611763204 52.31
732 -0.03325121548721561 52.32
733 -0.03709621177012355 52.33
734 -0.04038103731672368 52.34
735 -0.04306495804141187 52.35
736 -0.04513847760879564 52.36
737 -0.04642942461921089 52.37
738 -0.0469053439262169 52.38
739 -0.04644738857601249 52.39
740 -0.04488090420132137 52.4
741 -0.04221276726432107 52.41
742 -0.03873754611855361 52.42
743 -0.03467691600853569 52.43
744 -0.03028547146669587 52.44
745 -0.02559565761017619 52.45
746 -0.02071445369455072 52.46
747 -0.01576836937307408 52.47
748 -0.01070412068005475 52.48
749 -0.005558993278261463 52.49
750 -0.0003871667264937644 52.5
751 0.004805503516721983 52.51
752 0.01002414440454969 52.52
753 0.01516982541589981 52.53
754 0.02023589300677456 52.54
755 0.02520997934874654 52.55
756 0.03004671252648286 52.56
757 0.03472888448144571 52.57
758 0.03922619615431936 52.58
759 0.04349671810837368 52.59
760 0.04746274059918199 52.6
761 0.05099854056875237 52.61
762 0.05393646664774066 52.62
763 0.0560541031072302 52.63
764 0.05705996906944986 52.64
765 0.05683050629870093 52.65
766 0.05554085842652624 52.66
767 0.05336513029286379 52.67
768 0.05042341241053488 52.68
769 0.04680715418298956 52.69
770 0.04260399121062367 52.7
771 0.03788820708578559 52.71
772 0.03274230492900734 52.72
773 0.02722586256278401 52.73
774 0.02142706836670794 52.74
775 0.01542039942881051 52.75
776 0.009285617790765133 52.76
777 0.003096488245029329 52.77
778 -0.003039785721471211 52.78
779 -0.009044721956297349 52.79
780 -0.01486883435033426 52.8
781 -0.02039597552872801 52.81
782 -0.02562095711483242 52.82
783 -0.03049117212074696 52.83
784 -0.03491706858213121 52.84
785 -0.0388643470606722 52.85
786 -0.04232352913015247 52.86
787 -0.04511164306241044 52.87
788 -0.04723990371997702 52.88
789 -0.04862286177214728 52.89
790 -0.04909303397230752 52.9
791 -0.04848849713937831 52.91
792 -0.04664327042611563 52.92
793 -0.04370399836048032 52.93
794 -0.04002312481187793 52.94
795 -0.03584057093403998 52.95
796 -0.03126401176668643 52.96
797 -0.0265217600249558 52.97
798 -0.02156004954559097 52.98
799 -0.01652157830667493 52.99
800 -0.01137304764348851 53
801 -0.006155521532613344 53.01
802 -0.0008900051008123562 53.02
803 0.004363992719338098 53.03
804 0.009616121641322405 53.04
805 0.01484342067721966 53.05
806 0.01998544380359859 53.06
807 0.02504003844628606 53.07
808 0.02997214253801546 53.08
809 0.03476612468716286 53.09
810 0.03940170523049796 53.1
811 0.04383747840631193 53.11
812 0.0480009035329673 53.12
813 0.05179128157945784 53.13
814 0.05507526260304614 53.14
815 0.05767095630997883 53.15
816 0.05932932686454636 53.16
817 0.05980075903341495 53.17
818 0.0591297716174258 53.18
819 0.05752954848620891 53.19
820 0.0551376041635268 53.2
821 0.05205714208856505 53.21
822 0.04838047778377058 53.22
823 0.0441763848585366 53.23
824 0.03951912621954497 53.24
825 0.03447899231109877 53.25
826 0.02911593622745016 53.26
827 0.02349182881591681 53.27
828 0.01767034440685558 53.28
829 0.01170222797081708 53.29
830 0.005636073708582044 53.3
831 -0.0004402560635924898 53.31
832 -0.006474001581686992 53.32
833 -0.01240051897689396 53.33
834 -0.01815108633698162 53.34
835 -0.0236791920220432 53.35
836 -0.02892780872747103 53.36
837 -0.0338119189538437 53.37
838 -0.03826566078750816 53.38
839 -0.04225272430401324 53.39
840 -0.04562786457303483 53.4
841 -0.04837776718591215 53.41
842 -0.05043194734853355 53.42
843 -0.05165286885812529 53.43
844 -0.05189928110496246 53.44
845 -0.05098503571451856 53.45
846 -0.04884253562411794 53.46
847 -0.04574852284491565 53.47
848 -0.04200754383212121 53.48
849 -0.03780699830897288 53.49
850 -0.03327622160112632 53.5
851 -0.02843932949365404 53.51
852 -0.02351143384212759 53.52
853 -0.01843866722981973 53.53
854 -0.01328763931072973 53.54
855 -0.008061668150755708 53.55
856 -0.002797085830458641 53.56
857 0.002489529116549886 53.57
858 0.007767527420447799 53.58
859 0.01302766720810452 53.59
860 0.01822483366174819 53.6
861 0.02334798672545771 53.61
862 0.02837962871192631 53.62
863 0.0332867555028281 53.63
864 0.03804907446384423 53.64
865 0.04262010862445671 53.65
866 0.046940016793324 53.66
867 0.05093437954340428 53.67
868 0.05448958499569523 53.68
869 0.05746059225116407 53.69
870 0.05964817013515651 53.7
871 0.06078225688884063 53.71
872 0.06073289359179 53.72
873 0.05967577119749845 53.73
874 0.05779019631762043 53.74
875 0.05519201929951477 53.75
876 0.05197656158991305 53.76
877 0.04822592355963942 53.77
878 0.04401048652974743 53.78
879 0.03939937440076047 53.79
880 0.03445002027001644 53.8
881 0.02921936902015568 53.81
882 0.0237623078793426 53.82
883 0.01811420989281249 53.83
884 0.01233130058611083 53.84
885 0.006489249843193967 53.85
886 0.0006274378473490778 53.86
887 -0.005208355523297452 53.87
888 -0.01096256189659246 53.88
889 -0.01658037726159237 53.89
890 -0.02199910323423247 53.9
891 -0.02716314283744169 53.91
892 -0.03199501699827186 53.92
893 -0.0364620337654594 53.93
894 -0.04050564885581316 53.94
895 -0.04399290572374349 53.95
896 -0.0469189275758185 53.96
897 -0.04917288931955097 53.97
898 -0.05065132547402028 53.98
899 -0.05119680409238892 53.99
900 -0.05063682649003633 54
901 -0.04889716808812451 54.01
902 -0.0462011361961238 54.02
903 -0.04282772992779776 54.03
904 -0.03895878975453551 54.04
905 -0.03471521659324851 54.05
906 -0.03018358999953188 54.06
907 -0.02545138647896117 54.07
908 -0.02061402621224568 54.08
909 -0.01563563093259529 54.09
910 -0.01059097907113642 54.1
911 -0.005484650419267114 54.11
912 -0.0003509831247834622 54.12
913 0.004792354419999151 54.13
914 0.009926284134147111 54.14
915 0.01501772776887647 54.15
916 0.02006791959857299 54.16
917 0.0250128096509241 54.17
918 0.02985371680568279 54.18
919 0.03454892772226711 54.19
920 0.03905656434885815 54.2
921 0.04332672749117868 54.21
922 0.04729390036893015 54.22
923 0.05087785789401019 54.23
924 0.05395475419814815 54.24
925 0.05636672007977567 54.25
926 0.05789931525799459 54.26
927 0.0583626175750473 54.27
928 0.05780064849243444 54.28
929 0.05640206919286242 54.29
930 0.05429247990091137 54.3
931 0.05156592098988365 54.31
932 0.04830299281228412 54.32
933 0.04458819486298729 54.33
934 0.0404774736991584 54.34
935 0.03603000590628184 54.35
936 0.03129826809598154 54.36
937 0.02632781259492346 54.37
938 0.02116228219223422 54.38
939 0.01585492257916698 54.39
940 0.01045233089743227 54.4
941 0.004993771741045244 54.41
942 -0.0004723232845014278 54.42
943 -0.005896749931109531 54.43
944 -0.01122998692482408 54.44
945 -0.01642056240368098 54.45
946 -0.02142545874431278 54.46
947 -0.0261759695577176 54.47
948 -0.03061998595364078 54.48
949 -0.03472472466123035 54.49
950 -0.03841804297617111 54.5
951 -0.04158399748061663 54.51
952 -0.04421341550524528 54.52
953 -0.0462005823346053 54.53
954 -0.04742587648860563 54.54
955 -0.04774603524799007 54.55
956 -0.04702415947273322 54.56
957 -0.04528059994257431 54.57
958 -0.04274472737131074 54.58
959 -0.03961202353453187 54.59
960 -0.03602968631085135 54.6
961 -0.03210009477594068 54.61
962 -0.02789169239010361 54.62
963 -0.02349865695534618 54.63
964 -0.01895296588825684 54.64
965 -0.01428661181539086 54.65
966 -0.009558368474452163 54.66
967 -0.00476639786174942 54.67
968 5.720143116221509e-05 54.68
969 0.004880837608794155 54.69
970 0.009687471410383001 54.7
971 0.01445492369467455 54.71
972 0.01915282808877867 54.72
973 0.02375384355783293 54.73
974 0.02820737453700232 54.74
975 0.03249999123023503 54.75
976 0.03656944971629885 54.76
977 0.04036749275076357 54.77
978 0.04382243347018169 54.78
979 0.04684616003004621 54.79
980 0.04932201868166469 54.8
981 0.05109367704069123 54.81
982 0.05198602694758517 54.82
983 0.05192845716504125 54.83
984 0.05104991288749302 54.84
985 0.04947660201695098 54.85
986 0.0472992393001414 54.86
987 0.0445983851734499 54.87
988 0.04144642645950794 54.88
989 0.0379076067624117 54.89
990 0.03404080534093298 54.9
991 0.02989629102174983 54.91
992 0.02551768901201687 54.92
993 0.02095164110960917 54.93
994 0.01624796278404229 54.94
995 0.01143497312477767 54.95
996 0.006557100729007182 54.96
997 0.001657345557079431 54.97
998 -0.003212648357796702 54.98
999 -0.008018893292617934 54.99
1000 -0.01271206315325266 55
1001 -0.01725543335446777 55.01
1002 -0.02158034537902225 55.02
1003 -0.02565766299947465 55.03
1004 -0.02944187767732912 55.04
1005 -0.0328551833320894 55.05
1006 -0.03584154841276365 55.06
1007 -0.0383589089371494 55.07
1008 -0.04029153617742572 55.08
1009 -0.04155262269804132 55.09
1010 -0.042032717599915 55.1
1011 -0.04162285628438774 55.11
1012 -0.04034012100812528 55.12
1013 -0.03833340268194494 55.13
1014 -0.03575482036756273 55.14
1015 -0.03272555806748111 55.15
1016 -0.02935095612458377 55.16
1017 -0.02567830521326251 55.17
1018 -0.02181325584738266 55.18
1019 -0.01777621895416721 55.19
1020 -0.01361000344350606 55.2
1021 -0.009342828560743248 55.21
1022 -0.00502289119578808 55.22
1023 -0.0006791015571631798 55.23
1024 0.003674138404735971 55.24
1025 0.008005470161450994 55.25
1026 0.01228760059880657 55.26
1027 0.01649097547421421 55.27
1028 0.02058544022214462 55.28
1029 0.0245334689448842 55.29
1030 0.02829509105511377 55.3
1031 0.03182676708325973 55.31
1032 0.03506300792906764 55.32
1033 0.0379415166169474 55.33
1034 0.04038173491001155 55.34
1035 0.04225410820044921 55.35
1036 0.04344193822342159 55.36
1037 0.04384091553522593 55.37
1038 0.04347306271910735 55.38
1039 0.04243830163512803 55.39
1040 0.04083677059660575 55.4
1041 0.03872706747068682 55.41
1042 0.03618226246229616 55.42
1043 0.03326231617929881 55.43
1044 0.03002616437156365 55.44
1045 0.02652742153017139 55.45
1046 0.02280495540989255 55.46
1047 0.01890264169702077 55.47
1048 0.01485759838828855 55.48
1049 0.01070842994761782 55.49
1050 0.006495185658774476 55.5
1051 0.002255590705484263 55.51
1052 -0.001970916995469234 55.52
1053 -0.006146940066776695 55.53
1054 -0.01021278958375587 55.54
1055 -0.01414790392323351 55.55
1056 -0.01790371048722879 55.56
1057 -0.02143888886045146 55.57
1058 -0.02469319329509453 55.58
1059 -0.02763499587148057 55.59
1060 -0.03018572745012316 55.6
1061 -0.03229769852916498 55.61
1062 -0.03390554267979215 55.62
1063 -0.03490829308295617 55.63
1064 -0.03523049910021295 55.64
1065 -0.0348217377332013 55.65
1066 -0.03371037253863516 55.66
1067 -0.03200284850216081 55.67
1068 -0.0298074883805497 55.68
1069 -0.02721087568366181 55.69
1070 -0.02430791953786769 55.7
1071 -0.02114242071808141 55.71
1072 -0.01777737432128079 55.72
1073 -0.01424400751403493 55.73
1074 -0.01060775315773478 55.74
1075 -0.006887365568192064 55.75
1076 -0.003112222833013798 55.76
1077 0.0006764702298396146 55.77
1078 0.004463321243696276 55.78
1079 0.008199481213643008 55.79
1080 0.01187178300594872 55.8
1081 0.01544518228767858 55.81
1082 0.01888352136893802 55.82
1083 0.02214910715218302 55.83
1084 0.0251993158094591 55.84
1085 0.02798238788948254 55.85
1086 0.03043818969727678 55.86
1087 0.03248985765170222 55.87
1088 0.03404967418615658 55.88
1089 0.03502807728947209 55.89
1090 0.0353580073995101 55.9
1091 0.03505464806891942 55.91
1092 0.03418881855516626 55.92
1093 0.03282676750848288 55.93
1094 0.03102787687118854 55.94
1095 0.02884966511997033 55.95
1096 0.02634881199675443 55.96
1097 0.0235751733597615 55.97
1098 0.02057103364602775 55.98
1099 0.01737744478040125 55.99
1100 0.01403345963980342 56
1101 0.01057480202311125 56.01
1102 0.007038587693698134 56.02
1103 0.003454804352149808 56.03
1104 -0.0001164199886921624 56.04
1105 -0.003655723230914079 56.05
1106 -0.007132284158283781 56.06
1107 -0.01049108764017126 56.07
1108 -0.01370782043141195 56.08
1109 -0.01674030430268177 56.09
1110 -0.01955343665924866 56.1
1111 -0.02207895503727285 56.11
1112 -0.02429094138009449 56.12
1113 -0.02612935889096867 56.13
1114 -0.02753828891416242 56.14
1115 -0.02845897722897319 56.15
1116 -0.02880626178675025 56.16
1117 -0.02855443843488702 56.17
1118 -0.0277347458526811 56.18
1119 -0.02641115695465027 56.19
1120 -0.02465625852509501 56.2
1121 -0.02254700676458186 56.21
1122 -0.02014510446603395 56.22
1123 -0.01750763955043895 56.23
1124 -0.01468192788560484 56.24
1125 -0.01169186541513037 56.25
1126 -0.008627837386257619 56.26
1127 -0.005479112178045996 56.27
1128 -0.002285088425361223 56.28
1129 0.00092630665531181 56.29
1130 0.004116210732421896 56.3
1131 0.007261321715397289 56.31
1132 0.01032247254673329 56.32
1133 0.01328276898068069 56.33
1134 0.01608105716523849 56.34
1135 0.0186969466093894 56.35
1136 0.02108443931102895 56.36
1137 0.02318765703057507 56.37
1138 0.02494771272971694 56.38
1139 0.02630073041696415 56.39
1140 0.02718278507556665 56.4
1141 0.02754596057621686 56.41
1142 0.02739445894887601 56.42
1143 0.02676780939805672 56.43
1144 0.0257141307720246 56.44
1145 0.02427888218538789 56.45
1146 0.02251060034393304 56.46
1147 0.02045913316345547 56.47
1148 0.0181703730076461 56.48
1149 0.01568196827529 56.49
1150 0.01302628451571757 56.5
1151 0.01025836468237353 56.51
1152 0.007387514189689245 56.52
1153 0.004466713035599087 56.53
1154 0.001516316734064001 56.54
1155 -0.001428082563604768 56.55
1156 -0.004331779651463471 56.56
1157 -0.007160262758534663 56.57
1158 -0.009885391970384499 56.58
1159 -0.01246320910682918 56.59
1160 -0.01484946082689624 56.6
1161 -0.01701877080050513 56.61
1162 -0.0189306780805811 56.62
1163 -0.02054135147502016 56.63
1164 -0.02180295240775804 56.64
1165 -0.02266556697994982 56.65
1166 -0.02308078756670115 56.66
1167 -0.02301971989452262 56.67
1168 -0.02249489379068791 56.68
1169 -0.02154447739585603 56.69
1170 -0.02021921019500425 56.7
1171 -0.0185720455386248 56.71
1172 -0.01665848032565259 56.72
1173 -0.01452853831086874 56.73
1174 -0.01222371191925675 56.74
1175 -0.009780418032376476 56.75
1176 -0.007231043700753281 56.76
1177 -0.004633775740767114 56.77
1178 -0.001990801540492509 56.78
1179 0.0006574711247934947 56.79
1180 0.003283376009360843 56.8
1181 0.005869211703913593 56.81
1182 0.008364691325529848 56.82
1183 0.01073821517105703 56.83
1184 0.01296149737405576 56.84
1185 0.01499853333390213 56.85
1186 0.01680743638354571 56.86
1187 0.01833195920486781 56.87
1188 0.01953040093540698 56.88
1189 0.02035805415322339 56.89
1190 0.02078074756261501 56.9
1191 0.02079283412674656 56.91
1192 0.02041291422318479 56.92
1193 0.01967075903643749 56.93
1194 0.0185946470239308 56.94
1195 0.01723714860359496 56.95
1196 0.01562913562695945 56.96
1197 0.013799805754218 56.97
1198 0.01180103847065965 56.98
1199 0.009668888130430714 56.99
1200 0.00742133710442246 57
1201 0.005094507126817995 57.01
1202 0.002721223049067561 57.02
1203 0.0003283977826728096 57.03
1204 -0.002052859167076811 57.04
1205 -0.004392742841432717 57.05
1206 -0.006660434075165936 57.06
1207 -0.008834916484071916 57.07
1208 -0.01085901531644831 57.08
1209 -0.01271833099063592 57.09
1210 -0.01437820403366024 57.1
1211 -0.01580140606907147 57.11
1212 -0.01696033510267769 57.12
1213 -0.01779634744068638 57.13
1214 -0.01828542999024144 57.14
1215 -0.01840692042290928 57.15
1216 -0.01816004596899784 57.16
1217 -0.01756097671614652 57.17
1218 -0.01663815101973407 57.18
1219 -0.01543001971178239 57.19
1220 -0.01397970978013452 57.2
1221 -0.01232610829871077 57.21
1222 -0.01050806039336631 57.22
1223 -0.008562788105510914 57.23
1224 -0.00652081970043266 57.24
1225 -0.004401739158730007 57.25
1226 -0.00226885293556834 57.26
1227 -0.0001154413524126381 57.27
1228 0.002005023687127874 57.28
1229 0.0040758739387762 57.29
1230 0.006068354849501262 57.3
1231 0.007951992734307578 57.31
1232 0.009693921505620772 57.32
1233 0.01126058564121809 57.33
1234 0.01261765887812377 57.34
1235 0.01372757880252867 57.35
1236 0.0145574026517457 57.36
1237 0.01508060988223443 57.37
1238 0.01528367700281653 57.38
1239 0.01517050399684676 57.39
1240 0.01475416610271537 57.4
1241 0.01405831351380321 57.41
1242 0.01310620479826333 57.42
1243 0.01192957455331123 57.43
1244 0.01055949511923362 57.44
1245 0.009032214306630135 57.45
1246 0.007369767917770279 57.46
1247 0.005606487376263115 57.47
1248 0.003772983245186851 57.48
1249 0.001893866588671064 57.49
1250 -1.827724347032086e-05 57.5
1251 -0.0019225487964495 57.51
1252 -0.003786347490631368 57.52
1253 -0.005606294518464172 57.53
1254 -0.007314010528573646 57.54
1255 -0.008915530210161265 57.55
1256 -0.01037622380288801 57.56
1257 -0.01166591196075917 57.57
1258 -0.01275686972850192 57.58
1259 -0.01361738636202486 57.59
1260 -0.01421809261484044 57.6
1261 -0.01453817242135815 57.61
1262 -0.01457084053699188 57.62
1263 -0.0143163758607118 57.63
1264 -0.01379926442390612 57.64
1265 -0.01301556429838547 57.65
1266 -0.01201023636231365 57.66
1267 -0.01081487232090177 57.67
1268 -0.009461054001101667 57.68
1269 -0.007979112836590533 57.69
1270 -0.006399939514405324 57.7
1271 -0.004750774898801553 57.71
1272 -0.003060895412333248 57.72
1273 -0.001342640923574515 57.73
1274 0.0003458536511368633 57.74
1275 0.002001338017161153 57.75
1276 0.003599225668667095 57.76
1277 0.005107590755677668 57.77
1278 0.006508093914276678 57.78
1279 0.007751489713532015 57.79
1280 0.008823091179285494 57.8
1281 0.009699711147748962 57.81
1282 0.01035426088778061 57.82
1283 0.0107704725278019 57.83
1284 0.01094109546729278 57.84
1285 0.01086651615090055 57.85
1286 0.01055493136634391 57.86
1287 0.01001846888249306 57.87
1288 0.009280606682680808 57.88
1289 0.008362829635407552 57.89
1290 0.007290336624673984 57.9
1291 0.006085574021609887 57.91
1292 0.004762180282268193 57.92
1293 0.003378050015430203 57.93
1294 0.001937727090787794 57.94
1295 0.000461469794315706 57.95
1296 -0.001025445332380644 57.96
1297 -0.002498388836029732 57.97
1298 -0.003948158692490142 57.98
1299 -0.005310571779423821 57.99
1300 -0.006595702175631712 58
1301 -0.007784567696396707 58.01
1302 -0.008821043724758476 58.02
1303 -0.009702972546378207 58.03
1304 -0.01040795772462447 58.04
1305 -0.01091538511662168 58.05
1306 -0.01121088042181319 58.06
1307 -0.01128748290194645 58.07
1308 -0.01114383789871792 58.08
1309 -0.01078651983657045 58.09
1310 -0.01023053462450867 58.1
1311 -0.009496263493067026 58.11
1312 -0.008605040643020638 58.12
1313 -0.007581931369557673 58.13
1314 -0.006450728153247463 58.14
1315 -0.005237747688359877 58.15
1316 -0.003965324574373891 58.16
1317 -0.002657953264043836 58.17
1318 -0.001339055890727067 58.18
1319 -1.829565515254136e-05 58.19
1320 0.001243791204910059 58.2
1321 0.002473969406318284 58.21
1322 0.003605055360820526 58.22
1323 0.004635790418351896 58.23
1324 0.005545253518166836 58.24
1325 0.006311954616641236 58.25
1326 0.00691839241190325 58.26
1327 0.007351018356507203 58.27
1328 0.007600223307247536 58.28
1329 0.007662898887109543 58.29
1330 0.007542011308913684 58.3
1331 0.007243315332940873 58.31
1332 0.006778684630934596 58.32
1333 0.006144217403474428 58.33
1334 0.005395664933820495 58.34
1335 0.004531663828602456 58.35
1336 0.003574929251646364 58.36
1337 0.002543102325453114 58.37
1338 0.001456004778376374 58.38
1339 0.0003336401276884948 58.39
1340 -0.0008037535325507404 58.4
1341 -0.001950297359656416 58.41
1342 -0.003056848521358117 58.42
1343 -0.0041242328390498 58.43
1344 -0.005100486520364406 58.44
1345 -0.006000893304123622 58.45
1346 -0.006800837311789865 58.46
1347 -0.007478333243507315 58.47
1348 -0.008018560451937926 58.48
1349 -0.008407821599805358 58.49
1350 -0.008636374539194414 58.5
1351 -0.008700422070771152 58.51
1352 -0.008598197345718327 58.52
1353 -0.008336349355490144 58.53
1354 -0.007924105511828081 58.54
1355 -0.007376067497983699 58.55
1356 -0.006706762396771704 58.56
1357 -0.005934060838726812 58.57
1358 -0.005077495055902735 58.58
1359 -0.004156529404278728 58.59
1360 -0.003190482945739773 58.6
1361 -0.002198960987840878 58.61
1362 -0.001202826626446562 58.62
1363 -0.000220422820031211 58.63
1364 0.0007292260835170643 58.64
1365 0.001641306640684004 58.65
1366 0.002460662728693452 58.66
1367 0.003201445336338885 58.67
1368 0.003842461458373265 58.68
1369 0.004367912075555137 58.69
1370 0.00476882055465562 58.7
1371 0.005033617979862636 58.71
1372 0.005161019303128726 58.72
1373 0.005149506277754262 58.73
1374 0.005002178206779322 58.74
1375 0.004724781824073883 58.75
1376 0.004326344425173805 58.76
1377 0.003817473353234783 58.77
1378 0.00321252572271875 58.78
1379 0.002526525937586892 58.79
1380 0.00177276412077014 58.8
1381 0.0009589344819718043 58.81
1382 0.0001264371927606964 58.82
1383 -0.0007202460264800342 58.83
1384 -0.001569026152568889 58.84
1385 -0.002415457963587136 58.85
1386 -0.0032049588132427 58.86
1387 -0.003969891689348751 58.87
1388 -0.004648678741856573 58.88
1389 -0.005254925085305867 58.89
1390 -0.005771485663503714 58.9
1391 -0.006184919063839448 58.91
1392 -0.006486222328312693 58.92
1393 -0.006668809084759066 58.93
1394 -0.006729377712835567 58.94
1395 -0.006669520089048524 58.95
1396 -0.006491707819266637 58.96
1397 -0.006202233007221943 58.97
1398 -0.005810604393675749 58.98
1399 -0.005326805251886651 58.99
1400 -0.004763378050025757 59
1401 -0.004135371031948869 59.01
1402 -0.003456509976017933 59.02
1403 -0.002743254170395341 59.03
1404 -0.002011117804693784 59.04
1405 -0.001274820773517787 59.05
1406 -0.0005465788265662727 59.06
1407 0.0001491304249169809 59.07
1408 0.0008061914176847491 59.08
1409 0.001408498829232156 59.09
1410 0.001944021685842835 59.1
1411 0.002401469923226353 59.11
1412 0.00277010249920959 59.12
1413 0.003044441992445544 59.13
1414 0.003219511599201568 59.14
1415 0.003292914095957226 59.15
1416 0.003262326787552828 59.16
1417 0.003131639071762168 59.17
1418 0.002905779664351727 59.18
1419 0.002590268107828891 59.19
1420 0.002194990164693131 59.2
1421 0.001729006776811117 59.21
1422 0.00120437664565894 59.22
1423 0.000633484161474903 59.23
1424 1.403186242972948e-05 59.24
1425 -0.000617909246930233 59.25
1426 -0.001257131798841491 59.26
1427 -0.001906638310503479 59.27
1428 -0.002519684432361426 59.28
1429 -0.003107931259184706 59.29
1430 -0.003649052551206958 59.3
1431 -0.004136707865146538 59.31
1432 -0.004561950975713085 59.32
1433 -0.004915902311548193 59.33
1434 -0.005190769420982348 59.34
1435 -0.00538033157143393 59.35
1436 -0.005480205327868796 59.36
1437 -0.005492258779562428 59.37
1438 -0.005415069875638029 59.38
1439 -0.00525230255328207 59.39
1440 -0.005009416872409571 59.4
1441 -0.004693361767307242 59.41
1442 -0.004312776633259099 59.42
1443 -0.003878031358738526 59.43
1444 -0.00339792178673947 59.44
1445 -0.002886827800528485 59.45
1446 -0.002354725861290517 59.46
1447 -0.001813231556227434 59.47
1448 -0.001274901216932346 59.48
1449 -0.0007513867769974973 59.49
1450 -0.0002535979815538637 59.5
1451 0.0002067390938993857 59.51
1452 0.0006316769674874628 59.52
1453 0.0009826494103399794 59.53
1454 0.001243707133653692 59.54
1455 0.001476838286788323 59.55
1456 0.001632399627989927 59.56
1457 0.001708233420714373 59.57
1458 0.001707432305141744 59.58
1459 0.001631708086278747 59.59
1460 0.001482099673962557 59.6
1461 0.001254748345719602 59.61
1462 0.0009723205109677217 59.62
1463 0.0006307852299284808 59.63
1464 0.0002442139409611806 59.64
1465 -0.000185366392787701 59.65
1466 -0.0006444694920653971 59.66
1467 -0.001107730896979645 59.67
1468 -0.001580309161005985 59.68
1469 -0.002076175491391809 59.69
1470 -0.002531458497828671 59.7
1471 -0.002967189646033874 59.71
1472 -0.003372497858044221 59.72
1473 -0.003737802387408239 59.73
1474 -0.004054611180351633 59.74
1475 -0.00434142542743467 59.75
1476 -0.004536632608034392 59.76
1477 -0.004669577533228428 59.77
1478 -0.004739558938631417 59.78
1479 -0.004737808561266956 59.79
1480 -0.00466839227522791 59.8
1481 -0.004537086713463531 59.81
1482 -0.004345903999016191 59.82
1483 -0.004100418422572954 59.83
1484 -0.003806596139257001 59.84
1485 -0.003472065212035011 59.85
1486 -0.003104825387163421 59.86
1487 -0.002714942657411248 59.87
1488 -0.002295499454426822 59.88
1489 -0.00189752269984127 59.89
1490 -0.001493629404194931 59.9
1491 -0.001100820656857598 59.91
1492 -0.0007296553783273894 59.92
1493 -0.000389078303117834 59.93
1494 -8.534795601367051e-05 59.94
1495 0.0001746418222194311 59.95
1496 0.0003853262590857408 59.96
1497 0.0005425690685782573 59.97
1498 0.0006442073637160199 59.98
1499 0.000688138321302309 59.99
1500 0.0006735731824523902 60
